2025-07-21 01:18:51,807 [INFO] - Logger initialized.
2025-07-21 01:18:51,809 [INFO] - --- Training Configuration ---
2025-07-21 01:18:51,809 [INFO] - n_users: 105
2025-07-21 01:18:51,809 [INFO] - n_servers: 45
2025-07-21 01:18:51,809 [INFO] - batch_proc_time: {'base': 3, 'per_task': 2}
2025-07-21 01:18:51,810 [INFO] - max_batch_size: 3
2025-07-21 01:18:51,810 [INFO] - num_episodes: 500
2025-07-21 01:18:51,810 [INFO] - episode_length: 1000
2025-07-21 01:18:51,810 [INFO] - actor_lr: 4e-05
2025-07-21 01:18:51,810 [INFO] - critic_lr: 4e-05
2025-07-21 01:18:51,810 [INFO] - gamma: 0.99
2025-07-21 01:18:51,811 [INFO] - gae_lambda: 0.95
2025-07-21 01:18:51,811 [INFO] - clip_ratio: 0.2
2025-07-21 01:18:51,811 [INFO] - update_epochs: 4
2025-07-21 01:18:51,812 [INFO] - mini_batch_size: 128
2025-07-21 01:18:51,812 [INFO] - entropy_coeff: 0.01
2025-07-21 01:18:51,812 [INFO] - max_grad_norm: 1.0
2025-07-21 01:18:51,813 [INFO] - use_global: True
2025-07-21 01:18:51,813 [INFO] - use_mean_field: False
2025-07-21 01:18:51,813 [INFO] - critic_warmup_epochs: 30
2025-07-21 01:18:51,813 [INFO] - gmm_config: {'n_components': 2, 'min_samples': 100, 'use_gmm': True, 'regularization': 1e-06}
2025-07-21 01:18:51,813 [INFO] - log_dir: logs/mappo_mf_105_45_Shared_Global_NoMF_GMM2_4e-05
2025-07-21 01:18:51,813 [INFO] - --------------------------
2025-07-21 01:18:53,584 [INFO] - MAPPO-MF Trainer Initialized with Shared Networks.
2025-07-21 01:18:53,584 [INFO] - Device: cpu
2025-07-21 01:18:53,584 [INFO] - User Obs Dim (including all servers): 137, Server Obs Dim: 3
2025-07-21 01:18:53,584 [INFO] - Global State Dim: 240
2025-07-21 01:18:53,584 [INFO] - Mean-field Dim: 0
2025-07-21 01:18:53,585 [INFO] - Use Global Critic: True
2025-07-21 01:18:53,585 [INFO] - Use Mean Field: False
2025-07-21 01:20:38,962 [INFO] - Episode: 1/500, Reward: -191223.70, Avg AoI: 191.22, Completed Tasks: 3818
2025-07-21 01:22:17,866 [INFO] - Episode: 2/500, Reward: -212480.48, Avg AoI: 212.48, Completed Tasks: 3845
2025-07-21 01:23:56,444 [INFO] - Episode: 3/500, Reward: -226151.99, Avg AoI: 226.15, Completed Tasks: 3691
2025-07-21 01:25:40,998 [INFO] - Episode: 4/500, Reward: -96372.95, Avg AoI: 96.37, Completed Tasks: 4642
2025-07-21 01:27:19,108 [INFO] - Episode: 5/500, Reward: -36880.97, Avg AoI: 36.88, Completed Tasks: 6670
2025-07-21 01:28:54,355 [INFO] - Episode: 6/500, Reward: -62674.72, Avg AoI: 62.67, Completed Tasks: 5752
2025-07-21 01:30:38,846 [INFO] - Episode: 7/500, Reward: -32569.50, Avg AoI: 32.57, Completed Tasks: 6831
2025-07-21 01:32:22,692 [INFO] - Episode: 8/500, Reward: -42173.88, Avg AoI: 42.17, Completed Tasks: 6434
2025-07-21 01:34:00,279 [INFO] - Episode: 9/500, Reward: -48335.92, Avg AoI: 48.34, Completed Tasks: 5948
2025-07-21 01:35:38,720 [INFO] - Episode: 10/500, Reward: -35324.00, Avg AoI: 35.32, Completed Tasks: 6570
2025-07-21 01:37:14,531 [INFO] - Episode: 11/500, Reward: -52888.86, Avg AoI: 52.89, Completed Tasks: 5825
2025-07-21 01:38:53,783 [INFO] - Episode: 12/500, Reward: -58574.96, Avg AoI: 58.57, Completed Tasks: 5396
2025-07-21 01:40:35,495 [INFO] - Episode: 13/500, Reward: -54643.01, Avg AoI: 54.64, Completed Tasks: 5421
2025-07-21 01:42:17,333 [INFO] - Episode: 14/500, Reward: -50357.21, Avg AoI: 50.36, Completed Tasks: 5840
2025-07-21 01:43:57,799 [INFO] - Episode: 15/500, Reward: -94936.41, Avg AoI: 94.94, Completed Tasks: 4515
2025-07-21 01:45:40,600 [INFO] - Episode: 16/500, Reward: -93563.49, Avg AoI: 93.56, Completed Tasks: 4462
2025-07-21 01:47:22,472 [INFO] - Episode: 17/500, Reward: -74768.64, Avg AoI: 74.77, Completed Tasks: 4890
2025-07-21 01:49:04,168 [INFO] - Episode: 18/500, Reward: -79942.51, Avg AoI: 79.94, Completed Tasks: 4661
2025-07-21 01:50:47,067 [INFO] - Episode: 19/500, Reward: -93887.71, Avg AoI: 93.89, Completed Tasks: 4165
2025-07-21 01:52:27,674 [INFO] - Episode: 20/500, Reward: -76105.64, Avg AoI: 76.11, Completed Tasks: 4788
2025-07-21 01:54:12,435 [INFO] - Episode: 21/500, Reward: -64335.21, Avg AoI: 64.34, Completed Tasks: 4889
2025-07-21 01:55:56,679 [INFO] - Episode: 22/500, Reward: -59458.01, Avg AoI: 59.46, Completed Tasks: 4874
2025-07-21 01:57:42,925 [INFO] - Episode: 23/500, Reward: -86531.67, Avg AoI: 86.53, Completed Tasks: 4154
2025-07-21 01:59:29,009 [INFO] - Episode: 24/500, Reward: -98740.50, Avg AoI: 98.74, Completed Tasks: 3789
2025-07-21 02:01:16,224 [INFO] - Episode: 25/500, Reward: -82407.72, Avg AoI: 82.41, Completed Tasks: 4074
2025-07-21 02:03:05,734 [INFO] - Episode: 26/500, Reward: -92483.29, Avg AoI: 92.48, Completed Tasks: 3735
2025-07-21 02:04:51,096 [INFO] - Episode: 27/500, Reward: -105773.80, Avg AoI: 105.77, Completed Tasks: 3423
2025-07-21 02:06:38,539 [INFO] - Episode: 28/500, Reward: -112794.85, Avg AoI: 112.79, Completed Tasks: 2971
2025-07-21 02:08:29,013 [INFO] - Episode: 29/500, Reward: -88735.00, Avg AoI: 88.73, Completed Tasks: 3928
2025-07-21 02:10:17,003 [INFO] - Episode: 30/500, Reward: -106431.37, Avg AoI: 106.43, Completed Tasks: 3285
2025-07-21 02:12:02,298 [INFO] - Episode: 31/500, Reward: -102316.21, Avg AoI: 102.32, Completed Tasks: 3563
2025-07-21 02:13:50,410 [INFO] - Episode: 32/500, Reward: -64704.02, Avg AoI: 64.70, Completed Tasks: 4486
2025-07-21 02:15:33,300 [INFO] - Episode: 33/500, Reward: -68490.58, Avg AoI: 68.49, Completed Tasks: 4559
2025-07-21 02:17:17,497 [INFO] - Episode: 34/500, Reward: -72984.37, Avg AoI: 72.98, Completed Tasks: 4067
2025-07-21 02:19:10,534 [INFO] - Episode: 35/500, Reward: -67746.40, Avg AoI: 67.75, Completed Tasks: 4279
2025-07-21 02:20:58,558 [INFO] - Episode: 36/500, Reward: -78185.41, Avg AoI: 78.19, Completed Tasks: 4058
2025-07-21 02:22:42,330 [INFO] - Episode: 37/500, Reward: -49733.70, Avg AoI: 49.73, Completed Tasks: 5031
2025-07-21 02:24:25,256 [INFO] - Episode: 38/500, Reward: -56676.00, Avg AoI: 56.68, Completed Tasks: 4767
2025-07-21 02:26:05,702 [INFO] - Episode: 39/500, Reward: -62489.33, Avg AoI: 62.49, Completed Tasks: 4529
2025-07-21 02:27:45,113 [INFO] - Episode: 40/500, Reward: -52716.33, Avg AoI: 52.72, Completed Tasks: 4544
2025-07-21 02:29:29,485 [INFO] - Episode: 41/500, Reward: -62673.18, Avg AoI: 62.67, Completed Tasks: 4284
2025-07-21 02:31:07,938 [INFO] - Episode: 42/500, Reward: -57783.65, Avg AoI: 57.78, Completed Tasks: 4619
2025-07-21 02:32:42,327 [INFO] - Episode: 43/500, Reward: -53793.62, Avg AoI: 53.79, Completed Tasks: 4529
2025-07-21 02:34:22,819 [INFO] - Episode: 44/500, Reward: -49740.02, Avg AoI: 49.74, Completed Tasks: 4660
2025-07-21 02:36:02,579 [INFO] - Episode: 45/500, Reward: -55264.23, Avg AoI: 55.26, Completed Tasks: 4409
2025-07-21 02:37:44,422 [INFO] - Episode: 46/500, Reward: -49812.14, Avg AoI: 49.81, Completed Tasks: 4886
2025-07-21 02:39:29,161 [INFO] - Episode: 47/500, Reward: -52386.24, Avg AoI: 52.39, Completed Tasks: 4927
2025-07-21 02:41:12,752 [INFO] - Episode: 48/500, Reward: -56600.01, Avg AoI: 56.60, Completed Tasks: 4502
2025-07-21 02:42:54,216 [INFO] - Episode: 49/500, Reward: -49178.67, Avg AoI: 49.18, Completed Tasks: 4641
2025-07-21 02:44:40,787 [INFO] - Episode: 50/500, Reward: -45698.99, Avg AoI: 45.70, Completed Tasks: 4855
2025-07-21 02:46:24,125 [INFO] - Episode: 51/500, Reward: -51082.91, Avg AoI: 51.08, Completed Tasks: 4603
2025-07-21 02:48:10,252 [INFO] - Episode: 52/500, Reward: -41542.78, Avg AoI: 41.54, Completed Tasks: 5261
2025-07-21 02:50:01,250 [INFO] - Episode: 53/500, Reward: -39448.13, Avg AoI: 39.45, Completed Tasks: 5408
2025-07-21 02:51:43,647 [INFO] - Episode: 54/500, Reward: -75244.76, Avg AoI: 75.24, Completed Tasks: 4050
2025-07-21 02:53:26,769 [INFO] - Episode: 55/500, Reward: -53185.03, Avg AoI: 53.19, Completed Tasks: 4901
2025-07-21 02:55:16,488 [INFO] - Episode: 56/500, Reward: -47916.52, Avg AoI: 47.92, Completed Tasks: 4976
2025-07-21 02:57:06,454 [INFO] - Episode: 57/500, Reward: -35652.04, Avg AoI: 35.65, Completed Tasks: 5383
2025-07-21 02:58:51,136 [INFO] - Episode: 58/500, Reward: -33706.23, Avg AoI: 33.71, Completed Tasks: 5611
2025-07-21 03:00:34,540 [INFO] - Episode: 59/500, Reward: -46229.71, Avg AoI: 46.23, Completed Tasks: 4776
2025-07-21 03:02:24,499 [INFO] - Episode: 60/500, Reward: -36347.32, Avg AoI: 36.35, Completed Tasks: 5482
2025-07-21 03:04:12,852 [INFO] - Episode: 61/500, Reward: -99207.14, Avg AoI: 99.21, Completed Tasks: 3147
2025-07-21 03:06:02,476 [INFO] - Episode: 62/500, Reward: -86289.26, Avg AoI: 86.29, Completed Tasks: 3507
2025-07-21 03:07:52,956 [INFO] - Episode: 63/500, Reward: -88616.07, Avg AoI: 88.62, Completed Tasks: 3380
2025-07-21 03:09:39,570 [INFO] - Episode: 64/500, Reward: -155006.69, Avg AoI: 155.01, Completed Tasks: 2019
2025-07-21 03:11:25,860 [INFO] - Episode: 65/500, Reward: -86070.26, Avg AoI: 86.07, Completed Tasks: 3367
2025-07-21 03:13:09,565 [INFO] - Episode: 66/500, Reward: -185760.81, Avg AoI: 185.76, Completed Tasks: 1910
2025-07-21 03:14:52,969 [INFO] - Episode: 67/500, Reward: -170519.06, Avg AoI: 170.52, Completed Tasks: 2093
2025-07-21 03:16:32,292 [INFO] - Episode: 68/500, Reward: -181503.30, Avg AoI: 181.50, Completed Tasks: 1950
2025-07-21 03:18:19,447 [INFO] - Episode: 69/500, Reward: -64570.50, Avg AoI: 64.57, Completed Tasks: 4133
2025-07-21 03:20:06,052 [INFO] - Episode: 70/500, Reward: -141196.79, Avg AoI: 141.20, Completed Tasks: 2326
2025-07-21 03:21:50,792 [INFO] - Episode: 71/500, Reward: -112245.07, Avg AoI: 112.25, Completed Tasks: 2884
2025-07-21 03:23:32,489 [INFO] - Episode: 72/500, Reward: -128169.26, Avg AoI: 128.17, Completed Tasks: 2640
2025-07-21 03:25:15,003 [INFO] - Episode: 73/500, Reward: -138975.55, Avg AoI: 138.98, Completed Tasks: 2735
2025-07-21 03:26:59,093 [INFO] - Episode: 74/500, Reward: -131898.11, Avg AoI: 131.90, Completed Tasks: 2533
2025-07-21 03:28:45,547 [INFO] - Episode: 75/500, Reward: -145190.85, Avg AoI: 145.19, Completed Tasks: 2412
2025-07-21 03:30:29,278 [INFO] - Episode: 76/500, Reward: -128543.93, Avg AoI: 128.54, Completed Tasks: 2332
2025-07-21 03:32:10,694 [INFO] - Episode: 77/500, Reward: -173685.36, Avg AoI: 173.69, Completed Tasks: 1973
2025-07-21 03:33:56,380 [INFO] - Episode: 78/500, Reward: -157117.26, Avg AoI: 157.12, Completed Tasks: 2182
2025-07-21 03:35:40,081 [INFO] - Episode: 79/500, Reward: -146178.15, Avg AoI: 146.18, Completed Tasks: 2131
2025-07-21 03:37:20,631 [INFO] - Episode: 80/500, Reward: -135083.87, Avg AoI: 135.08, Completed Tasks: 2354
2025-07-21 03:39:09,318 [INFO] - Episode: 81/500, Reward: -110225.47, Avg AoI: 110.23, Completed Tasks: 3005
2025-07-21 03:40:55,740 [INFO] - Episode: 82/500, Reward: -128143.05, Avg AoI: 128.14, Completed Tasks: 2754
2025-07-21 03:42:40,460 [INFO] - Episode: 83/500, Reward: -100988.59, Avg AoI: 100.99, Completed Tasks: 3027
2025-07-21 03:44:23,401 [INFO] - Episode: 84/500, Reward: -147697.72, Avg AoI: 147.70, Completed Tasks: 2507
2025-07-21 03:46:08,271 [INFO] - Episode: 85/500, Reward: -164328.12, Avg AoI: 164.33, Completed Tasks: 1898
2025-07-21 03:47:52,553 [INFO] - Episode: 86/500, Reward: -147024.35, Avg AoI: 147.02, Completed Tasks: 2504
2025-07-21 03:49:39,673 [INFO] - Episode: 87/500, Reward: -138141.50, Avg AoI: 138.14, Completed Tasks: 2532
2025-07-21 03:51:22,260 [INFO] - Episode: 88/500, Reward: -162242.43, Avg AoI: 162.24, Completed Tasks: 2304
2025-07-21 03:52:59,340 [INFO] - Episode: 89/500, Reward: -163648.27, Avg AoI: 163.65, Completed Tasks: 2148
2025-07-21 03:54:38,705 [INFO] - Episode: 90/500, Reward: -185580.10, Avg AoI: 185.58, Completed Tasks: 2175
2025-07-21 03:56:20,247 [INFO] - Episode: 91/500, Reward: -150007.10, Avg AoI: 150.01, Completed Tasks: 2361
2025-07-21 03:58:07,284 [INFO] - Episode: 92/500, Reward: -170614.14, Avg AoI: 170.61, Completed Tasks: 2053
2025-07-21 03:59:51,429 [INFO] - Episode: 93/500, Reward: -141853.96, Avg AoI: 141.85, Completed Tasks: 2396
2025-07-21 04:01:33,859 [INFO] - Episode: 94/500, Reward: -166225.67, Avg AoI: 166.23, Completed Tasks: 2000
2025-07-21 04:03:24,561 [INFO] - Episode: 95/500, Reward: -136288.37, Avg AoI: 136.29, Completed Tasks: 2199
2025-07-21 04:05:14,731 [INFO] - Episode: 96/500, Reward: -150978.31, Avg AoI: 150.98, Completed Tasks: 2229
2025-07-21 04:07:03,817 [INFO] - Episode: 97/500, Reward: -142893.96, Avg AoI: 142.89, Completed Tasks: 2148
2025-07-21 04:08:56,250 [INFO] - Episode: 98/500, Reward: -103866.22, Avg AoI: 103.87, Completed Tasks: 3015
2025-07-21 04:10:44,331 [INFO] - Episode: 99/500, Reward: -86983.60, Avg AoI: 86.98, Completed Tasks: 3249
2025-07-21 04:12:26,603 [INFO] - Episode: 100/500, Reward: -127922.50, Avg AoI: 127.92, Completed Tasks: 2567
2025-07-21 04:14:14,177 [INFO] - Episode: 101/500, Reward: -119680.99, Avg AoI: 119.68, Completed Tasks: 2630
2025-07-21 04:16:01,822 [INFO] - Episode: 102/500, Reward: -110316.57, Avg AoI: 110.32, Completed Tasks: 2513
2025-07-21 04:17:45,579 [INFO] - Episode: 103/500, Reward: -60760.20, Avg AoI: 60.76, Completed Tasks: 3991
2025-07-21 04:19:35,905 [INFO] - Episode: 104/500, Reward: -91833.71, Avg AoI: 91.83, Completed Tasks: 2917
2025-07-21 04:21:27,743 [INFO] - Episode: 105/500, Reward: -44239.18, Avg AoI: 44.24, Completed Tasks: 4689
2025-07-21 04:23:17,228 [INFO] - Episode: 106/500, Reward: -146189.92, Avg AoI: 146.19, Completed Tasks: 2340
2025-07-21 04:24:59,057 [INFO] - Episode: 107/500, Reward: -119393.70, Avg AoI: 119.39, Completed Tasks: 2440
2025-07-21 04:26:40,154 [INFO] - Episode: 108/500, Reward: -142297.21, Avg AoI: 142.30, Completed Tasks: 2252
2025-07-21 04:28:22,581 [INFO] - Episode: 109/500, Reward: -188523.30, Avg AoI: 188.52, Completed Tasks: 1632
2025-07-21 04:30:02,619 [INFO] - Episode: 110/500, Reward: -182651.01, Avg AoI: 182.65, Completed Tasks: 1751
2025-07-21 04:31:40,250 [INFO] - Episode: 111/500, Reward: -168548.43, Avg AoI: 168.55, Completed Tasks: 1829
2025-07-21 04:33:20,222 [INFO] - Episode: 112/500, Reward: -111049.56, Avg AoI: 111.05, Completed Tasks: 2535
2025-07-21 04:34:58,741 [INFO] - Episode: 113/500, Reward: -94424.53, Avg AoI: 94.42, Completed Tasks: 2771
2025-07-21 04:36:40,734 [INFO] - Episode: 114/500, Reward: -115158.50, Avg AoI: 115.16, Completed Tasks: 2362
2025-07-21 04:38:27,428 [INFO] - Episode: 115/500, Reward: -151236.44, Avg AoI: 151.24, Completed Tasks: 1862
2025-07-21 04:40:14,522 [INFO] - Episode: 116/500, Reward: -111805.49, Avg AoI: 111.81, Completed Tasks: 2185
2025-07-21 04:42:00,633 [INFO] - Episode: 117/500, Reward: -147845.84, Avg AoI: 147.85, Completed Tasks: 2069
2025-07-21 04:43:44,448 [INFO] - Episode: 118/500, Reward: -106210.48, Avg AoI: 106.21, Completed Tasks: 2500
2025-07-21 04:45:31,387 [INFO] - Episode: 119/500, Reward: -144371.17, Avg AoI: 144.37, Completed Tasks: 1911
2025-07-21 04:47:13,235 [INFO] - Episode: 120/500, Reward: -180436.88, Avg AoI: 180.44, Completed Tasks: 1721
2025-07-21 04:49:00,049 [INFO] - Episode: 121/500, Reward: -169056.30, Avg AoI: 169.06, Completed Tasks: 1708
2025-07-21 04:50:52,525 [INFO] - Episode: 122/500, Reward: -152792.14, Avg AoI: 152.79, Completed Tasks: 1973
2025-07-21 04:52:38,554 [INFO] - Episode: 123/500, Reward: -178823.47, Avg AoI: 178.82, Completed Tasks: 1791
2025-07-21 04:54:23,815 [INFO] - Episode: 124/500, Reward: -190587.00, Avg AoI: 190.59, Completed Tasks: 1409
2025-07-21 04:56:06,114 [INFO] - Episode: 125/500, Reward: -187350.56, Avg AoI: 187.35, Completed Tasks: 1367
2025-07-21 04:57:51,621 [INFO] - Episode: 126/500, Reward: -193316.18, Avg AoI: 193.32, Completed Tasks: 1221
2025-07-21 04:59:38,063 [INFO] - Episode: 127/500, Reward: -194801.02, Avg AoI: 194.80, Completed Tasks: 1372
2025-07-21 05:01:23,233 [INFO] - Episode: 128/500, Reward: -183359.98, Avg AoI: 183.36, Completed Tasks: 1404
2025-07-21 05:03:08,620 [INFO] - Episode: 129/500, Reward: -168899.23, Avg AoI: 168.90, Completed Tasks: 1705
2025-07-21 05:04:59,748 [INFO] - Episode: 130/500, Reward: -181891.58, Avg AoI: 181.89, Completed Tasks: 1399
2025-07-21 05:06:46,971 [INFO] - Episode: 131/500, Reward: -148836.45, Avg AoI: 148.84, Completed Tasks: 2020
2025-07-21 05:08:31,041 [INFO] - Episode: 132/500, Reward: -177734.21, Avg AoI: 177.73, Completed Tasks: 1431
2025-07-21 05:10:23,462 [INFO] - Episode: 133/500, Reward: -157108.44, Avg AoI: 157.11, Completed Tasks: 1584
2025-07-21 05:12:05,917 [INFO] - Episode: 134/500, Reward: -130350.34, Avg AoI: 130.35, Completed Tasks: 1932
2025-07-21 05:13:45,650 [INFO] - Episode: 135/500, Reward: -133533.17, Avg AoI: 133.53, Completed Tasks: 2026
2025-07-21 05:15:33,598 [INFO] - Episode: 136/500, Reward: -173015.50, Avg AoI: 173.02, Completed Tasks: 1344
2025-07-21 05:17:17,269 [INFO] - Episode: 137/500, Reward: -131729.70, Avg AoI: 131.73, Completed Tasks: 2035
2025-07-21 05:19:02,739 [INFO] - Episode: 138/500, Reward: -152011.39, Avg AoI: 152.01, Completed Tasks: 1632
2025-07-21 05:20:48,577 [INFO] - Episode: 139/500, Reward: -90135.80, Avg AoI: 90.14, Completed Tasks: 2951
2025-07-21 05:22:34,805 [INFO] - Episode: 140/500, Reward: -140366.53, Avg AoI: 140.37, Completed Tasks: 1866
2025-07-21 05:24:19,741 [INFO] - Episode: 141/500, Reward: -114022.51, Avg AoI: 114.02, Completed Tasks: 2259
2025-07-21 05:26:02,038 [INFO] - Episode: 142/500, Reward: -171145.83, Avg AoI: 171.15, Completed Tasks: 2140
2025-07-21 05:27:40,801 [INFO] - Episode: 143/500, Reward: -149110.33, Avg AoI: 149.11, Completed Tasks: 1932
2025-07-21 05:29:22,017 [INFO] - Episode: 144/500, Reward: -115353.58, Avg AoI: 115.35, Completed Tasks: 2260
2025-07-21 05:31:02,873 [INFO] - Episode: 145/500, Reward: -137941.44, Avg AoI: 137.94, Completed Tasks: 1798
2025-07-21 05:32:44,874 [INFO] - Episode: 146/500, Reward: -139994.05, Avg AoI: 139.99, Completed Tasks: 1827
2025-07-21 05:34:26,778 [INFO] - Episode: 147/500, Reward: -170401.21, Avg AoI: 170.40, Completed Tasks: 1539
2025-07-21 05:36:03,539 [INFO] - Episode: 148/500, Reward: -192743.23, Avg AoI: 192.74, Completed Tasks: 1395
2025-07-21 05:37:45,819 [INFO] - Episode: 149/500, Reward: -218377.50, Avg AoI: 218.38, Completed Tasks: 1208
2025-07-21 05:39:31,224 [INFO] - Episode: 150/500, Reward: -213174.44, Avg AoI: 213.17, Completed Tasks: 1300
2025-07-21 05:41:14,469 [INFO] - Episode: 151/500, Reward: -238548.88, Avg AoI: 238.55, Completed Tasks: 1075
2025-07-21 05:42:57,601 [INFO] - Episode: 152/500, Reward: -231509.33, Avg AoI: 231.51, Completed Tasks: 1317
2025-07-21 05:44:41,237 [INFO] - Episode: 153/500, Reward: -214109.21, Avg AoI: 214.11, Completed Tasks: 1247
2025-07-21 05:46:24,049 [INFO] - Episode: 154/500, Reward: -214827.12, Avg AoI: 214.83, Completed Tasks: 1434
2025-07-21 05:48:07,742 [INFO] - Episode: 155/500, Reward: -252709.02, Avg AoI: 252.71, Completed Tasks: 1055
2025-07-21 05:49:53,701 [INFO] - Episode: 156/500, Reward: -268810.18, Avg AoI: 268.81, Completed Tasks: 909
2025-07-21 05:51:34,037 [INFO] - Episode: 157/500, Reward: -201080.30, Avg AoI: 201.08, Completed Tasks: 1714
2025-07-21 05:53:11,975 [INFO] - Episode: 158/500, Reward: -253668.78, Avg AoI: 253.67, Completed Tasks: 1123
2025-07-21 05:54:50,628 [INFO] - Episode: 159/500, Reward: -198200.37, Avg AoI: 198.20, Completed Tasks: 1508
2025-07-21 05:56:29,172 [INFO] - Episode: 160/500, Reward: -222768.74, Avg AoI: 222.77, Completed Tasks: 1005
2025-07-21 05:58:10,815 [INFO] - Episode: 161/500, Reward: -218905.82, Avg AoI: 218.91, Completed Tasks: 1164
2025-07-21 05:59:53,888 [INFO] - Episode: 162/500, Reward: -226270.43, Avg AoI: 226.27, Completed Tasks: 1111
2025-07-21 06:01:38,455 [INFO] - Episode: 163/500, Reward: -224451.48, Avg AoI: 224.45, Completed Tasks: 1148
2025-07-21 06:03:21,252 [INFO] - Episode: 164/500, Reward: -250553.67, Avg AoI: 250.55, Completed Tasks: 927
2025-07-21 06:05:05,460 [INFO] - Episode: 165/500, Reward: -164121.69, Avg AoI: 164.12, Completed Tasks: 2015
2025-07-21 06:06:52,100 [INFO] - Episode: 166/500, Reward: -275929.65, Avg AoI: 275.93, Completed Tasks: 785
2025-07-21 06:08:33,453 [INFO] - Episode: 167/500, Reward: -294283.96, Avg AoI: 294.28, Completed Tasks: 893
2025-07-21 06:10:20,375 [INFO] - Episode: 168/500, Reward: -279312.66, Avg AoI: 279.31, Completed Tasks: 951
2025-07-21 06:12:11,166 [INFO] - Episode: 169/500, Reward: -316056.97, Avg AoI: 316.06, Completed Tasks: 813
2025-07-21 06:13:57,374 [INFO] - Episode: 170/500, Reward: -316143.40, Avg AoI: 316.14, Completed Tasks: 837
2025-07-21 06:15:43,242 [INFO] - Episode: 171/500, Reward: -344286.02, Avg AoI: 344.29, Completed Tasks: 765
2025-07-21 06:17:31,207 [INFO] - Episode: 172/500, Reward: -281407.32, Avg AoI: 281.41, Completed Tasks: 896
2025-07-21 06:19:22,280 [INFO] - Episode: 173/500, Reward: -289216.13, Avg AoI: 289.22, Completed Tasks: 800
2025-07-21 06:21:08,148 [INFO] - Episode: 174/500, Reward: -370627.29, Avg AoI: 370.63, Completed Tasks: 557
2025-07-21 06:22:49,780 [INFO] - Episode: 175/500, Reward: -237347.43, Avg AoI: 237.35, Completed Tasks: 923
2025-07-21 06:24:35,253 [INFO] - Episode: 176/500, Reward: -265093.44, Avg AoI: 265.09, Completed Tasks: 814
2025-07-21 06:26:20,050 [INFO] - Episode: 177/500, Reward: -225082.77, Avg AoI: 225.08, Completed Tasks: 1058
2025-07-21 06:28:02,161 [INFO] - Episode: 178/500, Reward: -212526.94, Avg AoI: 212.53, Completed Tasks: 901
2025-07-21 06:29:47,071 [INFO] - Episode: 179/500, Reward: -203896.26, Avg AoI: 203.90, Completed Tasks: 1106
2025-07-21 06:31:26,264 [INFO] - Episode: 180/500, Reward: -191267.89, Avg AoI: 191.27, Completed Tasks: 1081
2025-07-21 06:33:01,154 [INFO] - Episode: 181/500, Reward: -190755.09, Avg AoI: 190.76, Completed Tasks: 1190
2025-07-21 06:34:41,471 [INFO] - Episode: 182/500, Reward: -184883.92, Avg AoI: 184.88, Completed Tasks: 1194
2025-07-21 06:36:23,075 [INFO] - Episode: 183/500, Reward: -183935.11, Avg AoI: 183.94, Completed Tasks: 1322
2025-07-21 06:38:04,838 [INFO] - Episode: 184/500, Reward: -191268.80, Avg AoI: 191.27, Completed Tasks: 1167
2025-07-21 06:39:47,153 [INFO] - Episode: 185/500, Reward: -160318.36, Avg AoI: 160.32, Completed Tasks: 1590
2025-07-21 06:41:29,779 [INFO] - Episode: 186/500, Reward: -178114.25, Avg AoI: 178.11, Completed Tasks: 1201
2025-07-21 06:43:12,644 [INFO] - Episode: 187/500, Reward: -178820.62, Avg AoI: 178.82, Completed Tasks: 1229
2025-07-21 06:44:59,386 [INFO] - Episode: 188/500, Reward: -163486.56, Avg AoI: 163.49, Completed Tasks: 1455
2025-07-21 06:46:51,894 [INFO] - Episode: 189/500, Reward: -181205.54, Avg AoI: 181.21, Completed Tasks: 1183
2025-07-21 06:48:41,239 [INFO] - Episode: 190/500, Reward: -171046.99, Avg AoI: 171.05, Completed Tasks: 1678
2025-07-21 06:50:27,132 [INFO] - Episode: 191/500, Reward: -158535.30, Avg AoI: 158.54, Completed Tasks: 1782
2025-07-21 06:52:13,109 [INFO] - Episode: 192/500, Reward: -167558.22, Avg AoI: 167.56, Completed Tasks: 1453
2025-07-21 06:53:59,209 [INFO] - Episode: 193/500, Reward: -149092.24, Avg AoI: 149.09, Completed Tasks: 2019
2025-07-21 06:55:39,945 [INFO] - Episode: 194/500, Reward: -118145.19, Avg AoI: 118.15, Completed Tasks: 2590
2025-07-21 06:57:20,480 [INFO] - Episode: 195/500, Reward: -102969.04, Avg AoI: 102.97, Completed Tasks: 3003
2025-07-21 06:59:10,618 [INFO] - Episode: 196/500, Reward: -137677.31, Avg AoI: 137.68, Completed Tasks: 1952
2025-07-21 07:01:01,964 [INFO] - Episode: 197/500, Reward: -158803.13, Avg AoI: 158.80, Completed Tasks: 1322
2025-07-21 07:02:49,248 [INFO] - Episode: 198/500, Reward: -120805.22, Avg AoI: 120.81, Completed Tasks: 2599
2025-07-21 07:04:36,227 [INFO] - Episode: 199/500, Reward: -144775.07, Avg AoI: 144.78, Completed Tasks: 1788
2025-07-21 07:06:20,186 [INFO] - Episode: 200/500, Reward: -139594.79, Avg AoI: 139.59, Completed Tasks: 1872
2025-07-21 07:08:03,448 [INFO] - Episode: 201/500, Reward: -125073.50, Avg AoI: 125.07, Completed Tasks: 2237
2025-07-21 07:09:48,081 [INFO] - Episode: 202/500, Reward: -75923.98, Avg AoI: 75.92, Completed Tasks: 3636
2025-07-21 07:11:37,335 [INFO] - Episode: 203/500, Reward: -94431.94, Avg AoI: 94.43, Completed Tasks: 3194
2025-07-21 07:13:18,882 [INFO] - Episode: 204/500, Reward: -129924.08, Avg AoI: 129.92, Completed Tasks: 2202
2025-07-21 07:14:55,182 [INFO] - Episode: 205/500, Reward: -154643.06, Avg AoI: 154.64, Completed Tasks: 1586
2025-07-21 07:16:33,880 [INFO] - Episode: 206/500, Reward: -146087.73, Avg AoI: 146.09, Completed Tasks: 1707
2025-07-21 07:18:17,673 [INFO] - Episode: 207/500, Reward: -149402.64, Avg AoI: 149.40, Completed Tasks: 1609
2025-07-21 07:20:00,878 [INFO] - Episode: 208/500, Reward: -134341.60, Avg AoI: 134.34, Completed Tasks: 2140
2025-07-21 07:21:42,009 [INFO] - Episode: 209/500, Reward: -150242.17, Avg AoI: 150.24, Completed Tasks: 1815
2025-07-21 07:23:29,297 [INFO] - Episode: 210/500, Reward: -170928.57, Avg AoI: 170.93, Completed Tasks: 1171
2025-07-21 07:25:14,767 [INFO] - Episode: 211/500, Reward: -163250.01, Avg AoI: 163.25, Completed Tasks: 1722
2025-07-21 07:27:01,869 [INFO] - Episode: 212/500, Reward: -161755.52, Avg AoI: 161.76, Completed Tasks: 1765
2025-07-21 07:28:48,412 [INFO] - Episode: 213/500, Reward: -173151.09, Avg AoI: 173.15, Completed Tasks: 1507
2025-07-21 07:30:32,489 [INFO] - Episode: 214/500, Reward: -162096.39, Avg AoI: 162.10, Completed Tasks: 1749
2025-07-21 07:32:16,654 [INFO] - Episode: 215/500, Reward: -143113.70, Avg AoI: 143.11, Completed Tasks: 2191
2025-07-21 07:34:02,142 [INFO] - Episode: 216/500, Reward: -92702.45, Avg AoI: 92.70, Completed Tasks: 3465
2025-07-21 07:35:47,693 [INFO] - Episode: 217/500, Reward: -133847.42, Avg AoI: 133.85, Completed Tasks: 1873
2025-07-21 07:37:28,837 [INFO] - Episode: 218/500, Reward: -144113.93, Avg AoI: 144.11, Completed Tasks: 2092
2025-07-21 07:39:13,800 [INFO] - Episode: 219/500, Reward: -58923.10, Avg AoI: 58.92, Completed Tasks: 4426
2025-07-21 07:41:02,605 [INFO] - Episode: 220/500, Reward: -46599.70, Avg AoI: 46.60, Completed Tasks: 5004
2025-07-21 07:42:44,799 [INFO] - Episode: 221/500, Reward: -91970.63, Avg AoI: 91.97, Completed Tasks: 3691
2025-07-21 07:44:28,068 [INFO] - Episode: 222/500, Reward: -39411.10, Avg AoI: 39.41, Completed Tasks: 5275
2025-07-21 07:46:12,613 [INFO] - Episode: 223/500, Reward: -95418.57, Avg AoI: 95.42, Completed Tasks: 3315
2025-07-21 07:48:00,837 [INFO] - Episode: 224/500, Reward: -28503.49, Avg AoI: 28.50, Completed Tasks: 6142
2025-07-21 07:49:47,519 [INFO] - Episode: 225/500, Reward: -26535.50, Avg AoI: 26.54, Completed Tasks: 6480
2025-07-21 07:51:31,717 [INFO] - Episode: 226/500, Reward: -96484.86, Avg AoI: 96.48, Completed Tasks: 3251
2025-07-21 07:53:17,641 [INFO] - Episode: 227/500, Reward: -126699.88, Avg AoI: 126.70, Completed Tasks: 2050
2025-07-21 07:55:05,012 [INFO] - Episode: 228/500, Reward: -77389.94, Avg AoI: 77.39, Completed Tasks: 3880
2025-07-21 07:56:51,647 [INFO] - Episode: 229/500, Reward: -31846.36, Avg AoI: 31.85, Completed Tasks: 5954
2025-07-21 07:58:38,201 [INFO] - Episode: 230/500, Reward: -123455.25, Avg AoI: 123.46, Completed Tasks: 2433
2025-07-21 08:00:26,216 [INFO] - Episode: 231/500, Reward: -31272.22, Avg AoI: 31.27, Completed Tasks: 5831
2025-07-21 08:02:08,309 [INFO] - Episode: 232/500, Reward: -28687.64, Avg AoI: 28.69, Completed Tasks: 6020
2025-07-21 08:03:46,814 [INFO] - Episode: 233/500, Reward: -28784.09, Avg AoI: 28.78, Completed Tasks: 6163
2025-07-21 08:05:42,222 [INFO] - Episode: 234/500, Reward: -29397.61, Avg AoI: 29.40, Completed Tasks: 6147
2025-07-21 08:07:35,539 [INFO] - Episode: 235/500, Reward: -55606.05, Avg AoI: 55.61, Completed Tasks: 4436
2025-07-21 08:09:29,536 [INFO] - Episode: 236/500, Reward: -107882.34, Avg AoI: 107.88, Completed Tasks: 2677
2025-07-21 08:11:16,843 [INFO] - Episode: 237/500, Reward: -98994.64, Avg AoI: 98.99, Completed Tasks: 2865
2025-07-21 08:13:09,333 [INFO] - Episode: 238/500, Reward: -27889.43, Avg AoI: 27.89, Completed Tasks: 6123
2025-07-21 08:14:54,909 [INFO] - Episode: 239/500, Reward: -33491.93, Avg AoI: 33.49, Completed Tasks: 5509
2025-07-21 08:16:43,621 [INFO] - Episode: 240/500, Reward: -42486.98, Avg AoI: 42.49, Completed Tasks: 5181
2025-07-21 08:18:33,476 [INFO] - Episode: 241/500, Reward: -37497.18, Avg AoI: 37.50, Completed Tasks: 5431
2025-07-21 08:20:17,075 [INFO] - Episode: 242/500, Reward: -125105.62, Avg AoI: 125.11, Completed Tasks: 2167
2025-07-21 08:22:02,577 [INFO] - Episode: 243/500, Reward: -32163.23, Avg AoI: 32.16, Completed Tasks: 5791
2025-07-21 08:23:49,680 [INFO] - Episode: 244/500, Reward: -58314.97, Avg AoI: 58.31, Completed Tasks: 4599
2025-07-21 08:25:35,772 [INFO] - Episode: 245/500, Reward: -136135.53, Avg AoI: 136.14, Completed Tasks: 1919
2025-07-21 08:27:18,598 [INFO] - Episode: 246/500, Reward: -158959.88, Avg AoI: 158.96, Completed Tasks: 1054
2025-07-21 08:29:04,138 [INFO] - Episode: 247/500, Reward: -149179.00, Avg AoI: 149.18, Completed Tasks: 1366
2025-07-21 08:30:52,396 [INFO] - Episode: 248/500, Reward: -121086.82, Avg AoI: 121.09, Completed Tasks: 2462
2025-07-21 08:32:35,756 [INFO] - Episode: 249/500, Reward: -160740.18, Avg AoI: 160.74, Completed Tasks: 1401
2025-07-21 08:34:16,804 [INFO] - Episode: 250/500, Reward: -123177.92, Avg AoI: 123.18, Completed Tasks: 2371
2025-07-21 08:36:01,085 [INFO] - Episode: 251/500, Reward: -133924.07, Avg AoI: 133.92, Completed Tasks: 2018
2025-07-21 08:37:47,206 [INFO] - Episode: 252/500, Reward: -147685.89, Avg AoI: 147.69, Completed Tasks: 1301
2025-07-21 08:39:33,008 [INFO] - Episode: 253/500, Reward: -142471.02, Avg AoI: 142.47, Completed Tasks: 1621
2025-07-21 08:41:14,994 [INFO] - Episode: 254/500, Reward: -136658.50, Avg AoI: 136.66, Completed Tasks: 1903
2025-07-21 08:42:52,428 [INFO] - Episode: 255/500, Reward: -138890.75, Avg AoI: 138.89, Completed Tasks: 1885
2025-07-21 08:44:32,420 [INFO] - Episode: 256/500, Reward: -131425.15, Avg AoI: 131.43, Completed Tasks: 2069
2025-07-21 08:46:12,873 [INFO] - Episode: 257/500, Reward: -132846.87, Avg AoI: 132.85, Completed Tasks: 1975
2025-07-21 08:47:55,727 [INFO] - Episode: 258/500, Reward: -148218.60, Avg AoI: 148.22, Completed Tasks: 1522
2025-07-21 08:49:34,053 [INFO] - Episode: 259/500, Reward: -56994.17, Avg AoI: 56.99, Completed Tasks: 4746
2025-07-21 08:51:13,483 [INFO] - Episode: 260/500, Reward: -154078.19, Avg AoI: 154.08, Completed Tasks: 1275
2025-07-21 08:52:55,867 [INFO] - Episode: 261/500, Reward: -137098.80, Avg AoI: 137.10, Completed Tasks: 1676
2025-07-21 08:54:44,475 [INFO] - Episode: 262/500, Reward: -143477.25, Avg AoI: 143.48, Completed Tasks: 1562
2025-07-21 08:56:29,002 [INFO] - Episode: 263/500, Reward: -152749.43, Avg AoI: 152.75, Completed Tasks: 1345
2025-07-21 08:58:11,677 [INFO] - Episode: 264/500, Reward: -134260.59, Avg AoI: 134.26, Completed Tasks: 1831
2025-07-21 08:59:52,071 [INFO] - Episode: 265/500, Reward: -135521.74, Avg AoI: 135.52, Completed Tasks: 1886
2025-07-21 09:01:36,083 [INFO] - Episode: 266/500, Reward: -144882.12, Avg AoI: 144.88, Completed Tasks: 1488
2025-07-21 09:03:19,776 [INFO] - Episode: 267/500, Reward: -123355.87, Avg AoI: 123.36, Completed Tasks: 2228
2025-07-21 09:05:04,672 [INFO] - Episode: 268/500, Reward: -88293.95, Avg AoI: 88.29, Completed Tasks: 3356
2025-07-21 09:06:52,767 [INFO] - Episode: 269/500, Reward: -27073.70, Avg AoI: 27.07, Completed Tasks: 6410
2025-07-21 09:08:32,987 [INFO] - Episode: 270/500, Reward: -41479.15, Avg AoI: 41.48, Completed Tasks: 5051
2025-07-21 09:10:13,980 [INFO] - Episode: 271/500, Reward: -140220.17, Avg AoI: 140.22, Completed Tasks: 1507
2025-07-21 09:11:59,641 [INFO] - Episode: 272/500, Reward: -99222.65, Avg AoI: 99.22, Completed Tasks: 2967
2025-07-21 09:13:42,401 [INFO] - Episode: 273/500, Reward: -34221.97, Avg AoI: 34.22, Completed Tasks: 5830
2025-07-21 09:15:23,465 [INFO] - Episode: 274/500, Reward: -139398.63, Avg AoI: 139.40, Completed Tasks: 1610
2025-07-21 09:17:04,132 [INFO] - Episode: 275/500, Reward: -110729.98, Avg AoI: 110.73, Completed Tasks: 2615
2025-07-21 09:18:46,076 [INFO] - Episode: 276/500, Reward: -40456.39, Avg AoI: 40.46, Completed Tasks: 5262
2025-07-21 09:20:30,435 [INFO] - Episode: 277/500, Reward: -33961.82, Avg AoI: 33.96, Completed Tasks: 5864
2025-07-21 09:22:15,912 [INFO] - Episode: 278/500, Reward: -142174.57, Avg AoI: 142.17, Completed Tasks: 1338
2025-07-21 09:23:58,644 [INFO] - Episode: 279/500, Reward: -101883.10, Avg AoI: 101.88, Completed Tasks: 2900
2025-07-21 09:25:40,320 [INFO] - Episode: 280/500, Reward: -82925.61, Avg AoI: 82.93, Completed Tasks: 3508
2025-07-21 09:27:18,944 [INFO] - Episode: 281/500, Reward: -57510.50, Avg AoI: 57.51, Completed Tasks: 4166
2025-07-21 09:28:55,122 [INFO] - Episode: 282/500, Reward: -63452.52, Avg AoI: 63.45, Completed Tasks: 4103
2025-07-21 09:30:28,773 [INFO] - Episode: 283/500, Reward: -44419.61, Avg AoI: 44.42, Completed Tasks: 5270
2025-07-21 09:32:00,885 [INFO] - Episode: 284/500, Reward: -48077.77, Avg AoI: 48.08, Completed Tasks: 4901
2025-07-21 09:33:34,842 [INFO] - Episode: 285/500, Reward: -62378.77, Avg AoI: 62.38, Completed Tasks: 4033
2025-07-21 09:35:08,836 [INFO] - Episode: 286/500, Reward: -58403.98, Avg AoI: 58.40, Completed Tasks: 4180
2025-07-21 09:36:43,913 [INFO] - Episode: 287/500, Reward: -42755.92, Avg AoI: 42.76, Completed Tasks: 5079
2025-07-21 09:38:20,419 [INFO] - Episode: 288/500, Reward: -41016.34, Avg AoI: 41.02, Completed Tasks: 5488
2025-07-21 09:39:57,240 [INFO] - Episode: 289/500, Reward: -83660.46, Avg AoI: 83.66, Completed Tasks: 4311
2025-07-21 09:41:32,213 [INFO] - Episode: 290/500, Reward: -48505.97, Avg AoI: 48.51, Completed Tasks: 5269
2025-07-21 09:43:06,633 [INFO] - Episode: 291/500, Reward: -46749.32, Avg AoI: 46.75, Completed Tasks: 5198
2025-07-21 09:44:43,560 [INFO] - Episode: 292/500, Reward: -55493.89, Avg AoI: 55.49, Completed Tasks: 4561
2025-07-21 09:46:19,255 [INFO] - Episode: 293/500, Reward: -58165.10, Avg AoI: 58.17, Completed Tasks: 4779
2025-07-21 09:47:54,996 [INFO] - Episode: 294/500, Reward: -38505.21, Avg AoI: 38.51, Completed Tasks: 5467
2025-07-21 09:49:29,695 [INFO] - Episode: 295/500, Reward: -59556.50, Avg AoI: 59.56, Completed Tasks: 4000
2025-07-21 09:51:06,468 [INFO] - Episode: 296/500, Reward: -57597.26, Avg AoI: 57.60, Completed Tasks: 4066
2025-07-21 09:52:44,446 [INFO] - Episode: 297/500, Reward: -46873.63, Avg AoI: 46.87, Completed Tasks: 4809
2025-07-21 09:54:22,565 [INFO] - Episode: 298/500, Reward: -53384.42, Avg AoI: 53.38, Completed Tasks: 4300
2025-07-21 09:56:00,426 [INFO] - Episode: 299/500, Reward: -44617.77, Avg AoI: 44.62, Completed Tasks: 4999
2025-07-21 09:57:40,780 [INFO] - Episode: 300/500, Reward: -66946.63, Avg AoI: 66.95, Completed Tasks: 4335
2025-07-21 09:59:24,331 [INFO] - Episode: 301/500, Reward: -66665.47, Avg AoI: 66.67, Completed Tasks: 4332
2025-07-21 10:01:07,235 [INFO] - Episode: 302/500, Reward: -81214.30, Avg AoI: 81.21, Completed Tasks: 3894
2025-07-21 10:02:49,704 [INFO] - Episode: 303/500, Reward: -52758.18, Avg AoI: 52.76, Completed Tasks: 4586
2025-07-21 10:04:23,488 [INFO] - Episode: 304/500, Reward: -59695.55, Avg AoI: 59.70, Completed Tasks: 4111
2025-07-21 10:05:58,111 [INFO] - Episode: 305/500, Reward: -61347.98, Avg AoI: 61.35, Completed Tasks: 3936
2025-07-21 10:07:33,241 [INFO] - Episode: 306/500, Reward: -49165.07, Avg AoI: 49.17, Completed Tasks: 4566
2025-07-21 10:09:38,500 [INFO] - Episode: 307/500, Reward: -153772.24, Avg AoI: 153.77, Completed Tasks: 1348
2025-07-21 10:11:55,716 [INFO] - Episode: 308/500, Reward: -43683.87, Avg AoI: 43.68, Completed Tasks: 5027
2025-07-21 10:14:18,353 [INFO] - Episode: 309/500, Reward: -141421.44, Avg AoI: 141.42, Completed Tasks: 2144
2025-07-21 10:16:30,713 [INFO] - Episode: 310/500, Reward: -55774.50, Avg AoI: 55.77, Completed Tasks: 4131
2025-07-21 10:18:20,883 [INFO] - Episode: 311/500, Reward: -69978.44, Avg AoI: 69.98, Completed Tasks: 3640
2025-07-21 10:20:29,369 [INFO] - Episode: 312/500, Reward: -141794.52, Avg AoI: 141.79, Completed Tasks: 1572
2025-07-21 10:22:35,594 [INFO] - Episode: 313/500, Reward: -75068.37, Avg AoI: 75.07, Completed Tasks: 3751
2025-07-21 10:24:36,631 [INFO] - Episode: 314/500, Reward: -40525.37, Avg AoI: 40.53, Completed Tasks: 5172
2025-07-21 10:26:14,339 [INFO] - Episode: 315/500, Reward: -69384.96, Avg AoI: 69.38, Completed Tasks: 3799
2025-07-21 10:28:08,581 [INFO] - Episode: 316/500, Reward: -97781.18, Avg AoI: 97.78, Completed Tasks: 3069
2025-07-21 10:29:48,104 [INFO] - Episode: 317/500, Reward: -30240.83, Avg AoI: 30.24, Completed Tasks: 6116
2025-07-21 10:31:43,244 [INFO] - Episode: 318/500, Reward: -142261.72, Avg AoI: 142.26, Completed Tasks: 1599
2025-07-21 10:34:03,265 [INFO] - Episode: 319/500, Reward: -126499.16, Avg AoI: 126.50, Completed Tasks: 2203
2025-07-21 10:36:25,793 [INFO] - Episode: 320/500, Reward: -138179.74, Avg AoI: 138.18, Completed Tasks: 1845
2025-07-21 10:38:45,208 [INFO] - Episode: 321/500, Reward: -56526.40, Avg AoI: 56.53, Completed Tasks: 4214
2025-07-21 10:41:10,287 [INFO] - Episode: 322/500, Reward: -67833.41, Avg AoI: 67.83, Completed Tasks: 3927
2025-07-21 10:43:30,366 [INFO] - Episode: 323/500, Reward: -47859.39, Avg AoI: 47.86, Completed Tasks: 4766
2025-07-21 10:45:55,241 [INFO] - Episode: 324/500, Reward: -28264.09, Avg AoI: 28.26, Completed Tasks: 6230
2025-07-21 10:48:12,730 [INFO] - Episode: 325/500, Reward: -199338.75, Avg AoI: 199.34, Completed Tasks: 1477
2025-07-21 10:50:36,200 [INFO] - Episode: 326/500, Reward: -151243.78, Avg AoI: 151.24, Completed Tasks: 1632
2025-07-21 10:52:55,952 [INFO] - Episode: 327/500, Reward: -161826.10, Avg AoI: 161.83, Completed Tasks: 1295
2025-07-21 10:55:21,024 [INFO] - Episode: 328/500, Reward: -142651.72, Avg AoI: 142.65, Completed Tasks: 2161
2025-07-21 10:57:41,415 [INFO] - Episode: 329/500, Reward: -29461.79, Avg AoI: 29.46, Completed Tasks: 6033
2025-07-21 11:00:14,447 [INFO] - Episode: 330/500, Reward: -158635.34, Avg AoI: 158.64, Completed Tasks: 1399
2025-07-21 11:02:32,446 [INFO] - Episode: 331/500, Reward: -130151.20, Avg AoI: 130.15, Completed Tasks: 2167
2025-07-21 11:04:55,490 [INFO] - Episode: 332/500, Reward: -145509.40, Avg AoI: 145.51, Completed Tasks: 3018
2025-07-21 11:07:16,606 [INFO] - Episode: 333/500, Reward: -145500.52, Avg AoI: 145.50, Completed Tasks: 2296
2025-07-21 11:09:35,499 [INFO] - Episode: 334/500, Reward: -299074.90, Avg AoI: 299.07, Completed Tasks: 1168
2025-07-21 11:11:50,344 [INFO] - Episode: 335/500, Reward: -265216.18, Avg AoI: 265.22, Completed Tasks: 1612
2025-07-21 11:14:08,721 [INFO] - Episode: 336/500, Reward: -58988.72, Avg AoI: 58.99, Completed Tasks: 4049
2025-07-21 11:16:29,654 [INFO] - Episode: 337/500, Reward: -41914.76, Avg AoI: 41.91, Completed Tasks: 5311
2025-07-21 11:18:47,326 [INFO] - Episode: 338/500, Reward: -110044.26, Avg AoI: 110.04, Completed Tasks: 3375
2025-07-21 11:21:08,207 [INFO] - Episode: 339/500, Reward: -183429.54, Avg AoI: 183.43, Completed Tasks: 1655
2025-07-21 11:23:36,759 [INFO] - Episode: 340/500, Reward: -138950.08, Avg AoI: 138.95, Completed Tasks: 2178
2025-07-21 11:26:06,910 [INFO] - Episode: 341/500, Reward: -283345.45, Avg AoI: 283.35, Completed Tasks: 1260
2025-07-21 11:28:29,978 [INFO] - Episode: 342/500, Reward: -30731.53, Avg AoI: 30.73, Completed Tasks: 6012
2025-07-21 11:30:49,203 [INFO] - Episode: 343/500, Reward: -228333.84, Avg AoI: 228.33, Completed Tasks: 1195
2025-07-21 11:33:10,322 [INFO] - Episode: 344/500, Reward: -60434.49, Avg AoI: 60.43, Completed Tasks: 4202
2025-07-21 11:35:29,900 [INFO] - Episode: 345/500, Reward: -37321.39, Avg AoI: 37.32, Completed Tasks: 5501
2025-07-21 11:37:51,551 [INFO] - Episode: 346/500, Reward: -35923.57, Avg AoI: 35.92, Completed Tasks: 5855
2025-07-21 11:39:40,805 [INFO] - Episode: 347/500, Reward: -125541.19, Avg AoI: 125.54, Completed Tasks: 2003
2025-07-21 11:41:33,944 [INFO] - Episode: 348/500, Reward: -31985.53, Avg AoI: 31.99, Completed Tasks: 5933
2025-07-21 11:43:42,903 [INFO] - Episode: 349/500, Reward: -113710.56, Avg AoI: 113.71, Completed Tasks: 2323
2025-07-21 11:45:40,890 [INFO] - Episode: 350/500, Reward: -41368.83, Avg AoI: 41.37, Completed Tasks: 5159
2025-07-21 11:47:42,156 [INFO] - Episode: 351/500, Reward: -47631.82, Avg AoI: 47.63, Completed Tasks: 4962
2025-07-21 11:49:32,394 [INFO] - Episode: 352/500, Reward: -106254.82, Avg AoI: 106.25, Completed Tasks: 2691
