2025-07-21 12:00:17,470 [INFO] - Logger initialized.
2025-07-21 12:00:17,470 [INFO] - --- Training Configuration ---
2025-07-21 12:00:17,470 [INFO] - n_users: 105
2025-07-21 12:00:17,471 [INFO] - n_servers: 45
2025-07-21 12:00:17,471 [INFO] - batch_proc_time: {'base': 3, 'per_task': 2}
2025-07-21 12:00:17,471 [INFO] - max_batch_size: 3
2025-07-21 12:00:17,471 [INFO] - num_episodes: 500
2025-07-21 12:00:17,471 [INFO] - episode_length: 1000
2025-07-21 12:00:17,471 [INFO] - actor_lr: 4e-05
2025-07-21 12:00:17,473 [INFO] - critic_lr: 4e-05
2025-07-21 12:00:17,473 [INFO] - gamma: 0.99
2025-07-21 12:00:17,473 [INFO] - gae_lambda: 0.95
2025-07-21 12:00:17,473 [INFO] - clip_ratio: 0.2
2025-07-21 12:00:17,473 [INFO] - update_epochs: 4
2025-07-21 12:00:17,473 [INFO] - mini_batch_size: 128
2025-07-21 12:00:17,473 [INFO] - entropy_coeff: 0.01
2025-07-21 12:00:17,474 [INFO] - max_grad_norm: 1.0
2025-07-21 12:00:17,474 [INFO] - use_global: False
2025-07-21 12:00:17,474 [INFO] - use_mean_field: False
2025-07-21 12:00:17,474 [INFO] - critic_warmup_epochs: 0
2025-07-21 12:00:17,474 [INFO] - gmm_config: {'n_components': 2, 'min_samples': 100, 'use_gmm': True, 'regularization': 1e-06}
2025-07-21 12:00:17,474 [INFO] - log_dir: logs/mappo_mf_105_45_Shared_Local_NoMF_GMM2_4e-05
2025-07-21 12:00:17,474 [INFO] - --------------------------
2025-07-21 12:00:18,785 [INFO] - MAPPO-MF Trainer Initialized with Shared Networks.
2025-07-21 12:00:18,785 [INFO] - Device: cpu
2025-07-21 12:00:18,785 [INFO] - User Obs Dim (including all servers): 137, Server Obs Dim: 3
2025-07-21 12:00:18,785 [INFO] - Mean-field Dim: 0
2025-07-21 12:00:18,785 [INFO] - Use Global Critic: False
2025-07-21 12:00:18,786 [INFO] - Use Mean Field: False
2025-07-21 12:02:42,726 [INFO] - Episode: 1/500, Reward: -18444.20, Avg AoI: 18.44, Completed Tasks: 8201
2025-07-21 12:04:27,641 [INFO] - Episode: 2/500, Reward: -19223.06, Avg AoI: 19.22, Completed Tasks: 8021
2025-07-21 12:06:09,903 [INFO] - Episode: 3/500, Reward: -21317.15, Avg AoI: 21.32, Completed Tasks: 7545
2025-07-21 12:07:53,623 [INFO] - Episode: 4/500, Reward: -38213.75, Avg AoI: 38.21, Completed Tasks: 6444
2025-07-21 12:09:36,720 [INFO] - Episode: 5/500, Reward: -22240.73, Avg AoI: 22.24, Completed Tasks: 7139
2025-07-21 12:11:26,019 [INFO] - Episode: 6/500, Reward: -215161.49, Avg AoI: 215.16, Completed Tasks: 3074
2025-07-21 12:13:18,102 [INFO] - Episode: 7/500, Reward: -313195.52, Avg AoI: 313.20, Completed Tasks: 1836
2025-07-21 12:14:59,520 [INFO] - Episode: 8/500, Reward: -309498.26, Avg AoI: 309.50, Completed Tasks: 1598
2025-07-21 12:16:48,012 [INFO] - Episode: 9/500, Reward: -313642.71, Avg AoI: 313.64, Completed Tasks: 1882
2025-07-21 12:18:58,120 [INFO] - Episode: 10/500, Reward: -382706.39, Avg AoI: 382.71, Completed Tasks: 966
2025-07-21 12:21:04,817 [INFO] - Episode: 11/500, Reward: -396353.96, Avg AoI: 396.35, Completed Tasks: 874
2025-07-21 12:23:03,370 [INFO] - Episode: 12/500, Reward: -443957.43, Avg AoI: 443.96, Completed Tasks: 503
2025-07-21 12:24:59,321 [INFO] - Episode: 13/500, Reward: -419427.90, Avg AoI: 419.43, Completed Tasks: 570
2025-07-21 12:26:58,575 [INFO] - Episode: 14/500, Reward: -445641.45, Avg AoI: 445.64, Completed Tasks: 377
2025-07-21 12:28:57,044 [INFO] - Episode: 15/500, Reward: -416783.73, Avg AoI: 416.78, Completed Tasks: 567
2025-07-21 12:30:55,684 [INFO] - Episode: 16/500, Reward: -405458.23, Avg AoI: 405.46, Completed Tasks: 619
2025-07-21 12:32:55,450 [INFO] - Episode: 17/500, Reward: -445078.74, Avg AoI: 445.08, Completed Tasks: 385
2025-07-21 12:34:55,231 [INFO] - Episode: 18/500, Reward: -349580.38, Avg AoI: 349.58, Completed Tasks: 951
2025-07-21 12:36:55,263 [INFO] - Episode: 19/500, Reward: -444486.26, Avg AoI: 444.49, Completed Tasks: 329
2025-07-21 12:38:57,598 [INFO] - Episode: 20/500, Reward: -440360.12, Avg AoI: 440.36, Completed Tasks: 345
2025-07-21 12:40:58,935 [INFO] - Episode: 21/500, Reward: -439867.53, Avg AoI: 439.87, Completed Tasks: 385
2025-07-21 12:43:02,540 [INFO] - Episode: 22/500, Reward: -465192.19, Avg AoI: 465.19, Completed Tasks: 246
2025-07-21 12:45:05,663 [INFO] - Episode: 23/500, Reward: -441702.37, Avg AoI: 441.70, Completed Tasks: 310
2025-07-21 12:47:06,850 [INFO] - Episode: 24/500, Reward: -446342.22, Avg AoI: 446.34, Completed Tasks: 346
2025-07-21 12:49:09,124 [INFO] - Episode: 25/500, Reward: -445915.41, Avg AoI: 445.92, Completed Tasks: 340
2025-07-21 12:51:11,555 [INFO] - Episode: 26/500, Reward: -457715.22, Avg AoI: 457.72, Completed Tasks: 255
2025-07-21 12:53:15,184 [INFO] - Episode: 27/500, Reward: -470466.35, Avg AoI: 470.47, Completed Tasks: 195
2025-07-21 12:55:20,513 [INFO] - Episode: 28/500, Reward: -434177.54, Avg AoI: 434.18, Completed Tasks: 433
2025-07-21 12:57:29,767 [INFO] - Episode: 29/500, Reward: -430181.38, Avg AoI: 430.18, Completed Tasks: 520
2025-07-21 12:59:40,022 [INFO] - Episode: 30/500, Reward: -456177.09, Avg AoI: 456.18, Completed Tasks: 345
2025-07-21 13:01:50,141 [INFO] - Episode: 31/500, Reward: -483279.30, Avg AoI: 483.28, Completed Tasks: 153
2025-07-21 13:03:58,326 [INFO] - Episode: 32/500, Reward: -486476.90, Avg AoI: 486.48, Completed Tasks: 127
2025-07-21 13:05:51,664 [INFO] - Episode: 33/500, Reward: -487676.10, Avg AoI: 487.68, Completed Tasks: 121
2025-07-21 13:07:35,709 [INFO] - Episode: 34/500, Reward: -493025.83, Avg AoI: 493.03, Completed Tasks: 77
2025-07-21 13:09:20,305 [INFO] - Episode: 35/500, Reward: -493372.98, Avg AoI: 493.37, Completed Tasks: 64
2025-07-21 13:11:25,210 [INFO] - Episode: 36/500, Reward: -494691.18, Avg AoI: 494.69, Completed Tasks: 65
2025-07-21 13:13:09,879 [INFO] - Episode: 37/500, Reward: -494981.14, Avg AoI: 494.98, Completed Tasks: 61
2025-07-21 13:14:54,252 [INFO] - Episode: 38/500, Reward: -495264.00, Avg AoI: 495.26, Completed Tasks: 61
2025-07-21 13:17:01,976 [INFO] - Episode: 39/500, Reward: -494789.64, Avg AoI: 494.79, Completed Tasks: 63
2025-07-21 13:19:06,244 [INFO] - Episode: 40/500, Reward: -495854.50, Avg AoI: 495.85, Completed Tasks: 57
2025-07-21 13:20:50,154 [INFO] - Episode: 41/500, Reward: -495073.70, Avg AoI: 495.07, Completed Tasks: 61
2025-07-21 13:22:34,339 [INFO] - Episode: 42/500, Reward: -495270.53, Avg AoI: 495.27, Completed Tasks: 54
2025-07-21 13:24:19,293 [INFO] - Episode: 43/500, Reward: -496181.73, Avg AoI: 496.18, Completed Tasks: 56
2025-07-21 13:26:24,072 [INFO] - Episode: 44/500, Reward: -496981.62, Avg AoI: 496.98, Completed Tasks: 56
2025-07-21 13:28:08,202 [INFO] - Episode: 45/500, Reward: -495695.58, Avg AoI: 495.70, Completed Tasks: 57
2025-07-21 13:29:50,981 [INFO] - Episode: 46/500, Reward: -495636.22, Avg AoI: 495.64, Completed Tasks: 50
2025-07-21 13:31:56,050 [INFO] - Episode: 47/500, Reward: -495570.04, Avg AoI: 495.57, Completed Tasks: 56
2025-07-21 13:34:08,078 [INFO] - Episode: 48/500, Reward: -497818.90, Avg AoI: 497.82, Completed Tasks: 38
2025-07-21 13:36:17,658 [INFO] - Episode: 49/500, Reward: -497295.15, Avg AoI: 497.30, Completed Tasks: 42
2025-07-21 13:38:26,206 [INFO] - Episode: 50/500, Reward: -495962.57, Avg AoI: 495.96, Completed Tasks: 48
2025-07-21 13:40:35,483 [INFO] - Episode: 51/500, Reward: -495746.96, Avg AoI: 495.75, Completed Tasks: 59
2025-07-21 13:42:47,059 [INFO] - Episode: 52/500, Reward: -495731.58, Avg AoI: 495.73, Completed Tasks: 61
2025-07-21 13:44:57,219 [INFO] - Episode: 53/500, Reward: -496283.70, Avg AoI: 496.28, Completed Tasks: 49
2025-07-21 13:47:47,334 [INFO] - Episode: 54/500, Reward: -495609.67, Avg AoI: 495.61, Completed Tasks: 56
2025-07-21 13:50:25,214 [INFO] - Episode: 55/500, Reward: -494836.95, Avg AoI: 494.84, Completed Tasks: 61
2025-07-21 13:53:02,149 [INFO] - Episode: 56/500, Reward: -495972.75, Avg AoI: 495.97, Completed Tasks: 52
2025-07-21 13:55:36,778 [INFO] - Episode: 57/500, Reward: -496610.60, Avg AoI: 496.61, Completed Tasks: 54
2025-07-21 13:58:10,349 [INFO] - Episode: 58/500, Reward: -497216.52, Avg AoI: 497.22, Completed Tasks: 49
2025-07-21 14:00:44,521 [INFO] - Episode: 59/500, Reward: -497919.87, Avg AoI: 497.92, Completed Tasks: 46
2025-07-21 14:02:36,421 [INFO] - Episode: 60/500, Reward: -497558.89, Avg AoI: 497.56, Completed Tasks: 45
2025-07-21 14:04:29,485 [INFO] - Episode: 61/500, Reward: -497985.17, Avg AoI: 497.99, Completed Tasks: 40
2025-07-21 14:07:01,792 [INFO] - Episode: 62/500, Reward: -497103.46, Avg AoI: 497.10, Completed Tasks: 47
2025-07-21 14:09:33,474 [INFO] - Episode: 63/500, Reward: -497620.10, Avg AoI: 497.62, Completed Tasks: 41
2025-07-21 14:12:13,237 [INFO] - Episode: 64/500, Reward: -497928.95, Avg AoI: 497.93, Completed Tasks: 41
2025-07-21 14:14:52,881 [INFO] - Episode: 65/500, Reward: -496655.65, Avg AoI: 496.66, Completed Tasks: 46
2025-07-21 14:17:29,249 [INFO] - Episode: 66/500, Reward: -495888.26, Avg AoI: 495.89, Completed Tasks: 49
2025-07-21 14:20:05,415 [INFO] - Episode: 67/500, Reward: -499118.50, Avg AoI: 499.12, Completed Tasks: 28
2025-07-21 14:22:41,981 [INFO] - Episode: 68/500, Reward: -498339.27, Avg AoI: 498.34, Completed Tasks: 30
2025-07-21 14:25:02,185 [INFO] - Episode: 69/500, Reward: -497283.92, Avg AoI: 497.28, Completed Tasks: 35
2025-07-21 14:27:36,706 [INFO] - Episode: 70/500, Reward: -498420.35, Avg AoI: 498.42, Completed Tasks: 29
2025-07-21 14:30:20,863 [INFO] - Episode: 71/500, Reward: -498336.71, Avg AoI: 498.34, Completed Tasks: 29
2025-07-21 14:33:05,278 [INFO] - Episode: 72/500, Reward: -498340.30, Avg AoI: 498.34, Completed Tasks: 32
2025-07-21 14:35:59,116 [INFO] - Episode: 73/500, Reward: -499014.47, Avg AoI: 499.01, Completed Tasks: 23
2025-07-21 14:38:49,191 [INFO] - Episode: 74/500, Reward: -498851.39, Avg AoI: 498.85, Completed Tasks: 30
2025-07-21 14:41:31,491 [INFO] - Episode: 75/500, Reward: -499306.51, Avg AoI: 499.31, Completed Tasks: 26
2025-07-21 14:44:10,958 [INFO] - Episode: 76/500, Reward: -499480.98, Avg AoI: 499.48, Completed Tasks: 25
2025-07-21 14:46:02,038 [INFO] - Episode: 77/500, Reward: -499516.97, Avg AoI: 499.52, Completed Tasks: 16
2025-07-21 14:47:51,047 [INFO] - Episode: 78/500, Reward: -499594.39, Avg AoI: 499.59, Completed Tasks: 20
2025-07-21 14:49:39,151 [INFO] - Episode: 79/500, Reward: -499385.47, Avg AoI: 499.39, Completed Tasks: 15
2025-07-21 14:51:35,172 [INFO] - Episode: 80/500, Reward: -499814.27, Avg AoI: 499.81, Completed Tasks: 15
2025-07-21 14:53:23,670 [INFO] - Episode: 81/500, Reward: -499502.64, Avg AoI: 499.50, Completed Tasks: 17
2025-07-21 14:55:14,334 [INFO] - Episode: 82/500, Reward: -499419.01, Avg AoI: 499.42, Completed Tasks: 18
2025-07-21 14:57:00,812 [INFO] - Episode: 83/500, Reward: -498509.22, Avg AoI: 498.51, Completed Tasks: 25
2025-07-21 14:58:48,310 [INFO] - Episode: 84/500, Reward: -499553.97, Avg AoI: 499.55, Completed Tasks: 18
2025-07-21 15:00:44,611 [INFO] - Episode: 85/500, Reward: -499293.56, Avg AoI: 499.29, Completed Tasks: 18
2025-07-21 15:02:34,154 [INFO] - Episode: 86/500, Reward: -499422.93, Avg AoI: 499.42, Completed Tasks: 21
2025-07-21 15:05:11,930 [INFO] - Episode: 87/500, Reward: -499454.89, Avg AoI: 499.45, Completed Tasks: 23
2025-07-21 15:07:55,820 [INFO] - Episode: 88/500, Reward: -498895.56, Avg AoI: 498.90, Completed Tasks: 23
2025-07-21 15:10:50,208 [INFO] - Episode: 89/500, Reward: -499129.18, Avg AoI: 499.13, Completed Tasks: 17
2025-07-21 15:13:37,454 [INFO] - Episode: 90/500, Reward: -499354.10, Avg AoI: 499.35, Completed Tasks: 25
2025-07-21 15:16:40,545 [INFO] - Episode: 91/500, Reward: -499834.51, Avg AoI: 499.83, Completed Tasks: 21
2025-07-21 15:19:37,812 [INFO] - Episode: 92/500, Reward: -499170.50, Avg AoI: 499.17, Completed Tasks: 23
2025-07-21 15:22:46,900 [INFO] - Episode: 93/500, Reward: -499438.95, Avg AoI: 499.44, Completed Tasks: 17
2025-07-21 15:25:46,801 [INFO] - Episode: 94/500, Reward: -499939.85, Avg AoI: 499.94, Completed Tasks: 18
2025-07-21 15:28:26,029 [INFO] - Episode: 95/500, Reward: -499615.23, Avg AoI: 499.62, Completed Tasks: 16
2025-07-21 15:31:32,307 [INFO] - Episode: 96/500, Reward: -499223.80, Avg AoI: 499.22, Completed Tasks: 17
2025-07-21 15:34:37,714 [INFO] - Episode: 97/500, Reward: -499223.31, Avg AoI: 499.22, Completed Tasks: 23
2025-07-21 15:37:38,248 [INFO] - Episode: 98/500, Reward: -499616.09, Avg AoI: 499.62, Completed Tasks: 18
2025-07-21 15:40:34,302 [INFO] - Episode: 99/500, Reward: -498487.15, Avg AoI: 498.49, Completed Tasks: 26
2025-07-21 15:43:33,151 [INFO] - Episode: 100/500, Reward: -499634.36, Avg AoI: 499.63, Completed Tasks: 20
2025-07-21 15:46:29,344 [INFO] - Episode: 101/500, Reward: -499256.95, Avg AoI: 499.26, Completed Tasks: 27
2025-07-21 15:49:20,837 [INFO] - Episode: 102/500, Reward: -499589.57, Avg AoI: 499.59, Completed Tasks: 22
2025-07-21 15:52:25,854 [INFO] - Episode: 103/500, Reward: -498713.68, Avg AoI: 498.71, Completed Tasks: 31
2025-07-21 15:55:15,898 [INFO] - Episode: 104/500, Reward: -498859.25, Avg AoI: 498.86, Completed Tasks: 29
2025-07-21 15:57:04,311 [INFO] - Episode: 105/500, Reward: -499206.06, Avg AoI: 499.21, Completed Tasks: 29
2025-07-21 15:58:54,260 [INFO] - Episode: 106/500, Reward: -498641.01, Avg AoI: 498.64, Completed Tasks: 33
2025-07-21 16:00:53,719 [INFO] - Episode: 107/500, Reward: -498750.44, Avg AoI: 498.75, Completed Tasks: 28
2025-07-21 16:02:56,005 [INFO] - Episode: 108/500, Reward: -498110.35, Avg AoI: 498.11, Completed Tasks: 36
2025-07-21 16:04:44,433 [INFO] - Episode: 109/500, Reward: -499074.58, Avg AoI: 499.07, Completed Tasks: 31
2025-07-21 16:06:30,710 [INFO] - Episode: 110/500, Reward: -498766.07, Avg AoI: 498.77, Completed Tasks: 27
2025-07-21 16:08:19,429 [INFO] - Episode: 111/500, Reward: -499326.42, Avg AoI: 499.33, Completed Tasks: 19
2025-07-21 16:10:01,992 [INFO] - Episode: 112/500, Reward: -499135.50, Avg AoI: 499.14, Completed Tasks: 26
2025-07-21 16:12:40,889 [INFO] - Episode: 113/500, Reward: -499424.37, Avg AoI: 499.42, Completed Tasks: 24
2025-07-21 16:15:26,201 [INFO] - Episode: 114/500, Reward: -499172.90, Avg AoI: 499.17, Completed Tasks: 20
2025-07-21 16:18:09,736 [INFO] - Episode: 115/500, Reward: -499141.04, Avg AoI: 499.14, Completed Tasks: 22
2025-07-21 16:20:12,482 [INFO] - Episode: 116/500, Reward: -498802.08, Avg AoI: 498.80, Completed Tasks: 27
2025-07-21 16:22:35,840 [INFO] - Episode: 117/500, Reward: -498677.27, Avg AoI: 498.68, Completed Tasks: 22
2025-07-21 16:25:19,916 [INFO] - Episode: 118/500, Reward: -499419.33, Avg AoI: 499.42, Completed Tasks: 19
2025-07-21 16:27:56,139 [INFO] - Episode: 119/500, Reward: -498406.38, Avg AoI: 498.41, Completed Tasks: 31
2025-07-21 16:30:42,765 [INFO] - Episode: 120/500, Reward: -498584.28, Avg AoI: 498.58, Completed Tasks: 23
2025-07-21 16:33:32,836 [INFO] - Episode: 121/500, Reward: -498438.60, Avg AoI: 498.44, Completed Tasks: 28
2025-07-21 16:36:17,517 [INFO] - Episode: 122/500, Reward: -499020.69, Avg AoI: 499.02, Completed Tasks: 20
2025-07-21 16:38:09,153 [INFO] - Episode: 123/500, Reward: -498606.33, Avg AoI: 498.61, Completed Tasks: 30
2025-07-21 16:40:03,896 [INFO] - Episode: 124/500, Reward: -499206.10, Avg AoI: 499.21, Completed Tasks: 18
2025-07-21 16:41:51,130 [INFO] - Episode: 125/500, Reward: -498388.58, Avg AoI: 498.39, Completed Tasks: 30
2025-07-21 16:43:43,132 [INFO] - Episode: 126/500, Reward: -498156.79, Avg AoI: 498.16, Completed Tasks: 32
2025-07-21 16:45:35,085 [INFO] - Episode: 127/500, Reward: -499045.28, Avg AoI: 499.05, Completed Tasks: 24
2025-07-21 16:47:25,189 [INFO] - Episode: 128/500, Reward: -499092.61, Avg AoI: 499.09, Completed Tasks: 25
2025-07-21 16:49:14,002 [INFO] - Episode: 129/500, Reward: -499607.75, Avg AoI: 499.61, Completed Tasks: 17
2025-07-21 16:51:07,071 [INFO] - Episode: 130/500, Reward: -498479.43, Avg AoI: 498.48, Completed Tasks: 28
2025-07-21 16:53:05,936 [INFO] - Episode: 131/500, Reward: -499500.36, Avg AoI: 499.50, Completed Tasks: 18
2025-07-21 16:55:02,279 [INFO] - Episode: 132/500, Reward: -498535.76, Avg AoI: 498.54, Completed Tasks: 22
2025-07-21 16:57:07,381 [INFO] - Episode: 133/500, Reward: -498706.64, Avg AoI: 498.71, Completed Tasks: 24
2025-07-21 16:59:02,136 [INFO] - Episode: 134/500, Reward: -498413.64, Avg AoI: 498.41, Completed Tasks: 30
2025-07-21 17:00:53,624 [INFO] - Episode: 135/500, Reward: -498880.90, Avg AoI: 498.88, Completed Tasks: 28
2025-07-21 17:02:59,329 [INFO] - Episode: 136/500, Reward: -498354.79, Avg AoI: 498.35, Completed Tasks: 31
2025-07-21 17:05:48,821 [INFO] - Episode: 137/500, Reward: -498716.27, Avg AoI: 498.72, Completed Tasks: 32
2025-07-21 17:08:30,192 [INFO] - Episode: 138/500, Reward: -499031.89, Avg AoI: 499.03, Completed Tasks: 26
2025-07-21 17:10:32,278 [INFO] - Episode: 139/500, Reward: -498626.92, Avg AoI: 498.63, Completed Tasks: 29
2025-07-21 17:12:49,622 [INFO] - Episode: 140/500, Reward: -499018.29, Avg AoI: 499.02, Completed Tasks: 23
