2025-07-15 11:43:28,931 [INFO] - Logger initialized.
2025-07-15 11:43:28,931 [INFO] - --- Training Configuration ---
2025-07-15 11:43:28,931 [INFO] - n_users: 7
2025-07-15 11:43:28,932 [INFO] - n_servers: 3
2025-07-15 11:43:28,932 [INFO] - batch_proc_time: {'base': 3, 'per_task': 2}
2025-07-15 11:43:28,932 [INFO] - max_batch_size: 3
2025-07-15 11:43:28,932 [INFO] - num_episodes: 100
2025-07-15 11:43:28,932 [INFO] - episode_length: 1000
2025-07-15 11:43:28,932 [INFO] - actor_lr: 0.0001
2025-07-15 11:43:28,932 [INFO] - critic_lr: 0.0001
2025-07-15 11:43:28,932 [INFO] - gamma: 0.99
2025-07-15 11:43:28,932 [INFO] - gae_lambda: 0.95
2025-07-15 11:43:28,932 [INFO] - clip_ratio: 0.2
2025-07-15 11:43:28,933 [INFO] - update_epochs: 4
2025-07-15 11:43:28,934 [INFO] - mini_batch_size: 256
2025-07-15 11:43:28,934 [INFO] - entropy_coeff: 0.01
2025-07-15 11:43:28,934 [INFO] - max_grad_norm: 1.0
2025-07-15 11:43:28,934 [INFO] - log_dir: logs/mappo_20250715_114328
2025-07-15 11:43:28,934 [INFO] - --------------------------
2025-07-15 11:43:30,400 [INFO] - MAPPO Trainer Initialized.
2025-07-15 11:43:30,400 [INFO] - Device: cpu
2025-07-15 11:43:30,401 [INFO] - User Obs Dim: 2, Server Obs Dim: 3
2025-07-15 11:43:30,401 [INFO] - Global State Dim: 16
2025-07-15 11:43:35,610 [INFO] - Episode: 1/100, Reward: -17040.57, Avg AoI: 17.04, Steps: 1000
2025-07-15 11:43:40,262 [INFO] - Episode: 2/100, Reward: -17564.00, Avg AoI: 17.56, Steps: 1000
2025-07-15 11:43:44,977 [INFO] - Episode: 3/100, Reward: -17794.43, Avg AoI: 17.79, Steps: 1000
2025-07-15 11:43:50,960 [INFO] - Episode: 4/100, Reward: -16708.43, Avg AoI: 16.71, Steps: 1000
2025-07-15 11:43:57,185 [INFO] - Episode: 5/100, Reward: -17427.43, Avg AoI: 17.43, Steps: 1000
2025-07-15 11:44:03,420 [INFO] - Episode: 6/100, Reward: -17701.43, Avg AoI: 17.70, Steps: 1000
2025-07-15 11:44:09,771 [INFO] - Episode: 7/100, Reward: -17266.71, Avg AoI: 17.27, Steps: 1000
2025-07-15 11:44:15,992 [INFO] - Episode: 8/100, Reward: -18063.14, Avg AoI: 18.06, Steps: 1000
2025-07-15 11:44:22,702 [INFO] - Episode: 9/100, Reward: -16542.29, Avg AoI: 16.54, Steps: 1000
2025-07-15 11:44:28,525 [INFO] - Episode: 10/100, Reward: -16421.14, Avg AoI: 16.42, Steps: 1000
2025-07-15 11:44:33,331 [INFO] - Episode: 11/100, Reward: -16251.14, Avg AoI: 16.25, Steps: 1000
2025-07-15 11:44:37,890 [INFO] - Episode: 12/100, Reward: -16475.00, Avg AoI: 16.48, Steps: 1000
2025-07-15 11:44:42,361 [INFO] - Episode: 13/100, Reward: -17449.14, Avg AoI: 17.45, Steps: 1000
2025-07-15 11:44:47,053 [INFO] - Episode: 14/100, Reward: -16894.43, Avg AoI: 16.89, Steps: 1000
2025-07-15 11:44:51,569 [INFO] - Episode: 15/100, Reward: -16843.71, Avg AoI: 16.84, Steps: 1000
2025-07-15 11:44:56,534 [INFO] - Episode: 16/100, Reward: -17148.86, Avg AoI: 17.15, Steps: 1000
2025-07-15 11:45:01,393 [INFO] - Episode: 17/100, Reward: -16348.14, Avg AoI: 16.35, Steps: 1000
2025-07-15 11:45:06,311 [INFO] - Episode: 18/100, Reward: -15967.86, Avg AoI: 15.97, Steps: 1000
2025-07-15 11:45:13,036 [INFO] - Episode: 19/100, Reward: -16343.14, Avg AoI: 16.34, Steps: 1000
2025-07-15 11:45:19,192 [INFO] - Episode: 20/100, Reward: -15602.43, Avg AoI: 15.60, Steps: 1000
2025-07-15 11:45:26,058 [INFO] - Episode: 21/100, Reward: -15719.86, Avg AoI: 15.72, Steps: 1000
2025-07-15 11:45:32,721 [INFO] - Episode: 22/100, Reward: -15641.29, Avg AoI: 15.64, Steps: 1000
2025-07-15 11:45:38,799 [INFO] - Episode: 23/100, Reward: -16115.71, Avg AoI: 16.12, Steps: 1000
2025-07-15 11:45:45,088 [INFO] - Episode: 24/100, Reward: -15401.14, Avg AoI: 15.40, Steps: 1000
2025-07-15 11:45:52,071 [INFO] - Episode: 25/100, Reward: -16028.86, Avg AoI: 16.03, Steps: 1000
2025-07-15 11:45:58,335 [INFO] - Episode: 26/100, Reward: -16710.57, Avg AoI: 16.71, Steps: 1000
2025-07-15 11:46:04,660 [INFO] - Episode: 27/100, Reward: -15754.29, Avg AoI: 15.75, Steps: 1000
2025-07-15 11:46:11,457 [INFO] - Episode: 28/100, Reward: -16814.14, Avg AoI: 16.81, Steps: 1000
2025-07-15 11:46:17,938 [INFO] - Episode: 29/100, Reward: -16692.57, Avg AoI: 16.69, Steps: 1000
2025-07-15 11:46:22,619 [INFO] - Episode: 30/100, Reward: -17240.86, Avg AoI: 17.24, Steps: 1000
2025-07-15 11:46:27,543 [INFO] - Episode: 31/100, Reward: -16054.71, Avg AoI: 16.05, Steps: 1000
2025-07-15 11:46:34,130 [INFO] - Episode: 32/100, Reward: -16186.43, Avg AoI: 16.19, Steps: 1000
2025-07-15 11:46:38,803 [INFO] - Episode: 33/100, Reward: -15306.29, Avg AoI: 15.31, Steps: 1000
2025-07-15 11:46:43,133 [INFO] - Episode: 34/100, Reward: -15305.29, Avg AoI: 15.31, Steps: 1000
2025-07-15 11:46:47,530 [INFO] - Episode: 35/100, Reward: -15772.29, Avg AoI: 15.77, Steps: 1000
2025-07-15 11:46:52,008 [INFO] - Episode: 36/100, Reward: -15727.14, Avg AoI: 15.73, Steps: 1000
2025-07-15 11:46:56,880 [INFO] - Episode: 37/100, Reward: -15225.57, Avg AoI: 15.23, Steps: 1000
2025-07-15 11:47:01,194 [INFO] - Episode: 38/100, Reward: -15697.43, Avg AoI: 15.70, Steps: 1000
2025-07-15 11:47:05,520 [INFO] - Episode: 39/100, Reward: -15789.29, Avg AoI: 15.79, Steps: 1000
2025-07-15 11:47:09,795 [INFO] - Episode: 40/100, Reward: -15769.57, Avg AoI: 15.77, Steps: 1000
2025-07-15 11:47:14,268 [INFO] - Episode: 41/100, Reward: -16745.43, Avg AoI: 16.75, Steps: 1000
2025-07-15 11:47:18,999 [INFO] - Episode: 42/100, Reward: -15696.71, Avg AoI: 15.70, Steps: 1000
2025-07-15 11:47:24,327 [INFO] - Episode: 43/100, Reward: -15515.29, Avg AoI: 15.52, Steps: 1000
2025-07-15 11:47:31,095 [INFO] - Episode: 44/100, Reward: -15335.43, Avg AoI: 15.34, Steps: 1000
2025-07-15 11:47:36,212 [INFO] - Episode: 45/100, Reward: -15253.43, Avg AoI: 15.25, Steps: 1000
2025-07-15 11:47:41,357 [INFO] - Episode: 46/100, Reward: -15243.57, Avg AoI: 15.24, Steps: 1000
2025-07-15 11:47:46,326 [INFO] - Episode: 47/100, Reward: -15191.00, Avg AoI: 15.19, Steps: 1000
2025-07-15 11:47:50,942 [INFO] - Episode: 48/100, Reward: -15268.00, Avg AoI: 15.27, Steps: 1000
2025-07-15 11:47:55,576 [INFO] - Episode: 49/100, Reward: -16147.14, Avg AoI: 16.15, Steps: 1000
2025-07-15 11:48:00,157 [INFO] - Episode: 50/100, Reward: -15120.29, Avg AoI: 15.12, Steps: 1000
2025-07-15 11:48:04,767 [INFO] - Episode: 51/100, Reward: -15714.00, Avg AoI: 15.71, Steps: 1000
2025-07-15 11:48:09,326 [INFO] - Episode: 52/100, Reward: -15579.86, Avg AoI: 15.58, Steps: 1000
2025-07-15 11:48:13,924 [INFO] - Episode: 53/100, Reward: -15092.00, Avg AoI: 15.09, Steps: 1000
2025-07-15 11:48:18,588 [INFO] - Episode: 54/100, Reward: -15169.14, Avg AoI: 15.17, Steps: 1000
2025-07-15 11:48:23,203 [INFO] - Episode: 55/100, Reward: -15187.29, Avg AoI: 15.19, Steps: 1000
2025-07-15 11:48:27,718 [INFO] - Episode: 56/100, Reward: -15470.14, Avg AoI: 15.47, Steps: 1000
2025-07-15 11:48:32,211 [INFO] - Episode: 57/100, Reward: -15306.57, Avg AoI: 15.31, Steps: 1000
2025-07-15 11:48:36,616 [INFO] - Episode: 58/100, Reward: -16027.43, Avg AoI: 16.03, Steps: 1000
2025-07-15 11:48:41,010 [INFO] - Episode: 59/100, Reward: -15834.14, Avg AoI: 15.83, Steps: 1000
2025-07-15 11:48:45,434 [INFO] - Episode: 60/100, Reward: -15013.29, Avg AoI: 15.01, Steps: 1000
2025-07-15 11:48:49,883 [INFO] - Episode: 61/100, Reward: -15932.14, Avg AoI: 15.93, Steps: 1000
2025-07-15 11:48:54,305 [INFO] - Episode: 62/100, Reward: -15986.43, Avg AoI: 15.99, Steps: 1000
2025-07-15 11:48:58,751 [INFO] - Episode: 63/100, Reward: -14980.57, Avg AoI: 14.98, Steps: 1000
2025-07-15 11:49:03,187 [INFO] - Episode: 64/100, Reward: -15204.71, Avg AoI: 15.20, Steps: 1000
2025-07-15 11:49:07,644 [INFO] - Episode: 65/100, Reward: -15379.86, Avg AoI: 15.38, Steps: 1000
2025-07-15 11:49:12,381 [INFO] - Episode: 66/100, Reward: -14676.29, Avg AoI: 14.68, Steps: 1000
2025-07-15 11:49:16,851 [INFO] - Episode: 67/100, Reward: -14748.14, Avg AoI: 14.75, Steps: 1000
2025-07-15 11:49:21,229 [INFO] - Episode: 68/100, Reward: -14898.43, Avg AoI: 14.90, Steps: 1000
2025-07-15 11:49:25,639 [INFO] - Episode: 69/100, Reward: -14447.00, Avg AoI: 14.45, Steps: 1000
2025-07-15 11:49:29,954 [INFO] - Episode: 70/100, Reward: -14718.57, Avg AoI: 14.72, Steps: 1000
2025-07-15 11:49:34,387 [INFO] - Episode: 71/100, Reward: -14663.14, Avg AoI: 14.66, Steps: 1000
2025-07-15 11:49:38,814 [INFO] - Episode: 72/100, Reward: -14764.29, Avg AoI: 14.76, Steps: 1000
2025-07-15 11:49:43,448 [INFO] - Episode: 73/100, Reward: -14903.00, Avg AoI: 14.90, Steps: 1000
2025-07-15 11:49:48,069 [INFO] - Episode: 74/100, Reward: -14810.86, Avg AoI: 14.81, Steps: 1000
2025-07-15 11:49:52,745 [INFO] - Episode: 75/100, Reward: -15031.57, Avg AoI: 15.03, Steps: 1000
2025-07-15 11:49:57,340 [INFO] - Episode: 76/100, Reward: -14883.00, Avg AoI: 14.88, Steps: 1000
2025-07-15 11:50:01,922 [INFO] - Episode: 77/100, Reward: -15001.86, Avg AoI: 15.00, Steps: 1000
2025-07-15 11:50:06,455 [INFO] - Episode: 78/100, Reward: -15290.71, Avg AoI: 15.29, Steps: 1000
2025-07-15 11:50:11,451 [INFO] - Episode: 79/100, Reward: -15127.43, Avg AoI: 15.13, Steps: 1000
2025-07-15 11:50:16,826 [INFO] - Episode: 80/100, Reward: -14825.29, Avg AoI: 14.83, Steps: 1000
2025-07-15 11:50:22,041 [INFO] - Episode: 81/100, Reward: -15068.57, Avg AoI: 15.07, Steps: 1000
2025-07-15 11:50:29,927 [INFO] - Episode: 82/100, Reward: -14776.00, Avg AoI: 14.78, Steps: 1000
2025-07-15 11:50:43,775 [INFO] - Episode: 83/100, Reward: -15238.86, Avg AoI: 15.24, Steps: 1000
2025-07-15 11:50:56,196 [INFO] - Episode: 84/100, Reward: -14881.71, Avg AoI: 14.88, Steps: 1000
2025-07-15 11:51:04,581 [INFO] - Episode: 85/100, Reward: -15040.43, Avg AoI: 15.04, Steps: 1000
2025-07-15 11:51:14,143 [INFO] - Episode: 86/100, Reward: -14850.29, Avg AoI: 14.85, Steps: 1000
2025-07-15 11:51:21,189 [INFO] - Episode: 87/100, Reward: -15310.00, Avg AoI: 15.31, Steps: 1000
2025-07-15 11:51:28,902 [INFO] - Episode: 88/100, Reward: -14524.71, Avg AoI: 14.52, Steps: 1000
2025-07-15 11:51:39,439 [INFO] - Episode: 89/100, Reward: -14719.57, Avg AoI: 14.72, Steps: 1000
2025-07-15 11:51:47,182 [INFO] - Episode: 90/100, Reward: -15170.86, Avg AoI: 15.17, Steps: 1000
2025-07-15 11:51:53,204 [INFO] - Episode: 91/100, Reward: -14743.86, Avg AoI: 14.74, Steps: 1000
2025-07-15 11:51:59,491 [INFO] - Episode: 92/100, Reward: -14900.71, Avg AoI: 14.90, Steps: 1000
2025-07-15 11:52:06,678 [INFO] - Episode: 93/100, Reward: -14894.29, Avg AoI: 14.89, Steps: 1000
2025-07-15 11:52:13,332 [INFO] - Episode: 94/100, Reward: -15028.14, Avg AoI: 15.03, Steps: 1000
2025-07-15 11:52:19,974 [INFO] - Episode: 95/100, Reward: -15020.29, Avg AoI: 15.02, Steps: 1000
2025-07-15 11:52:26,591 [INFO] - Episode: 96/100, Reward: -14930.00, Avg AoI: 14.93, Steps: 1000
2025-07-15 11:52:33,031 [INFO] - Episode: 97/100, Reward: -14980.14, Avg AoI: 14.98, Steps: 1000
2025-07-15 11:52:39,581 [INFO] - Episode: 98/100, Reward: -15051.29, Avg AoI: 15.05, Steps: 1000
2025-07-15 11:52:46,017 [INFO] - Episode: 99/100, Reward: -14772.29, Avg AoI: 14.77, Steps: 1000
2025-07-15 11:52:52,336 [INFO] - Episode: 100/100, Reward: -15022.43, Avg AoI: 15.02, Steps: 1000
2025-07-15 11:52:52,337 [INFO] - Training finished.
