2025-07-16 15:07:53,312 [INFO] - Logger initialized.
2025-07-16 15:07:53,312 [INFO] - --- Training Configuration ---
2025-07-16 15:07:53,313 [INFO] - n_users: 21
2025-07-16 15:07:53,313 [INFO] - n_servers: 9
2025-07-16 15:07:53,313 [INFO] - batch_proc_time: {'base': 3, 'per_task': 2}
2025-07-16 15:07:53,313 [INFO] - max_batch_size: 3
2025-07-16 15:07:53,313 [INFO] - num_episodes: 1000
2025-07-16 15:07:53,313 [INFO] - episode_length: 1000
2025-07-16 15:07:53,315 [INFO] - actor_lr: 1e-05
2025-07-16 15:07:53,315 [INFO] - critic_lr: 1e-05
2025-07-16 15:07:53,315 [INFO] - gamma: 0.99
2025-07-16 15:07:53,315 [INFO] - gae_lambda: 0.95
2025-07-16 15:07:53,315 [INFO] - clip_ratio: 0.2
2025-07-16 15:07:53,316 [INFO] - update_epochs: 4
2025-07-16 15:07:53,318 [INFO] - mini_batch_size: 128
2025-07-16 15:07:53,318 [INFO] - entropy_coeff: 0.01
2025-07-16 15:07:53,318 [INFO] - max_grad_norm: 1.0
2025-07-16 15:07:53,318 [INFO] - use_global: False
2025-07-16 15:07:53,318 [INFO] - log_dir: logs/mappo_mf_21_9_Local_1e-05
2025-07-16 15:07:53,318 [INFO] - --------------------------
2025-07-16 15:07:54,321 [INFO] - MAPPO-MF Trainer Initialized.
2025-07-16 15:07:54,321 [INFO] - Device: cpu
2025-07-16 15:07:54,322 [INFO] - User Obs Dim: 2, Server Obs Dim: 3
2025-07-16 15:07:54,322 [INFO] - Mean-field Dim: 21
2025-07-16 15:07:54,322 [INFO] - Use Global Critic: False
2025-07-16 15:08:11,648 [INFO] - Episode: 1/1000, Reward: -16965.00, Avg AoI: 16.97, Completed Tasks: 1733
2025-07-16 15:08:30,606 [INFO] - Episode: 2/1000, Reward: -17430.71, Avg AoI: 17.43, Completed Tasks: 1711
2025-07-16 15:08:55,215 [INFO] - Episode: 3/1000, Reward: -18221.71, Avg AoI: 18.22, Completed Tasks: 1664
2025-07-16 15:09:19,620 [INFO] - Episode: 4/1000, Reward: -17844.14, Avg AoI: 17.84, Completed Tasks: 1687
2025-07-16 15:09:42,893 [INFO] - Episode: 5/1000, Reward: -18219.52, Avg AoI: 18.22, Completed Tasks: 1671
2025-07-16 15:10:06,469 [INFO] - Episode: 6/1000, Reward: -18126.48, Avg AoI: 18.13, Completed Tasks: 1672
2025-07-16 15:10:30,483 [INFO] - Episode: 7/1000, Reward: -17879.52, Avg AoI: 17.88, Completed Tasks: 1679
2025-07-16 15:10:55,801 [INFO] - Episode: 8/1000, Reward: -18044.38, Avg AoI: 18.04, Completed Tasks: 1668
2025-07-16 15:11:19,937 [INFO] - Episode: 9/1000, Reward: -17937.33, Avg AoI: 17.94, Completed Tasks: 1671
2025-07-16 15:11:38,214 [INFO] - Episode: 10/1000, Reward: -17936.38, Avg AoI: 17.94, Completed Tasks: 1669
2025-07-16 15:11:55,377 [INFO] - Episode: 11/1000, Reward: -18178.29, Avg AoI: 18.18, Completed Tasks: 1675
2025-07-16 15:12:12,458 [INFO] - Episode: 12/1000, Reward: -18098.43, Avg AoI: 18.10, Completed Tasks: 1662
2025-07-16 15:12:29,708 [INFO] - Episode: 13/1000, Reward: -18378.86, Avg AoI: 18.38, Completed Tasks: 1650
2025-07-16 15:12:47,609 [INFO] - Episode: 14/1000, Reward: -18258.67, Avg AoI: 18.26, Completed Tasks: 1659
2025-07-16 15:13:06,075 [INFO] - Episode: 15/1000, Reward: -18341.00, Avg AoI: 18.34, Completed Tasks: 1651
2025-07-16 15:13:23,834 [INFO] - Episode: 16/1000, Reward: -18833.62, Avg AoI: 18.83, Completed Tasks: 1611
2025-07-16 15:13:44,952 [INFO] - Episode: 17/1000, Reward: -18690.43, Avg AoI: 18.69, Completed Tasks: 1628
2025-07-16 15:14:08,448 [INFO] - Episode: 18/1000, Reward: -18853.29, Avg AoI: 18.85, Completed Tasks: 1606
2025-07-16 15:14:32,389 [INFO] - Episode: 19/1000, Reward: -18189.71, Avg AoI: 18.19, Completed Tasks: 1663
2025-07-16 15:14:57,272 [INFO] - Episode: 20/1000, Reward: -19041.57, Avg AoI: 19.04, Completed Tasks: 1612
2025-07-16 15:15:22,278 [INFO] - Episode: 21/1000, Reward: -18290.48, Avg AoI: 18.29, Completed Tasks: 1643
2025-07-16 15:15:45,797 [INFO] - Episode: 22/1000, Reward: -18884.24, Avg AoI: 18.88, Completed Tasks: 1615
2025-07-16 15:16:09,112 [INFO] - Episode: 23/1000, Reward: -18468.57, Avg AoI: 18.47, Completed Tasks: 1633
2025-07-16 15:16:32,344 [INFO] - Episode: 24/1000, Reward: -19105.19, Avg AoI: 19.11, Completed Tasks: 1605
2025-07-16 15:16:57,362 [INFO] - Episode: 25/1000, Reward: -18995.38, Avg AoI: 19.00, Completed Tasks: 1609
2025-07-16 15:17:22,489 [INFO] - Episode: 26/1000, Reward: -18353.57, Avg AoI: 18.35, Completed Tasks: 1653
2025-07-16 15:17:45,774 [INFO] - Episode: 27/1000, Reward: -18899.38, Avg AoI: 18.90, Completed Tasks: 1607
2025-07-16 15:18:06,632 [INFO] - Episode: 28/1000, Reward: -18868.81, Avg AoI: 18.87, Completed Tasks: 1607
2025-07-16 15:18:27,369 [INFO] - Episode: 29/1000, Reward: -19855.33, Avg AoI: 19.86, Completed Tasks: 1553
2025-07-16 15:18:51,657 [INFO] - Episode: 30/1000, Reward: -19963.57, Avg AoI: 19.96, Completed Tasks: 1559
2025-07-16 15:19:16,244 [INFO] - Episode: 31/1000, Reward: -19198.10, Avg AoI: 19.20, Completed Tasks: 1589
2025-07-16 15:19:40,138 [INFO] - Episode: 32/1000, Reward: -19447.00, Avg AoI: 19.45, Completed Tasks: 1573
2025-07-16 15:20:03,492 [INFO] - Episode: 33/1000, Reward: -20658.62, Avg AoI: 20.66, Completed Tasks: 1527
2025-07-16 15:20:26,397 [INFO] - Episode: 34/1000, Reward: -19656.52, Avg AoI: 19.66, Completed Tasks: 1552
2025-07-16 15:20:50,418 [INFO] - Episode: 35/1000, Reward: -19635.43, Avg AoI: 19.64, Completed Tasks: 1571
2025-07-16 15:21:15,207 [INFO] - Episode: 36/1000, Reward: -20283.81, Avg AoI: 20.28, Completed Tasks: 1525
2025-07-16 15:21:38,964 [INFO] - Episode: 37/1000, Reward: -19087.43, Avg AoI: 19.09, Completed Tasks: 1593
2025-07-16 15:22:01,813 [INFO] - Episode: 38/1000, Reward: -19455.90, Avg AoI: 19.46, Completed Tasks: 1565
2025-07-16 15:22:25,503 [INFO] - Episode: 39/1000, Reward: -20541.10, Avg AoI: 20.54, Completed Tasks: 1523
2025-07-16 15:22:49,540 [INFO] - Episode: 40/1000, Reward: -19577.38, Avg AoI: 19.58, Completed Tasks: 1563
2025-07-16 15:23:14,520 [INFO] - Episode: 41/1000, Reward: -20636.76, Avg AoI: 20.64, Completed Tasks: 1502
2025-07-16 15:23:38,751 [INFO] - Episode: 42/1000, Reward: -20260.76, Avg AoI: 20.26, Completed Tasks: 1528
2025-07-16 15:24:02,071 [INFO] - Episode: 43/1000, Reward: -20423.62, Avg AoI: 20.42, Completed Tasks: 1514
2025-07-16 15:24:25,336 [INFO] - Episode: 44/1000, Reward: -20072.86, Avg AoI: 20.07, Completed Tasks: 1537
2025-07-16 15:24:47,878 [INFO] - Episode: 45/1000, Reward: -19880.24, Avg AoI: 19.88, Completed Tasks: 1541
2025-07-16 15:25:12,889 [INFO] - Episode: 46/1000, Reward: -20262.76, Avg AoI: 20.26, Completed Tasks: 1520
2025-07-16 15:25:37,702 [INFO] - Episode: 47/1000, Reward: -21258.67, Avg AoI: 21.26, Completed Tasks: 1474
2025-07-16 15:26:00,969 [INFO] - Episode: 48/1000, Reward: -20156.62, Avg AoI: 20.16, Completed Tasks: 1522
2025-07-16 15:26:24,136 [INFO] - Episode: 49/1000, Reward: -19903.33, Avg AoI: 19.90, Completed Tasks: 1531
2025-07-16 15:26:47,721 [INFO] - Episode: 50/1000, Reward: -20820.86, Avg AoI: 20.82, Completed Tasks: 1491
2025-07-16 15:27:12,687 [INFO] - Episode: 51/1000, Reward: -19945.05, Avg AoI: 19.95, Completed Tasks: 1523
2025-07-16 15:27:37,813 [INFO] - Episode: 52/1000, Reward: -20255.57, Avg AoI: 20.26, Completed Tasks: 1518
2025-07-16 15:28:01,416 [INFO] - Episode: 53/1000, Reward: -19780.62, Avg AoI: 19.78, Completed Tasks: 1540
2025-07-16 15:28:24,375 [INFO] - Episode: 54/1000, Reward: -21844.81, Avg AoI: 21.84, Completed Tasks: 1461
2025-07-16 15:28:47,429 [INFO] - Episode: 55/1000, Reward: -21044.29, Avg AoI: 21.04, Completed Tasks: 1479
2025-07-16 15:29:12,303 [INFO] - Episode: 56/1000, Reward: -20109.57, Avg AoI: 20.11, Completed Tasks: 1513
2025-07-16 15:29:37,015 [INFO] - Episode: 57/1000, Reward: -19810.86, Avg AoI: 19.81, Completed Tasks: 1531
2025-07-16 15:30:00,746 [INFO] - Episode: 58/1000, Reward: -20556.76, Avg AoI: 20.56, Completed Tasks: 1490
2025-07-16 15:30:24,429 [INFO] - Episode: 59/1000, Reward: -19942.52, Avg AoI: 19.94, Completed Tasks: 1526
2025-07-16 15:30:47,580 [INFO] - Episode: 60/1000, Reward: -19961.33, Avg AoI: 19.96, Completed Tasks: 1529
2025-07-16 15:31:12,203 [INFO] - Episode: 61/1000, Reward: -20049.71, Avg AoI: 20.05, Completed Tasks: 1505
2025-07-16 15:31:36,933 [INFO] - Episode: 62/1000, Reward: -20730.81, Avg AoI: 20.73, Completed Tasks: 1496
2025-07-16 15:32:00,217 [INFO] - Episode: 63/1000, Reward: -21175.67, Avg AoI: 21.18, Completed Tasks: 1452
2025-07-16 15:32:22,850 [INFO] - Episode: 64/1000, Reward: -20105.71, Avg AoI: 20.11, Completed Tasks: 1513
2025-07-16 15:32:46,264 [INFO] - Episode: 65/1000, Reward: -20862.19, Avg AoI: 20.86, Completed Tasks: 1492
2025-07-16 15:33:11,196 [INFO] - Episode: 66/1000, Reward: -20564.14, Avg AoI: 20.56, Completed Tasks: 1492
2025-07-16 15:33:36,080 [INFO] - Episode: 67/1000, Reward: -20965.90, Avg AoI: 20.97, Completed Tasks: 1475
2025-07-16 15:33:59,300 [INFO] - Episode: 68/1000, Reward: -20935.62, Avg AoI: 20.94, Completed Tasks: 1480
2025-07-16 15:34:22,301 [INFO] - Episode: 69/1000, Reward: -20274.29, Avg AoI: 20.27, Completed Tasks: 1498
2025-07-16 15:34:45,838 [INFO] - Episode: 70/1000, Reward: -19819.48, Avg AoI: 19.82, Completed Tasks: 1525
2025-07-16 15:35:11,280 [INFO] - Episode: 71/1000, Reward: -20929.86, Avg AoI: 20.93, Completed Tasks: 1465
2025-07-16 15:35:36,814 [INFO] - Episode: 72/1000, Reward: -20427.43, Avg AoI: 20.43, Completed Tasks: 1482
2025-07-16 15:35:59,908 [INFO] - Episode: 73/1000, Reward: -20001.29, Avg AoI: 20.00, Completed Tasks: 1525
2025-07-16 15:36:22,985 [INFO] - Episode: 74/1000, Reward: -22439.57, Avg AoI: 22.44, Completed Tasks: 1414
2025-07-16 15:36:45,960 [INFO] - Episode: 75/1000, Reward: -20146.95, Avg AoI: 20.15, Completed Tasks: 1507
2025-07-16 15:37:10,782 [INFO] - Episode: 76/1000, Reward: -20521.67, Avg AoI: 20.52, Completed Tasks: 1500
2025-07-16 15:37:35,121 [INFO] - Episode: 77/1000, Reward: -20000.48, Avg AoI: 20.00, Completed Tasks: 1510
2025-07-16 15:37:58,683 [INFO] - Episode: 78/1000, Reward: -19587.24, Avg AoI: 19.59, Completed Tasks: 1543
2025-07-16 15:38:22,501 [INFO] - Episode: 79/1000, Reward: -20057.10, Avg AoI: 20.06, Completed Tasks: 1517
2025-07-16 15:38:45,880 [INFO] - Episode: 80/1000, Reward: -20418.86, Avg AoI: 20.42, Completed Tasks: 1482
2025-07-16 15:39:10,770 [INFO] - Episode: 81/1000, Reward: -20328.48, Avg AoI: 20.33, Completed Tasks: 1486
2025-07-16 15:39:35,972 [INFO] - Episode: 82/1000, Reward: -19625.71, Avg AoI: 19.63, Completed Tasks: 1543
2025-07-16 15:39:57,097 [INFO] - Episode: 83/1000, Reward: -20143.14, Avg AoI: 20.14, Completed Tasks: 1517
2025-07-16 15:40:19,920 [INFO] - Episode: 84/1000, Reward: -20191.90, Avg AoI: 20.19, Completed Tasks: 1505
2025-07-16 15:40:43,053 [INFO] - Episode: 85/1000, Reward: -20457.24, Avg AoI: 20.46, Completed Tasks: 1500
2025-07-16 15:41:07,399 [INFO] - Episode: 86/1000, Reward: -20883.71, Avg AoI: 20.88, Completed Tasks: 1488
2025-07-16 15:41:32,409 [INFO] - Episode: 87/1000, Reward: -19737.90, Avg AoI: 19.74, Completed Tasks: 1528
2025-07-16 15:41:56,596 [INFO] - Episode: 88/1000, Reward: -20233.90, Avg AoI: 20.23, Completed Tasks: 1510
2025-07-16 15:42:20,488 [INFO] - Episode: 89/1000, Reward: -20372.71, Avg AoI: 20.37, Completed Tasks: 1496
2025-07-16 15:42:40,797 [INFO] - Episode: 90/1000, Reward: -19628.00, Avg AoI: 19.63, Completed Tasks: 1547
2025-07-16 15:42:58,874 [INFO] - Episode: 91/1000, Reward: -19699.86, Avg AoI: 19.70, Completed Tasks: 1540
2025-07-16 15:43:16,576 [INFO] - Episode: 92/1000, Reward: -20414.00, Avg AoI: 20.41, Completed Tasks: 1512
2025-07-16 15:43:35,228 [INFO] - Episode: 93/1000, Reward: -19603.10, Avg AoI: 19.60, Completed Tasks: 1553
2025-07-16 15:44:08,205 [INFO] - Episode: 94/1000, Reward: -19426.19, Avg AoI: 19.43, Completed Tasks: 1560
2025-07-16 15:44:32,089 [INFO] - Episode: 95/1000, Reward: -20233.05, Avg AoI: 20.23, Completed Tasks: 1527
2025-07-16 15:44:56,237 [INFO] - Episode: 96/1000, Reward: -19515.52, Avg AoI: 19.52, Completed Tasks: 1559
2025-07-16 15:45:21,585 [INFO] - Episode: 97/1000, Reward: -19712.57, Avg AoI: 19.71, Completed Tasks: 1556
2025-07-16 15:45:46,852 [INFO] - Episode: 98/1000, Reward: -19873.48, Avg AoI: 19.87, Completed Tasks: 1536
2025-07-16 15:46:08,403 [INFO] - Episode: 99/1000, Reward: -19943.43, Avg AoI: 19.94, Completed Tasks: 1551
2025-07-16 15:46:29,621 [INFO] - Episode: 100/1000, Reward: -19573.48, Avg AoI: 19.57, Completed Tasks: 1549
2025-07-16 15:46:52,194 [INFO] - Episode: 101/1000, Reward: -18891.14, Avg AoI: 18.89, Completed Tasks: 1600
2025-07-16 15:47:15,109 [INFO] - Episode: 102/1000, Reward: -19762.52, Avg AoI: 19.76, Completed Tasks: 1544
2025-07-16 15:47:40,206 [INFO] - Episode: 103/1000, Reward: -19747.33, Avg AoI: 19.75, Completed Tasks: 1547
2025-07-16 15:48:04,204 [INFO] - Episode: 104/1000, Reward: -19581.81, Avg AoI: 19.58, Completed Tasks: 1558
2025-07-16 15:48:27,332 [INFO] - Episode: 105/1000, Reward: -19871.76, Avg AoI: 19.87, Completed Tasks: 1527
2025-07-16 15:48:48,326 [INFO] - Episode: 106/1000, Reward: -19504.33, Avg AoI: 19.50, Completed Tasks: 1562
2025-07-16 15:49:05,466 [INFO] - Episode: 107/1000, Reward: -19113.95, Avg AoI: 19.11, Completed Tasks: 1588
2025-07-16 15:49:24,898 [INFO] - Episode: 108/1000, Reward: -19453.71, Avg AoI: 19.45, Completed Tasks: 1566
2025-07-16 15:49:42,925 [INFO] - Episode: 109/1000, Reward: -18758.62, Avg AoI: 18.76, Completed Tasks: 1603
2025-07-16 15:49:59,747 [INFO] - Episode: 110/1000, Reward: -19582.10, Avg AoI: 19.58, Completed Tasks: 1564
2025-07-16 15:50:20,180 [INFO] - Episode: 111/1000, Reward: -18534.48, Avg AoI: 18.53, Completed Tasks: 1644
2025-07-16 15:50:45,040 [INFO] - Episode: 112/1000, Reward: -19285.00, Avg AoI: 19.29, Completed Tasks: 1580
2025-07-16 15:51:08,643 [INFO] - Episode: 113/1000, Reward: -19425.38, Avg AoI: 19.43, Completed Tasks: 1569
2025-07-16 15:51:34,082 [INFO] - Episode: 114/1000, Reward: -19422.81, Avg AoI: 19.42, Completed Tasks: 1568
2025-07-16 15:52:01,193 [INFO] - Episode: 115/1000, Reward: -19005.67, Avg AoI: 19.01, Completed Tasks: 1608
2025-07-16 15:52:25,490 [INFO] - Episode: 116/1000, Reward: -18625.90, Avg AoI: 18.63, Completed Tasks: 1629
2025-07-16 15:52:47,887 [INFO] - Episode: 117/1000, Reward: -19432.62, Avg AoI: 19.43, Completed Tasks: 1577
2025-07-16 15:53:09,911 [INFO] - Episode: 118/1000, Reward: -18722.67, Avg AoI: 18.72, Completed Tasks: 1625
2025-07-16 15:53:33,555 [INFO] - Episode: 119/1000, Reward: -19155.33, Avg AoI: 19.16, Completed Tasks: 1596
2025-07-16 15:53:58,003 [INFO] - Episode: 120/1000, Reward: -19078.95, Avg AoI: 19.08, Completed Tasks: 1594
2025-07-16 15:54:21,634 [INFO] - Episode: 121/1000, Reward: -18397.38, Avg AoI: 18.40, Completed Tasks: 1645
2025-07-16 15:54:44,500 [INFO] - Episode: 122/1000, Reward: -18859.62, Avg AoI: 18.86, Completed Tasks: 1608
2025-07-16 15:55:07,155 [INFO] - Episode: 123/1000, Reward: -18340.76, Avg AoI: 18.34, Completed Tasks: 1654
2025-07-16 15:55:30,680 [INFO] - Episode: 124/1000, Reward: -18572.05, Avg AoI: 18.57, Completed Tasks: 1631
2025-07-16 15:55:54,887 [INFO] - Episode: 125/1000, Reward: -19083.76, Avg AoI: 19.08, Completed Tasks: 1603
2025-07-16 15:56:18,934 [INFO] - Episode: 126/1000, Reward: -18292.29, Avg AoI: 18.29, Completed Tasks: 1652
2025-07-16 15:56:41,510 [INFO] - Episode: 127/1000, Reward: -18666.95, Avg AoI: 18.67, Completed Tasks: 1633
2025-07-16 15:57:04,290 [INFO] - Episode: 128/1000, Reward: -18384.48, Avg AoI: 18.38, Completed Tasks: 1650
2025-07-16 15:57:27,056 [INFO] - Episode: 129/1000, Reward: -18457.81, Avg AoI: 18.46, Completed Tasks: 1651
2025-07-16 15:57:52,453 [INFO] - Episode: 130/1000, Reward: -18922.19, Avg AoI: 18.92, Completed Tasks: 1625
2025-07-16 15:58:16,797 [INFO] - Episode: 131/1000, Reward: -19154.14, Avg AoI: 19.15, Completed Tasks: 1596
2025-07-16 15:58:39,132 [INFO] - Episode: 132/1000, Reward: -18547.52, Avg AoI: 18.55, Completed Tasks: 1635
2025-07-16 15:59:01,898 [INFO] - Episode: 133/1000, Reward: -18794.29, Avg AoI: 18.79, Completed Tasks: 1630
2025-07-16 15:59:25,011 [INFO] - Episode: 134/1000, Reward: -18528.38, Avg AoI: 18.53, Completed Tasks: 1637
2025-07-16 15:59:50,255 [INFO] - Episode: 135/1000, Reward: -18576.76, Avg AoI: 18.58, Completed Tasks: 1651
2025-07-16 16:00:14,654 [INFO] - Episode: 136/1000, Reward: -18606.33, Avg AoI: 18.61, Completed Tasks: 1648
2025-07-16 16:00:37,123 [INFO] - Episode: 137/1000, Reward: -18190.52, Avg AoI: 18.19, Completed Tasks: 1666
2025-07-16 16:00:59,353 [INFO] - Episode: 138/1000, Reward: -19005.00, Avg AoI: 19.01, Completed Tasks: 1616
2025-07-16 16:01:22,373 [INFO] - Episode: 139/1000, Reward: -18000.76, Avg AoI: 18.00, Completed Tasks: 1678
2025-07-16 16:01:46,740 [INFO] - Episode: 140/1000, Reward: -18067.38, Avg AoI: 18.07, Completed Tasks: 1681
2025-07-16 16:02:11,426 [INFO] - Episode: 141/1000, Reward: -18146.38, Avg AoI: 18.15, Completed Tasks: 1676
2025-07-16 16:02:34,525 [INFO] - Episode: 142/1000, Reward: -18456.33, Avg AoI: 18.46, Completed Tasks: 1651
2025-07-16 16:02:57,093 [INFO] - Episode: 143/1000, Reward: -19037.33, Avg AoI: 19.04, Completed Tasks: 1620
2025-07-16 16:03:19,532 [INFO] - Episode: 144/1000, Reward: -18048.90, Avg AoI: 18.05, Completed Tasks: 1683
2025-07-16 16:03:43,300 [INFO] - Episode: 145/1000, Reward: -18082.19, Avg AoI: 18.08, Completed Tasks: 1682
2025-07-16 16:04:07,660 [INFO] - Episode: 146/1000, Reward: -18222.19, Avg AoI: 18.22, Completed Tasks: 1669
2025-07-16 16:04:31,633 [INFO] - Episode: 147/1000, Reward: -17793.95, Avg AoI: 17.79, Completed Tasks: 1708
2025-07-16 16:04:55,595 [INFO] - Episode: 148/1000, Reward: -18103.19, Avg AoI: 18.10, Completed Tasks: 1689
2025-07-16 16:05:12,641 [INFO] - Episode: 149/1000, Reward: -18046.43, Avg AoI: 18.05, Completed Tasks: 1681
2025-07-16 16:05:28,897 [INFO] - Episode: 150/1000, Reward: -17972.67, Avg AoI: 17.97, Completed Tasks: 1694
2025-07-16 16:05:45,817 [INFO] - Episode: 151/1000, Reward: -17949.48, Avg AoI: 17.95, Completed Tasks: 1694
2025-07-16 16:06:02,546 [INFO] - Episode: 152/1000, Reward: -18235.57, Avg AoI: 18.24, Completed Tasks: 1685
2025-07-16 16:06:19,131 [INFO] - Episode: 153/1000, Reward: -17977.67, Avg AoI: 17.98, Completed Tasks: 1693
2025-07-16 16:06:35,222 [INFO] - Episode: 154/1000, Reward: -17876.33, Avg AoI: 17.88, Completed Tasks: 1711
2025-07-16 16:06:51,444 [INFO] - Episode: 155/1000, Reward: -17781.71, Avg AoI: 17.78, Completed Tasks: 1710
2025-07-16 16:07:07,709 [INFO] - Episode: 156/1000, Reward: -17954.19, Avg AoI: 17.95, Completed Tasks: 1695
2025-07-16 16:07:23,867 [INFO] - Episode: 157/1000, Reward: -18429.33, Avg AoI: 18.43, Completed Tasks: 1670
2025-07-16 16:07:40,408 [INFO] - Episode: 158/1000, Reward: -17718.33, Avg AoI: 17.72, Completed Tasks: 1715
2025-07-16 16:07:57,232 [INFO] - Episode: 159/1000, Reward: -18153.10, Avg AoI: 18.15, Completed Tasks: 1691
2025-07-16 16:08:13,715 [INFO] - Episode: 160/1000, Reward: -17816.19, Avg AoI: 17.82, Completed Tasks: 1713
2025-07-16 16:08:29,928 [INFO] - Episode: 161/1000, Reward: -17770.00, Avg AoI: 17.77, Completed Tasks: 1718
2025-07-16 16:08:46,338 [INFO] - Episode: 162/1000, Reward: -17624.90, Avg AoI: 17.62, Completed Tasks: 1727
2025-07-16 16:09:04,297 [INFO] - Episode: 163/1000, Reward: -18531.43, Avg AoI: 18.53, Completed Tasks: 1666
2025-07-16 16:09:23,929 [INFO] - Episode: 164/1000, Reward: -17499.90, Avg AoI: 17.50, Completed Tasks: 1738
2025-07-16 16:09:44,833 [INFO] - Episode: 165/1000, Reward: -18131.86, Avg AoI: 18.13, Completed Tasks: 1710
2025-07-16 16:10:07,155 [INFO] - Episode: 166/1000, Reward: -17770.57, Avg AoI: 17.77, Completed Tasks: 1733
2025-07-16 16:10:26,769 [INFO] - Episode: 167/1000, Reward: -17908.52, Avg AoI: 17.91, Completed Tasks: 1727
2025-07-16 16:10:43,238 [INFO] - Episode: 168/1000, Reward: -17575.95, Avg AoI: 17.58, Completed Tasks: 1740
2025-07-16 16:11:00,361 [INFO] - Episode: 169/1000, Reward: -17683.81, Avg AoI: 17.68, Completed Tasks: 1733
2025-07-16 16:11:16,853 [INFO] - Episode: 170/1000, Reward: -17611.24, Avg AoI: 17.61, Completed Tasks: 1745
2025-07-16 16:11:40,546 [INFO] - Episode: 171/1000, Reward: -17778.86, Avg AoI: 17.78, Completed Tasks: 1738
2025-07-16 16:12:06,698 [INFO] - Episode: 172/1000, Reward: -17754.00, Avg AoI: 17.75, Completed Tasks: 1733
2025-07-16 16:12:32,038 [INFO] - Episode: 173/1000, Reward: -17466.57, Avg AoI: 17.47, Completed Tasks: 1744
2025-07-16 16:12:55,841 [INFO] - Episode: 174/1000, Reward: -17717.52, Avg AoI: 17.72, Completed Tasks: 1737
2025-07-16 16:13:20,679 [INFO] - Episode: 175/1000, Reward: -17434.71, Avg AoI: 17.43, Completed Tasks: 1749
2025-07-16 16:13:43,747 [INFO] - Episode: 176/1000, Reward: -17583.48, Avg AoI: 17.58, Completed Tasks: 1744
2025-07-16 16:14:10,342 [INFO] - Episode: 177/1000, Reward: -17350.19, Avg AoI: 17.35, Completed Tasks: 1762
2025-07-16 16:14:34,652 [INFO] - Episode: 178/1000, Reward: -17392.62, Avg AoI: 17.39, Completed Tasks: 1749
2025-07-16 16:14:57,681 [INFO] - Episode: 179/1000, Reward: -17093.90, Avg AoI: 17.09, Completed Tasks: 1786
2025-07-16 16:15:20,178 [INFO] - Episode: 180/1000, Reward: -17769.24, Avg AoI: 17.77, Completed Tasks: 1736
2025-07-16 16:15:42,619 [INFO] - Episode: 181/1000, Reward: -17693.86, Avg AoI: 17.69, Completed Tasks: 1736
2025-07-16 16:16:06,959 [INFO] - Episode: 182/1000, Reward: -18035.29, Avg AoI: 18.04, Completed Tasks: 1709
2025-07-16 16:16:31,388 [INFO] - Episode: 183/1000, Reward: -17474.05, Avg AoI: 17.47, Completed Tasks: 1760
2025-07-16 16:16:54,488 [INFO] - Episode: 184/1000, Reward: -17635.48, Avg AoI: 17.64, Completed Tasks: 1740
2025-07-16 16:17:16,985 [INFO] - Episode: 185/1000, Reward: -17630.62, Avg AoI: 17.63, Completed Tasks: 1749
2025-07-16 16:17:39,681 [INFO] - Episode: 186/1000, Reward: -17337.76, Avg AoI: 17.34, Completed Tasks: 1760
2025-07-16 16:18:04,001 [INFO] - Episode: 187/1000, Reward: -17482.38, Avg AoI: 17.48, Completed Tasks: 1762
2025-07-16 16:18:28,342 [INFO] - Episode: 188/1000, Reward: -17292.38, Avg AoI: 17.29, Completed Tasks: 1782
2025-07-16 16:18:50,876 [INFO] - Episode: 189/1000, Reward: -17452.29, Avg AoI: 17.45, Completed Tasks: 1758
2025-07-16 16:19:13,355 [INFO] - Episode: 190/1000, Reward: -17064.48, Avg AoI: 17.06, Completed Tasks: 1798
2025-07-16 16:19:35,836 [INFO] - Episode: 191/1000, Reward: -17685.71, Avg AoI: 17.69, Completed Tasks: 1757
2025-07-16 16:19:59,146 [INFO] - Episode: 192/1000, Reward: -17152.24, Avg AoI: 17.15, Completed Tasks: 1792
2025-07-16 16:20:23,396 [INFO] - Episode: 193/1000, Reward: -17655.81, Avg AoI: 17.66, Completed Tasks: 1753
2025-07-16 16:20:46,290 [INFO] - Episode: 194/1000, Reward: -17545.76, Avg AoI: 17.55, Completed Tasks: 1761
2025-07-16 16:21:09,000 [INFO] - Episode: 195/1000, Reward: -17452.10, Avg AoI: 17.45, Completed Tasks: 1766
2025-07-16 16:21:31,510 [INFO] - Episode: 196/1000, Reward: -17445.14, Avg AoI: 17.45, Completed Tasks: 1773
2025-07-16 16:21:54,678 [INFO] - Episode: 197/1000, Reward: -17589.10, Avg AoI: 17.59, Completed Tasks: 1759
2025-07-16 16:22:20,659 [INFO] - Episode: 198/1000, Reward: -17405.24, Avg AoI: 17.41, Completed Tasks: 1773
2025-07-16 16:22:44,034 [INFO] - Episode: 199/1000, Reward: -17795.33, Avg AoI: 17.80, Completed Tasks: 1748
2025-07-16 16:23:05,998 [INFO] - Episode: 200/1000, Reward: -17360.57, Avg AoI: 17.36, Completed Tasks: 1777
2025-07-16 16:23:28,461 [INFO] - Episode: 201/1000, Reward: -17712.48, Avg AoI: 17.71, Completed Tasks: 1753
2025-07-16 16:23:50,982 [INFO] - Episode: 202/1000, Reward: -17233.81, Avg AoI: 17.23, Completed Tasks: 1780
2025-07-16 16:24:15,318 [INFO] - Episode: 203/1000, Reward: -17346.24, Avg AoI: 17.35, Completed Tasks: 1784
2025-07-16 16:24:39,105 [INFO] - Episode: 204/1000, Reward: -17470.38, Avg AoI: 17.47, Completed Tasks: 1773
2025-07-16 16:25:00,719 [INFO] - Episode: 205/1000, Reward: -17566.33, Avg AoI: 17.57, Completed Tasks: 1761
2025-07-16 16:25:23,065 [INFO] - Episode: 206/1000, Reward: -17266.90, Avg AoI: 17.27, Completed Tasks: 1791
2025-07-16 16:25:45,882 [INFO] - Episode: 207/1000, Reward: -17317.90, Avg AoI: 17.32, Completed Tasks: 1779
2025-07-16 16:26:10,886 [INFO] - Episode: 208/1000, Reward: -17444.76, Avg AoI: 17.44, Completed Tasks: 1779
2025-07-16 16:26:34,867 [INFO] - Episode: 209/1000, Reward: -17136.67, Avg AoI: 17.14, Completed Tasks: 1800
2025-07-16 16:26:57,611 [INFO] - Episode: 210/1000, Reward: -17383.48, Avg AoI: 17.38, Completed Tasks: 1781
2025-07-16 16:27:20,696 [INFO] - Episode: 211/1000, Reward: -17076.48, Avg AoI: 17.08, Completed Tasks: 1795
2025-07-16 16:27:48,771 [INFO] - Episode: 212/1000, Reward: -17407.43, Avg AoI: 17.41, Completed Tasks: 1777
2025-07-16 16:28:12,968 [INFO] - Episode: 213/1000, Reward: -17590.43, Avg AoI: 17.59, Completed Tasks: 1769
2025-07-16 16:28:36,849 [INFO] - Episode: 214/1000, Reward: -17141.33, Avg AoI: 17.14, Completed Tasks: 1801
2025-07-16 16:28:59,251 [INFO] - Episode: 215/1000, Reward: -17043.29, Avg AoI: 17.04, Completed Tasks: 1816
2025-07-16 16:29:21,249 [INFO] - Episode: 216/1000, Reward: -17789.81, Avg AoI: 17.79, Completed Tasks: 1756
2025-07-16 16:29:43,735 [INFO] - Episode: 217/1000, Reward: -17520.71, Avg AoI: 17.52, Completed Tasks: 1770
2025-07-16 16:30:08,365 [INFO] - Episode: 218/1000, Reward: -18046.81, Avg AoI: 18.05, Completed Tasks: 1735
2025-07-16 16:30:32,923 [INFO] - Episode: 219/1000, Reward: -17290.29, Avg AoI: 17.29, Completed Tasks: 1788
2025-07-16 16:30:55,785 [INFO] - Episode: 220/1000, Reward: -17223.05, Avg AoI: 17.22, Completed Tasks: 1803
2025-07-16 16:31:18,229 [INFO] - Episode: 221/1000, Reward: -17311.19, Avg AoI: 17.31, Completed Tasks: 1790
2025-07-16 16:31:40,973 [INFO] - Episode: 222/1000, Reward: -16895.71, Avg AoI: 16.90, Completed Tasks: 1835
2025-07-16 16:32:08,568 [INFO] - Episode: 223/1000, Reward: -16979.24, Avg AoI: 16.98, Completed Tasks: 1825
2025-07-16 16:32:35,369 [INFO] - Episode: 224/1000, Reward: -17388.43, Avg AoI: 17.39, Completed Tasks: 1795
2025-07-16 16:33:06,672 [INFO] - Episode: 225/1000, Reward: -16944.38, Avg AoI: 16.94, Completed Tasks: 1830
2025-07-16 16:33:35,192 [INFO] - Episode: 226/1000, Reward: -17499.05, Avg AoI: 17.50, Completed Tasks: 1781
2025-07-16 16:34:04,939 [INFO] - Episode: 227/1000, Reward: -17066.86, Avg AoI: 17.07, Completed Tasks: 1811
2025-07-16 16:34:36,338 [INFO] - Episode: 228/1000, Reward: -16934.48, Avg AoI: 16.93, Completed Tasks: 1828
2025-07-16 16:35:06,669 [INFO] - Episode: 229/1000, Reward: -17383.00, Avg AoI: 17.38, Completed Tasks: 1800
2025-07-16 16:35:36,449 [INFO] - Episode: 230/1000, Reward: -17348.38, Avg AoI: 17.35, Completed Tasks: 1793
2025-07-16 16:36:02,139 [INFO] - Episode: 231/1000, Reward: -17252.38, Avg AoI: 17.25, Completed Tasks: 1804
2025-07-16 16:36:25,956 [INFO] - Episode: 232/1000, Reward: -17064.76, Avg AoI: 17.06, Completed Tasks: 1819
2025-07-16 16:36:51,428 [INFO] - Episode: 233/1000, Reward: -17371.86, Avg AoI: 17.37, Completed Tasks: 1792
2025-07-16 16:37:15,964 [INFO] - Episode: 234/1000, Reward: -17318.00, Avg AoI: 17.32, Completed Tasks: 1798
2025-07-16 16:37:38,840 [INFO] - Episode: 235/1000, Reward: -17207.95, Avg AoI: 17.21, Completed Tasks: 1807
2025-07-16 16:38:02,205 [INFO] - Episode: 236/1000, Reward: -17071.81, Avg AoI: 17.07, Completed Tasks: 1822
2025-07-16 16:38:26,234 [INFO] - Episode: 237/1000, Reward: -17299.95, Avg AoI: 17.30, Completed Tasks: 1805
2025-07-16 16:38:51,825 [INFO] - Episode: 238/1000, Reward: -17039.05, Avg AoI: 17.04, Completed Tasks: 1824
2025-07-16 16:39:16,674 [INFO] - Episode: 239/1000, Reward: -17056.71, Avg AoI: 17.06, Completed Tasks: 1820
2025-07-16 16:39:40,007 [INFO] - Episode: 240/1000, Reward: -17444.14, Avg AoI: 17.44, Completed Tasks: 1796
2025-07-16 16:40:02,636 [INFO] - Episode: 241/1000, Reward: -17539.10, Avg AoI: 17.54, Completed Tasks: 1788
2025-07-16 16:40:26,823 [INFO] - Episode: 242/1000, Reward: -17414.24, Avg AoI: 17.41, Completed Tasks: 1790
2025-07-16 16:40:52,844 [INFO] - Episode: 243/1000, Reward: -17259.33, Avg AoI: 17.26, Completed Tasks: 1801
2025-07-16 16:41:17,518 [INFO] - Episode: 244/1000, Reward: -17626.62, Avg AoI: 17.63, Completed Tasks: 1799
2025-07-16 16:41:40,736 [INFO] - Episode: 245/1000, Reward: -17373.81, Avg AoI: 17.37, Completed Tasks: 1801
2025-07-16 16:42:03,507 [INFO] - Episode: 246/1000, Reward: -17258.86, Avg AoI: 17.26, Completed Tasks: 1807
2025-07-16 16:42:28,431 [INFO] - Episode: 247/1000, Reward: -17331.95, Avg AoI: 17.33, Completed Tasks: 1800
2025-07-16 16:42:54,053 [INFO] - Episode: 248/1000, Reward: -17327.33, Avg AoI: 17.33, Completed Tasks: 1806
2025-07-16 16:43:18,394 [INFO] - Episode: 249/1000, Reward: -17245.76, Avg AoI: 17.25, Completed Tasks: 1810
2025-07-16 16:43:41,334 [INFO] - Episode: 250/1000, Reward: -17789.48, Avg AoI: 17.79, Completed Tasks: 1776
2025-07-16 16:44:04,369 [INFO] - Episode: 251/1000, Reward: -17306.33, Avg AoI: 17.31, Completed Tasks: 1797
2025-07-16 16:44:28,714 [INFO] - Episode: 252/1000, Reward: -17259.48, Avg AoI: 17.26, Completed Tasks: 1813
2025-07-16 16:44:54,705 [INFO] - Episode: 253/1000, Reward: -17274.19, Avg AoI: 17.27, Completed Tasks: 1806
2025-07-16 16:45:18,611 [INFO] - Episode: 254/1000, Reward: -17184.62, Avg AoI: 17.18, Completed Tasks: 1812
2025-07-16 16:45:41,577 [INFO] - Episode: 255/1000, Reward: -17061.81, Avg AoI: 17.06, Completed Tasks: 1824
2025-07-16 16:46:04,666 [INFO] - Episode: 256/1000, Reward: -17193.62, Avg AoI: 17.19, Completed Tasks: 1816
2025-07-16 16:46:29,254 [INFO] - Episode: 257/1000, Reward: -17214.33, Avg AoI: 17.21, Completed Tasks: 1816
2025-07-16 16:46:54,336 [INFO] - Episode: 258/1000, Reward: -17399.48, Avg AoI: 17.40, Completed Tasks: 1800
2025-07-16 16:47:18,810 [INFO] - Episode: 259/1000, Reward: -16809.00, Avg AoI: 16.81, Completed Tasks: 1856
2025-07-16 16:47:42,303 [INFO] - Episode: 260/1000, Reward: -17215.57, Avg AoI: 17.22, Completed Tasks: 1821
2025-07-16 16:48:05,651 [INFO] - Episode: 261/1000, Reward: -16851.52, Avg AoI: 16.85, Completed Tasks: 1850
2025-07-16 16:48:30,789 [INFO] - Episode: 262/1000, Reward: -17452.71, Avg AoI: 17.45, Completed Tasks: 1796
2025-07-16 16:48:56,351 [INFO] - Episode: 263/1000, Reward: -17165.05, Avg AoI: 17.17, Completed Tasks: 1818
2025-07-16 16:49:19,833 [INFO] - Episode: 264/1000, Reward: -17102.48, Avg AoI: 17.10, Completed Tasks: 1823
2025-07-16 16:49:42,532 [INFO] - Episode: 265/1000, Reward: -17179.10, Avg AoI: 17.18, Completed Tasks: 1828
2025-07-16 16:50:05,508 [INFO] - Episode: 266/1000, Reward: -17093.76, Avg AoI: 17.09, Completed Tasks: 1826
2025-07-16 16:50:29,870 [INFO] - Episode: 267/1000, Reward: -17912.05, Avg AoI: 17.91, Completed Tasks: 1773
2025-07-16 16:50:55,891 [INFO] - Episode: 268/1000, Reward: -17156.00, Avg AoI: 17.16, Completed Tasks: 1820
2025-07-16 16:51:20,362 [INFO] - Episode: 269/1000, Reward: -17220.29, Avg AoI: 17.22, Completed Tasks: 1822
2025-07-16 16:51:43,740 [INFO] - Episode: 270/1000, Reward: -17268.10, Avg AoI: 17.27, Completed Tasks: 1804
2025-07-16 16:52:08,502 [INFO] - Episode: 271/1000, Reward: -17625.52, Avg AoI: 17.63, Completed Tasks: 1789
2025-07-16 16:52:32,473 [INFO] - Episode: 272/1000, Reward: -17205.48, Avg AoI: 17.21, Completed Tasks: 1817
2025-07-16 16:53:00,290 [INFO] - Episode: 273/1000, Reward: -17355.38, Avg AoI: 17.36, Completed Tasks: 1809
2025-07-16 16:53:30,863 [INFO] - Episode: 274/1000, Reward: -17224.33, Avg AoI: 17.22, Completed Tasks: 1821
2025-07-16 16:54:00,700 [INFO] - Episode: 275/1000, Reward: -17210.24, Avg AoI: 17.21, Completed Tasks: 1818
2025-07-16 16:54:32,883 [INFO] - Episode: 276/1000, Reward: -17244.57, Avg AoI: 17.24, Completed Tasks: 1818
2025-07-16 16:55:05,628 [INFO] - Episode: 277/1000, Reward: -17014.33, Avg AoI: 17.01, Completed Tasks: 1836
2025-07-16 16:55:35,972 [INFO] - Episode: 278/1000, Reward: -17214.62, Avg AoI: 17.21, Completed Tasks: 1825
2025-07-16 16:56:04,847 [INFO] - Episode: 279/1000, Reward: -16908.00, Avg AoI: 16.91, Completed Tasks: 1854
2025-07-16 16:56:33,458 [INFO] - Episode: 280/1000, Reward: -17241.14, Avg AoI: 17.24, Completed Tasks: 1826
2025-07-16 16:57:01,229 [INFO] - Episode: 281/1000, Reward: -17098.95, Avg AoI: 17.10, Completed Tasks: 1831
2025-07-16 16:57:32,039 [INFO] - Episode: 282/1000, Reward: -17403.29, Avg AoI: 17.40, Completed Tasks: 1815
2025-07-16 16:58:02,716 [INFO] - Episode: 283/1000, Reward: -17440.67, Avg AoI: 17.44, Completed Tasks: 1806
2025-07-16 16:58:30,545 [INFO] - Episode: 284/1000, Reward: -17240.33, Avg AoI: 17.24, Completed Tasks: 1813
2025-07-16 16:58:58,765 [INFO] - Episode: 285/1000, Reward: -17015.95, Avg AoI: 17.02, Completed Tasks: 1837
2025-07-16 16:59:28,901 [INFO] - Episode: 286/1000, Reward: -17263.05, Avg AoI: 17.26, Completed Tasks: 1821
2025-07-16 16:59:59,654 [INFO] - Episode: 287/1000, Reward: -16839.71, Avg AoI: 16.84, Completed Tasks: 1847
2025-07-16 17:00:28,714 [INFO] - Episode: 288/1000, Reward: -17393.90, Avg AoI: 17.39, Completed Tasks: 1817
2025-07-16 17:00:56,978 [INFO] - Episode: 289/1000, Reward: -16990.33, Avg AoI: 16.99, Completed Tasks: 1844
2025-07-16 17:01:25,374 [INFO] - Episode: 290/1000, Reward: -17761.00, Avg AoI: 17.76, Completed Tasks: 1787
2025-07-16 17:01:55,478 [INFO] - Episode: 291/1000, Reward: -17511.00, Avg AoI: 17.51, Completed Tasks: 1798
2025-07-16 17:02:25,591 [INFO] - Episode: 292/1000, Reward: -16983.10, Avg AoI: 16.98, Completed Tasks: 1839
2025-07-16 17:02:53,457 [INFO] - Episode: 293/1000, Reward: -17501.43, Avg AoI: 17.50, Completed Tasks: 1803
2025-07-16 17:03:20,902 [INFO] - Episode: 294/1000, Reward: -17158.38, Avg AoI: 17.16, Completed Tasks: 1830
2025-07-16 17:03:50,453 [INFO] - Episode: 295/1000, Reward: -17291.48, Avg AoI: 17.29, Completed Tasks: 1823
2025-07-16 17:04:20,082 [INFO] - Episode: 296/1000, Reward: -17255.14, Avg AoI: 17.26, Completed Tasks: 1824
2025-07-16 17:04:49,244 [INFO] - Episode: 297/1000, Reward: -16991.67, Avg AoI: 16.99, Completed Tasks: 1845
2025-07-16 17:05:18,344 [INFO] - Episode: 298/1000, Reward: -16724.90, Avg AoI: 16.72, Completed Tasks: 1855
2025-07-16 17:05:47,949 [INFO] - Episode: 299/1000, Reward: -16545.38, Avg AoI: 16.55, Completed Tasks: 1887
2025-07-16 17:06:17,898 [INFO] - Episode: 300/1000, Reward: -17495.29, Avg AoI: 17.50, Completed Tasks: 1812
2025-07-16 17:06:46,854 [INFO] - Episode: 301/1000, Reward: -16641.86, Avg AoI: 16.64, Completed Tasks: 1877
2025-07-16 17:07:14,642 [INFO] - Episode: 302/1000, Reward: -17209.62, Avg AoI: 17.21, Completed Tasks: 1832
2025-07-16 17:07:42,228 [INFO] - Episode: 303/1000, Reward: -17145.33, Avg AoI: 17.15, Completed Tasks: 1833
2025-07-16 17:08:12,025 [INFO] - Episode: 304/1000, Reward: -16983.14, Avg AoI: 16.98, Completed Tasks: 1847
2025-07-16 17:08:41,827 [INFO] - Episode: 305/1000, Reward: -16775.57, Avg AoI: 16.78, Completed Tasks: 1859
2025-07-16 17:09:09,782 [INFO] - Episode: 306/1000, Reward: -16918.95, Avg AoI: 16.92, Completed Tasks: 1849
2025-07-16 17:09:37,125 [INFO] - Episode: 307/1000, Reward: -17013.52, Avg AoI: 17.01, Completed Tasks: 1847
2025-07-16 17:10:05,276 [INFO] - Episode: 308/1000, Reward: -16765.38, Avg AoI: 16.77, Completed Tasks: 1863
2025-07-16 17:10:36,154 [INFO] - Episode: 309/1000, Reward: -16831.52, Avg AoI: 16.83, Completed Tasks: 1870
2025-07-16 17:11:05,535 [INFO] - Episode: 310/1000, Reward: -16769.29, Avg AoI: 16.77, Completed Tasks: 1866
2025-07-16 17:11:32,967 [INFO] - Episode: 311/1000, Reward: -17104.48, Avg AoI: 17.10, Completed Tasks: 1829
2025-07-16 17:11:59,662 [INFO] - Episode: 312/1000, Reward: -16663.00, Avg AoI: 16.66, Completed Tasks: 1874
2025-07-16 17:12:28,711 [INFO] - Episode: 313/1000, Reward: -16772.86, Avg AoI: 16.77, Completed Tasks: 1865
2025-07-16 17:12:57,704 [INFO] - Episode: 314/1000, Reward: -16812.00, Avg AoI: 16.81, Completed Tasks: 1868
2025-07-16 17:13:24,537 [INFO] - Episode: 315/1000, Reward: -17211.29, Avg AoI: 17.21, Completed Tasks: 1825
2025-07-16 17:13:47,734 [INFO] - Episode: 316/1000, Reward: -16969.14, Avg AoI: 16.97, Completed Tasks: 1850
2025-07-16 17:14:10,862 [INFO] - Episode: 317/1000, Reward: -17130.00, Avg AoI: 17.13, Completed Tasks: 1838
2025-07-16 17:14:35,104 [INFO] - Episode: 318/1000, Reward: -17678.05, Avg AoI: 17.68, Completed Tasks: 1784
2025-07-16 17:14:59,472 [INFO] - Episode: 319/1000, Reward: -16752.90, Avg AoI: 16.75, Completed Tasks: 1866
2025-07-16 17:15:22,935 [INFO] - Episode: 320/1000, Reward: -17127.76, Avg AoI: 17.13, Completed Tasks: 1826
2025-07-16 17:15:45,094 [INFO] - Episode: 321/1000, Reward: -16579.48, Avg AoI: 16.58, Completed Tasks: 1884
2025-07-16 17:16:07,211 [INFO] - Episode: 322/1000, Reward: -17085.86, Avg AoI: 17.09, Completed Tasks: 1851
2025-07-16 17:16:29,473 [INFO] - Episode: 323/1000, Reward: -16701.52, Avg AoI: 16.70, Completed Tasks: 1872
2025-07-16 17:16:54,222 [INFO] - Episode: 324/1000, Reward: -17034.62, Avg AoI: 17.03, Completed Tasks: 1845
2025-07-16 17:17:18,113 [INFO] - Episode: 325/1000, Reward: -17162.57, Avg AoI: 17.16, Completed Tasks: 1840
2025-07-16 17:17:40,059 [INFO] - Episode: 326/1000, Reward: -17066.52, Avg AoI: 17.07, Completed Tasks: 1855
2025-07-16 17:18:02,457 [INFO] - Episode: 327/1000, Reward: -16905.38, Avg AoI: 16.91, Completed Tasks: 1852
2025-07-16 17:18:24,590 [INFO] - Episode: 328/1000, Reward: -16841.48, Avg AoI: 16.84, Completed Tasks: 1863
2025-07-16 17:18:49,626 [INFO] - Episode: 329/1000, Reward: -16979.43, Avg AoI: 16.98, Completed Tasks: 1852
2025-07-16 17:19:14,627 [INFO] - Episode: 330/1000, Reward: -16613.76, Avg AoI: 16.61, Completed Tasks: 1885
2025-07-16 17:19:37,449 [INFO] - Episode: 331/1000, Reward: -16733.52, Avg AoI: 16.73, Completed Tasks: 1858
2025-07-16 17:20:00,137 [INFO] - Episode: 332/1000, Reward: -16989.90, Avg AoI: 16.99, Completed Tasks: 1848
2025-07-16 17:20:22,888 [INFO] - Episode: 333/1000, Reward: -16970.14, Avg AoI: 16.97, Completed Tasks: 1852
2025-07-16 17:20:47,308 [INFO] - Episode: 334/1000, Reward: -17183.38, Avg AoI: 17.18, Completed Tasks: 1838
2025-07-16 17:21:12,488 [INFO] - Episode: 335/1000, Reward: -17003.67, Avg AoI: 17.00, Completed Tasks: 1851
2025-07-16 17:21:35,910 [INFO] - Episode: 336/1000, Reward: -16748.81, Avg AoI: 16.75, Completed Tasks: 1874
2025-07-16 17:21:59,161 [INFO] - Episode: 337/1000, Reward: -17145.95, Avg AoI: 17.15, Completed Tasks: 1837
2025-07-16 17:22:22,670 [INFO] - Episode: 338/1000, Reward: -16703.90, Avg AoI: 16.70, Completed Tasks: 1874
2025-07-16 17:22:48,042 [INFO] - Episode: 339/1000, Reward: -16678.67, Avg AoI: 16.68, Completed Tasks: 1885
2025-07-16 17:23:13,814 [INFO] - Episode: 340/1000, Reward: -16633.00, Avg AoI: 16.63, Completed Tasks: 1879
2025-07-16 17:23:37,923 [INFO] - Episode: 341/1000, Reward: -16948.38, Avg AoI: 16.95, Completed Tasks: 1847
2025-07-16 17:24:01,198 [INFO] - Episode: 342/1000, Reward: -17271.14, Avg AoI: 17.27, Completed Tasks: 1833
2025-07-16 17:24:24,543 [INFO] - Episode: 343/1000, Reward: -16868.90, Avg AoI: 16.87, Completed Tasks: 1868
2025-07-16 17:24:49,476 [INFO] - Episode: 344/1000, Reward: -16693.81, Avg AoI: 16.69, Completed Tasks: 1879
2025-07-16 17:25:15,231 [INFO] - Episode: 345/1000, Reward: -16623.81, Avg AoI: 16.62, Completed Tasks: 1894
2025-07-16 17:25:39,012 [INFO] - Episode: 346/1000, Reward: -16809.14, Avg AoI: 16.81, Completed Tasks: 1871
2025-07-16 17:26:02,221 [INFO] - Episode: 347/1000, Reward: -17187.43, Avg AoI: 17.19, Completed Tasks: 1838
2025-07-16 17:26:25,988 [INFO] - Episode: 348/1000, Reward: -16709.05, Avg AoI: 16.71, Completed Tasks: 1871
2025-07-16 17:26:51,374 [INFO] - Episode: 349/1000, Reward: -16799.52, Avg AoI: 16.80, Completed Tasks: 1861
2025-07-16 17:27:17,705 [INFO] - Episode: 350/1000, Reward: -16902.00, Avg AoI: 16.90, Completed Tasks: 1862
2025-07-16 17:27:42,405 [INFO] - Episode: 351/1000, Reward: -16884.48, Avg AoI: 16.88, Completed Tasks: 1857
2025-07-16 17:28:06,140 [INFO] - Episode: 352/1000, Reward: -16855.10, Avg AoI: 16.86, Completed Tasks: 1857
2025-07-16 17:28:29,865 [INFO] - Episode: 353/1000, Reward: -17163.43, Avg AoI: 17.16, Completed Tasks: 1846
2025-07-16 17:28:55,529 [INFO] - Episode: 354/1000, Reward: -17079.38, Avg AoI: 17.08, Completed Tasks: 1855
2025-07-16 17:29:22,556 [INFO] - Episode: 355/1000, Reward: -17156.67, Avg AoI: 17.16, Completed Tasks: 1843
2025-07-16 17:29:46,482 [INFO] - Episode: 356/1000, Reward: -16707.29, Avg AoI: 16.71, Completed Tasks: 1879
2025-07-16 17:30:10,499 [INFO] - Episode: 357/1000, Reward: -16769.67, Avg AoI: 16.77, Completed Tasks: 1871
2025-07-16 17:30:34,061 [INFO] - Episode: 358/1000, Reward: -17237.00, Avg AoI: 17.24, Completed Tasks: 1842
2025-07-16 17:31:00,082 [INFO] - Episode: 359/1000, Reward: -17260.62, Avg AoI: 17.26, Completed Tasks: 1832
2025-07-16 17:31:25,853 [INFO] - Episode: 360/1000, Reward: -16882.76, Avg AoI: 16.88, Completed Tasks: 1873
2025-07-16 17:31:49,695 [INFO] - Episode: 361/1000, Reward: -16554.00, Avg AoI: 16.55, Completed Tasks: 1885
2025-07-16 17:32:13,145 [INFO] - Episode: 362/1000, Reward: -16724.95, Avg AoI: 16.72, Completed Tasks: 1879
2025-07-16 17:32:36,518 [INFO] - Episode: 363/1000, Reward: -17008.24, Avg AoI: 17.01, Completed Tasks: 1851
2025-07-16 17:33:02,432 [INFO] - Episode: 364/1000, Reward: -16649.86, Avg AoI: 16.65, Completed Tasks: 1883
2025-07-16 17:33:27,861 [INFO] - Episode: 365/1000, Reward: -17203.67, Avg AoI: 17.20, Completed Tasks: 1834
2025-07-16 17:33:51,085 [INFO] - Episode: 366/1000, Reward: -16938.71, Avg AoI: 16.94, Completed Tasks: 1860
2025-07-16 17:34:14,652 [INFO] - Episode: 367/1000, Reward: -17036.81, Avg AoI: 17.04, Completed Tasks: 1850
2025-07-16 17:34:37,855 [INFO] - Episode: 368/1000, Reward: -17077.05, Avg AoI: 17.08, Completed Tasks: 1851
2025-07-16 17:35:03,205 [INFO] - Episode: 369/1000, Reward: -16927.81, Avg AoI: 16.93, Completed Tasks: 1860
2025-07-16 17:35:28,411 [INFO] - Episode: 370/1000, Reward: -16468.67, Avg AoI: 16.47, Completed Tasks: 1900
2025-07-16 17:35:51,230 [INFO] - Episode: 371/1000, Reward: -16800.29, Avg AoI: 16.80, Completed Tasks: 1874
2025-07-16 17:36:14,063 [INFO] - Episode: 372/1000, Reward: -16709.14, Avg AoI: 16.71, Completed Tasks: 1875
2025-07-16 17:36:36,476 [INFO] - Episode: 373/1000, Reward: -16680.62, Avg AoI: 16.68, Completed Tasks: 1885
2025-07-16 17:37:00,257 [INFO] - Episode: 374/1000, Reward: -16326.10, Avg AoI: 16.33, Completed Tasks: 1917
2025-07-16 17:37:24,460 [INFO] - Episode: 375/1000, Reward: -16730.67, Avg AoI: 16.73, Completed Tasks: 1874
2025-07-16 17:37:47,639 [INFO] - Episode: 376/1000, Reward: -16651.24, Avg AoI: 16.65, Completed Tasks: 1877
2025-07-16 17:38:09,980 [INFO] - Episode: 377/1000, Reward: -16601.19, Avg AoI: 16.60, Completed Tasks: 1889
2025-07-16 17:38:32,145 [INFO] - Episode: 378/1000, Reward: -16867.29, Avg AoI: 16.87, Completed Tasks: 1863
2025-07-16 17:38:54,900 [INFO] - Episode: 379/1000, Reward: -16802.67, Avg AoI: 16.80, Completed Tasks: 1870
2025-07-16 17:39:19,736 [INFO] - Episode: 380/1000, Reward: -16654.67, Avg AoI: 16.65, Completed Tasks: 1891
2025-07-16 17:39:43,402 [INFO] - Episode: 381/1000, Reward: -17059.43, Avg AoI: 17.06, Completed Tasks: 1851
2025-07-16 17:40:05,530 [INFO] - Episode: 382/1000, Reward: -16835.62, Avg AoI: 16.84, Completed Tasks: 1872
2025-07-16 17:40:27,823 [INFO] - Episode: 383/1000, Reward: -17207.24, Avg AoI: 17.21, Completed Tasks: 1840
2025-07-16 17:40:50,595 [INFO] - Episode: 384/1000, Reward: -16459.24, Avg AoI: 16.46, Completed Tasks: 1897
2025-07-16 17:41:15,999 [INFO] - Episode: 385/1000, Reward: -16943.48, Avg AoI: 16.94, Completed Tasks: 1869
2025-07-16 17:41:40,314 [INFO] - Episode: 386/1000, Reward: -17079.24, Avg AoI: 17.08, Completed Tasks: 1850
2025-07-16 17:42:03,091 [INFO] - Episode: 387/1000, Reward: -16588.29, Avg AoI: 16.59, Completed Tasks: 1890
2025-07-16 17:42:26,182 [INFO] - Episode: 388/1000, Reward: -17166.86, Avg AoI: 17.17, Completed Tasks: 1849
2025-07-16 17:42:49,307 [INFO] - Episode: 389/1000, Reward: -17278.10, Avg AoI: 17.28, Completed Tasks: 1838
2025-07-16 17:43:15,345 [INFO] - Episode: 390/1000, Reward: -17454.43, Avg AoI: 17.45, Completed Tasks: 1819
2025-07-16 17:43:40,399 [INFO] - Episode: 391/1000, Reward: -16987.19, Avg AoI: 16.99, Completed Tasks: 1861
2025-07-16 17:44:03,654 [INFO] - Episode: 392/1000, Reward: -16804.38, Avg AoI: 16.80, Completed Tasks: 1874
2025-07-16 17:44:27,073 [INFO] - Episode: 393/1000, Reward: -16827.43, Avg AoI: 16.83, Completed Tasks: 1859
2025-07-16 17:44:50,502 [INFO] - Episode: 394/1000, Reward: -16552.76, Avg AoI: 16.55, Completed Tasks: 1895
2025-07-16 17:45:16,492 [INFO] - Episode: 395/1000, Reward: -16972.57, Avg AoI: 16.97, Completed Tasks: 1858
2025-07-16 17:45:41,607 [INFO] - Episode: 396/1000, Reward: -16825.19, Avg AoI: 16.83, Completed Tasks: 1875
2025-07-16 17:46:05,285 [INFO] - Episode: 397/1000, Reward: -16885.33, Avg AoI: 16.89, Completed Tasks: 1868
2025-07-16 17:46:28,635 [INFO] - Episode: 398/1000, Reward: -17190.62, Avg AoI: 17.19, Completed Tasks: 1848
2025-07-16 17:46:52,779 [INFO] - Episode: 399/1000, Reward: -17290.38, Avg AoI: 17.29, Completed Tasks: 1839
2025-07-16 17:47:19,109 [INFO] - Episode: 400/1000, Reward: -16553.38, Avg AoI: 16.55, Completed Tasks: 1884
2025-07-16 17:47:44,653 [INFO] - Episode: 401/1000, Reward: -16611.00, Avg AoI: 16.61, Completed Tasks: 1882
2025-07-16 21:44:50,576 [INFO] - Training finished.
