2025-07-21 00:54:20,576 [INFO] - Logger initialized.
2025-07-21 00:54:20,577 [INFO] - --- Training Configuration ---
2025-07-21 00:54:20,577 [INFO] - n_users: 63
2025-07-21 00:54:20,577 [INFO] - n_servers: 27
2025-07-21 00:54:20,578 [INFO] - batch_proc_time: {'base': 3, 'per_task': 2}
2025-07-21 00:54:20,578 [INFO] - max_batch_size: 3
2025-07-21 00:54:20,578 [INFO] - num_episodes: 500
2025-07-21 00:54:20,579 [INFO] - episode_length: 1000
2025-07-21 00:54:20,579 [INFO] - actor_lr: 4e-05
2025-07-21 00:54:20,579 [INFO] - critic_lr: 4e-05
2025-07-21 00:54:20,580 [INFO] - gamma: 0.99
2025-07-21 00:54:20,580 [INFO] - gae_lambda: 0.95
2025-07-21 00:54:20,580 [INFO] - clip_ratio: 0.2
2025-07-21 00:54:20,580 [INFO] - update_epochs: 4
2025-07-21 00:54:20,581 [INFO] - mini_batch_size: 128
2025-07-21 00:54:20,581 [INFO] - entropy_coeff: 0.01
2025-07-21 00:54:20,581 [INFO] - max_grad_norm: 1.0
2025-07-21 00:54:20,582 [INFO] - use_global: True
2025-07-21 00:54:20,582 [INFO] - use_mean_field: True
2025-07-21 00:54:20,582 [INFO] - critic_warmup_epochs: 0
2025-07-21 00:54:20,582 [INFO] - gmm_config: {'n_components': 2, 'min_samples': 100, 'use_gmm': True, 'regularization': 1e-06}
2025-07-21 00:54:20,583 [INFO] - log_dir: logs/mappo_mf_63_27_Shared_Global_MF_GMM2_4e-05
2025-07-21 00:54:20,583 [INFO] - --------------------------
2025-07-21 00:54:23,878 [INFO] - MAPPO-MF Trainer Initialized with Shared Networks.
2025-07-21 00:54:23,878 [INFO] - Device: cpu
2025-07-21 00:54:23,878 [INFO] - User Obs Dim (including all servers): 83, Server Obs Dim: 3
2025-07-21 00:54:23,879 [INFO] - Global State Dim: 144
2025-07-21 00:54:23,879 [INFO] - Mean-field Dim: 10
2025-07-21 00:54:23,879 [INFO] - Use Global Critic: True
2025-07-21 00:54:23,879 [INFO] - Use Mean Field: True
2025-07-21 00:55:29,873 [INFO] - Episode: 1/500, Reward: -20549.35, Avg AoI: 20.55, Completed Tasks: 4684
2025-07-21 00:56:22,795 [INFO] - Episode: 2/500, Reward: -19882.65, Avg AoI: 19.88, Completed Tasks: 4893
2025-07-21 00:57:16,228 [INFO] - Episode: 3/500, Reward: -19666.92, Avg AoI: 19.67, Completed Tasks: 4922
2025-07-21 00:58:10,089 [INFO] - Episode: 4/500, Reward: -19749.43, Avg AoI: 19.75, Completed Tasks: 4939
2025-07-21 00:59:02,757 [INFO] - Episode: 5/500, Reward: -20824.17, Avg AoI: 20.82, Completed Tasks: 4825
2025-07-21 00:59:54,472 [INFO] - Episode: 6/500, Reward: -23442.21, Avg AoI: 23.44, Completed Tasks: 4681
2025-07-21 01:00:44,769 [INFO] - Episode: 7/500, Reward: -22326.02, Avg AoI: 22.33, Completed Tasks: 4743
2025-07-21 01:01:37,275 [INFO] - Episode: 8/500, Reward: -22704.30, Avg AoI: 22.70, Completed Tasks: 4608
2025-07-21 01:02:36,320 [INFO] - Episode: 9/500, Reward: -71353.78, Avg AoI: 71.35, Completed Tasks: 2983
2025-07-21 01:03:38,350 [INFO] - Episode: 10/500, Reward: -52524.83, Avg AoI: 52.52, Completed Tasks: 3449
2025-07-21 01:04:29,152 [INFO] - Episode: 11/500, Reward: -63001.17, Avg AoI: 63.00, Completed Tasks: 2860
2025-07-21 01:05:19,920 [INFO] - Episode: 12/500, Reward: -66309.57, Avg AoI: 66.31, Completed Tasks: 2737
2025-07-21 01:06:11,684 [INFO] - Episode: 13/500, Reward: -59494.71, Avg AoI: 59.49, Completed Tasks: 2920
2025-07-21 01:07:01,941 [INFO] - Episode: 14/500, Reward: -82946.68, Avg AoI: 82.95, Completed Tasks: 2452
2025-07-21 01:08:02,282 [INFO] - Episode: 15/500, Reward: -38460.51, Avg AoI: 38.46, Completed Tasks: 3727
2025-07-21 01:09:03,431 [INFO] - Episode: 16/500, Reward: -98040.14, Avg AoI: 98.04, Completed Tasks: 1754
2025-07-21 01:10:06,140 [INFO] - Episode: 17/500, Reward: -63746.84, Avg AoI: 63.75, Completed Tasks: 2872
2025-07-21 01:11:06,189 [INFO] - Episode: 18/500, Reward: -71331.92, Avg AoI: 71.33, Completed Tasks: 2455
2025-07-21 01:12:08,429 [INFO] - Episode: 19/500, Reward: -53679.92, Avg AoI: 53.68, Completed Tasks: 3159
2025-07-21 01:13:09,253 [INFO] - Episode: 20/500, Reward: -92636.75, Avg AoI: 92.64, Completed Tasks: 1672
2025-07-21 01:14:12,675 [INFO] - Episode: 21/500, Reward: -68530.67, Avg AoI: 68.53, Completed Tasks: 2408
2025-07-21 01:15:13,590 [INFO] - Episode: 22/500, Reward: -61605.71, Avg AoI: 61.61, Completed Tasks: 2658
2025-07-21 01:16:16,330 [INFO] - Episode: 23/500, Reward: -31047.19, Avg AoI: 31.05, Completed Tasks: 3902
2025-07-21 01:17:18,584 [INFO] - Episode: 24/500, Reward: -23567.89, Avg AoI: 23.57, Completed Tasks: 4376
2025-07-21 01:18:20,440 [INFO] - Episode: 25/500, Reward: -73594.22, Avg AoI: 73.59, Completed Tasks: 2163
2025-07-21 01:19:29,612 [INFO] - Episode: 26/500, Reward: -33641.63, Avg AoI: 33.64, Completed Tasks: 3572
2025-07-21 01:20:21,907 [INFO] - Episode: 27/500, Reward: -28021.29, Avg AoI: 28.02, Completed Tasks: 3815
2025-07-21 01:21:23,014 [INFO] - Episode: 28/500, Reward: -70933.25, Avg AoI: 70.93, Completed Tasks: 2330
2025-07-21 01:22:20,609 [INFO] - Episode: 29/500, Reward: -81109.78, Avg AoI: 81.11, Completed Tasks: 2134
2025-07-21 01:23:18,539 [INFO] - Episode: 30/500, Reward: -32325.52, Avg AoI: 32.33, Completed Tasks: 3506
2025-07-21 01:24:17,982 [INFO] - Episode: 31/500, Reward: -42967.59, Avg AoI: 42.97, Completed Tasks: 3051
2025-07-21 01:25:17,431 [INFO] - Episode: 32/500, Reward: -37986.76, Avg AoI: 37.99, Completed Tasks: 3269
2025-07-21 01:26:20,379 [INFO] - Episode: 33/500, Reward: -34610.13, Avg AoI: 34.61, Completed Tasks: 3392
2025-07-21 01:27:20,741 [INFO] - Episode: 34/500, Reward: -55575.78, Avg AoI: 55.58, Completed Tasks: 2664
2025-07-21 01:28:15,371 [INFO] - Episode: 35/500, Reward: -85201.52, Avg AoI: 85.20, Completed Tasks: 2302
2025-07-21 01:29:17,413 [INFO] - Episode: 36/500, Reward: -44321.03, Avg AoI: 44.32, Completed Tasks: 3125
2025-07-21 01:30:15,167 [INFO] - Episode: 37/500, Reward: -31201.44, Avg AoI: 31.20, Completed Tasks: 3527
2025-07-21 01:31:17,038 [INFO] - Episode: 38/500, Reward: -35672.57, Avg AoI: 35.67, Completed Tasks: 3488
2025-07-21 01:32:20,778 [INFO] - Episode: 39/500, Reward: -55211.59, Avg AoI: 55.21, Completed Tasks: 2905
2025-07-21 01:33:15,320 [INFO] - Episode: 40/500, Reward: -45067.17, Avg AoI: 45.07, Completed Tasks: 3257
2025-07-21 01:34:18,095 [INFO] - Episode: 41/500, Reward: -68857.71, Avg AoI: 68.86, Completed Tasks: 2647
2025-07-21 01:35:11,158 [INFO] - Episode: 42/500, Reward: -69141.08, Avg AoI: 69.14, Completed Tasks: 2499
2025-07-21 01:36:14,693 [INFO] - Episode: 43/500, Reward: -52492.65, Avg AoI: 52.49, Completed Tasks: 2677
2025-07-21 01:37:09,489 [INFO] - Episode: 44/500, Reward: -41946.65, Avg AoI: 41.95, Completed Tasks: 3089
2025-07-21 01:38:08,129 [INFO] - Episode: 45/500, Reward: -28770.98, Avg AoI: 28.77, Completed Tasks: 3737
2025-07-21 01:39:09,198 [INFO] - Episode: 46/500, Reward: -43644.19, Avg AoI: 43.64, Completed Tasks: 3112
2025-07-21 01:40:06,003 [INFO] - Episode: 47/500, Reward: -43442.41, Avg AoI: 43.44, Completed Tasks: 3112
2025-07-21 01:41:06,328 [INFO] - Episode: 48/500, Reward: -57120.57, Avg AoI: 57.12, Completed Tasks: 2617
2025-07-21 01:42:06,790 [INFO] - Episode: 49/500, Reward: -68678.19, Avg AoI: 68.68, Completed Tasks: 2543
2025-07-21 01:43:04,927 [INFO] - Episode: 50/500, Reward: -41928.30, Avg AoI: 41.93, Completed Tasks: 2991
2025-07-21 01:44:12,220 [INFO] - Episode: 51/500, Reward: -34980.73, Avg AoI: 34.98, Completed Tasks: 3217
2025-07-21 01:45:07,226 [INFO] - Episode: 52/500, Reward: -55368.43, Avg AoI: 55.37, Completed Tasks: 2698
2025-07-21 01:46:12,337 [INFO] - Episode: 53/500, Reward: -37921.00, Avg AoI: 37.92, Completed Tasks: 3326
2025-07-21 01:47:09,298 [INFO] - Episode: 54/500, Reward: -35048.10, Avg AoI: 35.05, Completed Tasks: 3271
2025-07-21 01:48:09,172 [INFO] - Episode: 55/500, Reward: -43955.59, Avg AoI: 43.96, Completed Tasks: 2912
2025-07-21 01:49:15,766 [INFO] - Episode: 56/500, Reward: -45940.92, Avg AoI: 45.94, Completed Tasks: 2945
2025-07-21 01:50:09,818 [INFO] - Episode: 57/500, Reward: -28455.54, Avg AoI: 28.46, Completed Tasks: 3675
2025-07-21 01:51:18,924 [INFO] - Episode: 58/500, Reward: -30027.94, Avg AoI: 30.03, Completed Tasks: 3650
2025-07-21 01:52:12,375 [INFO] - Episode: 59/500, Reward: -27520.41, Avg AoI: 27.52, Completed Tasks: 3792
2025-07-21 01:53:21,891 [INFO] - Episode: 60/500, Reward: -29889.57, Avg AoI: 29.89, Completed Tasks: 3633
2025-07-21 01:54:21,007 [INFO] - Episode: 61/500, Reward: -70219.54, Avg AoI: 70.22, Completed Tasks: 2738
2025-07-21 01:55:22,665 [INFO] - Episode: 62/500, Reward: -25571.86, Avg AoI: 25.57, Completed Tasks: 4038
2025-07-21 01:56:26,663 [INFO] - Episode: 63/500, Reward: -28135.35, Avg AoI: 28.14, Completed Tasks: 3758
2025-07-21 01:57:25,705 [INFO] - Episode: 64/500, Reward: -27063.17, Avg AoI: 27.06, Completed Tasks: 3847
2025-07-21 01:58:31,674 [INFO] - Episode: 65/500, Reward: -26573.29, Avg AoI: 26.57, Completed Tasks: 3876
2025-07-21 01:59:33,782 [INFO] - Episode: 66/500, Reward: -25253.95, Avg AoI: 25.25, Completed Tasks: 4056
2025-07-21 02:00:34,445 [INFO] - Episode: 67/500, Reward: -24791.10, Avg AoI: 24.79, Completed Tasks: 4116
2025-07-21 02:01:41,553 [INFO] - Episode: 68/500, Reward: -23972.65, Avg AoI: 23.97, Completed Tasks: 4160
2025-07-21 02:02:42,012 [INFO] - Episode: 69/500, Reward: -22808.65, Avg AoI: 22.81, Completed Tasks: 4316
2025-07-21 02:03:53,859 [INFO] - Episode: 70/500, Reward: -25849.94, Avg AoI: 25.85, Completed Tasks: 4088
2025-07-21 02:04:53,908 [INFO] - Episode: 71/500, Reward: -26067.84, Avg AoI: 26.07, Completed Tasks: 4125
2025-07-21 02:06:00,204 [INFO] - Episode: 72/500, Reward: -27188.43, Avg AoI: 27.19, Completed Tasks: 3931
2025-07-21 02:06:59,802 [INFO] - Episode: 73/500, Reward: -23262.44, Avg AoI: 23.26, Completed Tasks: 4299
2025-07-21 02:08:05,369 [INFO] - Episode: 74/500, Reward: -41782.44, Avg AoI: 41.78, Completed Tasks: 3360
2025-07-21 02:09:08,504 [INFO] - Episode: 75/500, Reward: -98567.27, Avg AoI: 98.57, Completed Tasks: 2116
2025-07-21 02:10:15,655 [INFO] - Episode: 76/500, Reward: -89664.76, Avg AoI: 89.66, Completed Tasks: 2452
2025-07-21 02:11:16,206 [INFO] - Episode: 77/500, Reward: -46244.17, Avg AoI: 46.24, Completed Tasks: 3310
2025-07-21 02:12:20,981 [INFO] - Episode: 78/500, Reward: -105565.13, Avg AoI: 105.57, Completed Tasks: 2301
2025-07-21 02:13:23,538 [INFO] - Episode: 79/500, Reward: -25470.24, Avg AoI: 25.47, Completed Tasks: 4179
2025-07-21 02:14:26,234 [INFO] - Episode: 80/500, Reward: -90980.65, Avg AoI: 90.98, Completed Tasks: 2656
2025-07-21 02:15:29,320 [INFO] - Episode: 81/500, Reward: -109888.05, Avg AoI: 109.89, Completed Tasks: 2276
2025-07-21 02:16:29,628 [INFO] - Episode: 82/500, Reward: -104726.44, Avg AoI: 104.73, Completed Tasks: 2576
2025-07-21 02:17:35,680 [INFO] - Episode: 83/500, Reward: -22195.25, Avg AoI: 22.20, Completed Tasks: 4455
2025-07-21 02:18:43,275 [INFO] - Episode: 84/500, Reward: -23376.30, Avg AoI: 23.38, Completed Tasks: 4326
2025-07-21 02:19:46,760 [INFO] - Episode: 85/500, Reward: -22594.79, Avg AoI: 22.59, Completed Tasks: 4432
2025-07-21 02:20:52,772 [INFO] - Episode: 86/500, Reward: -20814.37, Avg AoI: 20.81, Completed Tasks: 4648
2025-07-21 02:21:48,367 [INFO] - Episode: 87/500, Reward: -21408.27, Avg AoI: 21.41, Completed Tasks: 4611
2025-07-21 02:22:57,832 [INFO] - Episode: 88/500, Reward: -21819.08, Avg AoI: 21.82, Completed Tasks: 4529
2025-07-21 02:23:52,921 [INFO] - Episode: 89/500, Reward: -23186.83, Avg AoI: 23.19, Completed Tasks: 4429
2025-07-21 02:24:58,514 [INFO] - Episode: 90/500, Reward: -21230.10, Avg AoI: 21.23, Completed Tasks: 4612
2025-07-21 02:25:58,167 [INFO] - Episode: 91/500, Reward: -21843.89, Avg AoI: 21.84, Completed Tasks: 4561
2025-07-21 02:26:57,467 [INFO] - Episode: 92/500, Reward: -21076.48, Avg AoI: 21.08, Completed Tasks: 4625
2025-07-21 02:28:00,274 [INFO] - Episode: 93/500, Reward: -21979.33, Avg AoI: 21.98, Completed Tasks: 4516
2025-07-21 02:28:59,250 [INFO] - Episode: 94/500, Reward: -21711.08, Avg AoI: 21.71, Completed Tasks: 4585
2025-07-21 02:30:01,321 [INFO] - Episode: 95/500, Reward: -20598.03, Avg AoI: 20.60, Completed Tasks: 4715
2025-07-21 02:31:00,557 [INFO] - Episode: 96/500, Reward: -22446.84, Avg AoI: 22.45, Completed Tasks: 4508
2025-07-21 02:31:55,628 [INFO] - Episode: 97/500, Reward: -21064.13, Avg AoI: 21.06, Completed Tasks: 4686
2025-07-21 02:33:00,244 [INFO] - Episode: 98/500, Reward: -20602.14, Avg AoI: 20.60, Completed Tasks: 4731
2025-07-21 02:33:54,665 [INFO] - Episode: 99/500, Reward: -31454.10, Avg AoI: 31.45, Completed Tasks: 4030
2025-07-21 02:34:59,789 [INFO] - Episode: 100/500, Reward: -20552.24, Avg AoI: 20.55, Completed Tasks: 4722
2025-07-21 02:35:55,645 [INFO] - Episode: 101/500, Reward: -21957.06, Avg AoI: 21.96, Completed Tasks: 4431
2025-07-21 02:36:56,980 [INFO] - Episode: 102/500, Reward: -24553.63, Avg AoI: 24.55, Completed Tasks: 4240
2025-07-21 02:38:00,978 [INFO] - Episode: 103/500, Reward: -21812.40, Avg AoI: 21.81, Completed Tasks: 4538
2025-07-21 02:38:58,081 [INFO] - Episode: 104/500, Reward: -21572.24, Avg AoI: 21.57, Completed Tasks: 4637
2025-07-21 02:40:06,530 [INFO] - Episode: 105/500, Reward: -20323.71, Avg AoI: 20.32, Completed Tasks: 4798
2025-07-21 02:41:03,075 [INFO] - Episode: 106/500, Reward: -19457.27, Avg AoI: 19.46, Completed Tasks: 4918
2025-07-21 02:42:07,184 [INFO] - Episode: 107/500, Reward: -19371.27, Avg AoI: 19.37, Completed Tasks: 4972
2025-07-21 02:43:08,869 [INFO] - Episode: 108/500, Reward: -19191.70, Avg AoI: 19.19, Completed Tasks: 5020
2025-07-21 02:44:09,990 [INFO] - Episode: 109/500, Reward: -19158.35, Avg AoI: 19.16, Completed Tasks: 5006
2025-07-21 02:45:16,099 [INFO] - Episode: 110/500, Reward: -19035.16, Avg AoI: 19.04, Completed Tasks: 5017
2025-07-21 02:46:12,857 [INFO] - Episode: 111/500, Reward: -19266.65, Avg AoI: 19.27, Completed Tasks: 4974
2025-07-21 02:47:17,930 [INFO] - Episode: 112/500, Reward: -19076.71, Avg AoI: 19.08, Completed Tasks: 4988
2025-07-21 02:48:22,200 [INFO] - Episode: 113/500, Reward: -19709.56, Avg AoI: 19.71, Completed Tasks: 4888
2025-07-21 02:49:24,495 [INFO] - Episode: 114/500, Reward: -19259.97, Avg AoI: 19.26, Completed Tasks: 4961
2025-07-21 02:50:29,456 [INFO] - Episode: 115/500, Reward: -19573.57, Avg AoI: 19.57, Completed Tasks: 4925
2025-07-21 02:51:29,129 [INFO] - Episode: 116/500, Reward: -19552.00, Avg AoI: 19.55, Completed Tasks: 4942
2025-07-21 02:52:36,543 [INFO] - Episode: 117/500, Reward: -19211.24, Avg AoI: 19.21, Completed Tasks: 5005
2025-07-21 02:53:37,020 [INFO] - Episode: 118/500, Reward: -19728.89, Avg AoI: 19.73, Completed Tasks: 4910
2025-07-21 02:54:41,598 [INFO] - Episode: 119/500, Reward: -19931.37, Avg AoI: 19.93, Completed Tasks: 4909
2025-07-21 02:55:43,135 [INFO] - Episode: 120/500, Reward: -19208.27, Avg AoI: 19.21, Completed Tasks: 4994
2025-07-21 02:56:48,895 [INFO] - Episode: 121/500, Reward: -19607.44, Avg AoI: 19.61, Completed Tasks: 4940
2025-07-21 02:57:49,441 [INFO] - Episode: 122/500, Reward: -18871.17, Avg AoI: 18.87, Completed Tasks: 5099
2025-07-21 02:58:56,414 [INFO] - Episode: 123/500, Reward: -19626.83, Avg AoI: 19.63, Completed Tasks: 4905
2025-07-21 02:59:55,323 [INFO] - Episode: 124/500, Reward: -19476.68, Avg AoI: 19.48, Completed Tasks: 4946
2025-07-21 03:00:58,663 [INFO] - Episode: 125/500, Reward: -19620.48, Avg AoI: 19.62, Completed Tasks: 4954
2025-07-21 03:02:01,610 [INFO] - Episode: 126/500, Reward: -19805.76, Avg AoI: 19.81, Completed Tasks: 4925
2025-07-21 03:03:07,245 [INFO] - Episode: 127/500, Reward: -19511.78, Avg AoI: 19.51, Completed Tasks: 4954
2025-07-21 03:04:17,161 [INFO] - Episode: 128/500, Reward: -19472.30, Avg AoI: 19.47, Completed Tasks: 4969
2025-07-21 03:05:16,977 [INFO] - Episode: 129/500, Reward: -19663.25, Avg AoI: 19.66, Completed Tasks: 4962
2025-07-21 03:06:27,169 [INFO] - Episode: 130/500, Reward: -18896.41, Avg AoI: 18.90, Completed Tasks: 5077
2025-07-21 03:07:31,050 [INFO] - Episode: 131/500, Reward: -19723.52, Avg AoI: 19.72, Completed Tasks: 4960
2025-07-21 03:08:33,844 [INFO] - Episode: 132/500, Reward: -19401.52, Avg AoI: 19.40, Completed Tasks: 4958
2025-07-21 03:09:40,038 [INFO] - Episode: 133/500, Reward: -19057.41, Avg AoI: 19.06, Completed Tasks: 5047
2025-07-21 03:10:37,452 [INFO] - Episode: 134/500, Reward: -19302.43, Avg AoI: 19.30, Completed Tasks: 4976
2025-07-21 03:11:46,026 [INFO] - Episode: 135/500, Reward: -18789.92, Avg AoI: 18.79, Completed Tasks: 5099
2025-07-21 03:12:43,354 [INFO] - Episode: 136/500, Reward: -18614.90, Avg AoI: 18.61, Completed Tasks: 5159
2025-07-21 03:13:48,552 [INFO] - Episode: 137/500, Reward: -19336.11, Avg AoI: 19.34, Completed Tasks: 5024
2025-07-21 03:14:52,376 [INFO] - Episode: 138/500, Reward: -20167.33, Avg AoI: 20.17, Completed Tasks: 4934
2025-07-21 03:15:50,423 [INFO] - Episode: 139/500, Reward: -18414.56, Avg AoI: 18.41, Completed Tasks: 5202
2025-07-21 03:16:54,647 [INFO] - Episode: 140/500, Reward: -19516.57, Avg AoI: 19.52, Completed Tasks: 5029
2025-07-21 03:17:55,125 [INFO] - Episode: 141/500, Reward: -18988.05, Avg AoI: 18.99, Completed Tasks: 5081
2025-07-21 03:19:01,369 [INFO] - Episode: 142/500, Reward: -18765.30, Avg AoI: 18.77, Completed Tasks: 5148
2025-07-21 03:20:04,857 [INFO] - Episode: 143/500, Reward: -18755.70, Avg AoI: 18.76, Completed Tasks: 5113
2025-07-21 03:21:05,420 [INFO] - Episode: 144/500, Reward: -18635.41, Avg AoI: 18.64, Completed Tasks: 5166
2025-07-21 03:22:13,004 [INFO] - Episode: 145/500, Reward: -19917.24, Avg AoI: 19.92, Completed Tasks: 4993
2025-07-21 03:23:06,490 [INFO] - Episode: 146/500, Reward: -19612.41, Avg AoI: 19.61, Completed Tasks: 5009
2025-07-21 03:24:17,079 [INFO] - Episode: 147/500, Reward: -17882.14, Avg AoI: 17.88, Completed Tasks: 5323
2025-07-21 03:25:13,299 [INFO] - Episode: 148/500, Reward: -17975.54, Avg AoI: 17.98, Completed Tasks: 5318
2025-07-21 03:26:18,379 [INFO] - Episode: 149/500, Reward: -18661.67, Avg AoI: 18.66, Completed Tasks: 5152
2025-07-21 03:27:17,851 [INFO] - Episode: 150/500, Reward: -18493.75, Avg AoI: 18.49, Completed Tasks: 5234
2025-07-21 03:28:20,229 [INFO] - Episode: 151/500, Reward: -19944.67, Avg AoI: 19.94, Completed Tasks: 4775
2025-07-21 03:29:24,874 [INFO] - Episode: 152/500, Reward: -20599.22, Avg AoI: 20.60, Completed Tasks: 4664
2025-07-21 03:30:24,907 [INFO] - Episode: 153/500, Reward: -20290.81, Avg AoI: 20.29, Completed Tasks: 4693
2025-07-21 03:31:25,682 [INFO] - Episode: 154/500, Reward: -20794.29, Avg AoI: 20.79, Completed Tasks: 4598
2025-07-21 03:32:28,895 [INFO] - Episode: 155/500, Reward: -20357.19, Avg AoI: 20.36, Completed Tasks: 4678
2025-07-21 03:33:28,676 [INFO] - Episode: 156/500, Reward: -20390.27, Avg AoI: 20.39, Completed Tasks: 4688
2025-07-21 03:34:31,676 [INFO] - Episode: 157/500, Reward: -20215.62, Avg AoI: 20.22, Completed Tasks: 4698
2025-07-21 03:35:33,733 [INFO] - Episode: 158/500, Reward: -19332.16, Avg AoI: 19.33, Completed Tasks: 4857
2025-07-21 03:36:32,721 [INFO] - Episode: 159/500, Reward: -19604.08, Avg AoI: 19.60, Completed Tasks: 4823
2025-07-21 03:37:35,074 [INFO] - Episode: 160/500, Reward: -19529.00, Avg AoI: 19.53, Completed Tasks: 4832
2025-07-21 03:38:38,635 [INFO] - Episode: 161/500, Reward: -19330.40, Avg AoI: 19.33, Completed Tasks: 4843
2025-07-21 03:39:39,552 [INFO] - Episode: 162/500, Reward: -19451.06, Avg AoI: 19.45, Completed Tasks: 4798
2025-07-21 03:40:42,263 [INFO] - Episode: 163/500, Reward: -19491.32, Avg AoI: 19.49, Completed Tasks: 4766
2025-07-21 03:41:40,779 [INFO] - Episode: 164/500, Reward: -19303.44, Avg AoI: 19.30, Completed Tasks: 4797
2025-07-21 03:42:50,098 [INFO] - Episode: 165/500, Reward: -19249.57, Avg AoI: 19.25, Completed Tasks: 4799
2025-07-21 03:43:44,461 [INFO] - Episode: 166/500, Reward: -19537.46, Avg AoI: 19.54, Completed Tasks: 4773
2025-07-21 03:44:50,258 [INFO] - Episode: 167/500, Reward: -19610.54, Avg AoI: 19.61, Completed Tasks: 4755
2025-07-21 03:45:47,355 [INFO] - Episode: 168/500, Reward: -19190.56, Avg AoI: 19.19, Completed Tasks: 4816
2025-07-21 03:46:48,595 [INFO] - Episode: 169/500, Reward: -19497.57, Avg AoI: 19.50, Completed Tasks: 4789
2025-07-21 03:47:51,425 [INFO] - Episode: 170/500, Reward: -19754.60, Avg AoI: 19.75, Completed Tasks: 4777
2025-07-21 03:48:46,436 [INFO] - Episode: 171/500, Reward: -19584.35, Avg AoI: 19.58, Completed Tasks: 4776
2025-07-21 03:49:55,854 [INFO] - Episode: 172/500, Reward: -19113.78, Avg AoI: 19.11, Completed Tasks: 4838
2025-07-21 03:50:49,938 [INFO] - Episode: 173/500, Reward: -19292.98, Avg AoI: 19.29, Completed Tasks: 4820
2025-07-21 03:51:54,475 [INFO] - Episode: 174/500, Reward: -19133.54, Avg AoI: 19.13, Completed Tasks: 4836
2025-07-21 03:52:47,624 [INFO] - Episode: 175/500, Reward: -19206.30, Avg AoI: 19.21, Completed Tasks: 4858
2025-07-21 03:53:49,507 [INFO] - Episode: 176/500, Reward: -19328.65, Avg AoI: 19.33, Completed Tasks: 4833
2025-07-21 03:54:49,050 [INFO] - Episode: 177/500, Reward: -19285.76, Avg AoI: 19.29, Completed Tasks: 4828
2025-07-21 03:55:45,771 [INFO] - Episode: 178/500, Reward: -19014.40, Avg AoI: 19.01, Completed Tasks: 4885
2025-07-21 03:56:49,114 [INFO] - Episode: 179/500, Reward: -18937.52, Avg AoI: 18.94, Completed Tasks: 4906
2025-07-21 03:57:47,220 [INFO] - Episode: 180/500, Reward: -19040.25, Avg AoI: 19.04, Completed Tasks: 4920
2025-07-21 03:58:51,490 [INFO] - Episode: 181/500, Reward: -19386.70, Avg AoI: 19.39, Completed Tasks: 4864
2025-07-21 03:59:51,417 [INFO] - Episode: 182/500, Reward: -18999.81, Avg AoI: 19.00, Completed Tasks: 4905
2025-07-21 04:00:50,132 [INFO] - Episode: 183/500, Reward: -19037.32, Avg AoI: 19.04, Completed Tasks: 4915
2025-07-21 04:01:54,641 [INFO] - Episode: 184/500, Reward: -18992.76, Avg AoI: 18.99, Completed Tasks: 4924
2025-07-21 04:02:54,441 [INFO] - Episode: 185/500, Reward: -18793.54, Avg AoI: 18.79, Completed Tasks: 4928
2025-07-21 04:04:08,092 [INFO] - Episode: 186/500, Reward: -18708.81, Avg AoI: 18.71, Completed Tasks: 4970
2025-07-21 04:05:04,789 [INFO] - Episode: 187/500, Reward: -19379.11, Avg AoI: 19.38, Completed Tasks: 4913
2025-07-21 04:06:14,947 [INFO] - Episode: 188/500, Reward: -18902.52, Avg AoI: 18.90, Completed Tasks: 4983
2025-07-21 04:07:14,262 [INFO] - Episode: 189/500, Reward: -18641.51, Avg AoI: 18.64, Completed Tasks: 5016
2025-07-21 04:08:20,728 [INFO] - Episode: 190/500, Reward: -18388.56, Avg AoI: 18.39, Completed Tasks: 5047
2025-07-21 04:09:21,167 [INFO] - Episode: 191/500, Reward: -18677.70, Avg AoI: 18.68, Completed Tasks: 4978
2025-07-21 04:10:23,842 [INFO] - Episode: 192/500, Reward: -19159.60, Avg AoI: 19.16, Completed Tasks: 4961
2025-07-21 04:11:25,150 [INFO] - Episode: 193/500, Reward: -18543.97, Avg AoI: 18.54, Completed Tasks: 5034
2025-07-21 04:12:28,078 [INFO] - Episode: 194/500, Reward: -18406.25, Avg AoI: 18.41, Completed Tasks: 5050
2025-07-21 04:13:30,513 [INFO] - Episode: 195/500, Reward: -18427.33, Avg AoI: 18.43, Completed Tasks: 5051
2025-07-21 04:14:34,499 [INFO] - Episode: 196/500, Reward: -18631.63, Avg AoI: 18.63, Completed Tasks: 5036
2025-07-21 04:15:35,188 [INFO] - Episode: 197/500, Reward: -18498.86, Avg AoI: 18.50, Completed Tasks: 5035
2025-07-21 04:16:37,824 [INFO] - Episode: 198/500, Reward: -18375.37, Avg AoI: 18.38, Completed Tasks: 5067
2025-07-21 04:17:38,255 [INFO] - Episode: 199/500, Reward: -18320.71, Avg AoI: 18.32, Completed Tasks: 5084
2025-07-21 04:18:39,536 [INFO] - Episode: 200/500, Reward: -18591.00, Avg AoI: 18.59, Completed Tasks: 5064
2025-07-21 04:19:49,474 [INFO] - Episode: 201/500, Reward: -18821.49, Avg AoI: 18.82, Completed Tasks: 4959
2025-07-21 04:20:52,327 [INFO] - Episode: 202/500, Reward: -18621.30, Avg AoI: 18.62, Completed Tasks: 4990
2025-07-21 04:21:55,034 [INFO] - Episode: 203/500, Reward: -19072.52, Avg AoI: 19.07, Completed Tasks: 4948
2025-07-21 04:23:00,437 [INFO] - Episode: 204/500, Reward: -18619.71, Avg AoI: 18.62, Completed Tasks: 5011
2025-07-21 04:23:58,535 [INFO] - Episode: 205/500, Reward: -18584.84, Avg AoI: 18.58, Completed Tasks: 5017
2025-07-21 04:25:05,063 [INFO] - Episode: 206/500, Reward: -18635.40, Avg AoI: 18.64, Completed Tasks: 4970
2025-07-21 04:25:58,410 [INFO] - Episode: 207/500, Reward: -19057.81, Avg AoI: 19.06, Completed Tasks: 4960
2025-07-21 04:27:05,001 [INFO] - Episode: 208/500, Reward: -18933.49, Avg AoI: 18.93, Completed Tasks: 4982
2025-07-21 04:27:58,982 [INFO] - Episode: 209/500, Reward: -18347.43, Avg AoI: 18.35, Completed Tasks: 5065
2025-07-21 04:29:01,453 [INFO] - Episode: 210/500, Reward: -18358.70, Avg AoI: 18.36, Completed Tasks: 5067
2025-07-21 04:30:00,322 [INFO] - Episode: 211/500, Reward: -18325.60, Avg AoI: 18.33, Completed Tasks: 5065
2025-07-21 04:30:53,778 [INFO] - Episode: 212/500, Reward: -18334.40, Avg AoI: 18.33, Completed Tasks: 5062
2025-07-21 04:31:58,068 [INFO] - Episode: 213/500, Reward: -18226.83, Avg AoI: 18.23, Completed Tasks: 5089
2025-07-21 04:32:50,542 [INFO] - Episode: 214/500, Reward: -18304.44, Avg AoI: 18.30, Completed Tasks: 5106
2025-07-21 04:33:56,902 [INFO] - Episode: 215/500, Reward: -18063.17, Avg AoI: 18.06, Completed Tasks: 5089
2025-07-21 04:34:49,488 [INFO] - Episode: 216/500, Reward: -18370.62, Avg AoI: 18.37, Completed Tasks: 5077
2025-07-21 04:35:53,853 [INFO] - Episode: 217/500, Reward: -18584.40, Avg AoI: 18.58, Completed Tasks: 5008
2025-07-21 04:36:52,897 [INFO] - Episode: 218/500, Reward: -17876.78, Avg AoI: 17.88, Completed Tasks: 5121
2025-07-21 04:37:53,898 [INFO] - Episode: 219/500, Reward: -18470.73, Avg AoI: 18.47, Completed Tasks: 5069
2025-07-21 04:38:58,892 [INFO] - Episode: 220/500, Reward: -18092.97, Avg AoI: 18.09, Completed Tasks: 5091
2025-07-21 04:39:56,658 [INFO] - Episode: 221/500, Reward: -17900.13, Avg AoI: 17.90, Completed Tasks: 5164
2025-07-21 04:41:02,241 [INFO] - Episode: 222/500, Reward: -17763.59, Avg AoI: 17.76, Completed Tasks: 5167
2025-07-21 04:42:02,599 [INFO] - Episode: 223/500, Reward: -17853.06, Avg AoI: 17.85, Completed Tasks: 5189
2025-07-21 04:43:02,217 [INFO] - Episode: 224/500, Reward: -18080.46, Avg AoI: 18.08, Completed Tasks: 5139
2025-07-21 04:44:06,085 [INFO] - Episode: 225/500, Reward: -17986.24, Avg AoI: 17.99, Completed Tasks: 5121
2025-07-21 04:45:05,983 [INFO] - Episode: 226/500, Reward: -18429.60, Avg AoI: 18.43, Completed Tasks: 5076
2025-07-21 04:46:10,762 [INFO] - Episode: 227/500, Reward: -18350.83, Avg AoI: 18.35, Completed Tasks: 5081
2025-07-21 04:47:07,051 [INFO] - Episode: 228/500, Reward: -18399.89, Avg AoI: 18.40, Completed Tasks: 5094
2025-07-21 04:48:12,986 [INFO] - Episode: 229/500, Reward: -17952.02, Avg AoI: 17.95, Completed Tasks: 5132
2025-07-21 04:49:13,019 [INFO] - Episode: 230/500, Reward: -17943.19, Avg AoI: 17.94, Completed Tasks: 5140
2025-07-21 04:50:17,764 [INFO] - Episode: 231/500, Reward: -17812.52, Avg AoI: 17.81, Completed Tasks: 5173
2025-07-21 04:51:19,026 [INFO] - Episode: 232/500, Reward: -18090.49, Avg AoI: 18.09, Completed Tasks: 5144
2025-07-21 04:52:21,314 [INFO] - Episode: 233/500, Reward: -18200.94, Avg AoI: 18.20, Completed Tasks: 5098
2025-07-21 04:53:21,910 [INFO] - Episode: 234/500, Reward: -17986.83, Avg AoI: 17.99, Completed Tasks: 5162
2025-07-21 04:54:29,173 [INFO] - Episode: 235/500, Reward: -17720.19, Avg AoI: 17.72, Completed Tasks: 5183
2025-07-21 04:55:26,696 [INFO] - Episode: 236/500, Reward: -17519.06, Avg AoI: 17.52, Completed Tasks: 5243
2025-07-21 04:56:28,732 [INFO] - Episode: 237/500, Reward: -18121.67, Avg AoI: 18.12, Completed Tasks: 5130
2025-07-21 04:57:28,195 [INFO] - Episode: 238/500, Reward: -17875.71, Avg AoI: 17.88, Completed Tasks: 5151
2025-07-21 04:58:31,664 [INFO] - Episode: 239/500, Reward: -17552.63, Avg AoI: 17.55, Completed Tasks: 5253
2025-07-21 04:59:34,099 [INFO] - Episode: 240/500, Reward: -17955.84, Avg AoI: 17.96, Completed Tasks: 5182
2025-07-21 05:00:31,196 [INFO] - Episode: 241/500, Reward: -17828.02, Avg AoI: 17.83, Completed Tasks: 5205
2025-07-21 05:01:37,592 [INFO] - Episode: 242/500, Reward: -17532.65, Avg AoI: 17.53, Completed Tasks: 5229
2025-07-21 05:02:33,654 [INFO] - Episode: 243/500, Reward: -17891.14, Avg AoI: 17.89, Completed Tasks: 5156
2025-07-21 05:03:39,288 [INFO] - Episode: 244/500, Reward: -17720.41, Avg AoI: 17.72, Completed Tasks: 5206
2025-07-21 05:04:44,659 [INFO] - Episode: 245/500, Reward: -17841.16, Avg AoI: 17.84, Completed Tasks: 5199
2025-07-21 05:05:46,115 [INFO] - Episode: 246/500, Reward: -17938.38, Avg AoI: 17.94, Completed Tasks: 5174
2025-07-21 05:06:54,948 [INFO] - Episode: 247/500, Reward: -18066.75, Avg AoI: 18.07, Completed Tasks: 5150
2025-07-21 05:07:50,407 [INFO] - Episode: 248/500, Reward: -18041.32, Avg AoI: 18.04, Completed Tasks: 5179
2025-07-21 05:08:57,887 [INFO] - Episode: 249/500, Reward: -17936.11, Avg AoI: 17.94, Completed Tasks: 5171
2025-07-21 05:10:00,767 [INFO] - Episode: 250/500, Reward: -18072.32, Avg AoI: 18.07, Completed Tasks: 5115
2025-07-21 05:11:05,936 [INFO] - Episode: 251/500, Reward: -17349.33, Avg AoI: 17.35, Completed Tasks: 5224
2025-07-21 05:12:05,706 [INFO] - Episode: 252/500, Reward: -17375.75, Avg AoI: 17.38, Completed Tasks: 5269
2025-07-21 05:13:00,861 [INFO] - Episode: 253/500, Reward: -17135.60, Avg AoI: 17.14, Completed Tasks: 5282
2025-07-21 05:14:06,291 [INFO] - Episode: 254/500, Reward: -17118.71, Avg AoI: 17.12, Completed Tasks: 5296
2025-07-21 05:15:03,985 [INFO] - Episode: 255/500, Reward: -17499.13, Avg AoI: 17.50, Completed Tasks: 5238
2025-07-21 05:16:11,291 [INFO] - Episode: 256/500, Reward: -17575.79, Avg AoI: 17.58, Completed Tasks: 5244
2025-07-21 05:17:07,217 [INFO] - Episode: 257/500, Reward: -17353.89, Avg AoI: 17.35, Completed Tasks: 5272
2025-07-21 05:18:08,810 [INFO] - Episode: 258/500, Reward: -17570.10, Avg AoI: 17.57, Completed Tasks: 5266
2025-07-21 05:19:15,942 [INFO] - Episode: 259/500, Reward: -18101.17, Avg AoI: 18.10, Completed Tasks: 5146
2025-07-21 05:20:12,601 [INFO] - Episode: 260/500, Reward: -17576.52, Avg AoI: 17.58, Completed Tasks: 5240
2025-07-21 05:21:22,873 [INFO] - Episode: 261/500, Reward: -17629.84, Avg AoI: 17.63, Completed Tasks: 5269
2025-07-21 05:22:17,814 [INFO] - Episode: 262/500, Reward: -17472.25, Avg AoI: 17.47, Completed Tasks: 5266
2025-07-21 05:23:23,429 [INFO] - Episode: 263/500, Reward: -17926.10, Avg AoI: 17.93, Completed Tasks: 5172
2025-07-21 05:24:23,858 [INFO] - Episode: 264/500, Reward: -17659.08, Avg AoI: 17.66, Completed Tasks: 5219
2025-07-21 05:25:24,568 [INFO] - Episode: 265/500, Reward: -17930.84, Avg AoI: 17.93, Completed Tasks: 5226
2025-07-21 05:26:22,524 [INFO] - Episode: 266/500, Reward: -17487.27, Avg AoI: 17.49, Completed Tasks: 5266
2025-07-21 05:27:18,115 [INFO] - Episode: 267/500, Reward: -18280.14, Avg AoI: 18.28, Completed Tasks: 5146
2025-07-21 05:28:20,125 [INFO] - Episode: 268/500, Reward: -17429.35, Avg AoI: 17.43, Completed Tasks: 5283
2025-07-21 05:29:17,064 [INFO] - Episode: 269/500, Reward: -18137.59, Avg AoI: 18.14, Completed Tasks: 5126
2025-07-21 05:30:17,937 [INFO] - Episode: 270/500, Reward: -17841.14, Avg AoI: 17.84, Completed Tasks: 5167
2025-07-21 05:31:16,968 [INFO] - Episode: 271/500, Reward: -17575.08, Avg AoI: 17.58, Completed Tasks: 5209
2025-07-21 05:32:14,027 [INFO] - Episode: 272/500, Reward: -17710.43, Avg AoI: 17.71, Completed Tasks: 5212
2025-07-21 05:33:16,082 [INFO] - Episode: 273/500, Reward: -17817.95, Avg AoI: 17.82, Completed Tasks: 5224
2025-07-21 05:34:14,299 [INFO] - Episode: 274/500, Reward: -17940.19, Avg AoI: 17.94, Completed Tasks: 5170
2025-07-21 05:35:14,176 [INFO] - Episode: 275/500, Reward: -17663.63, Avg AoI: 17.66, Completed Tasks: 5251
2025-07-21 05:36:12,315 [INFO] - Episode: 276/500, Reward: -17725.19, Avg AoI: 17.73, Completed Tasks: 5209
2025-07-21 05:37:10,614 [INFO] - Episode: 277/500, Reward: -17639.71, Avg AoI: 17.64, Completed Tasks: 5249
2025-07-21 05:38:11,962 [INFO] - Episode: 278/500, Reward: -17448.44, Avg AoI: 17.45, Completed Tasks: 5274
2025-07-21 05:39:11,709 [INFO] - Episode: 279/500, Reward: -17945.33, Avg AoI: 17.95, Completed Tasks: 5200
2025-07-21 05:40:14,716 [INFO] - Episode: 280/500, Reward: -17917.71, Avg AoI: 17.92, Completed Tasks: 5194
2025-07-21 05:41:17,403 [INFO] - Episode: 281/500, Reward: -18048.03, Avg AoI: 18.05, Completed Tasks: 5184
2025-07-21 05:42:11,618 [INFO] - Episode: 282/500, Reward: -17777.49, Avg AoI: 17.78, Completed Tasks: 5229
2025-07-21 05:43:17,782 [INFO] - Episode: 283/500, Reward: -18038.54, Avg AoI: 18.04, Completed Tasks: 5211
2025-07-21 05:44:15,095 [INFO] - Episode: 284/500, Reward: -17391.41, Avg AoI: 17.39, Completed Tasks: 5310
2025-07-21 05:45:19,318 [INFO] - Episode: 285/500, Reward: -17455.52, Avg AoI: 17.46, Completed Tasks: 5267
2025-07-21 05:46:20,045 [INFO] - Episode: 286/500, Reward: -17810.00, Avg AoI: 17.81, Completed Tasks: 5212
2025-07-21 05:47:19,052 [INFO] - Episode: 287/500, Reward: -17735.08, Avg AoI: 17.74, Completed Tasks: 5220
2025-07-21 05:48:22,940 [INFO] - Episode: 288/500, Reward: -17271.41, Avg AoI: 17.27, Completed Tasks: 5320
2025-07-21 05:49:20,729 [INFO] - Episode: 289/500, Reward: -17476.62, Avg AoI: 17.48, Completed Tasks: 5289
2025-07-21 05:50:23,268 [INFO] - Episode: 290/500, Reward: -17310.33, Avg AoI: 17.31, Completed Tasks: 5306
2025-07-21 05:51:22,682 [INFO] - Episode: 291/500, Reward: -17615.76, Avg AoI: 17.62, Completed Tasks: 5233
2025-07-21 05:52:19,078 [INFO] - Episode: 292/500, Reward: -17804.78, Avg AoI: 17.80, Completed Tasks: 5179
2025-07-21 05:53:23,524 [INFO] - Episode: 293/500, Reward: -17910.24, Avg AoI: 17.91, Completed Tasks: 5195
2025-07-21 05:54:16,233 [INFO] - Episode: 294/500, Reward: -17797.02, Avg AoI: 17.80, Completed Tasks: 5192
2025-07-21 05:55:20,006 [INFO] - Episode: 295/500, Reward: -17691.68, Avg AoI: 17.69, Completed Tasks: 5261
2025-07-21 05:56:13,200 [INFO] - Episode: 296/500, Reward: -17198.40, Avg AoI: 17.20, Completed Tasks: 5336
2025-07-21 05:57:17,365 [INFO] - Episode: 297/500, Reward: -17257.84, Avg AoI: 17.26, Completed Tasks: 5326
2025-07-21 05:58:15,850 [INFO] - Episode: 298/500, Reward: -17432.97, Avg AoI: 17.43, Completed Tasks: 5294
2025-07-21 05:59:12,915 [INFO] - Episode: 299/500, Reward: -17931.54, Avg AoI: 17.93, Completed Tasks: 5203
2025-07-21 06:00:20,395 [INFO] - Episode: 300/500, Reward: -17222.87, Avg AoI: 17.22, Completed Tasks: 5342
2025-07-21 06:01:13,502 [INFO] - Episode: 301/500, Reward: -17528.78, Avg AoI: 17.53, Completed Tasks: 5285
2025-07-21 06:02:22,989 [INFO] - Episode: 302/500, Reward: -17538.73, Avg AoI: 17.54, Completed Tasks: 5260
2025-07-21 06:03:19,461 [INFO] - Episode: 303/500, Reward: -17533.81, Avg AoI: 17.53, Completed Tasks: 5262
2025-07-21 06:04:23,729 [INFO] - Episode: 304/500, Reward: -17250.48, Avg AoI: 17.25, Completed Tasks: 5354
2025-07-21 06:05:23,315 [INFO] - Episode: 305/500, Reward: -17367.65, Avg AoI: 17.37, Completed Tasks: 5332
2025-07-21 06:06:24,513 [INFO] - Episode: 306/500, Reward: -17175.14, Avg AoI: 17.18, Completed Tasks: 5338
2025-07-21 06:07:27,181 [INFO] - Episode: 307/500, Reward: -17524.79, Avg AoI: 17.52, Completed Tasks: 5265
2025-07-21 06:08:23,948 [INFO] - Episode: 308/500, Reward: -17657.30, Avg AoI: 17.66, Completed Tasks: 5227
2025-07-21 06:09:28,572 [INFO] - Episode: 309/500, Reward: -17819.29, Avg AoI: 17.82, Completed Tasks: 5184
2025-07-21 06:10:33,459 [INFO] - Episode: 310/500, Reward: -17713.38, Avg AoI: 17.71, Completed Tasks: 5237
2025-07-21 06:11:35,398 [INFO] - Episode: 311/500, Reward: -17443.49, Avg AoI: 17.44, Completed Tasks: 5277
2025-07-21 06:12:39,779 [INFO] - Episode: 312/500, Reward: -17561.89, Avg AoI: 17.56, Completed Tasks: 5256
2025-07-21 06:13:39,907 [INFO] - Episode: 313/500, Reward: -17901.52, Avg AoI: 17.90, Completed Tasks: 5190
2025-07-21 06:14:45,764 [INFO] - Episode: 314/500, Reward: -18199.97, Avg AoI: 18.20, Completed Tasks: 5145
2025-07-21 06:15:49,060 [INFO] - Episode: 315/500, Reward: -17674.90, Avg AoI: 17.67, Completed Tasks: 5200
2025-07-21 06:16:54,981 [INFO] - Episode: 316/500, Reward: -18175.57, Avg AoI: 18.18, Completed Tasks: 5162
2025-07-21 06:17:52,833 [INFO] - Episode: 317/500, Reward: -18012.98, Avg AoI: 18.01, Completed Tasks: 5158
2025-07-21 06:19:00,062 [INFO] - Episode: 318/500, Reward: -18184.56, Avg AoI: 18.18, Completed Tasks: 5124
2025-07-21 06:19:58,146 [INFO] - Episode: 319/500, Reward: -17779.60, Avg AoI: 17.78, Completed Tasks: 5179
2025-07-21 06:21:06,648 [INFO] - Episode: 320/500, Reward: -17916.06, Avg AoI: 17.92, Completed Tasks: 5191
2025-07-21 06:21:59,654 [INFO] - Episode: 321/500, Reward: -17872.78, Avg AoI: 17.87, Completed Tasks: 5216
2025-07-21 06:23:08,945 [INFO] - Episode: 322/500, Reward: -17941.21, Avg AoI: 17.94, Completed Tasks: 5179
2025-07-21 06:24:06,298 [INFO] - Episode: 323/500, Reward: -18139.62, Avg AoI: 18.14, Completed Tasks: 5140
2025-07-21 06:25:09,717 [INFO] - Episode: 324/500, Reward: -18022.44, Avg AoI: 18.02, Completed Tasks: 5163
2025-07-21 06:26:11,780 [INFO] - Episode: 325/500, Reward: -17469.62, Avg AoI: 17.47, Completed Tasks: 5282
2025-07-21 06:27:10,926 [INFO] - Episode: 326/500, Reward: -17334.43, Avg AoI: 17.33, Completed Tasks: 5321
2025-07-21 06:28:13,793 [INFO] - Episode: 327/500, Reward: -17974.81, Avg AoI: 17.97, Completed Tasks: 5154
2025-07-21 06:29:10,313 [INFO] - Episode: 328/500, Reward: -17590.13, Avg AoI: 17.59, Completed Tasks: 5236
2025-07-21 06:30:13,560 [INFO] - Episode: 329/500, Reward: -17655.63, Avg AoI: 17.66, Completed Tasks: 5229
2025-07-21 06:31:09,931 [INFO] - Episode: 330/500, Reward: -17916.05, Avg AoI: 17.92, Completed Tasks: 5176
2025-07-21 06:32:07,490 [INFO] - Episode: 331/500, Reward: -18004.89, Avg AoI: 18.00, Completed Tasks: 5145
2025-07-21 06:33:07,720 [INFO] - Episode: 332/500, Reward: -18110.13, Avg AoI: 18.11, Completed Tasks: 5144
2025-07-21 06:34:01,386 [INFO] - Episode: 333/500, Reward: -17622.29, Avg AoI: 17.62, Completed Tasks: 5218
2025-07-21 06:35:07,514 [INFO] - Episode: 334/500, Reward: -18112.17, Avg AoI: 18.11, Completed Tasks: 5162
2025-07-21 06:36:01,525 [INFO] - Episode: 335/500, Reward: -17900.70, Avg AoI: 17.90, Completed Tasks: 5167
2025-07-21 06:37:05,062 [INFO] - Episode: 336/500, Reward: -18132.02, Avg AoI: 18.13, Completed Tasks: 5101
2025-07-21 06:38:03,257 [INFO] - Episode: 337/500, Reward: -17927.51, Avg AoI: 17.93, Completed Tasks: 5187
2025-07-21 06:39:00,922 [INFO] - Episode: 338/500, Reward: -18106.48, Avg AoI: 18.11, Completed Tasks: 5135
2025-07-21 06:40:07,044 [INFO] - Episode: 339/500, Reward: -18573.98, Avg AoI: 18.57, Completed Tasks: 5057
2025-07-21 06:40:59,514 [INFO] - Episode: 340/500, Reward: -18014.59, Avg AoI: 18.01, Completed Tasks: 5126
2025-07-21 06:42:09,890 [INFO] - Episode: 341/500, Reward: -17715.25, Avg AoI: 17.72, Completed Tasks: 5205
2025-07-21 06:43:02,962 [INFO] - Episode: 342/500, Reward: -18583.08, Avg AoI: 18.58, Completed Tasks: 5042
2025-07-21 06:44:11,988 [INFO] - Episode: 343/500, Reward: -18145.41, Avg AoI: 18.15, Completed Tasks: 5114
2025-07-21 06:45:11,148 [INFO] - Episode: 344/500, Reward: -17874.48, Avg AoI: 17.87, Completed Tasks: 5155
2025-07-21 06:46:18,033 [INFO] - Episode: 345/500, Reward: -17885.25, Avg AoI: 17.89, Completed Tasks: 5145
2025-07-21 06:47:18,658 [INFO] - Episode: 346/500, Reward: -18036.25, Avg AoI: 18.04, Completed Tasks: 5151
2025-07-21 06:48:21,186 [INFO] - Episode: 347/500, Reward: -17794.22, Avg AoI: 17.79, Completed Tasks: 5146
2025-07-21 06:49:28,294 [INFO] - Episode: 348/500, Reward: -18375.10, Avg AoI: 18.38, Completed Tasks: 5070
2025-07-21 06:50:28,429 [INFO] - Episode: 349/500, Reward: -18001.30, Avg AoI: 18.00, Completed Tasks: 5124
2025-07-21 06:51:28,129 [INFO] - Episode: 350/500, Reward: -18191.68, Avg AoI: 18.19, Completed Tasks: 5106
2025-07-21 06:52:32,100 [INFO] - Episode: 351/500, Reward: -18113.71, Avg AoI: 18.11, Completed Tasks: 4963
2025-07-21 06:53:31,497 [INFO] - Episode: 352/500, Reward: -18243.03, Avg AoI: 18.24, Completed Tasks: 4985
2025-07-21 06:54:34,826 [INFO] - Episode: 353/500, Reward: -17748.75, Avg AoI: 17.75, Completed Tasks: 5117
2025-07-21 06:55:33,289 [INFO] - Episode: 354/500, Reward: -18252.59, Avg AoI: 18.25, Completed Tasks: 5022
2025-07-21 06:56:35,640 [INFO] - Episode: 355/500, Reward: -18333.24, Avg AoI: 18.33, Completed Tasks: 4998
2025-07-21 06:57:33,501 [INFO] - Episode: 356/500, Reward: -18652.98, Avg AoI: 18.65, Completed Tasks: 4966
2025-07-21 06:58:37,773 [INFO] - Episode: 357/500, Reward: -18336.05, Avg AoI: 18.34, Completed Tasks: 5051
2025-07-21 06:59:40,014 [INFO] - Episode: 358/500, Reward: -18358.22, Avg AoI: 18.36, Completed Tasks: 5050
2025-07-21 07:00:45,767 [INFO] - Episode: 359/500, Reward: -18630.89, Avg AoI: 18.63, Completed Tasks: 4961
2025-07-21 07:01:46,319 [INFO] - Episode: 360/500, Reward: -18583.87, Avg AoI: 18.58, Completed Tasks: 4996
2025-07-21 07:02:54,658 [INFO] - Episode: 361/500, Reward: -18218.51, Avg AoI: 18.22, Completed Tasks: 5082
2025-07-21 07:03:52,501 [INFO] - Episode: 362/500, Reward: -18158.57, Avg AoI: 18.16, Completed Tasks: 5068
2025-07-21 07:04:58,878 [INFO] - Episode: 363/500, Reward: -18677.35, Avg AoI: 18.68, Completed Tasks: 5009
2025-07-21 07:05:56,577 [INFO] - Episode: 364/500, Reward: -18482.03, Avg AoI: 18.48, Completed Tasks: 5064
2025-07-21 07:06:58,887 [INFO] - Episode: 365/500, Reward: -18984.19, Avg AoI: 18.98, Completed Tasks: 4956
2025-07-21 07:07:59,993 [INFO] - Episode: 366/500, Reward: -18542.63, Avg AoI: 18.54, Completed Tasks: 5087
2025-07-21 07:08:58,705 [INFO] - Episode: 367/500, Reward: -17763.06, Avg AoI: 17.76, Completed Tasks: 5191
2025-07-21 07:10:02,839 [INFO] - Episode: 368/500, Reward: -18108.51, Avg AoI: 18.11, Completed Tasks: 5105
2025-07-21 07:11:03,190 [INFO] - Episode: 369/500, Reward: -18494.84, Avg AoI: 18.49, Completed Tasks: 5041
2025-07-21 07:12:07,565 [INFO] - Episode: 370/500, Reward: -18015.27, Avg AoI: 18.02, Completed Tasks: 5138
2025-07-21 07:13:05,371 [INFO] - Episode: 371/500, Reward: -17934.60, Avg AoI: 17.93, Completed Tasks: 5128
2025-07-21 07:14:02,694 [INFO] - Episode: 372/500, Reward: -18301.87, Avg AoI: 18.30, Completed Tasks: 5091
2025-07-21 07:15:05,025 [INFO] - Episode: 373/500, Reward: -17913.03, Avg AoI: 17.91, Completed Tasks: 5158
2025-07-21 07:15:58,944 [INFO] - Episode: 374/500, Reward: -18158.19, Avg AoI: 18.16, Completed Tasks: 5082
2025-07-21 07:16:59,928 [INFO] - Episode: 375/500, Reward: -17930.03, Avg AoI: 17.93, Completed Tasks: 5121
2025-07-21 07:17:56,399 [INFO] - Episode: 376/500, Reward: -17619.21, Avg AoI: 17.62, Completed Tasks: 5190
2025-07-21 07:19:01,813 [INFO] - Episode: 377/500, Reward: -17801.97, Avg AoI: 17.80, Completed Tasks: 5175
2025-07-21 07:20:02,094 [INFO] - Episode: 378/500, Reward: -18220.10, Avg AoI: 18.22, Completed Tasks: 5119
2025-07-21 07:20:58,215 [INFO] - Episode: 379/500, Reward: -18288.32, Avg AoI: 18.29, Completed Tasks: 5093
2025-07-21 07:22:04,610 [INFO] - Episode: 380/500, Reward: -18425.63, Avg AoI: 18.43, Completed Tasks: 5055
2025-07-21 07:23:01,058 [INFO] - Episode: 381/500, Reward: -35099.54, Avg AoI: 35.10, Completed Tasks: 4052
2025-07-21 07:24:11,083 [INFO] - Episode: 382/500, Reward: -18393.92, Avg AoI: 18.39, Completed Tasks: 5172
2025-07-21 07:25:07,702 [INFO] - Episode: 383/500, Reward: -17698.32, Avg AoI: 17.70, Completed Tasks: 5207
2025-07-21 07:26:14,407 [INFO] - Episode: 384/500, Reward: -18065.19, Avg AoI: 18.07, Completed Tasks: 5132
2025-07-21 07:27:16,661 [INFO] - Episode: 385/500, Reward: -18855.86, Avg AoI: 18.86, Completed Tasks: 4967
2025-07-21 07:28:17,615 [INFO] - Episode: 386/500, Reward: -18065.60, Avg AoI: 18.07, Completed Tasks: 5156
2025-07-21 07:29:20,337 [INFO] - Episode: 387/500, Reward: -17926.10, Avg AoI: 17.93, Completed Tasks: 5188
2025-07-21 07:30:17,525 [INFO] - Episode: 388/500, Reward: -18348.29, Avg AoI: 18.35, Completed Tasks: 5148
2025-07-21 07:31:21,579 [INFO] - Episode: 389/500, Reward: -18040.68, Avg AoI: 18.04, Completed Tasks: 5135
2025-07-21 07:32:22,592 [INFO] - Episode: 390/500, Reward: -19007.37, Avg AoI: 19.01, Completed Tasks: 4966
2025-07-21 07:33:22,445 [INFO] - Episode: 391/500, Reward: -18152.56, Avg AoI: 18.15, Completed Tasks: 5133
2025-07-21 07:34:25,540 [INFO] - Episode: 392/500, Reward: -18064.08, Avg AoI: 18.06, Completed Tasks: 5151
2025-07-21 07:35:25,304 [INFO] - Episode: 393/500, Reward: -17599.90, Avg AoI: 17.60, Completed Tasks: 5264
2025-07-21 07:36:26,942 [INFO] - Episode: 394/500, Reward: -17419.48, Avg AoI: 17.42, Completed Tasks: 5237
2025-07-21 07:37:25,249 [INFO] - Episode: 395/500, Reward: -17580.75, Avg AoI: 17.58, Completed Tasks: 5226
2025-07-21 07:38:26,946 [INFO] - Episode: 396/500, Reward: -18122.37, Avg AoI: 18.12, Completed Tasks: 5100
2025-07-21 07:39:28,749 [INFO] - Episode: 397/500, Reward: -18260.00, Avg AoI: 18.26, Completed Tasks: 5110
2025-07-21 07:40:29,527 [INFO] - Episode: 398/500, Reward: -18793.27, Avg AoI: 18.79, Completed Tasks: 5022
2025-07-21 07:41:32,909 [INFO] - Episode: 399/500, Reward: -19392.22, Avg AoI: 19.39, Completed Tasks: 5023
2025-07-21 07:42:31,658 [INFO] - Episode: 400/500, Reward: -17830.86, Avg AoI: 17.83, Completed Tasks: 5199
2025-07-21 07:43:33,640 [INFO] - Episode: 401/500, Reward: -18021.60, Avg AoI: 18.02, Completed Tasks: 5180
2025-07-21 07:44:36,635 [INFO] - Episode: 402/500, Reward: -17521.92, Avg AoI: 17.52, Completed Tasks: 5263
2025-07-21 07:45:37,132 [INFO] - Episode: 403/500, Reward: -17795.37, Avg AoI: 17.80, Completed Tasks: 5188
2025-07-21 07:46:35,239 [INFO] - Episode: 404/500, Reward: -17213.59, Avg AoI: 17.21, Completed Tasks: 5324
2025-07-21 07:47:38,450 [INFO] - Episode: 405/500, Reward: -18173.87, Avg AoI: 18.17, Completed Tasks: 5161
2025-07-21 07:48:39,363 [INFO] - Episode: 406/500, Reward: -18035.79, Avg AoI: 18.04, Completed Tasks: 5154
2025-07-21 07:49:44,954 [INFO] - Episode: 407/500, Reward: -17716.79, Avg AoI: 17.72, Completed Tasks: 5233
2025-07-21 07:50:38,880 [INFO] - Episode: 408/500, Reward: -17921.76, Avg AoI: 17.92, Completed Tasks: 5172
2025-07-21 07:51:48,612 [INFO] - Episode: 409/500, Reward: -18006.76, Avg AoI: 18.01, Completed Tasks: 5203
2025-07-21 07:52:43,713 [INFO] - Episode: 410/500, Reward: -18508.62, Avg AoI: 18.51, Completed Tasks: 5086
2025-07-21 07:53:52,926 [INFO] - Episode: 411/500, Reward: -17659.24, Avg AoI: 17.66, Completed Tasks: 5235
2025-07-21 07:54:52,367 [INFO] - Episode: 412/500, Reward: -18255.51, Avg AoI: 18.26, Completed Tasks: 5152
2025-07-21 07:55:55,470 [INFO] - Episode: 413/500, Reward: -17808.87, Avg AoI: 17.81, Completed Tasks: 5253
2025-07-21 07:56:59,788 [INFO] - Episode: 414/500, Reward: -17937.62, Avg AoI: 17.94, Completed Tasks: 5208
2025-07-21 07:57:56,353 [INFO] - Episode: 415/500, Reward: -17971.94, Avg AoI: 17.97, Completed Tasks: 5162
2025-07-21 07:59:04,299 [INFO] - Episode: 416/500, Reward: -17774.46, Avg AoI: 17.77, Completed Tasks: 5223
2025-07-21 08:00:03,093 [INFO] - Episode: 417/500, Reward: -17250.08, Avg AoI: 17.25, Completed Tasks: 5346
2025-07-21 08:01:04,754 [INFO] - Episode: 418/500, Reward: -17560.43, Avg AoI: 17.56, Completed Tasks: 5258
2025-07-21 08:02:06,745 [INFO] - Episode: 419/500, Reward: -17736.83, Avg AoI: 17.74, Completed Tasks: 5272
2025-07-21 08:03:02,519 [INFO] - Episode: 420/500, Reward: -17471.81, Avg AoI: 17.47, Completed Tasks: 5285
2025-07-21 08:04:08,033 [INFO] - Episode: 421/500, Reward: -17934.43, Avg AoI: 17.93, Completed Tasks: 5187
2025-07-21 08:05:11,391 [INFO] - Episode: 422/500, Reward: -18015.11, Avg AoI: 18.02, Completed Tasks: 5178
2025-07-21 08:06:19,530 [INFO] - Episode: 423/500, Reward: -18155.27, Avg AoI: 18.16, Completed Tasks: 5210
2025-07-21 08:07:23,688 [INFO] - Episode: 424/500, Reward: -17207.67, Avg AoI: 17.21, Completed Tasks: 5383
2025-07-21 08:08:31,547 [INFO] - Episode: 425/500, Reward: -17912.21, Avg AoI: 17.91, Completed Tasks: 5218
2025-07-21 08:09:40,091 [INFO] - Episode: 426/500, Reward: -17597.89, Avg AoI: 17.60, Completed Tasks: 5271
2025-07-21 08:10:38,267 [INFO] - Episode: 427/500, Reward: -18639.90, Avg AoI: 18.64, Completed Tasks: 5080
2025-07-21 08:11:49,733 [INFO] - Episode: 428/500, Reward: -17693.22, Avg AoI: 17.69, Completed Tasks: 5283
2025-07-21 08:12:47,519 [INFO] - Episode: 429/500, Reward: -18098.30, Avg AoI: 18.10, Completed Tasks: 5151
2025-07-21 08:13:58,608 [INFO] - Episode: 430/500, Reward: -17722.03, Avg AoI: 17.72, Completed Tasks: 5249
2025-07-21 08:14:55,684 [INFO] - Episode: 431/500, Reward: -17514.13, Avg AoI: 17.51, Completed Tasks: 5287
2025-07-21 08:15:59,008 [INFO] - Episode: 432/500, Reward: -18925.89, Avg AoI: 18.93, Completed Tasks: 5006
2025-07-21 08:17:03,202 [INFO] - Episode: 433/500, Reward: -18055.17, Avg AoI: 18.06, Completed Tasks: 5249
2025-07-21 08:18:06,428 [INFO] - Episode: 434/500, Reward: -17480.25, Avg AoI: 17.48, Completed Tasks: 5324
2025-07-21 08:19:09,879 [INFO] - Episode: 435/500, Reward: -17790.25, Avg AoI: 17.79, Completed Tasks: 5207
2025-07-21 08:20:08,627 [INFO] - Episode: 436/500, Reward: -18370.97, Avg AoI: 18.37, Completed Tasks: 5119
2025-07-21 08:21:10,986 [INFO] - Episode: 437/500, Reward: -17628.68, Avg AoI: 17.63, Completed Tasks: 5245
2025-07-21 08:22:13,921 [INFO] - Episode: 438/500, Reward: -18430.27, Avg AoI: 18.43, Completed Tasks: 5077
2025-07-21 08:23:13,429 [INFO] - Episode: 439/500, Reward: -18109.30, Avg AoI: 18.11, Completed Tasks: 5165
2025-07-21 08:24:17,785 [INFO] - Episode: 440/500, Reward: -17620.14, Avg AoI: 17.62, Completed Tasks: 5203
2025-07-21 08:25:16,907 [INFO] - Episode: 441/500, Reward: -17619.00, Avg AoI: 17.62, Completed Tasks: 5205
2025-07-21 08:26:20,848 [INFO] - Episode: 442/500, Reward: -17571.98, Avg AoI: 17.57, Completed Tasks: 5234
2025-07-21 08:27:21,552 [INFO] - Episode: 443/500, Reward: -17914.70, Avg AoI: 17.91, Completed Tasks: 5172
2025-07-21 08:28:23,680 [INFO] - Episode: 444/500, Reward: -17857.13, Avg AoI: 17.86, Completed Tasks: 5203
2025-07-21 08:29:24,159 [INFO] - Episode: 445/500, Reward: -17893.21, Avg AoI: 17.89, Completed Tasks: 5208
2025-07-21 08:30:26,293 [INFO] - Episode: 446/500, Reward: -18129.71, Avg AoI: 18.13, Completed Tasks: 5135
2025-07-21 08:31:26,799 [INFO] - Episode: 447/500, Reward: -17672.92, Avg AoI: 17.67, Completed Tasks: 5214
2025-07-21 08:32:30,876 [INFO] - Episode: 448/500, Reward: -18767.73, Avg AoI: 18.77, Completed Tasks: 5100
2025-07-21 08:33:26,610 [INFO] - Episode: 449/500, Reward: -18120.87, Avg AoI: 18.12, Completed Tasks: 5181
2025-07-21 08:34:33,198 [INFO] - Episode: 450/500, Reward: -18876.33, Avg AoI: 18.88, Completed Tasks: 5105
2025-07-21 08:35:30,787 [INFO] - Episode: 451/500, Reward: -19089.21, Avg AoI: 19.09, Completed Tasks: 4973
2025-07-21 08:36:31,474 [INFO] - Episode: 452/500, Reward: -18537.24, Avg AoI: 18.54, Completed Tasks: 5076
2025-07-21 08:37:34,674 [INFO] - Episode: 453/500, Reward: -18728.38, Avg AoI: 18.73, Completed Tasks: 5037
2025-07-21 08:38:31,843 [INFO] - Episode: 454/500, Reward: -17820.79, Avg AoI: 17.82, Completed Tasks: 5251
2025-07-21 08:39:40,838 [INFO] - Episode: 455/500, Reward: -18046.43, Avg AoI: 18.05, Completed Tasks: 5171
2025-07-21 08:40:32,834 [INFO] - Episode: 456/500, Reward: -17953.98, Avg AoI: 17.95, Completed Tasks: 5200
2025-07-21 08:41:38,551 [INFO] - Episode: 457/500, Reward: -18089.70, Avg AoI: 18.09, Completed Tasks: 5167
2025-07-21 08:42:30,345 [INFO] - Episode: 458/500, Reward: -17754.14, Avg AoI: 17.75, Completed Tasks: 5234
2025-07-21 08:43:33,756 [INFO] - Episode: 459/500, Reward: -18201.32, Avg AoI: 18.20, Completed Tasks: 5203
2025-07-21 08:44:32,014 [INFO] - Episode: 460/500, Reward: -17647.63, Avg AoI: 17.65, Completed Tasks: 5259
2025-07-21 08:45:28,462 [INFO] - Episode: 461/500, Reward: -17560.32, Avg AoI: 17.56, Completed Tasks: 5332
2025-07-21 08:46:30,622 [INFO] - Episode: 462/500, Reward: -17532.84, Avg AoI: 17.53, Completed Tasks: 5299
2025-07-21 08:47:26,016 [INFO] - Episode: 463/500, Reward: -17196.43, Avg AoI: 17.20, Completed Tasks: 5375
2025-07-21 08:48:28,765 [INFO] - Episode: 464/500, Reward: -17950.57, Avg AoI: 17.95, Completed Tasks: 5217
2025-07-21 08:49:23,296 [INFO] - Episode: 465/500, Reward: -17988.59, Avg AoI: 17.99, Completed Tasks: 5166
2025-07-21 08:50:25,298 [INFO] - Episode: 466/500, Reward: -17567.81, Avg AoI: 17.57, Completed Tasks: 5290
2025-07-21 08:51:25,908 [INFO] - Episode: 467/500, Reward: -17753.13, Avg AoI: 17.75, Completed Tasks: 5234
2025-07-21 08:52:22,894 [INFO] - Episode: 468/500, Reward: -17635.86, Avg AoI: 17.64, Completed Tasks: 5262
2025-07-21 08:53:27,648 [INFO] - Episode: 469/500, Reward: -18909.41, Avg AoI: 18.91, Completed Tasks: 5097
2025-07-21 08:54:25,804 [INFO] - Episode: 470/500, Reward: -18147.84, Avg AoI: 18.15, Completed Tasks: 5209
2025-07-21 08:55:30,130 [INFO] - Episode: 471/500, Reward: -18041.37, Avg AoI: 18.04, Completed Tasks: 5205
2025-07-21 08:56:31,428 [INFO] - Episode: 472/500, Reward: -19775.52, Avg AoI: 19.78, Completed Tasks: 4967
2025-07-21 08:57:30,324 [INFO] - Episode: 473/500, Reward: -19156.71, Avg AoI: 19.16, Completed Tasks: 4941
2025-07-21 08:58:31,551 [INFO] - Episode: 474/500, Reward: -20755.03, Avg AoI: 20.76, Completed Tasks: 4847
2025-07-21 08:59:27,295 [INFO] - Episode: 475/500, Reward: -19699.62, Avg AoI: 19.70, Completed Tasks: 4943
2025-07-21 09:00:30,283 [INFO] - Episode: 476/500, Reward: -17939.29, Avg AoI: 17.94, Completed Tasks: 5245
2025-07-21 09:01:28,501 [INFO] - Episode: 477/500, Reward: -18714.75, Avg AoI: 18.71, Completed Tasks: 5103
2025-07-21 09:02:30,178 [INFO] - Episode: 478/500, Reward: -18124.56, Avg AoI: 18.12, Completed Tasks: 5234
2025-07-21 09:03:32,718 [INFO] - Episode: 479/500, Reward: -18334.03, Avg AoI: 18.33, Completed Tasks: 5180
2025-07-21 09:04:32,229 [INFO] - Episode: 480/500, Reward: -17261.11, Avg AoI: 17.26, Completed Tasks: 5351
2025-07-21 09:05:33,807 [INFO] - Episode: 481/500, Reward: -17916.13, Avg AoI: 17.92, Completed Tasks: 5237
2025-07-21 09:06:35,139 [INFO] - Episode: 482/500, Reward: -17820.02, Avg AoI: 17.82, Completed Tasks: 5223
2025-07-21 09:07:37,107 [INFO] - Episode: 483/500, Reward: -18631.75, Avg AoI: 18.63, Completed Tasks: 5147
2025-07-21 09:08:35,863 [INFO] - Episode: 484/500, Reward: -17033.71, Avg AoI: 17.03, Completed Tasks: 5420
2025-07-21 09:09:34,121 [INFO] - Episode: 485/500, Reward: -17419.70, Avg AoI: 17.42, Completed Tasks: 5316
2025-07-21 09:10:35,834 [INFO] - Episode: 486/500, Reward: -17061.52, Avg AoI: 17.06, Completed Tasks: 5368
2025-07-21 09:11:35,242 [INFO] - Episode: 487/500, Reward: -17264.56, Avg AoI: 17.26, Completed Tasks: 5318
2025-07-21 09:12:35,721 [INFO] - Episode: 488/500, Reward: -16952.70, Avg AoI: 16.95, Completed Tasks: 5406
2025-07-21 09:13:36,711 [INFO] - Episode: 489/500, Reward: -17355.83, Avg AoI: 17.36, Completed Tasks: 5306
2025-07-21 09:14:30,336 [INFO] - Episode: 490/500, Reward: -17423.79, Avg AoI: 17.42, Completed Tasks: 5295
2025-07-21 09:15:36,952 [INFO] - Episode: 491/500, Reward: -17328.68, Avg AoI: 17.33, Completed Tasks: 5306
2025-07-21 09:16:31,388 [INFO] - Episode: 492/500, Reward: -20507.14, Avg AoI: 20.51, Completed Tasks: 4827
2025-07-21 09:17:32,369 [INFO] - Episode: 493/500, Reward: -18297.33, Avg AoI: 18.30, Completed Tasks: 5147
2025-07-21 09:18:30,317 [INFO] - Episode: 494/500, Reward: -18352.59, Avg AoI: 18.35, Completed Tasks: 5153
2025-07-21 09:19:28,474 [INFO] - Episode: 495/500, Reward: -19047.29, Avg AoI: 19.05, Completed Tasks: 5097
2025-07-21 09:20:36,941 [INFO] - Episode: 496/500, Reward: -18392.86, Avg AoI: 18.39, Completed Tasks: 5158
2025-07-21 09:21:30,075 [INFO] - Episode: 497/500, Reward: -17589.40, Avg AoI: 17.59, Completed Tasks: 5289
2025-07-21 09:22:40,709 [INFO] - Episode: 498/500, Reward: -17978.24, Avg AoI: 17.98, Completed Tasks: 5179
2025-07-21 09:23:34,562 [INFO] - Episode: 499/500, Reward: -17493.92, Avg AoI: 17.49, Completed Tasks: 5308
2025-07-21 09:24:39,594 [INFO] - Episode: 500/500, Reward: -17628.06, Avg AoI: 17.63, Completed Tasks: 5291
2025-07-21 09:24:39,638 [INFO] - Training finished.
