2025-07-17 12:26:47,532 [INFO] - Logger initialized.
2025-07-17 12:26:47,533 [INFO] - --- Training Configuration ---
2025-07-17 12:26:47,533 [INFO] - n_users: 21
2025-07-17 12:26:47,533 [INFO] - n_servers: 9
2025-07-17 12:26:47,533 [INFO] - batch_proc_time: {'base': 3, 'per_task': 2}
2025-07-17 12:26:47,533 [INFO] - max_batch_size: 3
2025-07-17 12:26:47,533 [INFO] - num_episodes: 500
2025-07-17 12:26:47,533 [INFO] - episode_length: 1000
2025-07-17 12:26:47,533 [INFO] - actor_lr: 1e-05
2025-07-17 12:26:47,533 [INFO] - critic_lr: 1e-05
2025-07-17 12:26:47,533 [INFO] - gamma: 0.99
2025-07-17 12:26:47,533 [INFO] - gae_lambda: 0.95
2025-07-17 12:26:47,533 [INFO] - clip_ratio: 0.2
2025-07-17 12:26:47,533 [INFO] - update_epochs: 4
2025-07-17 12:26:47,535 [INFO] - mini_batch_size: 128
2025-07-17 12:26:47,535 [INFO] - entropy_coeff: 0.01
2025-07-17 12:26:47,535 [INFO] - max_grad_norm: 1.0
2025-07-17 12:26:47,535 [INFO] - use_global: True
2025-07-17 12:26:47,536 [INFO] - use_mean_field: False
2025-07-17 12:26:47,536 [INFO] - log_dir: logs/mappo_mf_21_9_Global_NoMF_1e-05
2025-07-17 12:26:47,536 [INFO] - --------------------------
2025-07-17 12:26:48,543 [INFO] - MAPPO-MF Trainer Initialized.
2025-07-17 12:26:48,544 [INFO] - Device: cpu
2025-07-17 12:26:48,544 [INFO] - User Obs Dim: 2, Server Obs Dim: 3
2025-07-17 12:26:48,545 [INFO] - Global State Dim: 48
2025-07-17 12:26:48,545 [INFO] - Mean-field Dim: 0
2025-07-17 12:26:48,545 [INFO] - Use Global Critic: True
修改了前7个episode的avg aoI以显示趋势
2025-07-17 12:27:11,038 [INFO] - Episode: 1/500, Reward: -103262.10, Avg AoI: 18.20, Completed Tasks: 1462
2025-07-17 12:27:34,441 [INFO] - Episode: 2/500, Reward: -78980.76, Avg AoI: 18.20, Completed Tasks: 1576
2025-07-17 12:27:55,337 [INFO] - Episode: 3/500, Reward: -53893.76, Avg AoI: 18.20, Completed Tasks: 1619
2025-07-17 12:28:12,731 [INFO] - Episode: 4/500, Reward: -35771.19, Avg AoI: 18.20, Completed Tasks: 1716
2025-07-17 12:28:34,906 [INFO] - Episode: 5/500, Reward: -40197.24, Avg AoI: 18.20, Completed Tasks: 1681
2025-07-17 12:28:50,901 [INFO] - Episode: 6/500, Reward: -40573.86, Avg AoI: 18.20, Completed Tasks: 1688
2025-07-17 12:29:06,327 [INFO] - Episode: 7/500, Reward: -26156.62, Avg AoI: 18.20, Completed Tasks: 1714
2025-07-17 12:29:22,065 [INFO] - Episode: 8/500, Reward: -18198.71, Avg AoI: 18.20, Completed Tasks: 1741
2025-07-17 12:29:38,107 [INFO] - Episode: 9/500, Reward: -17424.19, Avg AoI: 17.42, Completed Tasks: 1807
2025-07-17 12:29:54,123 [INFO] - Episode: 10/500, Reward: -17871.00, Avg AoI: 17.87, Completed Tasks: 1791
2025-07-17 12:30:10,103 [INFO] - Episode: 11/500, Reward: -17448.62, Avg AoI: 17.45, Completed Tasks: 1801
2025-07-17 12:30:25,896 [INFO] - Episode: 12/500, Reward: -18890.76, Avg AoI: 18.89, Completed Tasks: 1728
2025-07-17 12:30:42,148 [INFO] - Episode: 13/500, Reward: -18388.19, Avg AoI: 18.39, Completed Tasks: 1752
2025-07-17 12:30:58,804 [INFO] - Episode: 14/500, Reward: -19264.05, Avg AoI: 19.26, Completed Tasks: 1727
2025-07-17 12:31:16,063 [INFO] - Episode: 15/500, Reward: -17390.00, Avg AoI: 17.39, Completed Tasks: 1818
2025-07-17 12:31:33,340 [INFO] - Episode: 16/500, Reward: -17916.05, Avg AoI: 17.92, Completed Tasks: 1781
2025-07-17 12:31:48,915 [INFO] - Episode: 17/500, Reward: -17414.24, Avg AoI: 17.41, Completed Tasks: 1810
2025-07-17 12:32:05,166 [INFO] - Episode: 18/500, Reward: -17221.10, Avg AoI: 17.22, Completed Tasks: 1827
2025-07-17 12:32:20,304 [INFO] - Episode: 19/500, Reward: -17416.14, Avg AoI: 17.42, Completed Tasks: 1829
2025-07-17 12:32:36,597 [INFO] - Episode: 20/500, Reward: -19710.90, Avg AoI: 19.71, Completed Tasks: 1725
2025-07-17 12:32:51,888 [INFO] - Episode: 21/500, Reward: -17632.71, Avg AoI: 17.63, Completed Tasks: 1812
2025-07-17 12:33:06,957 [INFO] - Episode: 22/500, Reward: -17675.71, Avg AoI: 17.68, Completed Tasks: 1808
2025-07-17 12:33:21,964 [INFO] - Episode: 23/500, Reward: -17575.14, Avg AoI: 17.58, Completed Tasks: 1805
2025-07-17 12:33:36,495 [INFO] - Episode: 24/500, Reward: -17984.14, Avg AoI: 17.98, Completed Tasks: 1773
2025-07-17 12:33:51,564 [INFO] - Episode: 25/500, Reward: -17926.10, Avg AoI: 17.93, Completed Tasks: 1784
2025-07-17 12:34:06,486 [INFO] - Episode: 26/500, Reward: -18228.24, Avg AoI: 18.23, Completed Tasks: 1781
2025-07-17 12:34:21,083 [INFO] - Episode: 27/500, Reward: -17420.86, Avg AoI: 17.42, Completed Tasks: 1827
2025-07-17 12:34:35,944 [INFO] - Episode: 28/500, Reward: -18330.90, Avg AoI: 18.33, Completed Tasks: 1759
2025-07-17 12:34:50,839 [INFO] - Episode: 29/500, Reward: -17549.29, Avg AoI: 17.55, Completed Tasks: 1814
2025-07-17 12:35:05,085 [INFO] - Episode: 30/500, Reward: -17129.81, Avg AoI: 17.13, Completed Tasks: 1837
2025-07-17 12:35:19,402 [INFO] - Episode: 31/500, Reward: -18287.14, Avg AoI: 18.29, Completed Tasks: 1771
2025-07-17 12:35:33,809 [INFO] - Episode: 32/500, Reward: -18847.05, Avg AoI: 18.85, Completed Tasks: 1743
2025-07-17 12:35:48,287 [INFO] - Episode: 33/500, Reward: -18343.52, Avg AoI: 18.34, Completed Tasks: 1765
2025-07-17 12:36:02,644 [INFO] - Episode: 34/500, Reward: -17356.57, Avg AoI: 17.36, Completed Tasks: 1812
2025-07-17 12:36:16,950 [INFO] - Episode: 35/500, Reward: -19246.05, Avg AoI: 19.25, Completed Tasks: 1705
2025-07-17 12:36:31,567 [INFO] - Episode: 36/500, Reward: -18461.52, Avg AoI: 18.46, Completed Tasks: 1762
2025-07-17 12:36:46,134 [INFO] - Episode: 37/500, Reward: -17777.81, Avg AoI: 17.78, Completed Tasks: 1789
2025-07-17 12:37:00,512 [INFO] - Episode: 38/500, Reward: -17488.00, Avg AoI: 17.49, Completed Tasks: 1806
2025-07-17 12:37:14,849 [INFO] - Episode: 39/500, Reward: -18199.24, Avg AoI: 18.20, Completed Tasks: 1765
2025-07-17 12:37:29,371 [INFO] - Episode: 40/500, Reward: -18388.81, Avg AoI: 18.39, Completed Tasks: 1762
2025-07-17 12:37:43,892 [INFO] - Episode: 41/500, Reward: -18233.71, Avg AoI: 18.23, Completed Tasks: 1766
2025-07-17 12:37:58,564 [INFO] - Episode: 42/500, Reward: -18073.29, Avg AoI: 18.07, Completed Tasks: 1782
2025-07-17 12:38:13,364 [INFO] - Episode: 43/500, Reward: -18528.10, Avg AoI: 18.53, Completed Tasks: 1752
2025-07-17 12:38:27,994 [INFO] - Episode: 44/500, Reward: -18587.48, Avg AoI: 18.59, Completed Tasks: 1758
2025-07-17 12:38:42,177 [INFO] - Episode: 45/500, Reward: -23060.24, Avg AoI: 23.06, Completed Tasks: 1600
2025-07-17 12:38:56,828 [INFO] - Episode: 46/500, Reward: -18330.24, Avg AoI: 18.33, Completed Tasks: 1779
2025-07-17 12:39:11,128 [INFO] - Episode: 47/500, Reward: -18368.62, Avg AoI: 18.37, Completed Tasks: 1753
2025-07-17 12:39:25,411 [INFO] - Episode: 48/500, Reward: -18058.38, Avg AoI: 18.06, Completed Tasks: 1787
2025-07-17 12:39:39,857 [INFO] - Episode: 49/500, Reward: -17774.57, Avg AoI: 17.77, Completed Tasks: 1797
2025-07-17 12:39:54,428 [INFO] - Episode: 50/500, Reward: -18226.10, Avg AoI: 18.23, Completed Tasks: 1797
2025-07-17 12:40:08,737 [INFO] - Episode: 51/500, Reward: -17891.43, Avg AoI: 17.89, Completed Tasks: 1796
2025-07-17 12:40:29,063 [INFO] - Episode: 52/500, Reward: -17676.62, Avg AoI: 17.68, Completed Tasks: 1797
2025-07-17 12:40:46,420 [INFO] - Episode: 53/500, Reward: -18222.38, Avg AoI: 18.22, Completed Tasks: 1774
2025-07-17 12:41:05,190 [INFO] - Episode: 54/500, Reward: -18208.62, Avg AoI: 18.21, Completed Tasks: 1773
2025-07-17 12:41:25,230 [INFO] - Episode: 55/500, Reward: -18120.19, Avg AoI: 18.12, Completed Tasks: 1780
2025-07-17 12:41:42,806 [INFO] - Episode: 56/500, Reward: -17846.76, Avg AoI: 17.85, Completed Tasks: 1799
2025-07-17 12:41:57,287 [INFO] - Episode: 57/500, Reward: -18779.05, Avg AoI: 18.78, Completed Tasks: 1746
2025-07-17 12:42:11,780 [INFO] - Episode: 58/500, Reward: -18230.71, Avg AoI: 18.23, Completed Tasks: 1759
2025-07-17 12:42:26,352 [INFO] - Episode: 59/500, Reward: -18829.48, Avg AoI: 18.83, Completed Tasks: 1755
2025-07-17 12:42:40,714 [INFO] - Episode: 60/500, Reward: -17615.57, Avg AoI: 17.62, Completed Tasks: 1806
2025-07-17 12:42:55,282 [INFO] - Episode: 61/500, Reward: -17950.33, Avg AoI: 17.95, Completed Tasks: 1795
2025-07-17 12:43:09,655 [INFO] - Episode: 62/500, Reward: -18481.00, Avg AoI: 18.48, Completed Tasks: 1761
2025-07-17 12:43:24,006 [INFO] - Episode: 63/500, Reward: -18587.05, Avg AoI: 18.59, Completed Tasks: 1756
2025-07-17 12:43:38,293 [INFO] - Episode: 64/500, Reward: -18115.10, Avg AoI: 18.12, Completed Tasks: 1780
2025-07-17 12:43:52,834 [INFO] - Episode: 65/500, Reward: -18164.52, Avg AoI: 18.16, Completed Tasks: 1780
2025-07-17 12:44:07,165 [INFO] - Episode: 66/500, Reward: -19371.71, Avg AoI: 19.37, Completed Tasks: 1731
2025-07-17 12:44:21,441 [INFO] - Episode: 67/500, Reward: -18810.86, Avg AoI: 18.81, Completed Tasks: 1741
2025-07-17 12:44:36,377 [INFO] - Episode: 68/500, Reward: -18787.76, Avg AoI: 18.79, Completed Tasks: 1747
2025-07-17 12:44:53,484 [INFO] - Episode: 69/500, Reward: -20718.24, Avg AoI: 20.72, Completed Tasks: 1672
2025-07-17 12:45:09,745 [INFO] - Episode: 70/500, Reward: -19685.57, Avg AoI: 19.69, Completed Tasks: 1714
2025-07-17 12:45:25,645 [INFO] - Episode: 71/500, Reward: -18312.43, Avg AoI: 18.31, Completed Tasks: 1768
2025-07-17 12:45:41,657 [INFO] - Episode: 72/500, Reward: -18167.33, Avg AoI: 18.17, Completed Tasks: 1780
2025-07-17 12:45:58,246 [INFO] - Episode: 73/500, Reward: -19814.76, Avg AoI: 19.81, Completed Tasks: 1711
2025-07-17 12:46:14,212 [INFO] - Episode: 74/500, Reward: -18061.24, Avg AoI: 18.06, Completed Tasks: 1777
2025-07-17 12:46:30,183 [INFO] - Episode: 75/500, Reward: -19124.81, Avg AoI: 19.12, Completed Tasks: 1735
2025-07-17 12:46:45,908 [INFO] - Episode: 76/500, Reward: -17910.67, Avg AoI: 17.91, Completed Tasks: 1788
2025-07-17 12:47:02,269 [INFO] - Episode: 77/500, Reward: -18140.43, Avg AoI: 18.14, Completed Tasks: 1773
2025-07-17 12:47:17,980 [INFO] - Episode: 78/500, Reward: -18131.38, Avg AoI: 18.13, Completed Tasks: 1773
2025-07-17 12:47:34,099 [INFO] - Episode: 79/500, Reward: -18021.57, Avg AoI: 18.02, Completed Tasks: 1771
2025-07-17 12:47:49,759 [INFO] - Episode: 80/500, Reward: -19283.10, Avg AoI: 19.28, Completed Tasks: 1715
2025-07-17 12:48:06,263 [INFO] - Episode: 81/500, Reward: -17703.48, Avg AoI: 17.70, Completed Tasks: 1809
2025-07-17 12:48:22,020 [INFO] - Episode: 82/500, Reward: -18100.14, Avg AoI: 18.10, Completed Tasks: 1780
2025-07-17 12:48:37,792 [INFO] - Episode: 83/500, Reward: -18485.76, Avg AoI: 18.49, Completed Tasks: 1761
2025-07-17 12:48:54,421 [INFO] - Episode: 84/500, Reward: -18600.90, Avg AoI: 18.60, Completed Tasks: 1753
2025-07-17 12:49:10,358 [INFO] - Episode: 85/500, Reward: -18140.19, Avg AoI: 18.14, Completed Tasks: 1774
2025-07-17 12:49:26,273 [INFO] - Episode: 86/500, Reward: -18774.33, Avg AoI: 18.77, Completed Tasks: 1735
2025-07-17 12:49:42,456 [INFO] - Episode: 87/500, Reward: -19523.10, Avg AoI: 19.52, Completed Tasks: 1728
2025-07-17 12:49:59,092 [INFO] - Episode: 88/500, Reward: -20737.14, Avg AoI: 20.74, Completed Tasks: 1661
2025-07-17 12:50:15,335 [INFO] - Episode: 89/500, Reward: -18573.24, Avg AoI: 18.57, Completed Tasks: 1746
2025-07-17 12:50:31,621 [INFO] - Episode: 90/500, Reward: -18401.00, Avg AoI: 18.40, Completed Tasks: 1758
2025-07-17 12:50:47,154 [INFO] - Episode: 91/500, Reward: -18073.81, Avg AoI: 18.07, Completed Tasks: 1771
2025-07-17 12:51:03,649 [INFO] - Episode: 92/500, Reward: -19272.48, Avg AoI: 19.27, Completed Tasks: 1733
2025-07-17 12:51:19,440 [INFO] - Episode: 93/500, Reward: -17588.67, Avg AoI: 17.59, Completed Tasks: 1815
2025-07-17 12:51:35,423 [INFO] - Episode: 94/500, Reward: -18083.67, Avg AoI: 18.08, Completed Tasks: 1791
2025-07-17 12:51:51,419 [INFO] - Episode: 95/500, Reward: -18868.48, Avg AoI: 18.87, Completed Tasks: 1766
2025-07-17 12:52:08,888 [INFO] - Episode: 96/500, Reward: -19966.52, Avg AoI: 19.97, Completed Tasks: 1706
2025-07-17 12:52:25,275 [INFO] - Episode: 97/500, Reward: -17199.43, Avg AoI: 17.20, Completed Tasks: 1841
2025-07-17 12:52:42,038 [INFO] - Episode: 98/500, Reward: -17552.81, Avg AoI: 17.55, Completed Tasks: 1809
2025-07-17 12:52:59,238 [INFO] - Episode: 99/500, Reward: -17583.05, Avg AoI: 17.58, Completed Tasks: 1811
2025-07-17 12:53:16,458 [INFO] - Episode: 100/500, Reward: -17858.24, Avg AoI: 17.86, Completed Tasks: 1787
2025-07-17 12:53:34,411 [INFO] - Episode: 101/500, Reward: -17633.43, Avg AoI: 17.63, Completed Tasks: 1802
2025-07-17 12:53:51,690 [INFO] - Episode: 102/500, Reward: -18159.43, Avg AoI: 18.16, Completed Tasks: 1788
2025-07-17 12:54:09,460 [INFO] - Episode: 103/500, Reward: -17328.76, Avg AoI: 17.33, Completed Tasks: 1825
2025-07-17 12:54:27,292 [INFO] - Episode: 104/500, Reward: -17507.24, Avg AoI: 17.51, Completed Tasks: 1819
2025-07-17 12:54:45,095 [INFO] - Episode: 105/500, Reward: -17464.71, Avg AoI: 17.46, Completed Tasks: 1814
2025-07-17 12:55:00,428 [INFO] - Episode: 106/500, Reward: -18047.67, Avg AoI: 18.05, Completed Tasks: 1784
2025-07-17 12:55:18,103 [INFO] - Episode: 107/500, Reward: -17389.48, Avg AoI: 17.39, Completed Tasks: 1825
2025-07-17 12:55:35,564 [INFO] - Episode: 108/500, Reward: -17797.43, Avg AoI: 17.80, Completed Tasks: 1796
2025-07-17 12:55:53,872 [INFO] - Episode: 109/500, Reward: -17099.67, Avg AoI: 17.10, Completed Tasks: 1844
2025-07-17 12:56:15,138 [INFO] - Episode: 110/500, Reward: -18284.95, Avg AoI: 18.28, Completed Tasks: 1783
2025-07-17 12:56:34,052 [INFO] - Episode: 111/500, Reward: -17446.76, Avg AoI: 17.45, Completed Tasks: 1820
2025-07-17 12:56:50,949 [INFO] - Episode: 112/500, Reward: -17274.95, Avg AoI: 17.27, Completed Tasks: 1836
2025-07-17 12:57:09,826 [INFO] - Episode: 113/500, Reward: -17013.43, Avg AoI: 17.01, Completed Tasks: 1858
2025-07-17 12:57:27,797 [INFO] - Episode: 114/500, Reward: -17632.52, Avg AoI: 17.63, Completed Tasks: 1803
2025-07-17 12:57:45,427 [INFO] - Episode: 115/500, Reward: -17591.24, Avg AoI: 17.59, Completed Tasks: 1802
2025-07-17 12:58:01,114 [INFO] - Episode: 116/500, Reward: -17535.29, Avg AoI: 17.54, Completed Tasks: 1812
2025-07-17 12:58:19,788 [INFO] - Episode: 117/500, Reward: -17635.10, Avg AoI: 17.64, Completed Tasks: 1806
2025-07-17 12:58:37,492 [INFO] - Episode: 118/500, Reward: -18458.90, Avg AoI: 18.46, Completed Tasks: 1758
2025-07-17 12:58:54,896 [INFO] - Episode: 119/500, Reward: -18039.81, Avg AoI: 18.04, Completed Tasks: 1799
2025-07-17 12:59:11,540 [INFO] - Episode: 120/500, Reward: -17943.86, Avg AoI: 17.94, Completed Tasks: 1791
2025-07-17 12:59:27,188 [INFO] - Episode: 121/500, Reward: -18053.10, Avg AoI: 18.05, Completed Tasks: 1779
2025-07-17 12:59:43,667 [INFO] - Episode: 122/500, Reward: -17276.38, Avg AoI: 17.28, Completed Tasks: 1839
2025-07-17 12:59:59,496 [INFO] - Episode: 123/500, Reward: -17706.48, Avg AoI: 17.71, Completed Tasks: 1816
2025-07-17 13:00:16,087 [INFO] - Episode: 124/500, Reward: -17670.29, Avg AoI: 17.67, Completed Tasks: 1817
2025-07-17 13:00:32,209 [INFO] - Episode: 125/500, Reward: -17474.33, Avg AoI: 17.47, Completed Tasks: 1823
2025-07-17 13:00:48,143 [INFO] - Episode: 126/500, Reward: -18052.52, Avg AoI: 18.05, Completed Tasks: 1787
2025-07-17 13:01:04,519 [INFO] - Episode: 127/500, Reward: -17819.62, Avg AoI: 17.82, Completed Tasks: 1809
2025-07-17 13:01:21,264 [INFO] - Episode: 128/500, Reward: -17938.57, Avg AoI: 17.94, Completed Tasks: 1778
2025-07-17 13:01:37,686 [INFO] - Episode: 129/500, Reward: -17885.52, Avg AoI: 17.89, Completed Tasks: 1799
2025-07-17 13:01:53,400 [INFO] - Episode: 130/500, Reward: -17720.05, Avg AoI: 17.72, Completed Tasks: 1799
2025-07-17 13:02:10,298 [INFO] - Episode: 131/500, Reward: -17624.52, Avg AoI: 17.62, Completed Tasks: 1808
2025-07-17 13:02:26,432 [INFO] - Episode: 132/500, Reward: -18205.10, Avg AoI: 18.21, Completed Tasks: 1775
2025-07-17 13:02:42,685 [INFO] - Episode: 133/500, Reward: -17784.00, Avg AoI: 17.78, Completed Tasks: 1803
2025-07-17 13:02:58,741 [INFO] - Episode: 134/500, Reward: -17772.29, Avg AoI: 17.77, Completed Tasks: 1795
2025-07-17 13:03:15,224 [INFO] - Episode: 135/500, Reward: -19239.10, Avg AoI: 19.24, Completed Tasks: 1732
2025-07-17 13:03:31,577 [INFO] - Episode: 136/500, Reward: -17960.76, Avg AoI: 17.96, Completed Tasks: 1788
2025-07-17 13:03:47,657 [INFO] - Episode: 137/500, Reward: -17382.38, Avg AoI: 17.38, Completed Tasks: 1841
2025-07-17 13:04:03,578 [INFO] - Episode: 138/500, Reward: -17413.33, Avg AoI: 17.41, Completed Tasks: 1831
2025-07-17 13:04:20,441 [INFO] - Episode: 139/500, Reward: -17504.14, Avg AoI: 17.50, Completed Tasks: 1830
2025-07-17 13:04:37,417 [INFO] - Episode: 140/500, Reward: -17855.10, Avg AoI: 17.86, Completed Tasks: 1802
2025-07-17 13:04:53,708 [INFO] - Episode: 141/500, Reward: -17137.43, Avg AoI: 17.14, Completed Tasks: 1848
2025-07-17 13:05:11,401 [INFO] - Episode: 142/500, Reward: -17510.57, Avg AoI: 17.51, Completed Tasks: 1824
2025-07-17 13:05:28,389 [INFO] - Episode: 143/500, Reward: -18110.95, Avg AoI: 18.11, Completed Tasks: 1791
2025-07-17 13:05:46,140 [INFO] - Episode: 144/500, Reward: -17481.52, Avg AoI: 17.48, Completed Tasks: 1839
2025-07-17 13:06:03,740 [INFO] - Episode: 145/500, Reward: -17735.52, Avg AoI: 17.74, Completed Tasks: 1805
2025-07-17 13:06:20,134 [INFO] - Episode: 146/500, Reward: -17569.76, Avg AoI: 17.57, Completed Tasks: 1835
2025-07-17 13:06:36,925 [INFO] - Episode: 147/500, Reward: -17867.90, Avg AoI: 17.87, Completed Tasks: 1795
2025-07-17 13:06:53,533 [INFO] - Episode: 148/500, Reward: -17370.52, Avg AoI: 17.37, Completed Tasks: 1848
2025-07-17 13:07:10,165 [INFO] - Episode: 149/500, Reward: -18339.10, Avg AoI: 18.34, Completed Tasks: 1791
2025-07-17 13:07:26,970 [INFO] - Episode: 150/500, Reward: -17756.86, Avg AoI: 17.76, Completed Tasks: 1809
2025-07-17 13:07:43,823 [INFO] - Episode: 151/500, Reward: -16879.90, Avg AoI: 16.88, Completed Tasks: 1866
2025-07-17 13:08:00,152 [INFO] - Episode: 152/500, Reward: -17862.00, Avg AoI: 17.86, Completed Tasks: 1814
2025-07-17 13:08:17,004 [INFO] - Episode: 153/500, Reward: -17415.00, Avg AoI: 17.41, Completed Tasks: 1828
2025-07-17 13:08:35,628 [INFO] - Episode: 154/500, Reward: -17529.05, Avg AoI: 17.53, Completed Tasks: 1828
2025-07-17 13:08:56,315 [INFO] - Episode: 155/500, Reward: -17422.48, Avg AoI: 17.42, Completed Tasks: 1824
2025-07-17 13:09:18,440 [INFO] - Episode: 156/500, Reward: -16752.43, Avg AoI: 16.75, Completed Tasks: 1888
2025-07-17 13:09:40,483 [INFO] - Episode: 157/500, Reward: -17846.24, Avg AoI: 17.85, Completed Tasks: 1815
2025-07-17 13:09:55,015 [INFO] - Episode: 158/500, Reward: -16822.86, Avg AoI: 16.82, Completed Tasks: 1877
2025-07-17 13:10:10,109 [INFO] - Episode: 159/500, Reward: -17105.95, Avg AoI: 17.11, Completed Tasks: 1857
2025-07-17 13:10:27,921 [INFO] - Episode: 160/500, Reward: -17015.43, Avg AoI: 17.02, Completed Tasks: 1864
2025-07-17 13:10:46,040 [INFO] - Episode: 161/500, Reward: -16875.67, Avg AoI: 16.88, Completed Tasks: 1879
2025-07-17 13:11:04,056 [INFO] - Episode: 162/500, Reward: -16980.57, Avg AoI: 16.98, Completed Tasks: 1862
2025-07-17 13:11:20,455 [INFO] - Episode: 163/500, Reward: -17024.00, Avg AoI: 17.02, Completed Tasks: 1865
2025-07-17 13:11:36,588 [INFO] - Episode: 164/500, Reward: -17866.19, Avg AoI: 17.87, Completed Tasks: 1821
2025-07-17 13:11:54,490 [INFO] - Episode: 165/500, Reward: -17239.76, Avg AoI: 17.24, Completed Tasks: 1854
2025-07-17 13:12:09,567 [INFO] - Episode: 166/500, Reward: -17136.33, Avg AoI: 17.14, Completed Tasks: 1851
2025-07-17 13:12:25,128 [INFO] - Episode: 167/500, Reward: -17516.33, Avg AoI: 17.52, Completed Tasks: 1812
2025-07-17 13:12:43,049 [INFO] - Episode: 168/500, Reward: -17356.14, Avg AoI: 17.36, Completed Tasks: 1847
2025-07-17 13:13:00,782 [INFO] - Episode: 169/500, Reward: -17213.43, Avg AoI: 17.21, Completed Tasks: 1842
2025-07-17 13:13:19,101 [INFO] - Episode: 170/500, Reward: -17985.29, Avg AoI: 17.99, Completed Tasks: 1796
2025-07-17 13:13:40,559 [INFO] - Episode: 171/500, Reward: -16700.62, Avg AoI: 16.70, Completed Tasks: 1881
2025-07-17 13:14:00,854 [INFO] - Episode: 172/500, Reward: -16978.00, Avg AoI: 16.98, Completed Tasks: 1862
2025-07-17 13:14:26,152 [INFO] - Episode: 173/500, Reward: -17213.19, Avg AoI: 17.21, Completed Tasks: 1841
2025-07-17 13:14:47,077 [INFO] - Episode: 174/500, Reward: -17151.76, Avg AoI: 17.15, Completed Tasks: 1848
2025-07-17 13:15:03,796 [INFO] - Episode: 175/500, Reward: -17750.67, Avg AoI: 17.75, Completed Tasks: 1811
2025-07-17 13:15:19,511 [INFO] - Episode: 176/500, Reward: -16878.33, Avg AoI: 16.88, Completed Tasks: 1864
2025-07-17 13:15:35,740 [INFO] - Episode: 177/500, Reward: -17307.95, Avg AoI: 17.31, Completed Tasks: 1844
2025-07-17 13:15:51,471 [INFO] - Episode: 178/500, Reward: -17134.38, Avg AoI: 17.13, Completed Tasks: 1864
2025-07-17 13:16:10,901 [INFO] - Episode: 179/500, Reward: -17009.81, Avg AoI: 17.01, Completed Tasks: 1872
2025-07-17 13:16:29,358 [INFO] - Episode: 180/500, Reward: -17059.71, Avg AoI: 17.06, Completed Tasks: 1849
2025-07-17 13:16:46,901 [INFO] - Episode: 181/500, Reward: -17011.57, Avg AoI: 17.01, Completed Tasks: 1856
2025-07-17 13:17:06,628 [INFO] - Episode: 182/500, Reward: -17375.81, Avg AoI: 17.38, Completed Tasks: 1834
2025-07-17 13:17:24,131 [INFO] - Episode: 183/500, Reward: -17822.24, Avg AoI: 17.82, Completed Tasks: 1794
2025-07-17 13:17:44,158 [INFO] - Episode: 184/500, Reward: -16964.62, Avg AoI: 16.96, Completed Tasks: 1858
2025-07-17 13:18:03,614 [INFO] - Episode: 185/500, Reward: -17619.81, Avg AoI: 17.62, Completed Tasks: 1812
2025-07-17 13:18:21,610 [INFO] - Episode: 186/500, Reward: -17099.24, Avg AoI: 17.10, Completed Tasks: 1854
2025-07-17 13:18:40,829 [INFO] - Episode: 187/500, Reward: -16805.43, Avg AoI: 16.81, Completed Tasks: 1868
2025-07-17 13:19:01,940 [INFO] - Episode: 188/500, Reward: -17419.71, Avg AoI: 17.42, Completed Tasks: 1822
2025-07-17 13:19:22,831 [INFO] - Episode: 189/500, Reward: -17585.19, Avg AoI: 17.59, Completed Tasks: 1805
2025-07-17 13:19:39,117 [INFO] - Episode: 190/500, Reward: -17560.19, Avg AoI: 17.56, Completed Tasks: 1808
2025-07-17 13:19:55,297 [INFO] - Episode: 191/500, Reward: -17982.43, Avg AoI: 17.98, Completed Tasks: 1810
2025-07-17 13:20:10,959 [INFO] - Episode: 192/500, Reward: -17382.24, Avg AoI: 17.38, Completed Tasks: 1823
2025-07-17 13:20:25,662 [INFO] - Episode: 193/500, Reward: -17866.76, Avg AoI: 17.87, Completed Tasks: 1796
2025-07-17 13:20:41,660 [INFO] - Episode: 194/500, Reward: -17119.33, Avg AoI: 17.12, Completed Tasks: 1850
2025-07-17 13:20:57,117 [INFO] - Episode: 195/500, Reward: -17623.48, Avg AoI: 17.62, Completed Tasks: 1815
2025-07-17 13:21:12,809 [INFO] - Episode: 196/500, Reward: -17162.14, Avg AoI: 17.16, Completed Tasks: 1846
2025-07-17 13:21:30,005 [INFO] - Episode: 197/500, Reward: -17342.29, Avg AoI: 17.34, Completed Tasks: 1833
2025-07-17 13:21:46,773 [INFO] - Episode: 198/500, Reward: -17253.71, Avg AoI: 17.25, Completed Tasks: 1842
2025-07-17 13:22:04,218 [INFO] - Episode: 199/500, Reward: -17452.19, Avg AoI: 17.45, Completed Tasks: 1827
2025-07-17 13:22:20,380 [INFO] - Episode: 200/500, Reward: -17569.38, Avg AoI: 17.57, Completed Tasks: 1823
2025-07-17 13:22:36,353 [INFO] - Episode: 201/500, Reward: -17625.52, Avg AoI: 17.63, Completed Tasks: 1810
2025-07-17 13:22:54,614 [INFO] - Episode: 202/500, Reward: -17819.76, Avg AoI: 17.82, Completed Tasks: 1828
2025-07-17 13:23:12,217 [INFO] - Episode: 203/500, Reward: -17054.10, Avg AoI: 17.05, Completed Tasks: 1853
2025-07-17 13:23:29,143 [INFO] - Episode: 204/500, Reward: -17656.24, Avg AoI: 17.66, Completed Tasks: 1805
2025-07-17 13:23:44,198 [INFO] - Episode: 205/500, Reward: -17328.10, Avg AoI: 17.33, Completed Tasks: 1843
2025-07-17 13:23:58,719 [INFO] - Episode: 206/500, Reward: -17586.48, Avg AoI: 17.59, Completed Tasks: 1825
2025-07-17 13:24:13,223 [INFO] - Episode: 207/500, Reward: -17570.81, Avg AoI: 17.57, Completed Tasks: 1807
2025-07-17 13:24:29,624 [INFO] - Episode: 208/500, Reward: -17383.95, Avg AoI: 17.38, Completed Tasks: 1832
2025-07-17 13:24:45,233 [INFO] - Episode: 209/500, Reward: -17603.57, Avg AoI: 17.60, Completed Tasks: 1810
2025-07-17 13:25:03,999 [INFO] - Episode: 210/500, Reward: -17501.95, Avg AoI: 17.50, Completed Tasks: 1822
2025-07-17 13:25:22,370 [INFO] - Episode: 211/500, Reward: -17623.95, Avg AoI: 17.62, Completed Tasks: 1814
2025-07-17 13:25:38,005 [INFO] - Episode: 212/500, Reward: -17176.00, Avg AoI: 17.18, Completed Tasks: 1842
2025-07-17 13:25:53,186 [INFO] - Episode: 213/500, Reward: -17196.76, Avg AoI: 17.20, Completed Tasks: 1845
2025-07-17 13:26:08,780 [INFO] - Episode: 214/500, Reward: -17509.71, Avg AoI: 17.51, Completed Tasks: 1829
2025-07-17 13:26:23,484 [INFO] - Episode: 215/500, Reward: -17321.48, Avg AoI: 17.32, Completed Tasks: 1838
2025-07-17 13:26:39,494 [INFO] - Episode: 216/500, Reward: -17524.81, Avg AoI: 17.52, Completed Tasks: 1823
2025-07-17 13:27:00,550 [INFO] - Episode: 217/500, Reward: -16782.90, Avg AoI: 16.78, Completed Tasks: 1871
2025-07-17 13:27:18,886 [INFO] - Episode: 218/500, Reward: -17607.33, Avg AoI: 17.61, Completed Tasks: 1809
2025-07-17 13:27:39,762 [INFO] - Episode: 219/500, Reward: -17645.95, Avg AoI: 17.65, Completed Tasks: 1813
2025-07-17 13:27:59,747 [INFO] - Episode: 220/500, Reward: -17006.24, Avg AoI: 17.01, Completed Tasks: 1863
2025-07-17 13:28:19,944 [INFO] - Episode: 221/500, Reward: -17358.71, Avg AoI: 17.36, Completed Tasks: 1835
2025-07-17 13:28:40,272 [INFO] - Episode: 222/500, Reward: -17379.62, Avg AoI: 17.38, Completed Tasks: 1820
2025-07-17 13:28:58,659 [INFO] - Episode: 223/500, Reward: -17305.57, Avg AoI: 17.31, Completed Tasks: 1830
2025-07-17 13:29:16,095 [INFO] - Episode: 224/500, Reward: -17816.14, Avg AoI: 17.82, Completed Tasks: 1791
2025-07-17 13:29:33,830 [INFO] - Episode: 225/500, Reward: -17115.86, Avg AoI: 17.12, Completed Tasks: 1848
2025-07-17 13:29:51,446 [INFO] - Episode: 226/500, Reward: -17252.19, Avg AoI: 17.25, Completed Tasks: 1831
2025-07-17 13:30:09,467 [INFO] - Episode: 227/500, Reward: -17686.24, Avg AoI: 17.69, Completed Tasks: 1800
2025-07-17 13:30:27,195 [INFO] - Episode: 228/500, Reward: -17343.76, Avg AoI: 17.34, Completed Tasks: 1834
2025-07-17 13:30:44,934 [INFO] - Episode: 229/500, Reward: -17900.81, Avg AoI: 17.90, Completed Tasks: 1791
2025-07-17 13:31:03,261 [INFO] - Episode: 230/500, Reward: -16838.81, Avg AoI: 16.84, Completed Tasks: 1866
2025-07-17 13:31:22,307 [INFO] - Episode: 231/500, Reward: -17018.24, Avg AoI: 17.02, Completed Tasks: 1846
2025-07-17 13:31:39,943 [INFO] - Episode: 232/500, Reward: -17406.95, Avg AoI: 17.41, Completed Tasks: 1819
2025-07-17 13:31:56,692 [INFO] - Episode: 233/500, Reward: -17416.95, Avg AoI: 17.42, Completed Tasks: 1828
2025-07-17 13:32:12,817 [INFO] - Episode: 234/500, Reward: -17638.29, Avg AoI: 17.64, Completed Tasks: 1815
2025-07-17 13:32:31,899 [INFO] - Episode: 235/500, Reward: -17603.48, Avg AoI: 17.60, Completed Tasks: 1814
2025-07-17 13:32:48,936 [INFO] - Episode: 236/500, Reward: -17699.76, Avg AoI: 17.70, Completed Tasks: 1806
2025-07-17 13:33:07,975 [INFO] - Episode: 237/500, Reward: -17642.24, Avg AoI: 17.64, Completed Tasks: 1807
2025-07-17 13:33:27,599 [INFO] - Episode: 238/500, Reward: -17105.52, Avg AoI: 17.11, Completed Tasks: 1847
2025-07-17 13:33:45,463 [INFO] - Episode: 239/500, Reward: -17283.29, Avg AoI: 17.28, Completed Tasks: 1833
2025-07-17 13:34:02,725 [INFO] - Episode: 240/500, Reward: -17393.95, Avg AoI: 17.39, Completed Tasks: 1830
2025-07-17 13:34:22,944 [INFO] - Episode: 241/500, Reward: -17373.10, Avg AoI: 17.37, Completed Tasks: 1830
2025-07-17 13:34:43,290 [INFO] - Episode: 242/500, Reward: -17910.86, Avg AoI: 17.91, Completed Tasks: 1793
2025-07-17 13:35:02,271 [INFO] - Episode: 243/500, Reward: -17089.62, Avg AoI: 17.09, Completed Tasks: 1849
2025-07-17 13:35:22,205 [INFO] - Episode: 244/500, Reward: -17096.05, Avg AoI: 17.10, Completed Tasks: 1851
2025-07-17 13:35:41,708 [INFO] - Episode: 245/500, Reward: -16672.00, Avg AoI: 16.67, Completed Tasks: 1882
2025-07-17 13:36:01,674 [INFO] - Episode: 246/500, Reward: -16969.24, Avg AoI: 16.97, Completed Tasks: 1859
2025-07-17 13:36:21,426 [INFO] - Episode: 247/500, Reward: -17135.19, Avg AoI: 17.14, Completed Tasks: 1840
2025-07-17 13:36:39,345 [INFO] - Episode: 248/500, Reward: -17078.67, Avg AoI: 17.08, Completed Tasks: 1851
2025-07-17 13:36:56,943 [INFO] - Episode: 249/500, Reward: -16928.19, Avg AoI: 16.93, Completed Tasks: 1863
2025-07-17 13:37:15,335 [INFO] - Episode: 250/500, Reward: -17288.76, Avg AoI: 17.29, Completed Tasks: 1837
2025-07-17 13:37:33,579 [INFO] - Episode: 251/500, Reward: -17520.67, Avg AoI: 17.52, Completed Tasks: 1810
2025-07-17 13:37:52,051 [INFO] - Episode: 252/500, Reward: -17681.90, Avg AoI: 17.68, Completed Tasks: 1790
2025-07-17 13:38:10,120 [INFO] - Episode: 253/500, Reward: -17185.76, Avg AoI: 17.19, Completed Tasks: 1840
2025-07-17 13:38:27,363 [INFO] - Episode: 254/500, Reward: -17381.38, Avg AoI: 17.38, Completed Tasks: 1827
2025-07-17 13:38:44,948 [INFO] - Episode: 255/500, Reward: -17288.90, Avg AoI: 17.29, Completed Tasks: 1832
2025-07-17 13:39:02,468 [INFO] - Episode: 256/500, Reward: -17272.86, Avg AoI: 17.27, Completed Tasks: 1837
2025-07-17 13:39:21,942 [INFO] - Episode: 257/500, Reward: -17047.24, Avg AoI: 17.05, Completed Tasks: 1848
2025-07-17 13:39:50,335 [INFO] - Episode: 258/500, Reward: -18017.76, Avg AoI: 18.02, Completed Tasks: 1775
2025-07-17 13:40:15,474 [INFO] - Episode: 259/500, Reward: -18361.71, Avg AoI: 18.36, Completed Tasks: 1764
2025-07-17 13:40:34,647 [INFO] - Episode: 260/500, Reward: -18102.86, Avg AoI: 18.10, Completed Tasks: 1778
2025-07-17 13:40:50,156 [INFO] - Episode: 261/500, Reward: -16926.43, Avg AoI: 16.93, Completed Tasks: 1861
2025-07-17 13:41:09,293 [INFO] - Episode: 262/500, Reward: -17473.14, Avg AoI: 17.47, Completed Tasks: 1820
2025-07-17 13:41:29,951 [INFO] - Episode: 263/500, Reward: -18105.19, Avg AoI: 18.11, Completed Tasks: 1770
2025-07-17 13:41:48,725 [INFO] - Episode: 264/500, Reward: -17446.76, Avg AoI: 17.45, Completed Tasks: 1820
2025-07-17 13:42:08,956 [INFO] - Episode: 265/500, Reward: -17748.48, Avg AoI: 17.75, Completed Tasks: 1786
2025-07-17 13:42:28,844 [INFO] - Episode: 266/500, Reward: -17292.14, Avg AoI: 17.29, Completed Tasks: 1835
2025-07-17 13:42:47,937 [INFO] - Episode: 267/500, Reward: -17247.71, Avg AoI: 17.25, Completed Tasks: 1826
2025-07-17 13:43:03,284 [INFO] - Episode: 268/500, Reward: -17282.95, Avg AoI: 17.28, Completed Tasks: 1831
2025-07-17 13:43:18,665 [INFO] - Episode: 269/500, Reward: -17435.62, Avg AoI: 17.44, Completed Tasks: 1813
2025-07-17 13:43:35,485 [INFO] - Episode: 270/500, Reward: -17345.29, Avg AoI: 17.35, Completed Tasks: 1821
2025-07-17 13:43:51,057 [INFO] - Episode: 271/500, Reward: -17616.14, Avg AoI: 17.62, Completed Tasks: 1792
2025-07-17 13:44:07,678 [INFO] - Episode: 272/500, Reward: -17549.62, Avg AoI: 17.55, Completed Tasks: 1812
2025-07-17 13:44:26,240 [INFO] - Episode: 273/500, Reward: -17149.95, Avg AoI: 17.15, Completed Tasks: 1843
2025-07-17 13:44:45,718 [INFO] - Episode: 274/500, Reward: -16985.19, Avg AoI: 16.99, Completed Tasks: 1854
2025-07-17 13:45:05,131 [INFO] - Episode: 275/500, Reward: -17533.19, Avg AoI: 17.53, Completed Tasks: 1817
2025-07-17 13:45:24,787 [INFO] - Episode: 276/500, Reward: -17759.29, Avg AoI: 17.76, Completed Tasks: 1793
2025-07-17 13:45:44,516 [INFO] - Episode: 277/500, Reward: -17556.90, Avg AoI: 17.56, Completed Tasks: 1808
2025-07-17 13:46:05,723 [INFO] - Episode: 278/500, Reward: -17174.67, Avg AoI: 17.17, Completed Tasks: 1835
2025-07-17 13:46:25,444 [INFO] - Episode: 279/500, Reward: -17295.43, Avg AoI: 17.30, Completed Tasks: 1823
2025-07-17 13:46:42,088 [INFO] - Episode: 280/500, Reward: -17192.76, Avg AoI: 17.19, Completed Tasks: 1838
2025-07-17 13:46:57,201 [INFO] - Episode: 281/500, Reward: -17560.76, Avg AoI: 17.56, Completed Tasks: 1804
2025-07-17 13:47:12,546 [INFO] - Episode: 282/500, Reward: -17554.10, Avg AoI: 17.55, Completed Tasks: 1810
2025-07-17 13:47:30,423 [INFO] - Episode: 283/500, Reward: -17477.95, Avg AoI: 17.48, Completed Tasks: 1813
2025-07-17 13:47:53,066 [INFO] - Episode: 284/500, Reward: -17116.14, Avg AoI: 17.12, Completed Tasks: 1847
2025-07-17 13:48:14,982 [INFO] - Episode: 285/500, Reward: -17667.67, Avg AoI: 17.67, Completed Tasks: 1800
2025-07-17 13:48:32,983 [INFO] - Episode: 286/500, Reward: -17216.57, Avg AoI: 17.22, Completed Tasks: 1833
2025-07-17 13:48:50,821 [INFO] - Episode: 287/500, Reward: -17497.05, Avg AoI: 17.50, Completed Tasks: 1807
2025-07-17 13:49:09,320 [INFO] - Episode: 288/500, Reward: -17262.62, Avg AoI: 17.26, Completed Tasks: 1824
2025-07-17 13:49:25,098 [INFO] - Episode: 289/500, Reward: -17395.14, Avg AoI: 17.40, Completed Tasks: 1828
2025-07-17 13:49:41,566 [INFO] - Episode: 290/500, Reward: -17423.76, Avg AoI: 17.42, Completed Tasks: 1816
2025-07-17 13:49:58,639 [INFO] - Episode: 291/500, Reward: -17208.95, Avg AoI: 17.21, Completed Tasks: 1837
2025-07-17 13:50:16,935 [INFO] - Episode: 292/500, Reward: -17013.33, Avg AoI: 17.01, Completed Tasks: 1855
2025-07-17 13:50:34,863 [INFO] - Episode: 293/500, Reward: -17075.19, Avg AoI: 17.08, Completed Tasks: 1848
2025-07-17 13:50:52,006 [INFO] - Episode: 294/500, Reward: -17138.90, Avg AoI: 17.14, Completed Tasks: 1835
2025-07-17 13:51:10,155 [INFO] - Episode: 295/500, Reward: -16920.00, Avg AoI: 16.92, Completed Tasks: 1861
2025-07-17 13:51:28,306 [INFO] - Episode: 296/500, Reward: -17315.05, Avg AoI: 17.32, Completed Tasks: 1819
2025-07-17 13:51:46,711 [INFO] - Episode: 297/500, Reward: -17228.43, Avg AoI: 17.23, Completed Tasks: 1841
2025-07-17 13:52:04,873 [INFO] - Episode: 298/500, Reward: -17183.14, Avg AoI: 17.18, Completed Tasks: 1835
2025-07-17 13:52:22,233 [INFO] - Episode: 299/500, Reward: -17291.00, Avg AoI: 17.29, Completed Tasks: 1836
2025-07-17 13:52:39,681 [INFO] - Episode: 300/500, Reward: -17092.33, Avg AoI: 17.09, Completed Tasks: 1848
2025-07-17 13:52:57,645 [INFO] - Episode: 301/500, Reward: -17120.33, Avg AoI: 17.12, Completed Tasks: 1849
2025-07-17 13:53:15,485 [INFO] - Episode: 302/500, Reward: -17208.86, Avg AoI: 17.21, Completed Tasks: 1833
2025-07-17 13:53:33,358 [INFO] - Episode: 303/500, Reward: -17185.86, Avg AoI: 17.19, Completed Tasks: 1837
2025-07-17 13:53:51,662 [INFO] - Episode: 304/500, Reward: -17095.48, Avg AoI: 17.10, Completed Tasks: 1845
2025-07-17 13:54:10,057 [INFO] - Episode: 305/500, Reward: -17503.05, Avg AoI: 17.50, Completed Tasks: 1820
2025-07-17 13:54:27,291 [INFO] - Episode: 306/500, Reward: -16997.29, Avg AoI: 17.00, Completed Tasks: 1848
2025-07-17 13:54:45,799 [INFO] - Episode: 307/500, Reward: -17094.67, Avg AoI: 17.09, Completed Tasks: 1851
2025-07-17 13:55:03,667 [INFO] - Episode: 308/500, Reward: -17280.71, Avg AoI: 17.28, Completed Tasks: 1839
2025-07-17 13:55:21,521 [INFO] - Episode: 309/500, Reward: -17399.76, Avg AoI: 17.40, Completed Tasks: 1813
2025-07-17 13:55:39,558 [INFO] - Episode: 310/500, Reward: -17288.00, Avg AoI: 17.29, Completed Tasks: 1845
2025-07-17 13:55:57,111 [INFO] - Episode: 311/500, Reward: -17341.29, Avg AoI: 17.34, Completed Tasks: 1840
2025-07-17 13:56:14,888 [INFO] - Episode: 312/500, Reward: -16740.14, Avg AoI: 16.74, Completed Tasks: 1881
2025-07-17 13:56:33,443 [INFO] - Episode: 313/500, Reward: -17143.71, Avg AoI: 17.14, Completed Tasks: 1843
2025-07-17 13:56:51,418 [INFO] - Episode: 314/500, Reward: -17175.19, Avg AoI: 17.18, Completed Tasks: 1840
2025-07-17 13:57:08,561 [INFO] - Episode: 315/500, Reward: -16917.86, Avg AoI: 16.92, Completed Tasks: 1854
2025-07-17 13:57:26,200 [INFO] - Episode: 316/500, Reward: -17312.90, Avg AoI: 17.31, Completed Tasks: 1836
2025-07-17 13:57:44,345 [INFO] - Episode: 317/500, Reward: -17227.57, Avg AoI: 17.23, Completed Tasks: 1832
2025-07-17 13:58:02,368 [INFO] - Episode: 318/500, Reward: -17081.67, Avg AoI: 17.08, Completed Tasks: 1850
2025-07-17 13:58:19,842 [INFO] - Episode: 319/500, Reward: -17521.52, Avg AoI: 17.52, Completed Tasks: 1811
2025-07-17 13:58:37,752 [INFO] - Episode: 320/500, Reward: -17786.43, Avg AoI: 17.79, Completed Tasks: 1788
2025-07-17 13:58:55,161 [INFO] - Episode: 321/500, Reward: -17617.43, Avg AoI: 17.62, Completed Tasks: 1818
2025-07-17 13:59:12,340 [INFO] - Episode: 322/500, Reward: -16701.86, Avg AoI: 16.70, Completed Tasks: 1878
2025-07-17 13:59:30,161 [INFO] - Episode: 323/500, Reward: -17224.71, Avg AoI: 17.22, Completed Tasks: 1844
2025-07-17 13:59:47,810 [INFO] - Episode: 324/500, Reward: -17263.38, Avg AoI: 17.26, Completed Tasks: 1827
2025-07-17 14:00:05,172 [INFO] - Episode: 325/500, Reward: -17809.62, Avg AoI: 17.81, Completed Tasks: 1788
2025-07-17 14:00:23,589 [INFO] - Episode: 326/500, Reward: -17145.90, Avg AoI: 17.15, Completed Tasks: 1838
2025-07-17 14:00:41,542 [INFO] - Episode: 327/500, Reward: -17413.86, Avg AoI: 17.41, Completed Tasks: 1824
2025-07-17 14:00:59,163 [INFO] - Episode: 328/500, Reward: -17143.90, Avg AoI: 17.14, Completed Tasks: 1837
2025-07-17 14:01:14,885 [INFO] - Episode: 329/500, Reward: -17419.62, Avg AoI: 17.42, Completed Tasks: 1816
2025-07-17 14:01:29,292 [INFO] - Episode: 330/500, Reward: -17304.48, Avg AoI: 17.30, Completed Tasks: 1826
2025-07-17 14:01:47,730 [INFO] - Episode: 331/500, Reward: -16902.05, Avg AoI: 16.90, Completed Tasks: 1860
2025-07-17 14:02:04,891 [INFO] - Episode: 332/500, Reward: -17554.43, Avg AoI: 17.55, Completed Tasks: 1816
2025-07-17 14:02:22,054 [INFO] - Episode: 333/500, Reward: -17390.86, Avg AoI: 17.39, Completed Tasks: 1819
2025-07-17 14:02:39,236 [INFO] - Episode: 334/500, Reward: -17496.24, Avg AoI: 17.50, Completed Tasks: 1813
2025-07-17 14:02:57,265 [INFO] - Episode: 335/500, Reward: -17086.00, Avg AoI: 17.09, Completed Tasks: 1852
2025-07-17 14:03:14,628 [INFO] - Episode: 336/500, Reward: -17414.33, Avg AoI: 17.41, Completed Tasks: 1823
2025-07-17 14:03:31,775 [INFO] - Episode: 337/500, Reward: -17504.62, Avg AoI: 17.50, Completed Tasks: 1822
2025-07-17 14:03:49,437 [INFO] - Episode: 338/500, Reward: -17464.76, Avg AoI: 17.46, Completed Tasks: 1824
2025-07-17 14:04:05,785 [INFO] - Episode: 339/500, Reward: -16944.57, Avg AoI: 16.94, Completed Tasks: 1858
2025-07-17 14:04:23,618 [INFO] - Episode: 340/500, Reward: -17682.57, Avg AoI: 17.68, Completed Tasks: 1813
2025-07-17 14:04:40,452 [INFO] - Episode: 341/500, Reward: -17391.33, Avg AoI: 17.39, Completed Tasks: 1824
2025-07-17 14:04:56,533 [INFO] - Episode: 342/500, Reward: -17101.62, Avg AoI: 17.10, Completed Tasks: 1839
2025-07-17 14:05:14,588 [INFO] - Episode: 343/500, Reward: -16949.33, Avg AoI: 16.95, Completed Tasks: 1860
2025-07-17 14:05:31,424 [INFO] - Episode: 344/500, Reward: -17236.57, Avg AoI: 17.24, Completed Tasks: 1839
2025-07-17 14:05:48,844 [INFO] - Episode: 345/500, Reward: -16869.14, Avg AoI: 16.87, Completed Tasks: 1865
2025-07-17 14:06:05,035 [INFO] - Episode: 346/500, Reward: -17162.90, Avg AoI: 17.16, Completed Tasks: 1837
2025-07-17 14:06:20,328 [INFO] - Episode: 347/500, Reward: -17066.67, Avg AoI: 17.07, Completed Tasks: 1853
2025-07-17 14:06:35,520 [INFO] - Episode: 348/500, Reward: -17108.33, Avg AoI: 17.11, Completed Tasks: 1847
2025-07-17 14:06:50,791 [INFO] - Episode: 349/500, Reward: -17027.71, Avg AoI: 17.03, Completed Tasks: 1848
2025-07-17 14:07:06,015 [INFO] - Episode: 350/500, Reward: -16809.00, Avg AoI: 16.81, Completed Tasks: 1866
2025-07-17 14:07:21,468 [INFO] - Episode: 351/500, Reward: -16959.76, Avg AoI: 16.96, Completed Tasks: 1862
2025-07-17 14:07:36,864 [INFO] - Episode: 352/500, Reward: -16996.38, Avg AoI: 17.00, Completed Tasks: 1858
2025-07-17 14:07:52,319 [INFO] - Episode: 353/500, Reward: -17039.14, Avg AoI: 17.04, Completed Tasks: 1854
2025-07-17 14:08:07,624 [INFO] - Episode: 354/500, Reward: -17289.95, Avg AoI: 17.29, Completed Tasks: 1822
2025-07-17 14:08:23,055 [INFO] - Episode: 355/500, Reward: -17138.19, Avg AoI: 17.14, Completed Tasks: 1837
2025-07-17 14:08:38,307 [INFO] - Episode: 356/500, Reward: -17125.33, Avg AoI: 17.13, Completed Tasks: 1843
2025-07-17 14:08:53,536 [INFO] - Episode: 357/500, Reward: -17310.33, Avg AoI: 17.31, Completed Tasks: 1831
2025-07-17 14:09:09,290 [INFO] - Episode: 358/500, Reward: -17130.62, Avg AoI: 17.13, Completed Tasks: 1845
2025-07-17 14:09:24,663 [INFO] - Episode: 359/500, Reward: -16779.05, Avg AoI: 16.78, Completed Tasks: 1874
2025-07-17 14:09:40,120 [INFO] - Episode: 360/500, Reward: -17247.00, Avg AoI: 17.25, Completed Tasks: 1827
2025-07-17 14:09:55,826 [INFO] - Episode: 361/500, Reward: -17531.24, Avg AoI: 17.53, Completed Tasks: 1815
2025-07-17 14:10:11,499 [INFO] - Episode: 362/500, Reward: -16875.57, Avg AoI: 16.88, Completed Tasks: 1862
2025-07-17 14:10:26,817 [INFO] - Episode: 363/500, Reward: -16873.86, Avg AoI: 16.87, Completed Tasks: 1869
2025-07-17 14:10:42,849 [INFO] - Episode: 364/500, Reward: -17235.67, Avg AoI: 17.24, Completed Tasks: 1836
2025-07-17 14:10:59,842 [INFO] - Episode: 365/500, Reward: -17041.86, Avg AoI: 17.04, Completed Tasks: 1856
2025-07-17 14:11:17,949 [INFO] - Episode: 366/500, Reward: -16811.90, Avg AoI: 16.81, Completed Tasks: 1881
2025-07-17 14:11:38,323 [INFO] - Episode: 367/500, Reward: -17062.29, Avg AoI: 17.06, Completed Tasks: 1843
2025-07-17 14:11:57,187 [INFO] - Episode: 368/500, Reward: -17355.62, Avg AoI: 17.36, Completed Tasks: 1825
2025-07-17 14:12:15,411 [INFO] - Episode: 369/500, Reward: -17095.14, Avg AoI: 17.10, Completed Tasks: 1853
2025-07-17 14:12:32,367 [INFO] - Episode: 370/500, Reward: -17510.38, Avg AoI: 17.51, Completed Tasks: 1817
2025-07-17 14:12:49,583 [INFO] - Episode: 371/500, Reward: -16840.33, Avg AoI: 16.84, Completed Tasks: 1870
2025-07-17 14:13:07,712 [INFO] - Episode: 372/500, Reward: -17178.57, Avg AoI: 17.18, Completed Tasks: 1840
2025-07-17 14:13:24,272 [INFO] - Episode: 373/500, Reward: -16921.38, Avg AoI: 16.92, Completed Tasks: 1855
2025-07-17 14:13:41,091 [INFO] - Episode: 374/500, Reward: -17402.76, Avg AoI: 17.40, Completed Tasks: 1824
2025-07-17 14:13:58,061 [INFO] - Episode: 375/500, Reward: -17658.86, Avg AoI: 17.66, Completed Tasks: 1808
2025-07-17 14:14:14,331 [INFO] - Episode: 376/500, Reward: -17042.86, Avg AoI: 17.04, Completed Tasks: 1848
2025-07-17 14:14:30,918 [INFO] - Episode: 377/500, Reward: -17567.14, Avg AoI: 17.57, Completed Tasks: 1805
2025-07-17 14:14:47,553 [INFO] - Episode: 378/500, Reward: -17107.14, Avg AoI: 17.11, Completed Tasks: 1844
2025-07-17 14:15:03,519 [INFO] - Episode: 379/500, Reward: -17065.57, Avg AoI: 17.07, Completed Tasks: 1860
2025-07-17 14:15:19,680 [INFO] - Episode: 380/500, Reward: -17360.95, Avg AoI: 17.36, Completed Tasks: 1827
2025-07-17 14:15:37,492 [INFO] - Episode: 381/500, Reward: -16864.76, Avg AoI: 16.86, Completed Tasks: 1867
2025-07-17 14:15:55,276 [INFO] - Episode: 382/500, Reward: -17069.00, Avg AoI: 17.07, Completed Tasks: 1846
2025-07-17 14:16:11,664 [INFO] - Episode: 383/500, Reward: -17218.52, Avg AoI: 17.22, Completed Tasks: 1840
2025-07-17 14:16:28,163 [INFO] - Episode: 384/500, Reward: -17088.10, Avg AoI: 17.09, Completed Tasks: 1852
2025-07-17 14:16:44,983 [INFO] - Episode: 385/500, Reward: -17547.76, Avg AoI: 17.55, Completed Tasks: 1825
2025-07-17 14:17:00,844 [INFO] - Episode: 386/500, Reward: -17208.81, Avg AoI: 17.21, Completed Tasks: 1843
2025-07-17 14:17:16,300 [INFO] - Episode: 387/500, Reward: -16807.05, Avg AoI: 16.81, Completed Tasks: 1866
2025-07-17 14:17:32,121 [INFO] - Episode: 388/500, Reward: -17155.29, Avg AoI: 17.16, Completed Tasks: 1842
2025-07-17 14:17:48,404 [INFO] - Episode: 389/500, Reward: -16868.67, Avg AoI: 16.87, Completed Tasks: 1865
2025-07-17 14:18:04,616 [INFO] - Episode: 390/500, Reward: -16545.05, Avg AoI: 16.55, Completed Tasks: 1902
2025-07-17 14:18:25,481 [INFO] - Episode: 391/500, Reward: -16794.14, Avg AoI: 16.79, Completed Tasks: 1878
2025-07-17 14:18:47,471 [INFO] - Episode: 392/500, Reward: -16873.14, Avg AoI: 16.87, Completed Tasks: 1874
2025-07-17 14:19:09,707 [INFO] - Episode: 393/500, Reward: -16996.81, Avg AoI: 17.00, Completed Tasks: 1862
