2025-07-21 00:57:59,654 [INFO] - Logger initialized.
2025-07-21 00:57:59,656 [INFO] - --- Training Configuration ---
2025-07-21 00:57:59,656 [INFO] - n_users: 105
2025-07-21 00:57:59,656 [INFO] - n_servers: 45
2025-07-21 00:57:59,656 [INFO] - batch_proc_time: {'base': 3, 'per_task': 2}
2025-07-21 00:57:59,656 [INFO] - max_batch_size: 3
2025-07-21 00:57:59,656 [INFO] - num_episodes: 500
2025-07-21 00:57:59,657 [INFO] - episode_length: 1000
2025-07-21 00:57:59,657 [INFO] - actor_lr: 4e-05
2025-07-21 00:57:59,657 [INFO] - critic_lr: 4e-05
2025-07-21 00:57:59,657 [INFO] - gamma: 0.99
2025-07-21 00:57:59,657 [INFO] - gae_lambda: 0.95
2025-07-21 00:57:59,657 [INFO] - clip_ratio: 0.2
2025-07-21 00:57:59,657 [INFO] - update_epochs: 4
2025-07-21 00:57:59,659 [INFO] - mini_batch_size: 128
2025-07-21 00:57:59,659 [INFO] - entropy_coeff: 0.01
2025-07-21 00:57:59,659 [INFO] - max_grad_norm: 1.0
2025-07-21 00:57:59,659 [INFO] - use_global: True
2025-07-21 00:57:59,659 [INFO] - use_mean_field: True
2025-07-21 00:57:59,659 [INFO] - critic_warmup_epochs: 30
2025-07-21 00:57:59,659 [INFO] - gmm_config: {'n_components': 2, 'min_samples': 100, 'use_gmm': True, 'regularization': 1e-06}
2025-07-21 00:57:59,659 [INFO] - log_dir: logs/mappo_mf_105_45_Shared_Global_MF_GMM2_4e-05
2025-07-21 00:57:59,659 [INFO] - --------------------------
2025-07-21 00:58:01,289 [INFO] - MAPPO-MF Trainer Initialized with Shared Networks.
2025-07-21 00:58:01,289 [INFO] - Device: cpu
2025-07-21 00:58:01,289 [INFO] - User Obs Dim (including all servers): 137, Server Obs Dim: 3
2025-07-21 00:58:01,289 [INFO] - Global State Dim: 240
2025-07-21 00:58:01,290 [INFO] - Mean-field Dim: 10
2025-07-21 00:58:01,290 [INFO] - Use Global Critic: True
2025-07-21 00:58:01,290 [INFO] - Use Mean Field: True
2025-07-21 01:42:03,822 [INFO] - Episode: 1/500, Reward: -19570.10, Avg AoI: 19.57, Completed Tasks: 8101
2025-07-21 01:43:49,734 [INFO] - Episode: 2/500, Reward: -19852.04, Avg AoI: 19.85, Completed Tasks: 8112
2025-07-21 01:45:38,097 [INFO] - Episode: 3/500, Reward: -23306.40, Avg AoI: 23.31, Completed Tasks: 7738
2025-07-21 01:47:24,947 [INFO] - Episode: 4/500, Reward: -21082.96, Avg AoI: 21.08, Completed Tasks: 7916
2025-07-21 01:49:12,490 [INFO] - Episode: 5/500, Reward: -25339.16, Avg AoI: 25.34, Completed Tasks: 7352
2025-07-21 01:51:01,010 [INFO] - Episode: 6/500, Reward: -36775.92, Avg AoI: 36.78, Completed Tasks: 6762
2025-07-21 01:52:47,737 [INFO] - Episode: 7/500, Reward: -147437.44, Avg AoI: 147.44, Completed Tasks: 4171
2025-07-21 01:54:35,773 [INFO] - Episode: 8/500, Reward: -165876.74, Avg AoI: 165.88, Completed Tasks: 3368
2025-07-21 01:56:21,455 [INFO] - Episode: 9/500, Reward: -76835.73, Avg AoI: 76.84, Completed Tasks: 4658
2025-07-21 01:58:11,670 [INFO] - Episode: 10/500, Reward: -189537.25, Avg AoI: 189.54, Completed Tasks: 3206
2025-07-21 02:00:02,280 [INFO] - Episode: 11/500, Reward: -279737.04, Avg AoI: 279.74, Completed Tasks: 1873
2025-07-21 02:01:56,272 [INFO] - Episode: 12/500, Reward: -62485.00, Avg AoI: 62.48, Completed Tasks: 5002
2025-07-21 02:03:49,433 [INFO] - Episode: 13/500, Reward: -160967.74, Avg AoI: 160.97, Completed Tasks: 3003
2025-07-21 02:05:40,202 [INFO] - Episode: 14/500, Reward: -94507.37, Avg AoI: 94.51, Completed Tasks: 3979
2025-07-21 02:07:29,480 [INFO] - Episode: 15/500, Reward: -165381.15, Avg AoI: 165.38, Completed Tasks: 2850
2025-07-21 02:09:21,794 [INFO] - Episode: 16/500, Reward: -138182.18, Avg AoI: 138.18, Completed Tasks: 3090
2025-07-21 02:11:09,181 [INFO] - Episode: 17/500, Reward: -121602.83, Avg AoI: 121.60, Completed Tasks: 3538
2025-07-21 02:13:02,256 [INFO] - Episode: 18/500, Reward: -204373.98, Avg AoI: 204.37, Completed Tasks: 2274
2025-07-21 02:14:53,128 [INFO] - Episode: 19/500, Reward: -101298.28, Avg AoI: 101.30, Completed Tasks: 3685
2025-07-21 02:16:40,275 [INFO] - Episode: 20/500, Reward: -76711.18, Avg AoI: 76.71, Completed Tasks: 4071
2025-07-21 02:18:34,354 [INFO] - Episode: 21/500, Reward: -98411.79, Avg AoI: 98.41, Completed Tasks: 3791
2025-07-21 02:20:29,609 [INFO] - Episode: 22/500, Reward: -41622.37, Avg AoI: 41.62, Completed Tasks: 5295
2025-07-21 02:22:15,109 [INFO] - Episode: 23/500, Reward: -47332.76, Avg AoI: 47.33, Completed Tasks: 4924
2025-07-21 02:24:01,200 [INFO] - Episode: 24/500, Reward: -100138.23, Avg AoI: 100.14, Completed Tasks: 3637
2025-07-21 02:25:46,362 [INFO] - Episode: 25/500, Reward: -93490.02, Avg AoI: 93.49, Completed Tasks: 3847
2025-07-21 02:27:33,386 [INFO] - Episode: 26/500, Reward: -53010.18, Avg AoI: 53.01, Completed Tasks: 5098
2025-07-21 02:29:22,500 [INFO] - Episode: 27/500, Reward: -59539.70, Avg AoI: 59.54, Completed Tasks: 4733
2025-07-21 02:31:05,367 [INFO] - Episode: 28/500, Reward: -43952.96, Avg AoI: 43.95, Completed Tasks: 4903
2025-07-21 02:32:45,261 [INFO] - Episode: 29/500, Reward: -36234.16, Avg AoI: 36.23, Completed Tasks: 5661
2025-07-21 02:34:30,318 [INFO] - Episode: 30/500, Reward: -34283.46, Avg AoI: 34.28, Completed Tasks: 5463
2025-07-21 02:36:14,664 [INFO] - Episode: 31/500, Reward: -120740.32, Avg AoI: 120.74, Completed Tasks: 2817
2025-07-21 02:38:01,464 [INFO] - Episode: 32/500, Reward: -164503.07, Avg AoI: 164.50, Completed Tasks: 2160
2025-07-21 02:39:51,196 [INFO] - Episode: 33/500, Reward: -68951.46, Avg AoI: 68.95, Completed Tasks: 3559
2025-07-21 02:41:39,045 [INFO] - Episode: 34/500, Reward: -42386.53, Avg AoI: 42.39, Completed Tasks: 4932
2025-07-21 02:43:27,557 [INFO] - Episode: 35/500, Reward: -61193.23, Avg AoI: 61.19, Completed Tasks: 4105
2025-07-21 02:45:14,337 [INFO] - Episode: 36/500, Reward: -61130.69, Avg AoI: 61.13, Completed Tasks: 4317
2025-07-21 02:46:59,405 [INFO] - Episode: 37/500, Reward: -70981.75, Avg AoI: 70.98, Completed Tasks: 3911
2025-07-21 02:48:53,248 [INFO] - Episode: 38/500, Reward: -57829.22, Avg AoI: 57.83, Completed Tasks: 4446
2025-07-21 02:50:45,653 [INFO] - Episode: 39/500, Reward: -38610.20, Avg AoI: 38.61, Completed Tasks: 5363
2025-07-21 02:52:34,574 [INFO] - Episode: 40/500, Reward: -149332.01, Avg AoI: 149.33, Completed Tasks: 2629
2025-07-21 02:54:22,859 [INFO] - Episode: 41/500, Reward: -72811.28, Avg AoI: 72.81, Completed Tasks: 3637
2025-07-21 02:56:16,217 [INFO] - Episode: 42/500, Reward: -54190.73, Avg AoI: 54.19, Completed Tasks: 4384
2025-07-21 02:58:05,977 [INFO] - Episode: 43/500, Reward: -100591.37, Avg AoI: 100.59, Completed Tasks: 2975
2025-07-21 02:59:52,514 [INFO] - Episode: 44/500, Reward: -82675.56, Avg AoI: 82.68, Completed Tasks: 3786
2025-07-21 03:01:42,482 [INFO] - Episode: 45/500, Reward: -228948.51, Avg AoI: 228.95, Completed Tasks: 2130
2025-07-21 03:03:39,167 [INFO] - Episode: 46/500, Reward: -44648.05, Avg AoI: 44.65, Completed Tasks: 4729
2025-07-21 03:05:34,127 [INFO] - Episode: 47/500, Reward: -277442.56, Avg AoI: 277.44, Completed Tasks: 1520
2025-07-21 03:07:28,744 [INFO] - Episode: 48/500, Reward: -335745.04, Avg AoI: 335.75, Completed Tasks: 1179
2025-07-21 03:09:18,780 [INFO] - Episode: 49/500, Reward: -410062.21, Avg AoI: 410.06, Completed Tasks: 775
2025-07-21 03:11:09,665 [INFO] - Episode: 50/500, Reward: -388967.31, Avg AoI: 388.97, Completed Tasks: 883
2025-07-21 03:12:59,601 [INFO] - Episode: 51/500, Reward: -367679.85, Avg AoI: 367.68, Completed Tasks: 1018
2025-07-21 03:14:48,198 [INFO] - Episode: 52/500, Reward: -229715.42, Avg AoI: 229.72, Completed Tasks: 1815
2025-07-21 03:16:34,126 [INFO] - Episode: 53/500, Reward: -202183.71, Avg AoI: 202.18, Completed Tasks: 2681
2025-07-21 03:18:27,730 [INFO] - Episode: 54/500, Reward: -269490.50, Avg AoI: 269.49, Completed Tasks: 1696
2025-07-21 03:20:20,182 [INFO] - Episode: 55/500, Reward: -149999.93, Avg AoI: 150.00, Completed Tasks: 2642
2025-07-21 03:22:09,783 [INFO] - Episode: 56/500, Reward: -325686.06, Avg AoI: 325.69, Completed Tasks: 1275
2025-07-21 03:23:58,482 [INFO] - Episode: 57/500, Reward: -308796.97, Avg AoI: 308.80, Completed Tasks: 1291
2025-07-21 03:25:46,401 [INFO] - Episode: 58/500, Reward: -121542.02, Avg AoI: 121.54, Completed Tasks: 3215
2025-07-21 03:27:33,254 [INFO] - Episode: 59/500, Reward: -278577.32, Avg AoI: 278.58, Completed Tasks: 1491
2025-07-21 03:29:21,527 [INFO] - Episode: 60/500, Reward: -225401.51, Avg AoI: 225.40, Completed Tasks: 1863
2025-07-21 03:31:08,663 [INFO] - Episode: 61/500, Reward: -114945.17, Avg AoI: 114.95, Completed Tasks: 3046
2025-07-21 03:33:01,880 [INFO] - Episode: 62/500, Reward: -67748.83, Avg AoI: 67.75, Completed Tasks: 3929
2025-07-21 03:34:55,491 [INFO] - Episode: 63/500, Reward: -59653.29, Avg AoI: 59.65, Completed Tasks: 4350
2025-07-21 03:36:38,775 [INFO] - Episode: 64/500, Reward: -43533.51, Avg AoI: 43.53, Completed Tasks: 4733
2025-07-21 03:38:26,179 [INFO] - Episode: 65/500, Reward: -121782.93, Avg AoI: 121.78, Completed Tasks: 2984
2025-07-21 03:40:18,430 [INFO] - Episode: 66/500, Reward: -183859.58, Avg AoI: 183.86, Completed Tasks: 1836
2025-07-21 03:42:08,670 [INFO] - Episode: 67/500, Reward: -235875.81, Avg AoI: 235.88, Completed Tasks: 1516
2025-07-21 03:43:58,245 [INFO] - Episode: 68/500, Reward: -45052.06, Avg AoI: 45.05, Completed Tasks: 4655
2025-07-21 03:45:47,791 [INFO] - Episode: 69/500, Reward: -125718.50, Avg AoI: 125.72, Completed Tasks: 2840
2025-07-21 03:47:37,003 [INFO] - Episode: 70/500, Reward: -106238.21, Avg AoI: 106.24, Completed Tasks: 2989
2025-07-21 03:49:29,946 [INFO] - Episode: 71/500, Reward: -180308.75, Avg AoI: 180.31, Completed Tasks: 2112
2025-07-21 03:51:17,746 [INFO] - Episode: 72/500, Reward: -168627.93, Avg AoI: 168.63, Completed Tasks: 2223
2025-07-21 03:53:00,864 [INFO] - Episode: 73/500, Reward: -233345.11, Avg AoI: 233.35, Completed Tasks: 1477
2025-07-21 03:54:45,407 [INFO] - Episode: 74/500, Reward: -207856.80, Avg AoI: 207.86, Completed Tasks: 1906
2025-07-21 03:56:32,424 [INFO] - Episode: 75/500, Reward: -266784.99, Avg AoI: 266.78, Completed Tasks: 1520
2025-07-21 03:58:23,765 [INFO] - Episode: 76/500, Reward: -146574.90, Avg AoI: 146.57, Completed Tasks: 2585
2025-07-21 04:00:14,091 [INFO] - Episode: 77/500, Reward: -227893.13, Avg AoI: 227.89, Completed Tasks: 1550
2025-07-21 04:02:04,245 [INFO] - Episode: 78/500, Reward: -258350.20, Avg AoI: 258.35, Completed Tasks: 965
2025-07-21 04:04:01,775 [INFO] - Episode: 79/500, Reward: -103341.63, Avg AoI: 103.34, Completed Tasks: 3080
2025-07-21 04:05:55,048 [INFO] - Episode: 80/500, Reward: -232785.66, Avg AoI: 232.79, Completed Tasks: 1325
2025-07-21 04:07:48,419 [INFO] - Episode: 81/500, Reward: -211273.98, Avg AoI: 211.27, Completed Tasks: 1608
2025-07-21 04:09:43,351 [INFO] - Episode: 82/500, Reward: -195867.50, Avg AoI: 195.87, Completed Tasks: 1314
2025-07-21 04:11:33,723 [INFO] - Episode: 83/500, Reward: -61496.40, Avg AoI: 61.50, Completed Tasks: 4006
2025-07-21 04:13:24,562 [INFO] - Episode: 84/500, Reward: -198688.86, Avg AoI: 198.69, Completed Tasks: 1378
2025-07-21 04:15:16,469 [INFO] - Episode: 85/500, Reward: -175080.25, Avg AoI: 175.08, Completed Tasks: 1742
2025-07-21 04:17:09,335 [INFO] - Episode: 86/500, Reward: -193293.22, Avg AoI: 193.29, Completed Tasks: 1727
2025-07-21 04:19:02,240 [INFO] - Episode: 87/500, Reward: -152048.19, Avg AoI: 152.05, Completed Tasks: 1861
2025-07-21 04:20:58,386 [INFO] - Episode: 88/500, Reward: -161562.74, Avg AoI: 161.56, Completed Tasks: 1565
2025-07-21 04:22:49,127 [INFO] - Episode: 89/500, Reward: -191890.32, Avg AoI: 191.89, Completed Tasks: 1282
2025-07-21 04:24:37,862 [INFO] - Episode: 90/500, Reward: -160577.79, Avg AoI: 160.58, Completed Tasks: 1476
2025-07-21 04:26:26,122 [INFO] - Episode: 91/500, Reward: -130232.43, Avg AoI: 130.23, Completed Tasks: 2263
2025-07-21 04:28:15,611 [INFO] - Episode: 92/500, Reward: -178210.50, Avg AoI: 178.21, Completed Tasks: 1165
2025-07-21 04:30:01,164 [INFO] - Episode: 93/500, Reward: -164011.12, Avg AoI: 164.01, Completed Tasks: 1835
2025-07-21 04:31:45,034 [INFO] - Episode: 94/500, Reward: -174969.31, Avg AoI: 174.97, Completed Tasks: 1544
2025-07-21 04:33:31,437 [INFO] - Episode: 95/500, Reward: -193139.70, Avg AoI: 193.14, Completed Tasks: 1248
2025-07-21 04:35:16,664 [INFO] - Episode: 96/500, Reward: -186535.61, Avg AoI: 186.54, Completed Tasks: 919
2025-07-21 04:37:04,511 [INFO] - Episode: 97/500, Reward: -185112.52, Avg AoI: 185.11, Completed Tasks: 1233
2025-07-21 04:38:54,805 [INFO] - Episode: 98/500, Reward: -189788.24, Avg AoI: 189.79, Completed Tasks: 1110
2025-07-21 04:40:45,519 [INFO] - Episode: 99/500, Reward: -152300.04, Avg AoI: 152.30, Completed Tasks: 1385
2025-07-21 04:42:36,265 [INFO] - Episode: 100/500, Reward: -165335.36, Avg AoI: 165.34, Completed Tasks: 1372
2025-07-21 04:44:28,033 [INFO] - Episode: 101/500, Reward: -148167.55, Avg AoI: 148.17, Completed Tasks: 1360
2025-07-21 04:46:16,325 [INFO] - Episode: 102/500, Reward: -81047.17, Avg AoI: 81.05, Completed Tasks: 2136
2025-07-21 04:48:01,222 [INFO] - Episode: 103/500, Reward: -178302.89, Avg AoI: 178.30, Completed Tasks: 1114
2025-07-21 04:49:52,934 [INFO] - Episode: 104/500, Reward: -182118.80, Avg AoI: 182.12, Completed Tasks: 1129
2025-07-21 04:51:46,585 [INFO] - Episode: 105/500, Reward: -184555.21, Avg AoI: 184.56, Completed Tasks: 971
2025-07-21 04:53:36,020 [INFO] - Episode: 106/500, Reward: -200276.10, Avg AoI: 200.28, Completed Tasks: 959
2025-07-21 04:55:25,307 [INFO] - Episode: 107/500, Reward: -184063.10, Avg AoI: 184.06, Completed Tasks: 1198
2025-07-21 04:57:13,113 [INFO] - Episode: 108/500, Reward: -173501.77, Avg AoI: 173.50, Completed Tasks: 1268
2025-07-21 04:59:05,932 [INFO] - Episode: 109/500, Reward: -180741.76, Avg AoI: 180.74, Completed Tasks: 1201
2025-07-21 05:00:54,977 [INFO] - Episode: 110/500, Reward: -179245.41, Avg AoI: 179.25, Completed Tasks: 1090
2025-07-21 05:02:40,855 [INFO] - Episode: 111/500, Reward: -177530.61, Avg AoI: 177.53, Completed Tasks: 1081
2025-07-21 05:04:34,350 [INFO] - Episode: 112/500, Reward: -184067.14, Avg AoI: 184.07, Completed Tasks: 1179
2025-07-21 05:06:27,118 [INFO] - Episode: 113/500, Reward: -161679.93, Avg AoI: 161.68, Completed Tasks: 1449
2025-07-21 05:08:17,750 [INFO] - Episode: 114/500, Reward: -156180.97, Avg AoI: 156.18, Completed Tasks: 1493
2025-07-21 05:10:15,560 [INFO] - Episode: 115/500, Reward: -182243.34, Avg AoI: 182.24, Completed Tasks: 1043
2025-07-21 05:12:03,519 [INFO] - Episode: 116/500, Reward: -176616.90, Avg AoI: 176.62, Completed Tasks: 1406
2025-07-21 05:13:48,043 [INFO] - Episode: 117/500, Reward: -208056.01, Avg AoI: 208.06, Completed Tasks: 794
2025-07-21 05:15:41,728 [INFO] - Episode: 118/500, Reward: -149727.64, Avg AoI: 149.73, Completed Tasks: 1927
2025-07-21 05:17:30,160 [INFO] - Episode: 119/500, Reward: -179407.76, Avg AoI: 179.41, Completed Tasks: 1225
2025-07-21 05:19:21,252 [INFO] - Episode: 120/500, Reward: -159011.48, Avg AoI: 159.01, Completed Tasks: 1788
2025-07-21 05:21:11,629 [INFO] - Episode: 121/500, Reward: -150919.59, Avg AoI: 150.92, Completed Tasks: 1535
2025-07-21 05:23:00,628 [INFO] - Episode: 122/500, Reward: -165788.71, Avg AoI: 165.79, Completed Tasks: 1046
2025-07-21 05:24:49,992 [INFO] - Episode: 123/500, Reward: -58516.10, Avg AoI: 58.52, Completed Tasks: 4186
2025-07-21 05:26:34,456 [INFO] - Episode: 124/500, Reward: -93010.23, Avg AoI: 93.01, Completed Tasks: 3323
2025-07-21 05:28:15,824 [INFO] - Episode: 125/500, Reward: -125520.95, Avg AoI: 125.52, Completed Tasks: 2829
2025-07-21 05:30:00,501 [INFO] - Episode: 126/500, Reward: -133658.80, Avg AoI: 133.66, Completed Tasks: 2153
2025-07-21 05:31:47,598 [INFO] - Episode: 127/500, Reward: -99685.44, Avg AoI: 99.69, Completed Tasks: 2984
2025-07-21 05:33:35,644 [INFO] - Episode: 128/500, Reward: -155821.67, Avg AoI: 155.82, Completed Tasks: 1866
2025-07-21 05:35:18,198 [INFO] - Episode: 129/500, Reward: -167204.75, Avg AoI: 167.20, Completed Tasks: 1531
2025-07-21 05:36:58,839 [INFO] - Episode: 130/500, Reward: -180935.71, Avg AoI: 180.94, Completed Tasks: 1281
2025-07-21 05:38:48,261 [INFO] - Episode: 131/500, Reward: -184326.10, Avg AoI: 184.33, Completed Tasks: 913
2025-07-21 05:40:39,723 [INFO] - Episode: 132/500, Reward: -166153.93, Avg AoI: 166.15, Completed Tasks: 1176
2025-07-21 05:42:22,695 [INFO] - Episode: 133/500, Reward: -175270.53, Avg AoI: 175.27, Completed Tasks: 1074
2025-07-21 05:44:09,561 [INFO] - Episode: 134/500, Reward: -152579.41, Avg AoI: 152.58, Completed Tasks: 1686
2025-07-21 05:46:00,223 [INFO] - Episode: 135/500, Reward: -158607.14, Avg AoI: 158.61, Completed Tasks: 1324
2025-07-21 05:47:49,739 [INFO] - Episode: 136/500, Reward: -166204.04, Avg AoI: 166.20, Completed Tasks: 1215
2025-07-21 05:49:40,571 [INFO] - Episode: 137/500, Reward: -174073.88, Avg AoI: 174.07, Completed Tasks: 1193
2025-07-21 05:51:25,977 [INFO] - Episode: 138/500, Reward: -161361.15, Avg AoI: 161.36, Completed Tasks: 1143
2025-07-21 05:53:08,508 [INFO] - Episode: 139/500, Reward: -171073.81, Avg AoI: 171.07, Completed Tasks: 1281
2025-07-21 05:54:53,139 [INFO] - Episode: 140/500, Reward: -173116.75, Avg AoI: 173.12, Completed Tasks: 1010
2025-07-21 05:56:37,577 [INFO] - Episode: 141/500, Reward: -178949.16, Avg AoI: 178.95, Completed Tasks: 1053
2025-07-21 05:58:24,861 [INFO] - Episode: 142/500, Reward: -183286.93, Avg AoI: 183.29, Completed Tasks: 1110
2025-07-21 06:00:13,978 [INFO] - Episode: 143/500, Reward: -163920.86, Avg AoI: 163.92, Completed Tasks: 1133
2025-07-21 06:02:04,297 [INFO] - Episode: 144/500, Reward: -181467.62, Avg AoI: 181.47, Completed Tasks: 1114
2025-07-21 06:03:52,169 [INFO] - Episode: 145/500, Reward: -171828.18, Avg AoI: 171.83, Completed Tasks: 1143
2025-07-21 06:05:41,485 [INFO] - Episode: 146/500, Reward: -176049.08, Avg AoI: 176.05, Completed Tasks: 1189
2025-07-21 06:07:28,042 [INFO] - Episode: 147/500, Reward: -172001.19, Avg AoI: 172.00, Completed Tasks: 969
2025-07-21 06:09:15,005 [INFO] - Episode: 148/500, Reward: -160947.04, Avg AoI: 160.95, Completed Tasks: 1477
2025-07-21 06:11:10,606 [INFO] - Episode: 149/500, Reward: -177150.79, Avg AoI: 177.15, Completed Tasks: 1114
2025-07-21 06:13:03,702 [INFO] - Episode: 150/500, Reward: -171265.51, Avg AoI: 171.27, Completed Tasks: 1306
2025-07-21 06:14:55,866 [INFO] - Episode: 151/500, Reward: -166755.30, Avg AoI: 166.76, Completed Tasks: 1226
2025-07-21 06:16:49,342 [INFO] - Episode: 152/500, Reward: -92141.58, Avg AoI: 92.14, Completed Tasks: 3731
2025-07-21 06:18:40,159 [INFO] - Episode: 153/500, Reward: -125077.45, Avg AoI: 125.08, Completed Tasks: 2466
2025-07-21 06:20:29,392 [INFO] - Episode: 154/500, Reward: -153682.83, Avg AoI: 153.68, Completed Tasks: 1405
2025-07-21 06:22:16,769 [INFO] - Episode: 155/500, Reward: -75860.77, Avg AoI: 75.86, Completed Tasks: 3965
2025-07-21 06:24:07,495 [INFO] - Episode: 156/500, Reward: -71448.25, Avg AoI: 71.45, Completed Tasks: 3920
2025-07-21 06:25:58,069 [INFO] - Episode: 157/500, Reward: -152899.99, Avg AoI: 152.90, Completed Tasks: 1677
2025-07-21 06:27:45,586 [INFO] - Episode: 158/500, Reward: -87009.59, Avg AoI: 87.01, Completed Tasks: 3376
2025-07-21 06:29:34,604 [INFO] - Episode: 159/500, Reward: -56065.08, Avg AoI: 56.07, Completed Tasks: 4134
2025-07-21 06:31:19,505 [INFO] - Episode: 160/500, Reward: -160766.85, Avg AoI: 160.77, Completed Tasks: 1612
2025-07-21 06:32:59,071 [INFO] - Episode: 161/500, Reward: -99020.49, Avg AoI: 99.02, Completed Tasks: 2972
2025-07-21 06:34:45,026 [INFO] - Episode: 162/500, Reward: -129604.61, Avg AoI: 129.60, Completed Tasks: 1991
2025-07-21 06:36:32,044 [INFO] - Episode: 163/500, Reward: -156002.31, Avg AoI: 156.00, Completed Tasks: 1476
2025-07-21 06:38:18,014 [INFO] - Episode: 164/500, Reward: -160516.33, Avg AoI: 160.52, Completed Tasks: 1417
2025-07-21 06:40:06,595 [INFO] - Episode: 165/500, Reward: -120170.69, Avg AoI: 120.17, Completed Tasks: 2264
2025-07-21 06:41:54,694 [INFO] - Episode: 166/500, Reward: -96194.26, Avg AoI: 96.19, Completed Tasks: 2710
2025-07-21 06:43:42,819 [INFO] - Episode: 167/500, Reward: -66353.42, Avg AoI: 66.35, Completed Tasks: 3955
2025-07-21 06:45:34,984 [INFO] - Episode: 168/500, Reward: -38821.48, Avg AoI: 38.82, Completed Tasks: 5633
2025-07-21 06:47:25,602 [INFO] - Episode: 169/500, Reward: -34291.70, Avg AoI: 34.29, Completed Tasks: 5912
2025-07-21 06:49:18,535 [INFO] - Episode: 170/500, Reward: -180483.13, Avg AoI: 180.48, Completed Tasks: 1587
2025-07-21 06:51:06,796 [INFO] - Episode: 171/500, Reward: -66698.09, Avg AoI: 66.70, Completed Tasks: 3925
2025-07-21 06:53:00,129 [INFO] - Episode: 172/500, Reward: -154028.37, Avg AoI: 154.03, Completed Tasks: 1505
2025-07-21 06:54:50,220 [INFO] - Episode: 173/500, Reward: -174321.98, Avg AoI: 174.32, Completed Tasks: 1651
2025-07-21 06:56:35,285 [INFO] - Episode: 174/500, Reward: -162108.95, Avg AoI: 162.11, Completed Tasks: 1862
2025-07-21 06:58:21,365 [INFO] - Episode: 175/500, Reward: -100870.70, Avg AoI: 100.87, Completed Tasks: 3570
2025-07-21 07:00:17,653 [INFO] - Episode: 176/500, Reward: -53045.50, Avg AoI: 53.05, Completed Tasks: 4884
2025-07-21 07:02:11,120 [INFO] - Episode: 177/500, Reward: -49144.84, Avg AoI: 49.14, Completed Tasks: 4944
2025-07-21 07:04:01,844 [INFO] - Episode: 178/500, Reward: -147359.27, Avg AoI: 147.36, Completed Tasks: 1975
2025-07-21 07:05:49,969 [INFO] - Episode: 179/500, Reward: -132815.00, Avg AoI: 132.82, Completed Tasks: 2595
2025-07-21 07:07:38,520 [INFO] - Episode: 180/500, Reward: -185513.44, Avg AoI: 185.51, Completed Tasks: 1197
2025-07-21 07:09:29,033 [INFO] - Episode: 181/500, Reward: -39069.75, Avg AoI: 39.07, Completed Tasks: 5457
2025-07-21 07:11:23,042 [INFO] - Episode: 182/500, Reward: -87830.13, Avg AoI: 87.83, Completed Tasks: 3797
2025-07-21 07:13:08,361 [INFO] - Episode: 183/500, Reward: -43299.10, Avg AoI: 43.30, Completed Tasks: 5037
2025-07-21 07:14:49,521 [INFO] - Episode: 184/500, Reward: -45290.67, Avg AoI: 45.29, Completed Tasks: 5104
2025-07-21 07:16:34,162 [INFO] - Episode: 185/500, Reward: -40110.09, Avg AoI: 40.11, Completed Tasks: 5240
2025-07-21 07:18:22,594 [INFO] - Episode: 186/500, Reward: -55841.92, Avg AoI: 55.84, Completed Tasks: 4509
2025-07-21 07:20:11,502 [INFO] - Episode: 187/500, Reward: -32915.42, Avg AoI: 32.92, Completed Tasks: 5805
2025-07-21 07:21:57,586 [INFO] - Episode: 188/500, Reward: -40469.27, Avg AoI: 40.47, Completed Tasks: 5371
2025-07-21 07:23:51,474 [INFO] - Episode: 189/500, Reward: -38745.02, Avg AoI: 38.75, Completed Tasks: 5318
2025-07-21 07:25:42,339 [INFO] - Episode: 190/500, Reward: -129256.57, Avg AoI: 129.26, Completed Tasks: 2507
2025-07-21 07:27:33,143 [INFO] - Episode: 191/500, Reward: -141316.24, Avg AoI: 141.32, Completed Tasks: 2012
2025-07-21 07:29:19,467 [INFO] - Episode: 192/500, Reward: -189084.69, Avg AoI: 189.08, Completed Tasks: 1149
2025-07-21 07:31:06,898 [INFO] - Episode: 193/500, Reward: -143224.09, Avg AoI: 143.22, Completed Tasks: 2379
2025-07-21 07:32:57,077 [INFO] - Episode: 194/500, Reward: -80186.70, Avg AoI: 80.19, Completed Tasks: 3613
2025-07-21 07:34:49,199 [INFO] - Episode: 195/500, Reward: -39830.67, Avg AoI: 39.83, Completed Tasks: 5313
2025-07-21 07:36:35,598 [INFO] - Episode: 196/500, Reward: -38072.15, Avg AoI: 38.07, Completed Tasks: 5592
2025-07-21 07:38:17,640 [INFO] - Episode: 197/500, Reward: -39921.46, Avg AoI: 39.92, Completed Tasks: 5168
2025-07-21 07:40:07,604 [INFO] - Episode: 198/500, Reward: -46326.46, Avg AoI: 46.33, Completed Tasks: 4776
2025-07-21 07:42:00,444 [INFO] - Episode: 199/500, Reward: -39535.44, Avg AoI: 39.54, Completed Tasks: 5362
2025-07-21 07:43:49,805 [INFO] - Episode: 200/500, Reward: -34673.13, Avg AoI: 34.67, Completed Tasks: 5839
2025-07-21 07:45:37,645 [INFO] - Episode: 201/500, Reward: -43980.65, Avg AoI: 43.98, Completed Tasks: 3903
2025-07-21 07:47:23,605 [INFO] - Episode: 202/500, Reward: -34303.02, Avg AoI: 34.30, Completed Tasks: 4787
2025-07-21 07:49:15,916 [INFO] - Episode: 203/500, Reward: -36080.80, Avg AoI: 36.08, Completed Tasks: 4794
2025-07-21 07:51:02,695 [INFO] - Episode: 204/500, Reward: -48989.75, Avg AoI: 48.99, Completed Tasks: 4360
2025-07-21 07:52:52,453 [INFO] - Episode: 205/500, Reward: -41578.34, Avg AoI: 41.58, Completed Tasks: 4509
2025-07-21 07:54:44,270 [INFO] - Episode: 206/500, Reward: -49589.57, Avg AoI: 49.59, Completed Tasks: 4464
2025-07-21 07:56:36,583 [INFO] - Episode: 207/500, Reward: -79294.29, Avg AoI: 79.29, Completed Tasks: 3623
2025-07-21 07:58:26,968 [INFO] - Episode: 208/500, Reward: -56463.10, Avg AoI: 56.46, Completed Tasks: 4244
2025-07-21 08:00:20,230 [INFO] - Episode: 209/500, Reward: -61680.20, Avg AoI: 61.68, Completed Tasks: 4206
2025-07-21 08:02:07,229 [INFO] - Episode: 210/500, Reward: -47029.92, Avg AoI: 47.03, Completed Tasks: 4885
2025-07-21 08:03:50,971 [INFO] - Episode: 211/500, Reward: -58523.20, Avg AoI: 58.52, Completed Tasks: 4504
2025-07-21 08:05:50,972 [INFO] - Episode: 212/500, Reward: -54051.38, Avg AoI: 54.05, Completed Tasks: 4535
2025-07-21 08:07:50,213 [INFO] - Episode: 213/500, Reward: -42345.11, Avg AoI: 42.35, Completed Tasks: 4820
2025-07-21 08:09:48,715 [INFO] - Episode: 214/500, Reward: -38390.22, Avg AoI: 38.39, Completed Tasks: 5420
2025-07-21 08:11:41,929 [INFO] - Episode: 215/500, Reward: -36839.35, Avg AoI: 36.84, Completed Tasks: 5248
2025-07-21 08:13:37,607 [INFO] - Episode: 216/500, Reward: -30460.63, Avg AoI: 30.46, Completed Tasks: 5949
2025-07-21 08:15:26,383 [INFO] - Episode: 217/500, Reward: -36868.74, Avg AoI: 36.87, Completed Tasks: 5395
2025-07-21 08:17:20,932 [INFO] - Episode: 218/500, Reward: -32140.14, Avg AoI: 32.14, Completed Tasks: 5807
2025-07-21 08:19:10,746 [INFO] - Episode: 219/500, Reward: -27740.34, Avg AoI: 27.74, Completed Tasks: 6149
2025-07-21 08:20:57,377 [INFO] - Episode: 220/500, Reward: -27418.41, Avg AoI: 27.42, Completed Tasks: 6155
2025-07-21 08:22:48,841 [INFO] - Episode: 221/500, Reward: -28024.72, Avg AoI: 28.02, Completed Tasks: 6131
2025-07-21 08:24:42,021 [INFO] - Episode: 222/500, Reward: -30460.28, Avg AoI: 30.46, Completed Tasks: 5887
2025-07-21 08:26:31,422 [INFO] - Episode: 223/500, Reward: -29474.20, Avg AoI: 29.47, Completed Tasks: 5898
2025-07-21 08:28:17,054 [INFO] - Episode: 224/500, Reward: -27154.46, Avg AoI: 27.15, Completed Tasks: 6306
2025-07-21 08:30:05,823 [INFO] - Episode: 225/500, Reward: -24559.19, Avg AoI: 24.56, Completed Tasks: 6670
2025-07-21 08:31:56,011 [INFO] - Episode: 226/500, Reward: -25942.94, Avg AoI: 25.94, Completed Tasks: 6364
2025-07-21 08:33:44,625 [INFO] - Episode: 227/500, Reward: -23938.71, Avg AoI: 23.94, Completed Tasks: 6829
2025-07-21 08:35:33,330 [INFO] - Episode: 228/500, Reward: -35443.77, Avg AoI: 35.44, Completed Tasks: 5628
2025-07-21 08:37:21,720 [INFO] - Episode: 229/500, Reward: -23894.51, Avg AoI: 23.89, Completed Tasks: 6798
2025-07-21 08:39:10,934 [INFO] - Episode: 230/500, Reward: -25022.47, Avg AoI: 25.02, Completed Tasks: 6621
2025-07-21 08:40:59,161 [INFO] - Episode: 231/500, Reward: -24922.51, Avg AoI: 24.92, Completed Tasks: 6628
2025-07-21 08:42:40,304 [INFO] - Episode: 232/500, Reward: -28708.55, Avg AoI: 28.71, Completed Tasks: 6059
2025-07-21 08:44:25,561 [INFO] - Episode: 233/500, Reward: -35631.86, Avg AoI: 35.63, Completed Tasks: 5725
2025-07-21 08:46:11,009 [INFO] - Episode: 234/500, Reward: -24222.92, Avg AoI: 24.22, Completed Tasks: 6803
2025-07-21 08:47:59,047 [INFO] - Episode: 235/500, Reward: -26356.40, Avg AoI: 26.36, Completed Tasks: 6393
2025-07-21 08:49:43,237 [INFO] - Episode: 236/500, Reward: -25909.61, Avg AoI: 25.91, Completed Tasks: 6447
2025-07-21 08:51:27,756 [INFO] - Episode: 237/500, Reward: -25823.14, Avg AoI: 25.82, Completed Tasks: 6477
2025-07-21 08:53:14,042 [INFO] - Episode: 238/500, Reward: -25152.56, Avg AoI: 25.15, Completed Tasks: 6530
2025-07-21 08:55:06,465 [INFO] - Episode: 239/500, Reward: -24184.21, Avg AoI: 24.18, Completed Tasks: 6721
2025-07-21 08:56:56,430 [INFO] - Episode: 240/500, Reward: -23259.41, Avg AoI: 23.26, Completed Tasks: 6916
2025-07-21 08:58:42,570 [INFO] - Episode: 241/500, Reward: -24134.00, Avg AoI: 24.13, Completed Tasks: 6757
2025-07-21 09:00:25,310 [INFO] - Episode: 242/500, Reward: -26286.78, Avg AoI: 26.29, Completed Tasks: 6404
2025-07-21 09:02:13,293 [INFO] - Episode: 243/500, Reward: -25732.85, Avg AoI: 25.73, Completed Tasks: 6501
2025-07-21 09:04:04,396 [INFO] - Episode: 244/500, Reward: -25479.08, Avg AoI: 25.48, Completed Tasks: 6562
2025-07-21 09:05:56,457 [INFO] - Episode: 245/500, Reward: -25644.69, Avg AoI: 25.64, Completed Tasks: 6562
2025-07-21 09:07:42,742 [INFO] - Episode: 246/500, Reward: -23826.12, Avg AoI: 23.83, Completed Tasks: 6934
2025-07-21 09:09:24,657 [INFO] - Episode: 247/500, Reward: -23555.44, Avg AoI: 23.56, Completed Tasks: 6912
2025-07-21 09:11:14,561 [INFO] - Episode: 248/500, Reward: -24951.95, Avg AoI: 24.95, Completed Tasks: 6666
2025-07-21 09:13:03,564 [INFO] - Episode: 249/500, Reward: -27103.30, Avg AoI: 27.10, Completed Tasks: 6361
2025-07-21 09:14:45,485 [INFO] - Episode: 250/500, Reward: -22695.14, Avg AoI: 22.70, Completed Tasks: 7125
2025-07-21 09:16:31,629 [INFO] - Episode: 251/500, Reward: -23117.65, Avg AoI: 23.12, Completed Tasks: 7010
2025-07-21 09:18:16,382 [INFO] - Episode: 252/500, Reward: -23935.09, Avg AoI: 23.94, Completed Tasks: 7006
2025-07-21 09:20:04,867 [INFO] - Episode: 253/500, Reward: -23744.24, Avg AoI: 23.74, Completed Tasks: 6980
2025-07-21 09:21:54,870 [INFO] - Episode: 254/500, Reward: -22844.69, Avg AoI: 22.84, Completed Tasks: 7180
2025-07-21 09:23:44,430 [INFO] - Episode: 255/500, Reward: -23745.11, Avg AoI: 23.75, Completed Tasks: 6952
2025-07-21 09:25:32,247 [INFO] - Episode: 256/500, Reward: -25091.83, Avg AoI: 25.09, Completed Tasks: 6942
2025-07-21 09:27:15,636 [INFO] - Episode: 257/500, Reward: -23652.37, Avg AoI: 23.65, Completed Tasks: 7117
2025-07-21 09:28:55,831 [INFO] - Episode: 258/500, Reward: -30049.72, Avg AoI: 30.05, Completed Tasks: 6403
2025-07-21 09:30:34,362 [INFO] - Episode: 259/500, Reward: -27578.94, Avg AoI: 27.58, Completed Tasks: 6599
2025-07-21 09:32:10,043 [INFO] - Episode: 260/500, Reward: -26214.47, Avg AoI: 26.21, Completed Tasks: 6595
2025-07-21 09:33:48,704 [INFO] - Episode: 261/500, Reward: -24625.23, Avg AoI: 24.63, Completed Tasks: 6994
2025-07-21 09:35:29,791 [INFO] - Episode: 262/500, Reward: -26077.39, Avg AoI: 26.08, Completed Tasks: 6862
2025-07-21 09:37:07,345 [INFO] - Episode: 263/500, Reward: -29970.67, Avg AoI: 29.97, Completed Tasks: 6219
2025-07-21 09:38:45,497 [INFO] - Episode: 264/500, Reward: -38734.17, Avg AoI: 38.73, Completed Tasks: 5733
2025-07-21 09:40:24,207 [INFO] - Episode: 265/500, Reward: -38944.16, Avg AoI: 38.94, Completed Tasks: 5699
2025-07-21 09:42:04,326 [INFO] - Episode: 266/500, Reward: -39767.75, Avg AoI: 39.77, Completed Tasks: 5675
2025-07-21 09:43:45,015 [INFO] - Episode: 267/500, Reward: -27145.59, Avg AoI: 27.15, Completed Tasks: 6661
2025-07-21 09:45:22,300 [INFO] - Episode: 268/500, Reward: -25611.20, Avg AoI: 25.61, Completed Tasks: 6914
2025-07-21 09:46:59,812 [INFO] - Episode: 269/500, Reward: -25583.02, Avg AoI: 25.58, Completed Tasks: 6872
2025-07-21 09:48:41,262 [INFO] - Episode: 270/500, Reward: -22990.08, Avg AoI: 22.99, Completed Tasks: 7252
2025-07-21 09:50:21,274 [INFO] - Episode: 271/500, Reward: -22977.30, Avg AoI: 22.98, Completed Tasks: 7125
2025-07-21 09:51:59,729 [INFO] - Episode: 272/500, Reward: -22727.10, Avg AoI: 22.73, Completed Tasks: 7203
2025-07-21 09:53:39,131 [INFO] - Episode: 273/500, Reward: -21945.64, Avg AoI: 21.95, Completed Tasks: 7384
2025-07-21 09:55:24,262 [INFO] - Episode: 274/500, Reward: -22414.43, Avg AoI: 22.41, Completed Tasks: 7221
2025-07-21 09:57:07,550 [INFO] - Episode: 275/500, Reward: -23023.25, Avg AoI: 23.02, Completed Tasks: 7138
2025-07-21 09:58:52,426 [INFO] - Episode: 276/500, Reward: -23783.77, Avg AoI: 23.78, Completed Tasks: 7050
2025-07-21 10:00:35,610 [INFO] - Episode: 277/500, Reward: -22529.40, Avg AoI: 22.53, Completed Tasks: 7224
2025-07-21 10:02:21,847 [INFO] - Episode: 278/500, Reward: -22949.95, Avg AoI: 22.95, Completed Tasks: 7121
2025-07-21 10:04:06,904 [INFO] - Episode: 279/500, Reward: -27490.71, Avg AoI: 27.49, Completed Tasks: 6623
2025-07-21 10:05:46,162 [INFO] - Episode: 280/500, Reward: -25969.94, Avg AoI: 25.97, Completed Tasks: 6881
2025-07-21 10:07:23,266 [INFO] - Episode: 281/500, Reward: -23827.44, Avg AoI: 23.83, Completed Tasks: 6972
2025-07-21 10:09:30,824 [INFO] - Episode: 282/500, Reward: -37923.85, Avg AoI: 37.92, Completed Tasks: 5670
2025-07-21 10:11:53,283 [INFO] - Episode: 283/500, Reward: -22680.73, Avg AoI: 22.68, Completed Tasks: 7262
2025-07-21 10:14:21,115 [INFO] - Episode: 284/500, Reward: -25125.81, Avg AoI: 25.13, Completed Tasks: 6731
2025-07-21 10:16:38,221 [INFO] - Episode: 285/500, Reward: -25158.06, Avg AoI: 25.16, Completed Tasks: 6793
2025-07-21 10:18:30,896 [INFO] - Episode: 286/500, Reward: -23875.43, Avg AoI: 23.88, Completed Tasks: 7136
2025-07-21 10:20:47,238 [INFO] - Episode: 287/500, Reward: -23738.65, Avg AoI: 23.74, Completed Tasks: 6972
2025-07-21 10:22:58,539 [INFO] - Episode: 288/500, Reward: -23865.53, Avg AoI: 23.87, Completed Tasks: 7063
2025-07-21 10:24:55,250 [INFO] - Episode: 289/500, Reward: -54853.46, Avg AoI: 54.85, Completed Tasks: 4669
2025-07-21 10:26:41,667 [INFO] - Episode: 290/500, Reward: -87999.03, Avg AoI: 88.00, Completed Tasks: 4035
2025-07-21 10:28:37,871 [INFO] - Episode: 291/500, Reward: -29152.47, Avg AoI: 29.15, Completed Tasks: 6441
2025-07-21 10:30:28,554 [INFO] - Episode: 292/500, Reward: -212688.52, Avg AoI: 212.69, Completed Tasks: 2537
2025-07-21 10:32:29,435 [INFO] - Episode: 293/500, Reward: -195709.33, Avg AoI: 195.71, Completed Tasks: 2692
2025-07-21 10:34:57,028 [INFO] - Episode: 294/500, Reward: -248779.61, Avg AoI: 248.78, Completed Tasks: 2192
2025-07-21 10:37:22,938 [INFO] - Episode: 295/500, Reward: -88187.08, Avg AoI: 88.19, Completed Tasks: 4374
2025-07-21 10:39:48,938 [INFO] - Episode: 296/500, Reward: -240502.10, Avg AoI: 240.50, Completed Tasks: 2326
2025-07-21 10:42:16,739 [INFO] - Episode: 297/500, Reward: -26262.62, Avg AoI: 26.26, Completed Tasks: 7125
2025-07-21 10:44:40,336 [INFO] - Episode: 298/500, Reward: -25899.51, Avg AoI: 25.90, Completed Tasks: 7116
2025-07-21 10:47:05,351 [INFO] - Episode: 299/500, Reward: -185152.23, Avg AoI: 185.15, Completed Tasks: 3149
2025-07-21 10:49:27,818 [INFO] - Episode: 300/500, Reward: -30814.00, Avg AoI: 30.81, Completed Tasks: 6436
2025-07-21 10:51:52,458 [INFO] - Episode: 301/500, Reward: -42419.06, Avg AoI: 42.42, Completed Tasks: 3831
2025-07-21 10:54:18,636 [INFO] - Episode: 302/500, Reward: -36771.45, Avg AoI: 36.77, Completed Tasks: 4398
2025-07-21 10:56:45,459 [INFO] - Episode: 303/500, Reward: -32014.02, Avg AoI: 32.01, Completed Tasks: 5064
2025-07-21 10:59:18,900 [INFO] - Episode: 304/500, Reward: -31639.60, Avg AoI: 31.64, Completed Tasks: 5123
2025-07-21 11:01:47,242 [INFO] - Episode: 305/500, Reward: -33201.48, Avg AoI: 33.20, Completed Tasks: 5005
2025-07-21 11:04:12,125 [INFO] - Episode: 306/500, Reward: -30933.70, Avg AoI: 30.93, Completed Tasks: 5351
2025-07-21 11:06:39,100 [INFO] - Episode: 307/500, Reward: -29980.20, Avg AoI: 29.98, Completed Tasks: 5530
2025-07-21 11:09:01,478 [INFO] - Episode: 308/500, Reward: -30590.56, Avg AoI: 30.59, Completed Tasks: 5549
2025-07-21 11:11:21,731 [INFO] - Episode: 309/500, Reward: -30004.30, Avg AoI: 30.00, Completed Tasks: 5914
2025-07-21 11:13:43,236 [INFO] - Episode: 310/500, Reward: -27825.36, Avg AoI: 27.83, Completed Tasks: 5994
2025-07-21 11:16:07,815 [INFO] - Episode: 311/500, Reward: -26912.30, Avg AoI: 26.91, Completed Tasks: 6196
2025-07-21 11:18:30,495 [INFO] - Episode: 312/500, Reward: -26660.00, Avg AoI: 26.66, Completed Tasks: 6314
2025-07-21 11:20:55,092 [INFO] - Episode: 313/500, Reward: -29824.65, Avg AoI: 29.82, Completed Tasks: 6017
2025-07-21 11:23:27,965 [INFO] - Episode: 314/500, Reward: -51356.59, Avg AoI: 51.36, Completed Tasks: 4755
2025-07-21 11:26:03,365 [INFO] - Episode: 315/500, Reward: -39356.10, Avg AoI: 39.36, Completed Tasks: 5079
2025-07-21 11:28:30,415 [INFO] - Episode: 316/500, Reward: -37588.70, Avg AoI: 37.59, Completed Tasks: 5295
2025-07-21 11:30:54,748 [INFO] - Episode: 317/500, Reward: -27665.90, Avg AoI: 27.67, Completed Tasks: 6232
2025-07-21 11:33:19,384 [INFO] - Episode: 318/500, Reward: -36284.32, Avg AoI: 36.28, Completed Tasks: 5663
2025-07-21 11:35:42,835 [INFO] - Episode: 319/500, Reward: -33410.72, Avg AoI: 33.41, Completed Tasks: 5959
2025-07-21 11:38:03,907 [INFO] - Episode: 320/500, Reward: -29630.86, Avg AoI: 29.63, Completed Tasks: 6314
2025-07-21 11:39:59,444 [INFO] - Episode: 321/500, Reward: -27605.57, Avg AoI: 27.61, Completed Tasks: 6361
2025-07-21 11:41:56,002 [INFO] - Episode: 322/500, Reward: -29042.42, Avg AoI: 29.04, Completed Tasks: 6205
2025-07-21 11:44:15,111 [INFO] - Episode: 323/500, Reward: -24800.21, Avg AoI: 24.80, Completed Tasks: 6797
2025-07-21 11:46:13,498 [INFO] - Episode: 324/500, Reward: -25409.74, Avg AoI: 25.41, Completed Tasks: 6685
2025-07-21 11:48:21,363 [INFO] - Episode: 325/500, Reward: -22875.47, Avg AoI: 22.88, Completed Tasks: 7236
