2025-07-20 18:46:58,884 [INFO] - Logger initialized.
2025-07-20 18:46:58,884 [INFO] - --- Training Configuration ---
2025-07-20 18:46:58,885 [INFO] - n_users: 63
2025-07-20 18:46:58,885 [INFO] - n_servers: 27
2025-07-20 18:46:58,885 [INFO] - batch_proc_time: {'base': 3, 'per_task': 2}
2025-07-20 18:46:58,885 [INFO] - max_batch_size: 3
2025-07-20 18:46:58,885 [INFO] - num_episodes: 500
2025-07-20 18:46:58,885 [INFO] - episode_length: 1000
2025-07-20 18:46:58,886 [INFO] - actor_lr: 4e-05
2025-07-20 18:46:58,886 [INFO] - critic_lr: 4e-05
2025-07-20 18:46:58,886 [INFO] - gamma: 0.99
2025-07-20 18:46:58,886 [INFO] - gae_lambda: 0.95
2025-07-20 18:46:58,886 [INFO] - clip_ratio: 0.2
2025-07-20 18:46:58,886 [INFO] - update_epochs: 4
2025-07-20 18:46:58,887 [INFO] - mini_batch_size: 128
2025-07-20 18:46:58,887 [INFO] - entropy_coeff: 0.01
2025-07-20 18:46:58,887 [INFO] - max_grad_norm: 1.0
2025-07-20 18:46:58,888 [INFO] - use_global: True
2025-07-20 18:46:58,888 [INFO] - use_mean_field: False
2025-07-20 18:46:58,888 [INFO] - critic_warmup_epochs: 0
2025-07-20 18:46:58,888 [INFO] - gmm_config: {'n_components': 2, 'min_samples': 100, 'use_gmm': True, 'regularization': 1e-06}
2025-07-20 18:46:58,888 [INFO] - log_dir: logs/mappo_mf_63_27_Shared_Global_NoMF_GMM2_4e-05
2025-07-20 18:46:58,888 [INFO] - --------------------------
2025-07-20 18:47:00,795 [INFO] - MAPPO-MF Trainer Initialized with Shared Networks.
2025-07-20 18:47:00,796 [INFO] - Device: cpu
2025-07-20 18:47:00,796 [INFO] - User Obs Dim (including all servers): 83, Server Obs Dim: 3
2025-07-20 18:47:00,796 [INFO] - Global State Dim: 144
2025-07-20 18:47:00,797 [INFO] - Mean-field Dim: 0
2025-07-20 18:47:00,797 [INFO] - Use Global Critic: True
2025-07-20 18:47:00,797 [INFO] - Use Mean Field: False
2025-07-20 18:47:58,400 [INFO] - Episode: 1/500, Reward: -19315.94, Avg AoI: 19.32, Completed Tasks: 4734
2025-07-20 18:48:53,195 [INFO] - Episode: 2/500, Reward: -108555.86, Avg AoI: 108.56, Completed Tasks: 2539
2025-07-20 18:49:48,455 [INFO] - Episode: 3/500, Reward: -135400.24, Avg AoI: 135.40, Completed Tasks: 2176
2025-07-20 18:50:39,628 [INFO] - Episode: 4/500, Reward: -103761.70, Avg AoI: 103.76, Completed Tasks: 2601
2025-07-20 18:51:58,927 [INFO] - Episode: 5/500, Reward: -33983.57, Avg AoI: 33.98, Completed Tasks: 3929
2025-07-20 18:53:17,942 [INFO] - Episode: 6/500, Reward: -31742.27, Avg AoI: 31.74, Completed Tasks: 3975
2025-07-20 18:54:33,931 [INFO] - Episode: 7/500, Reward: -65493.57, Avg AoI: 65.49, Completed Tasks: 2837
2025-07-20 18:55:44,500 [INFO] - Episode: 8/500, Reward: -84260.98, Avg AoI: 84.26, Completed Tasks: 2534
2025-07-20 18:57:03,727 [INFO] - Episode: 9/500, Reward: -104113.59, Avg AoI: 104.11, Completed Tasks: 2125
2025-07-20 18:58:19,036 [INFO] - Episode: 10/500, Reward: -69703.46, Avg AoI: 69.70, Completed Tasks: 2630
2025-07-20 18:59:29,548 [INFO] - Episode: 11/500, Reward: -67465.14, Avg AoI: 67.47, Completed Tasks: 2614
2025-07-20 19:00:21,281 [INFO] - Episode: 12/500, Reward: -78307.98, Avg AoI: 78.31, Completed Tasks: 2377
2025-07-20 19:01:17,041 [INFO] - Episode: 13/500, Reward: -92004.02, Avg AoI: 92.00, Completed Tasks: 2331
2025-07-20 19:02:29,037 [INFO] - Episode: 14/500, Reward: -59787.70, Avg AoI: 59.79, Completed Tasks: 2598
2025-07-20 19:03:45,892 [INFO] - Episode: 15/500, Reward: -133865.94, Avg AoI: 133.87, Completed Tasks: 1765
2025-07-20 19:04:58,512 [INFO] - Episode: 16/500, Reward: -116714.22, Avg AoI: 116.71, Completed Tasks: 1831
2025-07-20 19:06:11,178 [INFO] - Episode: 17/500, Reward: -37184.43, Avg AoI: 37.18, Completed Tasks: 3527
2025-07-20 19:07:20,250 [INFO] - Episode: 18/500, Reward: -49185.37, Avg AoI: 49.19, Completed Tasks: 3072
2025-07-20 19:08:28,804 [INFO] - Episode: 19/500, Reward: -61292.90, Avg AoI: 61.29, Completed Tasks: 2565
2025-07-20 19:09:39,762 [INFO] - Episode: 20/500, Reward: -50208.98, Avg AoI: 50.21, Completed Tasks: 3122
2025-07-20 19:10:46,596 [INFO] - Episode: 21/500, Reward: -45059.94, Avg AoI: 45.06, Completed Tasks: 3130
2025-07-20 19:11:57,895 [INFO] - Episode: 22/500, Reward: -39215.35, Avg AoI: 39.22, Completed Tasks: 3546
2025-07-20 19:13:05,545 [INFO] - Episode: 23/500, Reward: -39019.71, Avg AoI: 39.02, Completed Tasks: 3373
2025-07-20 19:13:57,967 [INFO] - Episode: 24/500, Reward: -25856.14, Avg AoI: 25.86, Completed Tasks: 3955
2025-07-20 19:14:55,734 [INFO] - Episode: 25/500, Reward: -31844.11, Avg AoI: 31.84, Completed Tasks: 3787
2025-07-20 19:16:05,105 [INFO] - Episode: 26/500, Reward: -32060.73, Avg AoI: 32.06, Completed Tasks: 3602
2025-07-20 19:17:11,942 [INFO] - Episode: 27/500, Reward: -122500.38, Avg AoI: 122.50, Completed Tasks: 2300
2025-07-20 19:18:25,616 [INFO] - Episode: 28/500, Reward: -45990.32, Avg AoI: 45.99, Completed Tasks: 3180
2025-07-20 19:19:32,499 [INFO] - Episode: 29/500, Reward: -34585.02, Avg AoI: 34.59, Completed Tasks: 3574
2025-07-20 19:20:41,887 [INFO] - Episode: 30/500, Reward: -39825.51, Avg AoI: 39.83, Completed Tasks: 3262
2025-07-20 19:21:49,729 [INFO] - Episode: 31/500, Reward: -30990.02, Avg AoI: 30.99, Completed Tasks: 3629
2025-07-20 19:23:01,615 [INFO] - Episode: 32/500, Reward: -37136.57, Avg AoI: 37.14, Completed Tasks: 3288
2025-07-20 19:24:11,847 [INFO] - Episode: 33/500, Reward: -27829.37, Avg AoI: 27.83, Completed Tasks: 3777
2025-07-20 19:25:21,263 [INFO] - Episode: 34/500, Reward: -29813.81, Avg AoI: 29.81, Completed Tasks: 3724
2025-07-20 19:26:35,709 [INFO] - Episode: 35/500, Reward: -27948.06, Avg AoI: 27.95, Completed Tasks: 3795
2025-07-20 19:27:28,072 [INFO] - Episode: 36/500, Reward: -24568.00, Avg AoI: 24.57, Completed Tasks: 4122
2025-07-20 19:28:19,130 [INFO] - Episode: 37/500, Reward: -26237.03, Avg AoI: 26.24, Completed Tasks: 4068
2025-07-20 19:29:10,285 [INFO] - Episode: 38/500, Reward: -23994.27, Avg AoI: 23.99, Completed Tasks: 4194
2025-07-20 19:29:59,915 [INFO] - Episode: 39/500, Reward: -26004.48, Avg AoI: 26.00, Completed Tasks: 4029
2025-07-20 19:30:59,186 [INFO] - Episode: 40/500, Reward: -24413.30, Avg AoI: 24.41, Completed Tasks: 4201
2025-07-20 19:31:53,390 [INFO] - Episode: 41/500, Reward: -23214.78, Avg AoI: 23.21, Completed Tasks: 4277
2025-07-20 19:32:51,203 [INFO] - Episode: 42/500, Reward: -26680.90, Avg AoI: 26.68, Completed Tasks: 3947
2025-07-20 19:33:47,496 [INFO] - Episode: 43/500, Reward: -35375.62, Avg AoI: 35.38, Completed Tasks: 3532
2025-07-20 19:34:39,186 [INFO] - Episode: 44/500, Reward: -65563.76, Avg AoI: 65.56, Completed Tasks: 2710
2025-07-20 19:35:30,656 [INFO] - Episode: 45/500, Reward: -25659.89, Avg AoI: 25.66, Completed Tasks: 4073
2025-07-20 19:36:19,928 [INFO] - Episode: 46/500, Reward: -30428.25, Avg AoI: 30.43, Completed Tasks: 3709
2025-07-20 19:37:11,467 [INFO] - Episode: 47/500, Reward: -37792.37, Avg AoI: 37.79, Completed Tasks: 3547
2025-07-20 19:38:02,171 [INFO] - Episode: 48/500, Reward: -39941.06, Avg AoI: 39.94, Completed Tasks: 3439
2025-07-20 19:38:53,117 [INFO] - Episode: 49/500, Reward: -26308.75, Avg AoI: 26.31, Completed Tasks: 4021
2025-07-20 19:39:44,277 [INFO] - Episode: 50/500, Reward: -33484.81, Avg AoI: 33.48, Completed Tasks: 3762
2025-07-20 19:40:34,215 [INFO] - Episode: 51/500, Reward: -28674.71, Avg AoI: 28.67, Completed Tasks: 3870
2025-07-20 19:41:25,577 [INFO] - Episode: 52/500, Reward: -25659.10, Avg AoI: 25.66, Completed Tasks: 4061
2025-07-20 19:42:16,031 [INFO] - Episode: 53/500, Reward: -26955.62, Avg AoI: 26.96, Completed Tasks: 4050
2025-07-20 19:43:06,492 [INFO] - Episode: 54/500, Reward: -25903.94, Avg AoI: 25.90, Completed Tasks: 4123
2025-07-20 19:43:57,182 [INFO] - Episode: 55/500, Reward: -24005.27, Avg AoI: 24.01, Completed Tasks: 4254
2025-07-20 19:44:47,788 [INFO] - Episode: 56/500, Reward: -23942.54, Avg AoI: 23.94, Completed Tasks: 4270
2025-07-20 19:45:39,222 [INFO] - Episode: 57/500, Reward: -24380.41, Avg AoI: 24.38, Completed Tasks: 4285
2025-07-20 19:46:29,022 [INFO] - Episode: 58/500, Reward: -25095.76, Avg AoI: 25.10, Completed Tasks: 4129
2025-07-20 19:47:19,674 [INFO] - Episode: 59/500, Reward: -23561.02, Avg AoI: 23.56, Completed Tasks: 4316
2025-07-20 19:48:11,448 [INFO] - Episode: 60/500, Reward: -22719.95, Avg AoI: 22.72, Completed Tasks: 4390
2025-07-20 19:49:02,073 [INFO] - Episode: 61/500, Reward: -22721.76, Avg AoI: 22.72, Completed Tasks: 4410
2025-07-20 19:49:54,857 [INFO] - Episode: 62/500, Reward: -23466.06, Avg AoI: 23.47, Completed Tasks: 4291
2025-07-20 19:50:46,634 [INFO] - Episode: 63/500, Reward: -21516.49, Avg AoI: 21.52, Completed Tasks: 4544
2025-07-20 19:51:36,815 [INFO] - Episode: 64/500, Reward: -21972.40, Avg AoI: 21.97, Completed Tasks: 4493
2025-07-20 19:52:28,521 [INFO] - Episode: 65/500, Reward: -23096.08, Avg AoI: 23.10, Completed Tasks: 4359
2025-07-20 19:53:20,265 [INFO] - Episode: 66/500, Reward: -21920.27, Avg AoI: 21.92, Completed Tasks: 4472
2025-07-20 19:54:10,862 [INFO] - Episode: 67/500, Reward: -21572.92, Avg AoI: 21.57, Completed Tasks: 4504
2025-07-20 19:55:02,060 [INFO] - Episode: 68/500, Reward: -21978.37, Avg AoI: 21.98, Completed Tasks: 4486
2025-07-20 19:55:52,416 [INFO] - Episode: 69/500, Reward: -22242.73, Avg AoI: 22.24, Completed Tasks: 4450
2025-07-20 19:56:44,130 [INFO] - Episode: 70/500, Reward: -22439.60, Avg AoI: 22.44, Completed Tasks: 4412
2025-07-20 19:57:37,180 [INFO] - Episode: 71/500, Reward: -23487.87, Avg AoI: 23.49, Completed Tasks: 4307
2025-07-20 19:58:40,160 [INFO] - Episode: 72/500, Reward: -22271.49, Avg AoI: 22.27, Completed Tasks: 4448
2025-07-20 19:59:54,309 [INFO] - Episode: 73/500, Reward: -23264.79, Avg AoI: 23.26, Completed Tasks: 4357
2025-07-20 20:01:02,522 [INFO] - Episode: 74/500, Reward: -21296.56, Avg AoI: 21.30, Completed Tasks: 4583
2025-07-20 20:02:14,385 [INFO] - Episode: 75/500, Reward: -22069.43, Avg AoI: 22.07, Completed Tasks: 4488
2025-07-20 20:03:25,711 [INFO] - Episode: 76/500, Reward: -20931.30, Avg AoI: 20.93, Completed Tasks: 4658
2025-07-20 20:04:33,843 [INFO] - Episode: 77/500, Reward: -21287.40, Avg AoI: 21.29, Completed Tasks: 4604
2025-07-20 20:05:45,763 [INFO] - Episode: 78/500, Reward: -21586.98, Avg AoI: 21.59, Completed Tasks: 4589
2025-07-20 20:06:53,146 [INFO] - Episode: 79/500, Reward: -21733.14, Avg AoI: 21.73, Completed Tasks: 4574
2025-07-20 20:08:04,959 [INFO] - Episode: 80/500, Reward: -21212.56, Avg AoI: 21.21, Completed Tasks: 4610
2025-07-20 20:09:13,959 [INFO] - Episode: 81/500, Reward: -22032.43, Avg AoI: 22.03, Completed Tasks: 4512
2025-07-20 20:10:21,665 [INFO] - Episode: 82/500, Reward: -21714.57, Avg AoI: 21.71, Completed Tasks: 4533
2025-07-20 20:11:32,099 [INFO] - Episode: 83/500, Reward: -23037.62, Avg AoI: 23.04, Completed Tasks: 4451
2025-07-20 20:12:37,171 [INFO] - Episode: 84/500, Reward: -23017.71, Avg AoI: 23.02, Completed Tasks: 4409
2025-07-20 20:13:49,908 [INFO] - Episode: 85/500, Reward: -21188.13, Avg AoI: 21.19, Completed Tasks: 4600
2025-07-20 20:14:58,535 [INFO] - Episode: 86/500, Reward: -21816.60, Avg AoI: 21.82, Completed Tasks: 4556
2025-07-20 20:16:13,201 [INFO] - Episode: 87/500, Reward: -21412.48, Avg AoI: 21.41, Completed Tasks: 4648
2025-07-20 20:17:20,569 [INFO] - Episode: 88/500, Reward: -26868.56, Avg AoI: 26.87, Completed Tasks: 4268
2025-07-20 20:18:32,731 [INFO] - Episode: 89/500, Reward: -25917.13, Avg AoI: 25.92, Completed Tasks: 4214
2025-07-20 20:19:42,150 [INFO] - Episode: 90/500, Reward: -22478.49, Avg AoI: 22.48, Completed Tasks: 4472
2025-07-20 20:20:50,862 [INFO] - Episode: 91/500, Reward: -23286.32, Avg AoI: 23.29, Completed Tasks: 4521
2025-07-20 20:22:06,717 [INFO] - Episode: 92/500, Reward: -20675.08, Avg AoI: 20.68, Completed Tasks: 4696
2025-07-20 20:23:16,738 [INFO] - Episode: 93/500, Reward: -20733.30, Avg AoI: 20.73, Completed Tasks: 4704
2025-07-20 20:24:43,790 [INFO] - Episode: 94/500, Reward: -20580.92, Avg AoI: 20.58, Completed Tasks: 4740
2025-07-20 20:26:04,353 [INFO] - Episode: 95/500, Reward: -20612.54, Avg AoI: 20.61, Completed Tasks: 4770
2025-07-20 20:27:25,131 [INFO] - Episode: 96/500, Reward: -20618.13, Avg AoI: 20.62, Completed Tasks: 4752
2025-07-20 20:28:50,064 [INFO] - Episode: 97/500, Reward: -22051.16, Avg AoI: 22.05, Completed Tasks: 4616
2025-07-20 20:30:12,104 [INFO] - Episode: 98/500, Reward: -23141.10, Avg AoI: 23.14, Completed Tasks: 4598
2025-07-20 20:31:34,832 [INFO] - Episode: 99/500, Reward: -23730.71, Avg AoI: 23.73, Completed Tasks: 4428
2025-07-20 20:32:49,359 [INFO] - Episode: 100/500, Reward: -23159.08, Avg AoI: 23.16, Completed Tasks: 4456
2025-07-20 20:34:07,117 [INFO] - Episode: 101/500, Reward: -25976.86, Avg AoI: 25.98, Completed Tasks: 4246
2025-07-20 20:35:25,751 [INFO] - Episode: 102/500, Reward: -22429.62, Avg AoI: 22.43, Completed Tasks: 4472
2025-07-20 20:36:38,631 [INFO] - Episode: 103/500, Reward: -21344.90, Avg AoI: 21.34, Completed Tasks: 4610
2025-07-20 20:38:01,719 [INFO] - Episode: 104/500, Reward: -20304.51, Avg AoI: 20.30, Completed Tasks: 4785
2025-07-20 20:39:17,308 [INFO] - Episode: 105/500, Reward: -21476.33, Avg AoI: 21.48, Completed Tasks: 4671
2025-07-20 20:40:32,452 [INFO] - Episode: 106/500, Reward: -20424.03, Avg AoI: 20.42, Completed Tasks: 4805
2025-07-20 20:41:49,452 [INFO] - Episode: 107/500, Reward: -23140.24, Avg AoI: 23.14, Completed Tasks: 4449
2025-07-20 20:43:02,506 [INFO] - Episode: 108/500, Reward: -20524.29, Avg AoI: 20.52, Completed Tasks: 4791
2025-07-20 20:44:21,311 [INFO] - Episode: 109/500, Reward: -23223.87, Avg AoI: 23.22, Completed Tasks: 4549
2025-07-20 20:45:38,083 [INFO] - Episode: 110/500, Reward: -21108.92, Avg AoI: 21.11, Completed Tasks: 4781
2025-07-20 20:47:00,526 [INFO] - Episode: 111/500, Reward: -19801.37, Avg AoI: 19.80, Completed Tasks: 4903
2025-07-20 20:48:22,668 [INFO] - Episode: 112/500, Reward: -19414.38, Avg AoI: 19.41, Completed Tasks: 4991
2025-07-20 20:49:38,944 [INFO] - Episode: 113/500, Reward: -20308.00, Avg AoI: 20.31, Completed Tasks: 4883
2025-07-20 20:50:58,618 [INFO] - Episode: 114/500, Reward: -19471.62, Avg AoI: 19.47, Completed Tasks: 4974
2025-07-20 20:52:17,429 [INFO] - Episode: 115/500, Reward: -18941.21, Avg AoI: 18.94, Completed Tasks: 5092
2025-07-20 20:53:38,000 [INFO] - Episode: 116/500, Reward: -19681.73, Avg AoI: 19.68, Completed Tasks: 4982
2025-07-20 20:54:57,685 [INFO] - Episode: 117/500, Reward: -19859.19, Avg AoI: 19.86, Completed Tasks: 4962
2025-07-20 20:56:16,252 [INFO] - Episode: 118/500, Reward: -19220.49, Avg AoI: 19.22, Completed Tasks: 5043
2025-07-20 20:57:33,257 [INFO] - Episode: 119/500, Reward: -18907.41, Avg AoI: 18.91, Completed Tasks: 5118
2025-07-20 20:58:50,795 [INFO] - Episode: 120/500, Reward: -20967.81, Avg AoI: 20.97, Completed Tasks: 4907
2025-07-20 21:00:04,775 [INFO] - Episode: 121/500, Reward: -19011.97, Avg AoI: 19.01, Completed Tasks: 5096
2025-07-20 21:01:23,409 [INFO] - Episode: 122/500, Reward: -18856.35, Avg AoI: 18.86, Completed Tasks: 5116
2025-07-20 21:02:43,320 [INFO] - Episode: 123/500, Reward: -31461.35, Avg AoI: 31.46, Completed Tasks: 4320
2025-07-20 21:03:58,529 [INFO] - Episode: 124/500, Reward: -22578.06, Avg AoI: 22.58, Completed Tasks: 4557
2025-07-20 21:05:18,418 [INFO] - Episode: 125/500, Reward: -20722.59, Avg AoI: 20.72, Completed Tasks: 4759
2025-07-20 21:06:33,700 [INFO] - Episode: 126/500, Reward: -23079.21, Avg AoI: 23.08, Completed Tasks: 4632
2025-07-20 21:07:50,768 [INFO] - Episode: 127/500, Reward: -20400.38, Avg AoI: 20.40, Completed Tasks: 4794
2025-07-20 21:09:15,925 [INFO] - Episode: 128/500, Reward: -19754.87, Avg AoI: 19.75, Completed Tasks: 4875
2025-07-20 21:10:40,264 [INFO] - Episode: 129/500, Reward: -19633.49, Avg AoI: 19.63, Completed Tasks: 4947
2025-07-20 21:12:10,797 [INFO] - Episode: 130/500, Reward: -18970.73, Avg AoI: 18.97, Completed Tasks: 5063
2025-07-20 21:13:39,948 [INFO] - Episode: 131/500, Reward: -19516.24, Avg AoI: 19.52, Completed Tasks: 4983
2025-07-20 21:15:07,911 [INFO] - Episode: 132/500, Reward: -19972.38, Avg AoI: 19.97, Completed Tasks: 4992
2025-07-20 21:16:29,766 [INFO] - Episode: 133/500, Reward: -19046.95, Avg AoI: 19.05, Completed Tasks: 5057
2025-07-20 21:17:41,610 [INFO] - Episode: 134/500, Reward: -19397.41, Avg AoI: 19.40, Completed Tasks: 4980
2025-07-20 21:18:59,752 [INFO] - Episode: 135/500, Reward: -19132.11, Avg AoI: 19.13, Completed Tasks: 5028
2025-07-20 21:20:14,761 [INFO] - Episode: 136/500, Reward: -19482.16, Avg AoI: 19.48, Completed Tasks: 4965
2025-07-20 21:21:30,820 [INFO] - Episode: 137/500, Reward: -19258.71, Avg AoI: 19.26, Completed Tasks: 5020
2025-07-20 21:22:49,774 [INFO] - Episode: 138/500, Reward: -19233.08, Avg AoI: 19.23, Completed Tasks: 5010
2025-07-20 21:24:07,317 [INFO] - Episode: 139/500, Reward: -20128.14, Avg AoI: 20.13, Completed Tasks: 4870
2025-07-20 21:25:27,230 [INFO] - Episode: 140/500, Reward: -19562.73, Avg AoI: 19.56, Completed Tasks: 4941
2025-07-20 21:26:39,255 [INFO] - Episode: 141/500, Reward: -21135.03, Avg AoI: 21.14, Completed Tasks: 4762
2025-07-20 21:28:00,413 [INFO] - Episode: 142/500, Reward: -20921.79, Avg AoI: 20.92, Completed Tasks: 4818
2025-07-20 21:29:13,974 [INFO] - Episode: 143/500, Reward: -19114.52, Avg AoI: 19.11, Completed Tasks: 5032
2025-07-20 21:30:32,244 [INFO] - Episode: 144/500, Reward: -19200.51, Avg AoI: 19.20, Completed Tasks: 5044
2025-07-20 21:31:55,838 [INFO] - Episode: 145/500, Reward: -18606.52, Avg AoI: 18.61, Completed Tasks: 5147
2025-07-20 21:33:09,534 [INFO] - Episode: 146/500, Reward: -18472.92, Avg AoI: 18.47, Completed Tasks: 5182
2025-07-20 21:34:22,059 [INFO] - Episode: 147/500, Reward: -19231.05, Avg AoI: 19.23, Completed Tasks: 5076
2025-07-20 21:35:38,436 [INFO] - Episode: 148/500, Reward: -19494.35, Avg AoI: 19.49, Completed Tasks: 5085
2025-07-20 21:36:51,619 [INFO] - Episode: 149/500, Reward: -19548.11, Avg AoI: 19.55, Completed Tasks: 5105
2025-07-20 21:38:07,265 [INFO] - Episode: 150/500, Reward: -18713.46, Avg AoI: 18.71, Completed Tasks: 5172
2025-07-20 21:39:22,274 [INFO] - Episode: 151/500, Reward: -19215.65, Avg AoI: 19.22, Completed Tasks: 5079
2025-07-20 21:40:33,238 [INFO] - Episode: 152/500, Reward: -18678.75, Avg AoI: 18.68, Completed Tasks: 5157
2025-07-20 21:41:46,192 [INFO] - Episode: 153/500, Reward: -18901.11, Avg AoI: 18.90, Completed Tasks: 5101
2025-07-20 21:42:58,999 [INFO] - Episode: 154/500, Reward: -18669.84, Avg AoI: 18.67, Completed Tasks: 5204
2025-07-20 21:44:11,184 [INFO] - Episode: 155/500, Reward: -18281.30, Avg AoI: 18.28, Completed Tasks: 5245
2025-07-20 21:45:23,931 [INFO] - Episode: 156/500, Reward: -19353.16, Avg AoI: 19.35, Completed Tasks: 5080
2025-07-20 21:46:35,386 [INFO] - Episode: 157/500, Reward: -21206.05, Avg AoI: 21.21, Completed Tasks: 4904
2025-07-20 21:47:47,342 [INFO] - Episode: 158/500, Reward: -20966.46, Avg AoI: 20.97, Completed Tasks: 4819
2025-07-20 21:49:04,087 [INFO] - Episode: 159/500, Reward: -19128.86, Avg AoI: 19.13, Completed Tasks: 5109
2025-07-20 21:50:09,175 [INFO] - Episode: 160/500, Reward: -18618.76, Avg AoI: 18.62, Completed Tasks: 5200
2025-07-20 21:51:12,687 [INFO] - Episode: 161/500, Reward: -20108.43, Avg AoI: 20.11, Completed Tasks: 4987
2025-07-20 21:52:27,977 [INFO] - Episode: 162/500, Reward: -20034.21, Avg AoI: 20.03, Completed Tasks: 4908
2025-07-20 21:53:39,422 [INFO] - Episode: 163/500, Reward: -91026.08, Avg AoI: 91.03, Completed Tasks: 2636
2025-07-20 21:54:51,892 [INFO] - Episode: 164/500, Reward: -24627.19, Avg AoI: 24.63, Completed Tasks: 4546
2025-07-20 21:56:07,416 [INFO] - Episode: 165/500, Reward: -19595.43, Avg AoI: 19.60, Completed Tasks: 4978
2025-07-20 21:57:19,888 [INFO] - Episode: 166/500, Reward: -21094.70, Avg AoI: 21.09, Completed Tasks: 4833
2025-07-20 21:58:41,835 [INFO] - Episode: 167/500, Reward: -22271.30, Avg AoI: 22.27, Completed Tasks: 4704
2025-07-20 21:59:54,343 [INFO] - Episode: 168/500, Reward: -19891.27, Avg AoI: 19.89, Completed Tasks: 4968
2025-07-20 22:01:04,935 [INFO] - Episode: 169/500, Reward: -20308.25, Avg AoI: 20.31, Completed Tasks: 4906
2025-07-20 22:02:11,226 [INFO] - Episode: 170/500, Reward: -21163.78, Avg AoI: 21.16, Completed Tasks: 4788
2025-07-20 22:03:23,996 [INFO] - Episode: 171/500, Reward: -18727.35, Avg AoI: 18.73, Completed Tasks: 5126
2025-07-20 22:04:31,344 [INFO] - Episode: 172/500, Reward: -17984.70, Avg AoI: 17.98, Completed Tasks: 5324
2025-07-20 22:05:49,713 [INFO] - Episode: 173/500, Reward: -18564.29, Avg AoI: 18.56, Completed Tasks: 5210
2025-07-20 22:07:03,672 [INFO] - Episode: 174/500, Reward: -19253.03, Avg AoI: 19.25, Completed Tasks: 5059
2025-07-20 22:08:14,965 [INFO] - Episode: 175/500, Reward: -18556.16, Avg AoI: 18.56, Completed Tasks: 5194
2025-07-20 22:09:24,824 [INFO] - Episode: 176/500, Reward: -19413.08, Avg AoI: 19.41, Completed Tasks: 5039
2025-07-20 22:10:35,961 [INFO] - Episode: 177/500, Reward: -19093.25, Avg AoI: 19.09, Completed Tasks: 5136
2025-07-20 22:11:56,214 [INFO] - Episode: 178/500, Reward: -19967.40, Avg AoI: 19.97, Completed Tasks: 5011
2025-07-20 22:13:07,896 [INFO] - Episode: 179/500, Reward: -19344.41, Avg AoI: 19.34, Completed Tasks: 5081
2025-07-20 22:14:26,387 [INFO] - Episode: 180/500, Reward: -18362.89, Avg AoI: 18.36, Completed Tasks: 5277
2025-07-20 22:15:39,164 [INFO] - Episode: 181/500, Reward: -18407.22, Avg AoI: 18.41, Completed Tasks: 5266
2025-07-20 22:16:46,433 [INFO] - Episode: 182/500, Reward: -18583.81, Avg AoI: 18.58, Completed Tasks: 5237
2025-07-20 22:17:55,582 [INFO] - Episode: 183/500, Reward: -18339.30, Avg AoI: 18.34, Completed Tasks: 5299
2025-07-20 22:19:01,075 [INFO] - Episode: 184/500, Reward: -18274.41, Avg AoI: 18.27, Completed Tasks: 5277
2025-07-20 22:20:12,701 [INFO] - Episode: 185/500, Reward: -17753.30, Avg AoI: 17.75, Completed Tasks: 5390
2025-07-20 22:21:18,031 [INFO] - Episode: 186/500, Reward: -19403.68, Avg AoI: 19.40, Completed Tasks: 5164
2025-07-20 22:22:21,365 [INFO] - Episode: 187/500, Reward: -18114.40, Avg AoI: 18.11, Completed Tasks: 5320
2025-07-20 22:23:13,123 [INFO] - Episode: 188/500, Reward: -18580.97, Avg AoI: 18.58, Completed Tasks: 5251
2025-07-20 22:24:06,815 [INFO] - Episode: 189/500, Reward: -18536.86, Avg AoI: 18.54, Completed Tasks: 5251
2025-07-20 22:24:59,837 [INFO] - Episode: 190/500, Reward: -19038.70, Avg AoI: 19.04, Completed Tasks: 5159
2025-07-20 22:25:53,106 [INFO] - Episode: 191/500, Reward: -19277.63, Avg AoI: 19.28, Completed Tasks: 5122
2025-07-20 22:26:57,146 [INFO] - Episode: 192/500, Reward: -23636.59, Avg AoI: 23.64, Completed Tasks: 4743
2025-07-20 22:27:53,447 [INFO] - Episode: 193/500, Reward: -18346.56, Avg AoI: 18.35, Completed Tasks: 5294
2025-07-20 22:28:45,408 [INFO] - Episode: 194/500, Reward: -18757.48, Avg AoI: 18.76, Completed Tasks: 5210
2025-07-20 22:29:35,997 [INFO] - Episode: 195/500, Reward: -19562.24, Avg AoI: 19.56, Completed Tasks: 5052
2025-07-20 22:30:27,805 [INFO] - Episode: 196/500, Reward: -19850.90, Avg AoI: 19.85, Completed Tasks: 5008
2025-07-20 22:31:18,458 [INFO] - Episode: 197/500, Reward: -18647.30, Avg AoI: 18.65, Completed Tasks: 5232
2025-07-20 22:32:15,764 [INFO] - Episode: 198/500, Reward: -18525.52, Avg AoI: 18.53, Completed Tasks: 5227
2025-07-20 22:33:17,446 [INFO] - Episode: 199/500, Reward: -18951.11, Avg AoI: 18.95, Completed Tasks: 5231
2025-07-20 22:34:16,775 [INFO] - Episode: 200/500, Reward: -19064.57, Avg AoI: 19.06, Completed Tasks: 5171
2025-07-20 22:35:11,458 [INFO] - Episode: 201/500, Reward: -18442.54, Avg AoI: 18.44, Completed Tasks: 5265
2025-07-20 22:36:01,407 [INFO] - Episode: 202/500, Reward: -19439.60, Avg AoI: 19.44, Completed Tasks: 5082
2025-07-20 22:36:52,847 [INFO] - Episode: 203/500, Reward: -20885.78, Avg AoI: 20.89, Completed Tasks: 4955
2025-07-20 22:37:43,804 [INFO] - Episode: 204/500, Reward: -19641.56, Avg AoI: 19.64, Completed Tasks: 5083
2025-07-20 22:38:34,798 [INFO] - Episode: 205/500, Reward: -18259.98, Avg AoI: 18.26, Completed Tasks: 5293
2025-07-20 22:39:26,939 [INFO] - Episode: 206/500, Reward: -20607.35, Avg AoI: 20.61, Completed Tasks: 5009
2025-07-20 22:40:23,335 [INFO] - Episode: 207/500, Reward: -19555.79, Avg AoI: 19.56, Completed Tasks: 5101
2025-07-20 22:41:18,354 [INFO] - Episode: 208/500, Reward: -18638.89, Avg AoI: 18.64, Completed Tasks: 5226
2025-07-20 22:42:10,034 [INFO] - Episode: 209/500, Reward: -17727.68, Avg AoI: 17.73, Completed Tasks: 5363
2025-07-20 22:43:00,880 [INFO] - Episode: 210/500, Reward: -18429.65, Avg AoI: 18.43, Completed Tasks: 5226
2025-07-20 22:43:52,897 [INFO] - Episode: 211/500, Reward: -18898.52, Avg AoI: 18.90, Completed Tasks: 5197
2025-07-20 22:44:44,188 [INFO] - Episode: 212/500, Reward: -18901.78, Avg AoI: 18.90, Completed Tasks: 5187
2025-07-20 22:45:42,968 [INFO] - Episode: 213/500, Reward: -18583.90, Avg AoI: 18.58, Completed Tasks: 5232
2025-07-20 22:46:40,637 [INFO] - Episode: 214/500, Reward: -17772.25, Avg AoI: 17.77, Completed Tasks: 5361
2025-07-20 22:47:41,076 [INFO] - Episode: 215/500, Reward: -18571.70, Avg AoI: 18.57, Completed Tasks: 5243
2025-07-20 22:48:37,462 [INFO] - Episode: 216/500, Reward: -18461.11, Avg AoI: 18.46, Completed Tasks: 5315
2025-07-20 22:49:38,802 [INFO] - Episode: 217/500, Reward: -17912.59, Avg AoI: 17.91, Completed Tasks: 5380
2025-07-20 22:50:35,762 [INFO] - Episode: 218/500, Reward: -18312.67, Avg AoI: 18.31, Completed Tasks: 5293
2025-07-20 22:51:37,547 [INFO] - Episode: 219/500, Reward: -17792.22, Avg AoI: 17.79, Completed Tasks: 5374
2025-07-20 22:52:33,949 [INFO] - Episode: 220/500, Reward: -18958.76, Avg AoI: 18.96, Completed Tasks: 5227
2025-07-20 22:53:32,605 [INFO] - Episode: 221/500, Reward: -17939.90, Avg AoI: 17.94, Completed Tasks: 5331
2025-07-20 22:54:22,643 [INFO] - Episode: 222/500, Reward: -17707.10, Avg AoI: 17.71, Completed Tasks: 5431
2025-07-20 22:55:13,235 [INFO] - Episode: 223/500, Reward: -18492.70, Avg AoI: 18.49, Completed Tasks: 5270
2025-07-20 22:56:03,968 [INFO] - Episode: 224/500, Reward: -18881.98, Avg AoI: 18.88, Completed Tasks: 5207
2025-07-20 22:56:53,627 [INFO] - Episode: 225/500, Reward: -17841.27, Avg AoI: 17.84, Completed Tasks: 5386
2025-07-20 22:57:49,722 [INFO] - Episode: 226/500, Reward: -20415.32, Avg AoI: 20.42, Completed Tasks: 4984
2025-07-20 22:58:45,144 [INFO] - Episode: 227/500, Reward: -19592.10, Avg AoI: 19.59, Completed Tasks: 5144
2025-07-20 22:59:44,644 [INFO] - Episode: 228/500, Reward: -18268.22, Avg AoI: 18.27, Completed Tasks: 5296
2025-07-20 23:00:39,932 [INFO] - Episode: 229/500, Reward: -17941.10, Avg AoI: 17.94, Completed Tasks: 5379
2025-07-20 23:01:35,426 [INFO] - Episode: 230/500, Reward: -18496.86, Avg AoI: 18.50, Completed Tasks: 5322
2025-07-20 23:02:27,964 [INFO] - Episode: 231/500, Reward: -18653.22, Avg AoI: 18.65, Completed Tasks: 5241
2025-07-20 23:03:21,044 [INFO] - Episode: 232/500, Reward: -18134.33, Avg AoI: 18.13, Completed Tasks: 5345
2025-07-20 23:04:13,910 [INFO] - Episode: 233/500, Reward: -18392.49, Avg AoI: 18.39, Completed Tasks: 5276
2025-07-20 23:05:06,061 [INFO] - Episode: 234/500, Reward: -18153.16, Avg AoI: 18.15, Completed Tasks: 5322
2025-07-20 23:05:59,324 [INFO] - Episode: 235/500, Reward: -17843.06, Avg AoI: 17.84, Completed Tasks: 5383
2025-07-20 23:06:58,515 [INFO] - Episode: 236/500, Reward: -17363.16, Avg AoI: 17.36, Completed Tasks: 5484
2025-07-20 23:07:54,302 [INFO] - Episode: 237/500, Reward: -17680.06, Avg AoI: 17.68, Completed Tasks: 5433
2025-07-20 23:08:46,041 [INFO] - Episode: 238/500, Reward: -17782.10, Avg AoI: 17.78, Completed Tasks: 5410
2025-07-20 23:09:38,658 [INFO] - Episode: 239/500, Reward: -17870.68, Avg AoI: 17.87, Completed Tasks: 5394
2025-07-20 23:10:32,258 [INFO] - Episode: 240/500, Reward: -17562.22, Avg AoI: 17.56, Completed Tasks: 5448
2025-07-20 23:11:25,176 [INFO] - Episode: 241/500, Reward: -18291.30, Avg AoI: 18.29, Completed Tasks: 5305
2025-07-20 23:12:28,397 [INFO] - Episode: 242/500, Reward: -18098.76, Avg AoI: 18.10, Completed Tasks: 5357
2025-07-20 23:13:25,241 [INFO] - Episode: 243/500, Reward: -18997.17, Avg AoI: 19.00, Completed Tasks: 5178
2025-07-20 23:14:19,598 [INFO] - Episode: 244/500, Reward: -31666.94, Avg AoI: 31.67, Completed Tasks: 4093
2025-07-20 23:15:15,122 [INFO] - Episode: 245/500, Reward: -19366.13, Avg AoI: 19.37, Completed Tasks: 5110
2025-07-20 23:16:13,270 [INFO] - Episode: 246/500, Reward: -18181.62, Avg AoI: 18.18, Completed Tasks: 5307
2025-07-20 23:17:09,854 [INFO] - Episode: 247/500, Reward: -18245.71, Avg AoI: 18.25, Completed Tasks: 5280
2025-07-20 23:18:08,002 [INFO] - Episode: 248/500, Reward: -17907.11, Avg AoI: 17.91, Completed Tasks: 5344
2025-07-20 23:19:04,462 [INFO] - Episode: 249/500, Reward: -17554.71, Avg AoI: 17.55, Completed Tasks: 5420
2025-07-20 23:20:04,514 [INFO] - Episode: 250/500, Reward: -18750.71, Avg AoI: 18.75, Completed Tasks: 5221
2025-07-20 23:21:01,027 [INFO] - Episode: 251/500, Reward: -18654.49, Avg AoI: 18.65, Completed Tasks: 5199
2025-07-20 23:22:01,546 [INFO] - Episode: 252/500, Reward: -18759.05, Avg AoI: 18.76, Completed Tasks: 5188
2025-07-20 23:22:57,825 [INFO] - Episode: 253/500, Reward: -18171.68, Avg AoI: 18.17, Completed Tasks: 5274
2025-07-20 23:23:58,339 [INFO] - Episode: 254/500, Reward: -17720.70, Avg AoI: 17.72, Completed Tasks: 5388
2025-07-20 23:24:53,184 [INFO] - Episode: 255/500, Reward: -18223.25, Avg AoI: 18.22, Completed Tasks: 5314
2025-07-20 23:25:52,681 [INFO] - Episode: 256/500, Reward: -18221.14, Avg AoI: 18.22, Completed Tasks: 5322
2025-07-20 23:26:47,344 [INFO] - Episode: 257/500, Reward: -18266.10, Avg AoI: 18.27, Completed Tasks: 5336
2025-07-20 23:27:47,002 [INFO] - Episode: 258/500, Reward: -17802.71, Avg AoI: 17.80, Completed Tasks: 5373
2025-07-20 23:28:43,360 [INFO] - Episode: 259/500, Reward: -18166.94, Avg AoI: 18.17, Completed Tasks: 5307
2025-07-20 23:29:47,792 [INFO] - Episode: 260/500, Reward: -18457.73, Avg AoI: 18.46, Completed Tasks: 5277
2025-07-20 23:30:47,714 [INFO] - Episode: 261/500, Reward: -18416.63, Avg AoI: 18.42, Completed Tasks: 5260
2025-07-20 23:31:48,274 [INFO] - Episode: 262/500, Reward: -17262.87, Avg AoI: 17.26, Completed Tasks: 5502
2025-07-20 23:32:46,246 [INFO] - Episode: 263/500, Reward: -17839.56, Avg AoI: 17.84, Completed Tasks: 5411
2025-07-20 23:33:42,509 [INFO] - Episode: 264/500, Reward: -17936.51, Avg AoI: 17.94, Completed Tasks: 5371
2025-07-20 23:34:43,686 [INFO] - Episode: 265/500, Reward: -18276.29, Avg AoI: 18.28, Completed Tasks: 5316
2025-07-20 23:35:40,684 [INFO] - Episode: 266/500, Reward: -17762.63, Avg AoI: 17.76, Completed Tasks: 5362
2025-07-20 23:36:38,798 [INFO] - Episode: 267/500, Reward: -18696.95, Avg AoI: 18.70, Completed Tasks: 5231
2025-07-20 23:37:37,137 [INFO] - Episode: 268/500, Reward: -17685.16, Avg AoI: 17.69, Completed Tasks: 5411
2025-07-20 23:38:42,018 [INFO] - Episode: 269/500, Reward: -18225.52, Avg AoI: 18.23, Completed Tasks: 5300
2025-07-20 23:39:41,857 [INFO] - Episode: 270/500, Reward: -17658.59, Avg AoI: 17.66, Completed Tasks: 5412
2025-07-20 23:40:36,502 [INFO] - Episode: 271/500, Reward: -17394.03, Avg AoI: 17.39, Completed Tasks: 5472
2025-07-20 23:41:34,633 [INFO] - Episode: 272/500, Reward: -17481.11, Avg AoI: 17.48, Completed Tasks: 5458
2025-07-20 23:42:30,981 [INFO] - Episode: 273/500, Reward: -17330.51, Avg AoI: 17.33, Completed Tasks: 5502
2025-07-20 23:43:27,193 [INFO] - Episode: 274/500, Reward: -17965.54, Avg AoI: 17.97, Completed Tasks: 5352
2025-07-20 23:44:24,788 [INFO] - Episode: 275/500, Reward: -17438.22, Avg AoI: 17.44, Completed Tasks: 5501
2025-07-20 23:45:20,040 [INFO] - Episode: 276/500, Reward: -17535.98, Avg AoI: 17.54, Completed Tasks: 5487
2025-07-20 23:46:18,212 [INFO] - Episode: 277/500, Reward: -18070.11, Avg AoI: 18.07, Completed Tasks: 5398
2025-07-20 23:47:11,446 [INFO] - Episode: 278/500, Reward: -17482.02, Avg AoI: 17.48, Completed Tasks: 5478
2025-07-20 23:48:11,049 [INFO] - Episode: 279/500, Reward: -17916.89, Avg AoI: 17.92, Completed Tasks: 5379
2025-07-20 23:49:06,074 [INFO] - Episode: 280/500, Reward: -17758.02, Avg AoI: 17.76, Completed Tasks: 5404
2025-07-20 23:50:03,949 [INFO] - Episode: 281/500, Reward: -18702.70, Avg AoI: 18.70, Completed Tasks: 5282
2025-07-20 23:50:58,716 [INFO] - Episode: 282/500, Reward: -18762.87, Avg AoI: 18.76, Completed Tasks: 5219
2025-07-20 23:51:56,561 [INFO] - Episode: 283/500, Reward: -19243.98, Avg AoI: 19.24, Completed Tasks: 5159
2025-07-20 23:52:52,392 [INFO] - Episode: 284/500, Reward: -18449.16, Avg AoI: 18.45, Completed Tasks: 5283
2025-07-20 23:53:50,435 [INFO] - Episode: 285/500, Reward: -17903.89, Avg AoI: 17.90, Completed Tasks: 5392
2025-07-20 23:54:46,968 [INFO] - Episode: 286/500, Reward: -18103.59, Avg AoI: 18.10, Completed Tasks: 5376
2025-07-20 23:55:44,016 [INFO] - Episode: 287/500, Reward: -18004.27, Avg AoI: 18.00, Completed Tasks: 5361
2025-07-20 23:56:39,282 [INFO] - Episode: 288/500, Reward: -17736.06, Avg AoI: 17.74, Completed Tasks: 5419
2025-07-20 23:57:36,933 [INFO] - Episode: 289/500, Reward: -18049.24, Avg AoI: 18.05, Completed Tasks: 5332
2025-07-20 23:58:31,784 [INFO] - Episode: 290/500, Reward: -19326.68, Avg AoI: 19.33, Completed Tasks: 5195
2025-07-20 23:59:30,498 [INFO] - Episode: 291/500, Reward: -17576.40, Avg AoI: 17.58, Completed Tasks: 5415
2025-07-21 00:00:25,786 [INFO] - Episode: 292/500, Reward: -17424.75, Avg AoI: 17.42, Completed Tasks: 5424
2025-07-21 00:01:25,841 [INFO] - Episode: 293/500, Reward: -18035.89, Avg AoI: 18.04, Completed Tasks: 5283
2025-07-21 00:02:24,996 [INFO] - Episode: 294/500, Reward: -17481.11, Avg AoI: 17.48, Completed Tasks: 5348
2025-07-21 00:03:28,173 [INFO] - Episode: 295/500, Reward: -17081.54, Avg AoI: 17.08, Completed Tasks: 5393
2025-07-21 00:04:24,942 [INFO] - Episode: 296/500, Reward: -17366.56, Avg AoI: 17.37, Completed Tasks: 5306
2025-07-21 00:05:22,059 [INFO] - Episode: 297/500, Reward: -17395.60, Avg AoI: 17.40, Completed Tasks: 5323
2025-07-21 00:06:13,805 [INFO] - Episode: 298/500, Reward: -17411.25, Avg AoI: 17.41, Completed Tasks: 5235
2025-07-21 00:07:08,889 [INFO] - Episode: 299/500, Reward: -17661.63, Avg AoI: 17.66, Completed Tasks: 5182
2025-07-21 00:08:06,289 [INFO] - Episode: 300/500, Reward: -17378.24, Avg AoI: 17.38, Completed Tasks: 5227
2025-07-21 00:09:02,106 [INFO] - Episode: 301/500, Reward: -17816.40, Avg AoI: 17.82, Completed Tasks: 5188
2025-07-21 00:09:58,273 [INFO] - Episode: 302/500, Reward: -17003.75, Avg AoI: 17.00, Completed Tasks: 5219
2025-07-21 00:10:53,428 [INFO] - Episode: 303/500, Reward: -17147.33, Avg AoI: 17.15, Completed Tasks: 5212
2025-07-21 00:11:47,658 [INFO] - Episode: 304/500, Reward: -16973.83, Avg AoI: 16.97, Completed Tasks: 5257
2025-07-21 00:12:44,164 [INFO] - Episode: 305/500, Reward: -17682.38, Avg AoI: 17.68, Completed Tasks: 5151
2025-07-21 00:13:39,365 [INFO] - Episode: 306/500, Reward: -17282.02, Avg AoI: 17.28, Completed Tasks: 5211
2025-07-21 00:14:34,923 [INFO] - Episode: 307/500, Reward: -17442.52, Avg AoI: 17.44, Completed Tasks: 5150
2025-07-21 00:15:32,599 [INFO] - Episode: 308/500, Reward: -17112.76, Avg AoI: 17.11, Completed Tasks: 5203
2025-07-21 00:16:26,920 [INFO] - Episode: 309/500, Reward: -17045.24, Avg AoI: 17.05, Completed Tasks: 5262
2025-07-21 00:17:24,972 [INFO] - Episode: 310/500, Reward: -17316.11, Avg AoI: 17.32, Completed Tasks: 5201
2025-07-21 00:18:21,004 [INFO] - Episode: 311/500, Reward: -16940.32, Avg AoI: 16.94, Completed Tasks: 5293
2025-07-21 00:19:13,727 [INFO] - Episode: 312/500, Reward: -17216.52, Avg AoI: 17.22, Completed Tasks: 5246
2025-07-21 00:20:04,410 [INFO] - Episode: 313/500, Reward: -17569.87, Avg AoI: 17.57, Completed Tasks: 5169
2025-07-21 00:20:54,606 [INFO] - Episode: 314/500, Reward: -17693.95, Avg AoI: 17.69, Completed Tasks: 5166
2025-07-21 00:21:46,005 [INFO] - Episode: 315/500, Reward: -17284.25, Avg AoI: 17.28, Completed Tasks: 5261
2025-07-21 00:22:35,985 [INFO] - Episode: 316/500, Reward: -17051.71, Avg AoI: 17.05, Completed Tasks: 5265
2025-07-21 00:23:27,561 [INFO] - Episode: 317/500, Reward: -17187.06, Avg AoI: 17.19, Completed Tasks: 5279
2025-07-21 00:24:18,792 [INFO] - Episode: 318/500, Reward: -17094.24, Avg AoI: 17.09, Completed Tasks: 5274
2025-07-21 00:25:10,273 [INFO] - Episode: 319/500, Reward: -17414.76, Avg AoI: 17.41, Completed Tasks: 5213
2025-07-21 00:26:02,290 [INFO] - Episode: 320/500, Reward: -17226.08, Avg AoI: 17.23, Completed Tasks: 5269
2025-07-21 00:26:51,893 [INFO] - Episode: 321/500, Reward: -17197.84, Avg AoI: 17.20, Completed Tasks: 5245
2025-07-21 00:27:44,001 [INFO] - Episode: 322/500, Reward: -17594.10, Avg AoI: 17.59, Completed Tasks: 5207
2025-07-21 00:28:35,835 [INFO] - Episode: 323/500, Reward: -17669.14, Avg AoI: 17.67, Completed Tasks: 5186
2025-07-21 00:29:28,271 [INFO] - Episode: 324/500, Reward: -16990.17, Avg AoI: 16.99, Completed Tasks: 5286
2025-07-21 00:30:33,781 [INFO] - Episode: 325/500, Reward: -17841.76, Avg AoI: 17.84, Completed Tasks: 5183
2025-07-21 00:31:42,730 [INFO] - Episode: 326/500, Reward: -17421.68, Avg AoI: 17.42, Completed Tasks: 5232
2025-07-21 00:32:55,584 [INFO] - Episode: 327/500, Reward: -17119.52, Avg AoI: 17.12, Completed Tasks: 5253
2025-07-21 00:34:18,562 [INFO] - Episode: 328/500, Reward: -17225.86, Avg AoI: 17.23, Completed Tasks: 5273
2025-07-21 00:35:41,059 [INFO] - Episode: 329/500, Reward: -16800.40, Avg AoI: 16.80, Completed Tasks: 5312
2025-07-21 00:37:04,043 [INFO] - Episode: 330/500, Reward: -16980.06, Avg AoI: 16.98, Completed Tasks: 5307
2025-07-21 00:38:25,662 [INFO] - Episode: 331/500, Reward: -17418.63, Avg AoI: 17.42, Completed Tasks: 5207
2025-07-21 00:39:48,259 [INFO] - Episode: 332/500, Reward: -17436.46, Avg AoI: 17.44, Completed Tasks: 5256
2025-07-21 00:41:12,128 [INFO] - Episode: 333/500, Reward: -16994.32, Avg AoI: 16.99, Completed Tasks: 5289
2025-07-21 00:42:33,212 [INFO] - Episode: 334/500, Reward: -17183.90, Avg AoI: 17.18, Completed Tasks: 5281
2025-07-21 00:44:00,274 [INFO] - Episode: 335/500, Reward: -17363.06, Avg AoI: 17.36, Completed Tasks: 5223
2025-07-21 00:45:24,367 [INFO] - Episode: 336/500, Reward: -17066.97, Avg AoI: 17.07, Completed Tasks: 5267
2025-07-21 00:46:31,329 [INFO] - Episode: 337/500, Reward: -17188.84, Avg AoI: 17.19, Completed Tasks: 5291
2025-07-21 00:47:28,612 [INFO] - Episode: 338/500, Reward: -17173.44, Avg AoI: 17.17, Completed Tasks: 5260
2025-07-21 00:48:24,509 [INFO] - Episode: 339/500, Reward: -17034.33, Avg AoI: 17.03, Completed Tasks: 5317
2025-07-21 00:49:16,004 [INFO] - Episode: 340/500, Reward: -17073.19, Avg AoI: 17.07, Completed Tasks: 5239
2025-07-21 00:50:06,567 [INFO] - Episode: 341/500, Reward: -17155.70, Avg AoI: 17.16, Completed Tasks: 5283
2025-07-21 00:50:55,810 [INFO] - Episode: 342/500, Reward: -16854.63, Avg AoI: 16.85, Completed Tasks: 5319
2025-07-21 00:51:45,400 [INFO] - Episode: 343/500, Reward: -16781.03, Avg AoI: 16.78, Completed Tasks: 5361
2025-07-21 00:52:35,450 [INFO] - Episode: 344/500, Reward: -16956.73, Avg AoI: 16.96, Completed Tasks: 5274
2025-07-21 00:53:30,129 [INFO] - Episode: 345/500, Reward: -16968.95, Avg AoI: 16.97, Completed Tasks: 5289
2025-07-21 00:54:25,600 [INFO] - Episode: 346/500, Reward: -16965.06, Avg AoI: 16.97, Completed Tasks: 5299
2025-07-21 00:55:27,657 [INFO] - Episode: 347/500, Reward: -17208.32, Avg AoI: 17.21, Completed Tasks: 5243
2025-07-21 00:56:18,674 [INFO] - Episode: 348/500, Reward: -17222.10, Avg AoI: 17.22, Completed Tasks: 5249
2025-07-21 00:57:10,572 [INFO] - Episode: 349/500, Reward: -17102.95, Avg AoI: 17.10, Completed Tasks: 5308
2025-07-21 00:58:02,364 [INFO] - Episode: 350/500, Reward: -17112.16, Avg AoI: 17.11, Completed Tasks: 5260
2025-07-21 00:58:52,689 [INFO] - Episode: 351/500, Reward: -16758.51, Avg AoI: 16.76, Completed Tasks: 5295
2025-07-21 00:59:43,108 [INFO] - Episode: 352/500, Reward: -16923.33, Avg AoI: 16.92, Completed Tasks: 5265
2025-07-21 01:00:31,445 [INFO] - Episode: 353/500, Reward: -16751.27, Avg AoI: 16.75, Completed Tasks: 5333
2025-07-21 01:01:22,123 [INFO] - Episode: 354/500, Reward: -17056.10, Avg AoI: 17.06, Completed Tasks: 5276
2025-07-21 01:02:15,362 [INFO] - Episode: 355/500, Reward: -16847.83, Avg AoI: 16.85, Completed Tasks: 5303
2025-07-21 01:03:18,329 [INFO] - Episode: 356/500, Reward: -16984.78, Avg AoI: 16.98, Completed Tasks: 5274
2025-07-21 01:04:09,407 [INFO] - Episode: 357/500, Reward: -16643.10, Avg AoI: 16.64, Completed Tasks: 5376
2025-07-21 01:04:58,203 [INFO] - Episode: 358/500, Reward: -16931.00, Avg AoI: 16.93, Completed Tasks: 5283
2025-07-21 01:05:48,853 [INFO] - Episode: 359/500, Reward: -16774.08, Avg AoI: 16.77, Completed Tasks: 5318
2025-07-21 01:06:37,787 [INFO] - Episode: 360/500, Reward: -16778.21, Avg AoI: 16.78, Completed Tasks: 5322
2025-07-21 01:07:29,394 [INFO] - Episode: 361/500, Reward: -17312.79, Avg AoI: 17.31, Completed Tasks: 5196
2025-07-21 01:08:31,287 [INFO] - Episode: 362/500, Reward: -16686.65, Avg AoI: 16.69, Completed Tasks: 5350
2025-07-21 01:09:30,692 [INFO] - Episode: 363/500, Reward: -16784.08, Avg AoI: 16.78, Completed Tasks: 5291
2025-07-21 01:10:31,669 [INFO] - Episode: 364/500, Reward: -16923.00, Avg AoI: 16.92, Completed Tasks: 5290
2025-07-21 01:11:29,745 [INFO] - Episode: 365/500, Reward: -17086.52, Avg AoI: 17.09, Completed Tasks: 5245
2025-07-21 01:12:31,281 [INFO] - Episode: 366/500, Reward: -16889.19, Avg AoI: 16.89, Completed Tasks: 5347
2025-07-21 01:13:31,108 [INFO] - Episode: 367/500, Reward: -17288.97, Avg AoI: 17.29, Completed Tasks: 5241
2025-07-21 01:14:34,720 [INFO] - Episode: 368/500, Reward: -16752.57, Avg AoI: 16.75, Completed Tasks: 5313
2025-07-21 01:15:31,387 [INFO] - Episode: 369/500, Reward: -16909.03, Avg AoI: 16.91, Completed Tasks: 5273
2025-07-21 01:16:34,600 [INFO] - Episode: 370/500, Reward: -16514.98, Avg AoI: 16.51, Completed Tasks: 5390
2025-07-21 01:17:33,719 [INFO] - Episode: 371/500, Reward: -16491.48, Avg AoI: 16.49, Completed Tasks: 5399
