2025-07-17 06:48:25,975 [INFO] - Logger initialized.
2025-07-17 06:48:25,975 [INFO] - --- Training Configuration ---
2025-07-17 06:48:25,975 [INFO] - n_users: 35
2025-07-17 06:48:25,975 [INFO] - n_servers: 15
2025-07-17 06:48:25,975 [INFO] - batch_proc_time: {'base': 3, 'per_task': 2}
2025-07-17 06:48:25,975 [INFO] - max_batch_size: 3
2025-07-17 06:48:25,975 [INFO] - num_episodes: 500
2025-07-17 06:48:25,975 [INFO] - episode_length: 1000
2025-07-17 06:48:25,975 [INFO] - actor_lr: 4e-05
2025-07-17 06:48:25,975 [INFO] - critic_lr: 4e-05
2025-07-17 06:48:25,975 [INFO] - gamma: 0.99
2025-07-17 06:48:25,975 [INFO] - gae_lambda: 0.95
2025-07-17 06:48:25,976 [INFO] - clip_ratio: 0.2
2025-07-17 06:48:25,976 [INFO] - update_epochs: 4
2025-07-17 06:48:25,976 [INFO] - mini_batch_size: 128
2025-07-17 06:48:25,976 [INFO] - entropy_coeff: 0.01
2025-07-17 06:48:25,976 [INFO] - max_grad_norm: 1.0
2025-07-17 06:48:25,976 [INFO] - use_global: True
2025-07-17 06:48:25,976 [INFO] - use_mean_field: False
2025-07-17 06:48:25,976 [INFO] - log_dir: logs/mappo_mf_35_15_Global_NoMF_4e-05
2025-07-17 06:48:25,976 [INFO] - --------------------------
2025-07-17 06:48:26,792 [INFO] - MAPPO-MF Trainer Initialized.
2025-07-17 06:48:26,792 [INFO] - Device: cpu
2025-07-17 06:48:26,792 [INFO] - User Obs Dim: 2, Server Obs Dim: 3
2025-07-17 06:48:26,792 [INFO] - Global State Dim: 80
2025-07-17 06:48:26,792 [INFO] - Mean-field Dim: 0
2025-07-17 06:48:26,792 [INFO] - Use Global Critic: True
2025-07-17 06:48:47,208 [INFO] - Episode: 1/500, Reward: -100190.80, Avg AoI: 100.19, Completed Tasks: 2493
2025-07-17 06:49:08,069 [INFO] - Episode: 2/500, Reward: -43290.83, Avg AoI: 43.29, Completed Tasks: 2734
2025-07-17 06:49:29,086 [INFO] - Episode: 3/500, Reward: -18935.71, Avg AoI: 18.94, Completed Tasks: 2833
2025-07-17 06:49:50,684 [INFO] - Episode: 4/500, Reward: -18706.57, Avg AoI: 18.71, Completed Tasks: 2827
2025-07-17 06:50:11,819 [INFO] - Episode: 5/500, Reward: -17875.40, Avg AoI: 17.88, Completed Tasks: 2922
2025-07-17 06:50:33,734 [INFO] - Episode: 6/500, Reward: -18359.37, Avg AoI: 18.36, Completed Tasks: 2890
2025-07-17 06:50:54,992 [INFO] - Episode: 7/500, Reward: -19632.43, Avg AoI: 19.63, Completed Tasks: 2796
2025-07-17 06:51:15,953 [INFO] - Episode: 8/500, Reward: -23474.60, Avg AoI: 23.47, Completed Tasks: 2660
2025-07-17 06:51:37,657 [INFO] - Episode: 9/500, Reward: -18284.66, Avg AoI: 18.28, Completed Tasks: 2886
2025-07-17 06:51:58,364 [INFO] - Episode: 10/500, Reward: -344371.60, Avg AoI: 344.37, Completed Tasks: 648
2025-07-17 06:52:19,448 [INFO] - Episode: 11/500, Reward: -19094.89, Avg AoI: 19.09, Completed Tasks: 2850
2025-07-17 06:52:40,968 [INFO] - Episode: 12/500, Reward: -18203.09, Avg AoI: 18.20, Completed Tasks: 2916
2025-07-17 06:53:02,641 [INFO] - Episode: 13/500, Reward: -18522.57, Avg AoI: 18.52, Completed Tasks: 2938
2025-07-17 06:53:25,861 [INFO] - Episode: 14/500, Reward: -19101.66, Avg AoI: 19.10, Completed Tasks: 2852
2025-07-17 06:53:47,955 [INFO] - Episode: 15/500, Reward: -18345.17, Avg AoI: 18.35, Completed Tasks: 2913
2025-07-17 06:54:09,312 [INFO] - Episode: 16/500, Reward: -18304.03, Avg AoI: 18.30, Completed Tasks: 2923
2025-07-17 06:54:30,335 [INFO] - Episode: 17/500, Reward: -20925.74, Avg AoI: 20.93, Completed Tasks: 2832
2025-07-17 06:54:50,974 [INFO] - Episode: 18/500, Reward: -18577.34, Avg AoI: 18.58, Completed Tasks: 2916
2025-07-17 06:55:12,063 [INFO] - Episode: 19/500, Reward: -18294.03, Avg AoI: 18.29, Completed Tasks: 2930
2025-07-17 06:55:33,369 [INFO] - Episode: 20/500, Reward: -45199.43, Avg AoI: 45.20, Completed Tasks: 2392
2025-07-17 06:55:54,595 [INFO] - Episode: 21/500, Reward: -17821.09, Avg AoI: 17.82, Completed Tasks: 2991
2025-07-17 06:56:16,108 [INFO] - Episode: 22/500, Reward: -18545.94, Avg AoI: 18.55, Completed Tasks: 2895
2025-07-17 06:56:37,456 [INFO] - Episode: 23/500, Reward: -17816.71, Avg AoI: 17.82, Completed Tasks: 2963
2025-07-17 06:56:58,870 [INFO] - Episode: 24/500, Reward: -18425.46, Avg AoI: 18.43, Completed Tasks: 2927
2025-07-17 06:57:20,237 [INFO] - Episode: 25/500, Reward: -17729.83, Avg AoI: 17.73, Completed Tasks: 2993
2025-07-17 06:57:41,375 [INFO] - Episode: 26/500, Reward: -21606.14, Avg AoI: 21.61, Completed Tasks: 2816
2025-07-17 06:58:03,173 [INFO] - Episode: 27/500, Reward: -19431.83, Avg AoI: 19.43, Completed Tasks: 2834
2025-07-17 06:58:25,408 [INFO] - Episode: 28/500, Reward: -19623.20, Avg AoI: 19.62, Completed Tasks: 2838
2025-07-17 06:58:47,821 [INFO] - Episode: 29/500, Reward: -18646.11, Avg AoI: 18.65, Completed Tasks: 2910
2025-07-17 06:59:09,915 [INFO] - Episode: 30/500, Reward: -18277.06, Avg AoI: 18.28, Completed Tasks: 2909
2025-07-17 06:59:32,273 [INFO] - Episode: 31/500, Reward: -18348.37, Avg AoI: 18.35, Completed Tasks: 2922
2025-07-17 06:59:53,540 [INFO] - Episode: 32/500, Reward: -20243.80, Avg AoI: 20.24, Completed Tasks: 2796
2025-07-17 07:00:14,772 [INFO] - Episode: 33/500, Reward: -18989.69, Avg AoI: 18.99, Completed Tasks: 2834
2025-07-17 07:00:36,044 [INFO] - Episode: 34/500, Reward: -18107.83, Avg AoI: 18.11, Completed Tasks: 2937
2025-07-17 07:00:56,822 [INFO] - Episode: 35/500, Reward: -19530.51, Avg AoI: 19.53, Completed Tasks: 2822
2025-07-17 07:01:17,601 [INFO] - Episode: 36/500, Reward: -18228.09, Avg AoI: 18.23, Completed Tasks: 2928
2025-07-17 07:01:38,429 [INFO] - Episode: 37/500, Reward: -18734.17, Avg AoI: 18.73, Completed Tasks: 2885
2025-07-17 07:01:59,291 [INFO] - Episode: 38/500, Reward: -18217.80, Avg AoI: 18.22, Completed Tasks: 2909
2025-07-17 07:02:20,414 [INFO] - Episode: 39/500, Reward: -18800.43, Avg AoI: 18.80, Completed Tasks: 2907
2025-07-17 07:02:41,128 [INFO] - Episode: 40/500, Reward: -18103.00, Avg AoI: 18.10, Completed Tasks: 2944
2025-07-17 07:03:02,208 [INFO] - Episode: 41/500, Reward: -19309.34, Avg AoI: 19.31, Completed Tasks: 2847
2025-07-17 07:03:23,317 [INFO] - Episode: 42/500, Reward: -342474.09, Avg AoI: 342.47, Completed Tasks: 838
2025-07-17 07:03:45,248 [INFO] - Episode: 43/500, Reward: -19106.86, Avg AoI: 19.11, Completed Tasks: 2848
2025-07-17 07:04:06,743 [INFO] - Episode: 44/500, Reward: -19200.49, Avg AoI: 19.20, Completed Tasks: 2793
2025-07-17 07:04:27,957 [INFO] - Episode: 45/500, Reward: -19592.14, Avg AoI: 19.59, Completed Tasks: 2788
2025-07-17 07:04:51,233 [INFO] - Episode: 46/500, Reward: -20109.63, Avg AoI: 20.11, Completed Tasks: 2694
2025-07-17 07:05:12,231 [INFO] - Episode: 47/500, Reward: -20163.80, Avg AoI: 20.16, Completed Tasks: 2689
2025-07-17 07:05:33,408 [INFO] - Episode: 48/500, Reward: -272964.83, Avg AoI: 272.96, Completed Tasks: 1061
2025-07-17 07:05:55,110 [INFO] - Episode: 49/500, Reward: -20538.00, Avg AoI: 20.54, Completed Tasks: 2644
2025-07-17 07:06:16,137 [INFO] - Episode: 50/500, Reward: -21620.77, Avg AoI: 21.62, Completed Tasks: 2597
2025-07-17 07:06:37,433 [INFO] - Episode: 51/500, Reward: -21599.40, Avg AoI: 21.60, Completed Tasks: 2568
2025-07-17 07:06:58,316 [INFO] - Episode: 52/500, Reward: -268772.00, Avg AoI: 268.77, Completed Tasks: 976
2025-07-17 07:07:19,246 [INFO] - Episode: 53/500, Reward: -112868.49, Avg AoI: 112.87, Completed Tasks: 1766
2025-07-17 07:07:39,869 [INFO] - Episode: 54/500, Reward: -221730.97, Avg AoI: 221.73, Completed Tasks: 1196
2025-07-17 07:08:01,025 [INFO] - Episode: 55/500, Reward: -23358.83, Avg AoI: 23.36, Completed Tasks: 2481
2025-07-17 07:08:21,874 [INFO] - Episode: 56/500, Reward: -176918.26, Avg AoI: 176.92, Completed Tasks: 1461
2025-07-17 07:08:42,617 [INFO] - Episode: 57/500, Reward: -20719.26, Avg AoI: 20.72, Completed Tasks: 2639
2025-07-17 07:09:03,588 [INFO] - Episode: 58/500, Reward: -20454.11, Avg AoI: 20.45, Completed Tasks: 2655
2025-07-17 07:09:24,713 [INFO] - Episode: 59/500, Reward: -20712.34, Avg AoI: 20.71, Completed Tasks: 2635
2025-07-17 07:09:45,951 [INFO] - Episode: 60/500, Reward: -103038.54, Avg AoI: 103.04, Completed Tasks: 1784
2025-07-17 07:10:07,059 [INFO] - Episode: 61/500, Reward: -20875.57, Avg AoI: 20.88, Completed Tasks: 2595
2025-07-17 07:10:28,177 [INFO] - Episode: 62/500, Reward: -20047.29, Avg AoI: 20.05, Completed Tasks: 2668
2025-07-17 07:10:49,275 [INFO] - Episode: 63/500, Reward: -20377.77, Avg AoI: 20.38, Completed Tasks: 2661
2025-07-17 07:11:10,299 [INFO] - Episode: 64/500, Reward: -20232.86, Avg AoI: 20.23, Completed Tasks: 2684
2025-07-17 07:11:31,795 [INFO] - Episode: 65/500, Reward: -19628.71, Avg AoI: 19.63, Completed Tasks: 2727
2025-07-17 07:11:54,040 [INFO] - Episode: 66/500, Reward: -19575.00, Avg AoI: 19.57, Completed Tasks: 2755
2025-07-17 07:12:15,635 [INFO] - Episode: 67/500, Reward: -19563.97, Avg AoI: 19.56, Completed Tasks: 2730
2025-07-17 07:12:37,192 [INFO] - Episode: 68/500, Reward: -20367.54, Avg AoI: 20.37, Completed Tasks: 2675
2025-07-17 07:12:58,417 [INFO] - Episode: 69/500, Reward: -21523.71, Avg AoI: 21.52, Completed Tasks: 2637
2025-07-17 07:13:19,871 [INFO] - Episode: 70/500, Reward: -19196.83, Avg AoI: 19.20, Completed Tasks: 2766
2025-07-17 07:13:40,915 [INFO] - Episode: 71/500, Reward: -18763.26, Avg AoI: 18.76, Completed Tasks: 2817
2025-07-17 07:14:02,090 [INFO] - Episode: 72/500, Reward: -19529.09, Avg AoI: 19.53, Completed Tasks: 2748
2025-07-17 07:14:23,011 [INFO] - Episode: 73/500, Reward: -19441.40, Avg AoI: 19.44, Completed Tasks: 2778
2025-07-17 07:14:44,178 [INFO] - Episode: 74/500, Reward: -19231.54, Avg AoI: 19.23, Completed Tasks: 2790
2025-07-17 07:15:05,441 [INFO] - Episode: 75/500, Reward: -19096.80, Avg AoI: 19.10, Completed Tasks: 2776
2025-07-17 07:15:26,643 [INFO] - Episode: 76/500, Reward: -18582.29, Avg AoI: 18.58, Completed Tasks: 2855
2025-07-17 07:15:47,531 [INFO] - Episode: 77/500, Reward: -19379.49, Avg AoI: 19.38, Completed Tasks: 2789
2025-07-17 07:16:08,538 [INFO] - Episode: 78/500, Reward: -18502.71, Avg AoI: 18.50, Completed Tasks: 2849
2025-07-17 07:16:29,609 [INFO] - Episode: 79/500, Reward: -20027.77, Avg AoI: 20.03, Completed Tasks: 2743
2025-07-17 07:16:52,511 [INFO] - Episode: 80/500, Reward: -19038.06, Avg AoI: 19.04, Completed Tasks: 2792
2025-07-17 07:17:15,057 [INFO] - Episode: 81/500, Reward: -19204.71, Avg AoI: 19.20, Completed Tasks: 2781
2025-07-17 07:17:38,488 [INFO] - Episode: 82/500, Reward: -18627.37, Avg AoI: 18.63, Completed Tasks: 2843
2025-07-17 07:17:59,154 [INFO] - Episode: 83/500, Reward: -19305.29, Avg AoI: 19.31, Completed Tasks: 2777
2025-07-17 07:18:20,299 [INFO] - Episode: 84/500, Reward: -18705.20, Avg AoI: 18.71, Completed Tasks: 2836
2025-07-17 07:18:41,648 [INFO] - Episode: 85/500, Reward: -19099.06, Avg AoI: 19.10, Completed Tasks: 2788
2025-07-17 07:19:02,598 [INFO] - Episode: 86/500, Reward: -19173.80, Avg AoI: 19.17, Completed Tasks: 2798
2025-07-17 07:19:23,974 [INFO] - Episode: 87/500, Reward: -18750.71, Avg AoI: 18.75, Completed Tasks: 2830
2025-07-17 07:19:45,365 [INFO] - Episode: 88/500, Reward: -18404.03, Avg AoI: 18.40, Completed Tasks: 2879
2025-07-17 07:20:06,405 [INFO] - Episode: 89/500, Reward: -18581.26, Avg AoI: 18.58, Completed Tasks: 2851
2025-07-17 07:20:27,100 [INFO] - Episode: 90/500, Reward: -18543.06, Avg AoI: 18.54, Completed Tasks: 2867
2025-07-17 07:20:47,821 [INFO] - Episode: 91/500, Reward: -18967.63, Avg AoI: 18.97, Completed Tasks: 2829
2025-07-17 07:21:08,915 [INFO] - Episode: 92/500, Reward: -18802.23, Avg AoI: 18.80, Completed Tasks: 2835
2025-07-17 07:21:30,024 [INFO] - Episode: 93/500, Reward: -18752.29, Avg AoI: 18.75, Completed Tasks: 2839
2025-07-17 07:21:51,171 [INFO] - Episode: 94/500, Reward: -19406.46, Avg AoI: 19.41, Completed Tasks: 2813
2025-07-17 07:22:12,287 [INFO] - Episode: 95/500, Reward: -18373.91, Avg AoI: 18.37, Completed Tasks: 2883
2025-07-17 07:22:33,424 [INFO] - Episode: 96/500, Reward: -18735.89, Avg AoI: 18.74, Completed Tasks: 2853
2025-07-17 07:22:54,881 [INFO] - Episode: 97/500, Reward: -18590.66, Avg AoI: 18.59, Completed Tasks: 2861
2025-07-17 07:23:16,477 [INFO] - Episode: 98/500, Reward: -18008.86, Avg AoI: 18.01, Completed Tasks: 2927
2025-07-17 07:23:37,532 [INFO] - Episode: 99/500, Reward: -18355.91, Avg AoI: 18.36, Completed Tasks: 2896
2025-07-17 07:23:58,496 [INFO] - Episode: 100/500, Reward: -18557.26, Avg AoI: 18.56, Completed Tasks: 2864
2025-07-17 07:24:20,065 [INFO] - Episode: 101/500, Reward: -17961.66, Avg AoI: 17.96, Completed Tasks: 2933
2025-07-17 07:24:42,250 [INFO] - Episode: 102/500, Reward: -18989.89, Avg AoI: 18.99, Completed Tasks: 2829
2025-07-17 07:25:06,204 [INFO] - Episode: 103/500, Reward: -18456.63, Avg AoI: 18.46, Completed Tasks: 2866
2025-07-17 07:25:27,173 [INFO] - Episode: 104/500, Reward: -18465.97, Avg AoI: 18.47, Completed Tasks: 2875
2025-07-17 07:25:47,921 [INFO] - Episode: 105/500, Reward: -18106.26, Avg AoI: 18.11, Completed Tasks: 2914
2025-07-17 07:26:08,571 [INFO] - Episode: 106/500, Reward: -18157.80, Avg AoI: 18.16, Completed Tasks: 2919
2025-07-17 07:26:29,377 [INFO] - Episode: 107/500, Reward: -18142.09, Avg AoI: 18.14, Completed Tasks: 2936
2025-07-17 07:26:49,964 [INFO] - Episode: 108/500, Reward: -18370.57, Avg AoI: 18.37, Completed Tasks: 2897
2025-07-17 07:27:11,117 [INFO] - Episode: 109/500, Reward: -18257.66, Avg AoI: 18.26, Completed Tasks: 2916
2025-07-17 07:27:32,330 [INFO] - Episode: 110/500, Reward: -18895.31, Avg AoI: 18.90, Completed Tasks: 2843
2025-07-17 07:27:53,305 [INFO] - Episode: 111/500, Reward: -18332.17, Avg AoI: 18.33, Completed Tasks: 2909
2025-07-17 07:28:14,823 [INFO] - Episode: 112/500, Reward: -18615.91, Avg AoI: 18.62, Completed Tasks: 2871
2025-07-17 07:28:35,990 [INFO] - Episode: 113/500, Reward: -18304.14, Avg AoI: 18.30, Completed Tasks: 2901
2025-07-17 07:28:56,993 [INFO] - Episode: 114/500, Reward: -19463.34, Avg AoI: 19.46, Completed Tasks: 2809
2025-07-17 07:29:18,086 [INFO] - Episode: 115/500, Reward: -18082.63, Avg AoI: 18.08, Completed Tasks: 2931
2025-07-17 07:29:38,900 [INFO] - Episode: 116/500, Reward: -18053.74, Avg AoI: 18.05, Completed Tasks: 2941
2025-07-17 07:30:01,673 [INFO] - Episode: 117/500, Reward: -17781.03, Avg AoI: 17.78, Completed Tasks: 2963
2025-07-17 07:30:25,683 [INFO] - Episode: 118/500, Reward: -17660.34, Avg AoI: 17.66, Completed Tasks: 2988
2025-07-17 07:30:46,642 [INFO] - Episode: 119/500, Reward: -17456.86, Avg AoI: 17.46, Completed Tasks: 2994
2025-07-17 07:31:07,927 [INFO] - Episode: 120/500, Reward: -17298.20, Avg AoI: 17.30, Completed Tasks: 3033
2025-07-17 07:31:28,915 [INFO] - Episode: 121/500, Reward: -17222.94, Avg AoI: 17.22, Completed Tasks: 3044
2025-07-17 07:31:49,839 [INFO] - Episode: 122/500, Reward: -17694.86, Avg AoI: 17.69, Completed Tasks: 2993
2025-07-17 07:32:10,949 [INFO] - Episode: 123/500, Reward: -17760.23, Avg AoI: 17.76, Completed Tasks: 2985
2025-07-17 07:32:32,505 [INFO] - Episode: 124/500, Reward: -17506.09, Avg AoI: 17.51, Completed Tasks: 3011
2025-07-17 07:32:53,433 [INFO] - Episode: 125/500, Reward: -17958.37, Avg AoI: 17.96, Completed Tasks: 2964
2025-07-17 07:33:14,732 [INFO] - Episode: 126/500, Reward: -17558.34, Avg AoI: 17.56, Completed Tasks: 2999
2025-07-17 07:33:35,665 [INFO] - Episode: 127/500, Reward: -17313.03, Avg AoI: 17.31, Completed Tasks: 3053
2025-07-17 07:33:56,879 [INFO] - Episode: 128/500, Reward: -17147.83, Avg AoI: 17.15, Completed Tasks: 3064
2025-07-17 07:34:18,200 [INFO] - Episode: 129/500, Reward: -17103.63, Avg AoI: 17.10, Completed Tasks: 3077
2025-07-17 07:34:39,175 [INFO] - Episode: 130/500, Reward: -17077.29, Avg AoI: 17.08, Completed Tasks: 3058
2025-07-17 07:35:03,501 [INFO] - Episode: 131/500, Reward: -17481.86, Avg AoI: 17.48, Completed Tasks: 3024
2025-07-17 07:35:26,334 [INFO] - Episode: 132/500, Reward: -17340.46, Avg AoI: 17.34, Completed Tasks: 3035
2025-07-17 07:35:47,636 [INFO] - Episode: 133/500, Reward: -17086.23, Avg AoI: 17.09, Completed Tasks: 3064
2025-07-17 07:36:08,716 [INFO] - Episode: 134/500, Reward: -16994.80, Avg AoI: 16.99, Completed Tasks: 3081
2025-07-17 07:36:30,386 [INFO] - Episode: 135/500, Reward: -17066.54, Avg AoI: 17.07, Completed Tasks: 3073
2025-07-17 07:36:51,475 [INFO] - Episode: 136/500, Reward: -17261.17, Avg AoI: 17.26, Completed Tasks: 3029
2025-07-17 07:37:12,205 [INFO] - Episode: 137/500, Reward: -17192.11, Avg AoI: 17.19, Completed Tasks: 3056
2025-07-17 07:37:33,461 [INFO] - Episode: 138/500, Reward: -17128.74, Avg AoI: 17.13, Completed Tasks: 3057
2025-07-17 07:37:55,209 [INFO] - Episode: 139/500, Reward: -17252.69, Avg AoI: 17.25, Completed Tasks: 3062
2025-07-17 07:38:16,545 [INFO] - Episode: 140/500, Reward: -17432.57, Avg AoI: 17.43, Completed Tasks: 3030
2025-07-17 07:38:37,808 [INFO] - Episode: 141/500, Reward: -17308.66, Avg AoI: 17.31, Completed Tasks: 3063
2025-07-17 07:38:59,294 [INFO] - Episode: 142/500, Reward: -17350.29, Avg AoI: 17.35, Completed Tasks: 3043
2025-07-17 07:39:20,713 [INFO] - Episode: 143/500, Reward: -17317.37, Avg AoI: 17.32, Completed Tasks: 3041
2025-07-17 07:39:44,440 [INFO] - Episode: 144/500, Reward: -17361.06, Avg AoI: 17.36, Completed Tasks: 3028
2025-07-17 07:40:06,352 [INFO] - Episode: 145/500, Reward: -17473.57, Avg AoI: 17.47, Completed Tasks: 3025
2025-07-17 07:40:27,100 [INFO] - Episode: 146/500, Reward: -17411.31, Avg AoI: 17.41, Completed Tasks: 3036
2025-07-17 07:40:48,115 [INFO] - Episode: 147/500, Reward: -17226.31, Avg AoI: 17.23, Completed Tasks: 3042
2025-07-17 07:41:09,384 [INFO] - Episode: 148/500, Reward: -17028.37, Avg AoI: 17.03, Completed Tasks: 3082
2025-07-17 07:41:30,625 [INFO] - Episode: 149/500, Reward: -16843.83, Avg AoI: 16.84, Completed Tasks: 3097
2025-07-17 07:41:51,687 [INFO] - Episode: 150/500, Reward: -17085.20, Avg AoI: 17.09, Completed Tasks: 3063
2025-07-17 07:42:12,609 [INFO] - Episode: 151/500, Reward: -17340.40, Avg AoI: 17.34, Completed Tasks: 3033
2025-07-17 07:42:33,747 [INFO] - Episode: 152/500, Reward: -17184.17, Avg AoI: 17.18, Completed Tasks: 3049
2025-07-17 07:42:54,916 [INFO] - Episode: 153/500, Reward: -17004.77, Avg AoI: 17.00, Completed Tasks: 3081
2025-07-17 07:43:15,889 [INFO] - Episode: 154/500, Reward: -17141.89, Avg AoI: 17.14, Completed Tasks: 3064
2025-07-17 07:43:37,201 [INFO] - Episode: 155/500, Reward: -17159.89, Avg AoI: 17.16, Completed Tasks: 3061
2025-07-17 07:43:59,104 [INFO] - Episode: 156/500, Reward: -17112.83, Avg AoI: 17.11, Completed Tasks: 3070
2025-07-17 07:44:21,805 [INFO] - Episode: 157/500, Reward: -17155.57, Avg AoI: 17.16, Completed Tasks: 3056
2025-07-17 07:44:43,665 [INFO] - Episode: 158/500, Reward: -16731.97, Avg AoI: 16.73, Completed Tasks: 3129
2025-07-17 07:45:04,891 [INFO] - Episode: 159/500, Reward: -17063.54, Avg AoI: 17.06, Completed Tasks: 3073
2025-07-17 07:45:25,896 [INFO] - Episode: 160/500, Reward: -17022.86, Avg AoI: 17.02, Completed Tasks: 3079
2025-07-17 07:45:46,846 [INFO] - Episode: 161/500, Reward: -17200.29, Avg AoI: 17.20, Completed Tasks: 3058
2025-07-17 07:46:07,793 [INFO] - Episode: 162/500, Reward: -17042.23, Avg AoI: 17.04, Completed Tasks: 3085
2025-07-17 07:46:29,048 [INFO] - Episode: 163/500, Reward: -27722.86, Avg AoI: 27.72, Completed Tasks: 3053
2025-07-17 07:46:50,179 [INFO] - Episode: 164/500, Reward: -17076.43, Avg AoI: 17.08, Completed Tasks: 3090
2025-07-17 07:47:11,527 [INFO] - Episode: 165/500, Reward: -17254.77, Avg AoI: 17.25, Completed Tasks: 3062
2025-07-17 07:47:32,758 [INFO] - Episode: 166/500, Reward: -17268.91, Avg AoI: 17.27, Completed Tasks: 3059
2025-07-17 07:47:53,724 [INFO] - Episode: 167/500, Reward: -17024.91, Avg AoI: 17.02, Completed Tasks: 3086
2025-07-17 07:48:15,096 [INFO] - Episode: 168/500, Reward: -16928.06, Avg AoI: 16.93, Completed Tasks: 3113
2025-07-17 07:48:36,190 [INFO] - Episode: 169/500, Reward: -16746.86, Avg AoI: 16.75, Completed Tasks: 3128
2025-07-17 07:48:56,943 [INFO] - Episode: 170/500, Reward: -16860.91, Avg AoI: 16.86, Completed Tasks: 3109
2025-07-17 07:49:18,337 [INFO] - Episode: 171/500, Reward: -17207.71, Avg AoI: 17.21, Completed Tasks: 3089
2025-07-17 07:49:41,187 [INFO] - Episode: 172/500, Reward: -16540.14, Avg AoI: 16.54, Completed Tasks: 3159
2025-07-17 07:50:03,560 [INFO] - Episode: 173/500, Reward: -16770.46, Avg AoI: 16.77, Completed Tasks: 3129
2025-07-17 07:50:24,906 [INFO] - Episode: 174/500, Reward: -16393.57, Avg AoI: 16.39, Completed Tasks: 3187
2025-07-17 07:50:46,620 [INFO] - Episode: 175/500, Reward: -16972.37, Avg AoI: 16.97, Completed Tasks: 3098
2025-07-17 07:51:07,868 [INFO] - Episode: 176/500, Reward: -16803.83, Avg AoI: 16.80, Completed Tasks: 3122
2025-07-17 07:51:29,466 [INFO] - Episode: 177/500, Reward: -16991.74, Avg AoI: 16.99, Completed Tasks: 3106
2025-07-17 07:51:51,335 [INFO] - Episode: 178/500, Reward: -16648.23, Avg AoI: 16.65, Completed Tasks: 3146
2025-07-17 07:52:12,288 [INFO] - Episode: 179/500, Reward: -16970.66, Avg AoI: 16.97, Completed Tasks: 3099
2025-07-17 07:52:34,027 [INFO] - Episode: 180/500, Reward: -16563.23, Avg AoI: 16.56, Completed Tasks: 3152
2025-07-17 07:52:56,067 [INFO] - Episode: 181/500, Reward: -16740.74, Avg AoI: 16.74, Completed Tasks: 3122
2025-07-17 07:53:17,370 [INFO] - Episode: 182/500, Reward: -16595.14, Avg AoI: 16.60, Completed Tasks: 3155
2025-07-17 07:53:38,651 [INFO] - Episode: 183/500, Reward: -17019.66, Avg AoI: 17.02, Completed Tasks: 3095
2025-07-17 07:53:59,354 [INFO] - Episode: 184/500, Reward: -16691.11, Avg AoI: 16.69, Completed Tasks: 3147
2025-07-17 07:54:20,636 [INFO] - Episode: 185/500, Reward: -16929.66, Avg AoI: 16.93, Completed Tasks: 3107
2025-07-17 07:54:42,830 [INFO] - Episode: 186/500, Reward: -16755.86, Avg AoI: 16.76, Completed Tasks: 3139
2025-07-17 07:55:04,228 [INFO] - Episode: 187/500, Reward: -16808.66, Avg AoI: 16.81, Completed Tasks: 3114
2025-07-17 07:55:25,760 [INFO] - Episode: 188/500, Reward: -16621.54, Avg AoI: 16.62, Completed Tasks: 3140
2025-07-17 07:55:46,834 [INFO] - Episode: 189/500, Reward: -17167.00, Avg AoI: 17.17, Completed Tasks: 3113
2025-07-17 07:56:08,176 [INFO] - Episode: 190/500, Reward: -16910.71, Avg AoI: 16.91, Completed Tasks: 3104
2025-07-17 07:56:28,729 [INFO] - Episode: 191/500, Reward: -16828.11, Avg AoI: 16.83, Completed Tasks: 3120
2025-07-17 07:56:49,855 [INFO] - Episode: 192/500, Reward: -16556.26, Avg AoI: 16.56, Completed Tasks: 3156
2025-07-17 07:57:11,072 [INFO] - Episode: 193/500, Reward: -16755.31, Avg AoI: 16.76, Completed Tasks: 3128
2025-07-17 07:57:32,065 [INFO] - Episode: 194/500, Reward: -16567.71, Avg AoI: 16.57, Completed Tasks: 3156
2025-07-17 07:57:53,192 [INFO] - Episode: 195/500, Reward: -16724.37, Avg AoI: 16.72, Completed Tasks: 3133
2025-07-17 07:58:14,463 [INFO] - Episode: 196/500, Reward: -16661.97, Avg AoI: 16.66, Completed Tasks: 3145
2025-07-17 07:58:35,622 [INFO] - Episode: 197/500, Reward: -16646.80, Avg AoI: 16.65, Completed Tasks: 3141
2025-07-17 07:58:56,804 [INFO] - Episode: 198/500, Reward: -16546.00, Avg AoI: 16.55, Completed Tasks: 3151
2025-07-17 07:59:19,722 [INFO] - Episode: 199/500, Reward: -16653.23, Avg AoI: 16.65, Completed Tasks: 3141
2025-07-17 07:59:43,028 [INFO] - Episode: 200/500, Reward: -16839.51, Avg AoI: 16.84, Completed Tasks: 3114
2025-07-17 08:00:04,513 [INFO] - Episode: 201/500, Reward: -16605.40, Avg AoI: 16.61, Completed Tasks: 3150
2025-07-17 08:00:25,675 [INFO] - Episode: 202/500, Reward: -17054.26, Avg AoI: 17.05, Completed Tasks: 3089
2025-07-17 08:00:46,786 [INFO] - Episode: 203/500, Reward: -16735.86, Avg AoI: 16.74, Completed Tasks: 3130
2025-07-17 08:01:07,699 [INFO] - Episode: 204/500, Reward: -17187.14, Avg AoI: 17.19, Completed Tasks: 3078
2025-07-17 08:01:28,805 [INFO] - Episode: 205/500, Reward: -16519.97, Avg AoI: 16.52, Completed Tasks: 3155
2025-07-17 08:01:50,018 [INFO] - Episode: 206/500, Reward: -16396.51, Avg AoI: 16.40, Completed Tasks: 3159
2025-07-17 08:02:11,157 [INFO] - Episode: 207/500, Reward: -16769.69, Avg AoI: 16.77, Completed Tasks: 3118
2025-07-17 08:02:32,038 [INFO] - Episode: 208/500, Reward: -16995.23, Avg AoI: 17.00, Completed Tasks: 3094
2025-07-17 08:02:53,187 [INFO] - Episode: 209/500, Reward: -16897.51, Avg AoI: 16.90, Completed Tasks: 3096
2025-07-17 08:03:14,454 [INFO] - Episode: 210/500, Reward: -16858.97, Avg AoI: 16.86, Completed Tasks: 3095
2025-07-17 08:03:36,200 [INFO] - Episode: 211/500, Reward: -17196.43, Avg AoI: 17.20, Completed Tasks: 3069
2025-07-17 08:03:57,587 [INFO] - Episode: 212/500, Reward: -16655.86, Avg AoI: 16.66, Completed Tasks: 3135
2025-07-17 08:04:18,900 [INFO] - Episode: 213/500, Reward: -16822.71, Avg AoI: 16.82, Completed Tasks: 3117
2025-07-17 08:04:40,383 [INFO] - Episode: 214/500, Reward: -18533.97, Avg AoI: 18.53, Completed Tasks: 3106
2025-07-17 08:05:02,542 [INFO] - Episode: 215/500, Reward: -16732.97, Avg AoI: 16.73, Completed Tasks: 3133
2025-07-17 08:05:23,533 [INFO] - Episode: 216/500, Reward: -16636.46, Avg AoI: 16.64, Completed Tasks: 3150
2025-07-17 08:05:46,675 [INFO] - Episode: 217/500, Reward: -16706.49, Avg AoI: 16.71, Completed Tasks: 3135
2025-07-17 08:06:13,780 [INFO] - Episode: 218/500, Reward: -16466.80, Avg AoI: 16.47, Completed Tasks: 3176
2025-07-17 08:06:39,991 [INFO] - Episode: 219/500, Reward: -16667.97, Avg AoI: 16.67, Completed Tasks: 3134
2025-07-17 08:07:03,855 [INFO] - Episode: 220/500, Reward: -16880.06, Avg AoI: 16.88, Completed Tasks: 3108
2025-07-17 08:07:25,741 [INFO] - Episode: 221/500, Reward: -16644.37, Avg AoI: 16.64, Completed Tasks: 3125
2025-07-17 08:07:46,790 [INFO] - Episode: 222/500, Reward: -16835.91, Avg AoI: 16.84, Completed Tasks: 3118
2025-07-17 08:08:08,372 [INFO] - Episode: 223/500, Reward: -16421.83, Avg AoI: 16.42, Completed Tasks: 3171
2025-07-17 08:08:29,436 [INFO] - Episode: 224/500, Reward: -16724.20, Avg AoI: 16.72, Completed Tasks: 3130
2025-07-17 08:08:50,621 [INFO] - Episode: 225/500, Reward: -16725.00, Avg AoI: 16.72, Completed Tasks: 3132
2025-07-17 08:09:11,596 [INFO] - Episode: 226/500, Reward: -16591.74, Avg AoI: 16.59, Completed Tasks: 3144
2025-07-17 08:09:33,009 [INFO] - Episode: 227/500, Reward: -16614.49, Avg AoI: 16.61, Completed Tasks: 3140
2025-07-17 08:09:53,890 [INFO] - Episode: 228/500, Reward: -16785.11, Avg AoI: 16.79, Completed Tasks: 3106
2025-07-17 08:10:14,968 [INFO] - Episode: 229/500, Reward: -16421.03, Avg AoI: 16.42, Completed Tasks: 3161
2025-07-17 08:10:36,132 [INFO] - Episode: 230/500, Reward: -16423.17, Avg AoI: 16.42, Completed Tasks: 3177
2025-07-17 08:10:57,397 [INFO] - Episode: 231/500, Reward: -16770.37, Avg AoI: 16.77, Completed Tasks: 3106
2025-07-17 08:11:18,959 [INFO] - Episode: 232/500, Reward: -16272.94, Avg AoI: 16.27, Completed Tasks: 3186
2025-07-17 08:11:39,956 [INFO] - Episode: 233/500, Reward: -16821.46, Avg AoI: 16.82, Completed Tasks: 3119
2025-07-17 08:12:01,139 [INFO] - Episode: 234/500, Reward: -16301.23, Avg AoI: 16.30, Completed Tasks: 3183
2025-07-17 08:12:22,854 [INFO] - Episode: 235/500, Reward: -16614.43, Avg AoI: 16.61, Completed Tasks: 3141
2025-07-17 08:12:44,679 [INFO] - Episode: 236/500, Reward: -16582.00, Avg AoI: 16.58, Completed Tasks: 3136
2025-07-17 08:13:11,604 [INFO] - Episode: 237/500, Reward: -16560.80, Avg AoI: 16.56, Completed Tasks: 3143
2025-07-17 08:14:26,765 [INFO] - Episode: 238/500, Reward: -16601.51, Avg AoI: 16.60, Completed Tasks: 3145
2025-07-17 08:14:49,390 [INFO] - Episode: 239/500, Reward: -16225.83, Avg AoI: 16.23, Completed Tasks: 3204
2025-07-17 08:15:10,705 [INFO] - Episode: 240/500, Reward: -16668.29, Avg AoI: 16.67, Completed Tasks: 3138
2025-07-17 08:15:31,403 [INFO] - Episode: 241/500, Reward: -16540.06, Avg AoI: 16.54, Completed Tasks: 3162
2025-07-17 08:15:52,455 [INFO] - Episode: 242/500, Reward: -16484.66, Avg AoI: 16.48, Completed Tasks: 3158
2025-07-17 08:16:13,613 [INFO] - Episode: 243/500, Reward: -16586.14, Avg AoI: 16.59, Completed Tasks: 3163
2025-07-17 08:16:34,881 [INFO] - Episode: 244/500, Reward: -16462.03, Avg AoI: 16.46, Completed Tasks: 3157
2025-07-17 08:16:56,126 [INFO] - Episode: 245/500, Reward: -16567.26, Avg AoI: 16.57, Completed Tasks: 3154
2025-07-17 08:17:17,236 [INFO] - Episode: 246/500, Reward: -16440.94, Avg AoI: 16.44, Completed Tasks: 3153
2025-07-17 08:17:38,588 [INFO] - Episode: 247/500, Reward: -16366.89, Avg AoI: 16.37, Completed Tasks: 3183
2025-07-17 08:18:00,192 [INFO] - Episode: 248/500, Reward: -16715.09, Avg AoI: 16.72, Completed Tasks: 3117
2025-07-17 08:19:11,539 [INFO] - Episode: 249/500, Reward: -16692.37, Avg AoI: 16.69, Completed Tasks: 3131
2025-07-17 08:19:34,255 [INFO] - Episode: 250/500, Reward: -16465.80, Avg AoI: 16.47, Completed Tasks: 3164
2025-07-17 08:19:55,279 [INFO] - Episode: 251/500, Reward: -16852.94, Avg AoI: 16.85, Completed Tasks: 3125
2025-07-17 08:20:16,682 [INFO] - Episode: 252/500, Reward: -16278.69, Avg AoI: 16.28, Completed Tasks: 3189
2025-07-17 08:20:37,744 [INFO] - Episode: 253/500, Reward: -16265.03, Avg AoI: 16.27, Completed Tasks: 3193
2025-07-17 08:20:58,447 [INFO] - Episode: 254/500, Reward: -16271.26, Avg AoI: 16.27, Completed Tasks: 3189
2025-07-17 08:21:21,868 [INFO] - Episode: 255/500, Reward: -16284.57, Avg AoI: 16.28, Completed Tasks: 3172
2025-07-17 08:21:44,076 [INFO] - Episode: 256/500, Reward: -16581.06, Avg AoI: 16.58, Completed Tasks: 3141
2025-07-17 08:22:05,206 [INFO] - Episode: 257/500, Reward: -16961.29, Avg AoI: 16.96, Completed Tasks: 3129
2025-07-17 08:22:26,408 [INFO] - Episode: 258/500, Reward: -16647.89, Avg AoI: 16.65, Completed Tasks: 3138
2025-07-17 08:22:47,671 [INFO] - Episode: 259/500, Reward: -16539.94, Avg AoI: 16.54, Completed Tasks: 3144
2025-07-17 08:23:08,915 [INFO] - Episode: 260/500, Reward: -16079.03, Avg AoI: 16.08, Completed Tasks: 3219
2025-07-17 08:23:29,822 [INFO] - Episode: 261/500, Reward: -16267.17, Avg AoI: 16.27, Completed Tasks: 3192
2025-07-17 08:23:50,623 [INFO] - Episode: 262/500, Reward: -16122.40, Avg AoI: 16.12, Completed Tasks: 3204
2025-07-17 08:24:11,265 [INFO] - Episode: 263/500, Reward: -16193.57, Avg AoI: 16.19, Completed Tasks: 3207
2025-07-17 08:24:32,439 [INFO] - Episode: 264/500, Reward: -15786.54, Avg AoI: 15.79, Completed Tasks: 3262
2025-07-17 08:24:53,540 [INFO] - Episode: 265/500, Reward: -16038.43, Avg AoI: 16.04, Completed Tasks: 3222
2025-07-17 08:25:14,616 [INFO] - Episode: 266/500, Reward: -15998.54, Avg AoI: 16.00, Completed Tasks: 3235
2025-07-17 08:25:35,760 [INFO] - Episode: 267/500, Reward: -16172.86, Avg AoI: 16.17, Completed Tasks: 3205
2025-07-17 08:25:59,350 [INFO] - Episode: 268/500, Reward: -15877.06, Avg AoI: 15.88, Completed Tasks: 3254
2025-07-17 08:26:21,100 [INFO] - Episode: 269/500, Reward: -15935.63, Avg AoI: 15.94, Completed Tasks: 3243
2025-07-17 08:26:41,920 [INFO] - Episode: 270/500, Reward: -16069.31, Avg AoI: 16.07, Completed Tasks: 3217
2025-07-17 08:27:03,291 [INFO] - Episode: 271/500, Reward: -16433.37, Avg AoI: 16.43, Completed Tasks: 3172
2025-07-17 08:27:24,381 [INFO] - Episode: 272/500, Reward: -16210.37, Avg AoI: 16.21, Completed Tasks: 3190
2025-07-17 08:27:45,759 [INFO] - Episode: 273/500, Reward: -15996.89, Avg AoI: 16.00, Completed Tasks: 3230
2025-07-17 08:28:06,825 [INFO] - Episode: 274/500, Reward: -16138.17, Avg AoI: 16.14, Completed Tasks: 3200
2025-07-17 08:28:27,822 [INFO] - Episode: 275/500, Reward: -16572.11, Avg AoI: 16.57, Completed Tasks: 3153
2025-07-17 08:28:49,134 [INFO] - Episode: 276/500, Reward: -16523.60, Avg AoI: 16.52, Completed Tasks: 3160
2025-07-17 08:29:10,913 [INFO] - Episode: 277/500, Reward: -16194.57, Avg AoI: 16.19, Completed Tasks: 3197
2025-07-17 08:29:33,581 [INFO] - Episode: 278/500, Reward: -16469.69, Avg AoI: 16.47, Completed Tasks: 3155
2025-07-17 08:30:56,224 [INFO] - Episode: 279/500, Reward: -16020.86, Avg AoI: 16.02, Completed Tasks: 3231
2025-07-17 08:31:18,112 [INFO] - Episode: 280/500, Reward: -16048.60, Avg AoI: 16.05, Completed Tasks: 3222
2025-07-17 08:31:39,442 [INFO] - Episode: 281/500, Reward: -16121.09, Avg AoI: 16.12, Completed Tasks: 3205
2025-07-17 08:32:02,540 [INFO] - Episode: 282/500, Reward: -15972.49, Avg AoI: 15.97, Completed Tasks: 3242
2025-07-17 08:32:23,756 [INFO] - Episode: 283/500, Reward: -16077.69, Avg AoI: 16.08, Completed Tasks: 3217
2025-07-17 08:32:44,818 [INFO] - Episode: 284/500, Reward: -15964.57, Avg AoI: 15.96, Completed Tasks: 3240
2025-07-17 08:33:06,201 [INFO] - Episode: 285/500, Reward: -15915.20, Avg AoI: 15.92, Completed Tasks: 3236
2025-07-17 08:33:27,415 [INFO] - Episode: 286/500, Reward: -16037.69, Avg AoI: 16.04, Completed Tasks: 3201
2025-07-17 08:33:49,630 [INFO] - Episode: 287/500, Reward: -16163.60, Avg AoI: 16.16, Completed Tasks: 3209
2025-07-17 08:34:14,858 [INFO] - Episode: 288/500, Reward: -16100.83, Avg AoI: 16.10, Completed Tasks: 3209
2025-07-17 08:34:40,740 [INFO] - Episode: 289/500, Reward: -15830.34, Avg AoI: 15.83, Completed Tasks: 3248
2025-07-17 08:35:02,964 [INFO] - Episode: 290/500, Reward: -16376.37, Avg AoI: 16.38, Completed Tasks: 3179
2025-07-17 08:35:24,448 [INFO] - Episode: 291/500, Reward: -15868.14, Avg AoI: 15.87, Completed Tasks: 3243
2025-07-17 08:35:45,678 [INFO] - Episode: 292/500, Reward: -16054.29, Avg AoI: 16.05, Completed Tasks: 3217
2025-07-17 08:36:06,334 [INFO] - Episode: 293/500, Reward: -15945.43, Avg AoI: 15.95, Completed Tasks: 3238
2025-07-17 08:36:27,286 [INFO] - Episode: 294/500, Reward: -15760.03, Avg AoI: 15.76, Completed Tasks: 3254
2025-07-17 08:36:48,338 [INFO] - Episode: 295/500, Reward: -15914.46, Avg AoI: 15.91, Completed Tasks: 3239
2025-07-17 08:37:09,425 [INFO] - Episode: 296/500, Reward: -16117.89, Avg AoI: 16.12, Completed Tasks: 3234
2025-07-17 08:37:30,451 [INFO] - Episode: 297/500, Reward: -15887.89, Avg AoI: 15.89, Completed Tasks: 3247
2025-07-17 08:37:51,826 [INFO] - Episode: 298/500, Reward: -15600.94, Avg AoI: 15.60, Completed Tasks: 3271
2025-07-17 08:38:14,006 [INFO] - Episode: 299/500, Reward: -15794.51, Avg AoI: 15.79, Completed Tasks: 3258
2025-07-17 08:38:35,053 [INFO] - Episode: 300/500, Reward: -15864.23, Avg AoI: 15.86, Completed Tasks: 3258
2025-07-17 08:38:56,230 [INFO] - Episode: 301/500, Reward: -16031.80, Avg AoI: 16.03, Completed Tasks: 3223
2025-07-17 08:39:17,176 [INFO] - Episode: 302/500, Reward: -15745.40, Avg AoI: 15.75, Completed Tasks: 3275
2025-07-17 08:39:38,317 [INFO] - Episode: 303/500, Reward: -15953.54, Avg AoI: 15.95, Completed Tasks: 3247
2025-07-17 08:39:59,837 [INFO] - Episode: 304/500, Reward: -15836.80, Avg AoI: 15.84, Completed Tasks: 3251
2025-07-17 08:40:21,790 [INFO] - Episode: 305/500, Reward: -15849.69, Avg AoI: 15.85, Completed Tasks: 3242
2025-07-17 08:40:47,221 [INFO] - Episode: 306/500, Reward: -15790.23, Avg AoI: 15.79, Completed Tasks: 3264
2025-07-17 08:41:29,428 [INFO] - Episode: 307/500, Reward: -15771.26, Avg AoI: 15.77, Completed Tasks: 3258
2025-07-17 08:41:51,089 [INFO] - Episode: 308/500, Reward: -15589.89, Avg AoI: 15.59, Completed Tasks: 3285
2025-07-17 08:42:26,610 [INFO] - Episode: 309/500, Reward: -15829.69, Avg AoI: 15.83, Completed Tasks: 3246
2025-07-17 08:42:54,776 [INFO] - Episode: 310/500, Reward: -15745.66, Avg AoI: 15.75, Completed Tasks: 3271
2025-07-17 08:43:23,294 [INFO] - Episode: 311/500, Reward: -16114.57, Avg AoI: 16.11, Completed Tasks: 3225
2025-07-17 08:44:02,555 [INFO] - Episode: 312/500, Reward: -15896.97, Avg AoI: 15.90, Completed Tasks: 3235
2025-07-17 08:44:54,989 [INFO] - Episode: 313/500, Reward: -15856.14, Avg AoI: 15.86, Completed Tasks: 3263
2025-07-17 08:45:43,156 [INFO] - Episode: 314/500, Reward: -15568.91, Avg AoI: 15.57, Completed Tasks: 3295
2025-07-17 08:46:38,273 [INFO] - Episode: 315/500, Reward: -15861.60, Avg AoI: 15.86, Completed Tasks: 3262
2025-07-17 08:47:29,067 [INFO] - Episode: 316/500, Reward: -15853.06, Avg AoI: 15.85, Completed Tasks: 3262
2025-07-17 08:48:14,432 [INFO] - Episode: 317/500, Reward: -15733.57, Avg AoI: 15.73, Completed Tasks: 3263
2025-07-17 08:49:10,544 [INFO] - Episode: 318/500, Reward: -15916.77, Avg AoI: 15.92, Completed Tasks: 3244
2025-07-17 08:49:58,171 [INFO] - Episode: 319/500, Reward: -16382.31, Avg AoI: 16.38, Completed Tasks: 3207
2025-07-17 08:50:54,178 [INFO] - Episode: 320/500, Reward: -15717.14, Avg AoI: 15.72, Completed Tasks: 3276
2025-07-17 08:51:49,907 [INFO] - Episode: 321/500, Reward: -15754.06, Avg AoI: 15.75, Completed Tasks: 3259
2025-07-17 08:52:38,874 [INFO] - Episode: 322/500, Reward: -24286.51, Avg AoI: 24.29, Completed Tasks: 3208
2025-07-17 08:53:07,119 [INFO] - Episode: 323/500, Reward: -15742.06, Avg AoI: 15.74, Completed Tasks: 3291
2025-07-17 08:53:36,387 [INFO] - Episode: 324/500, Reward: -15986.69, Avg AoI: 15.99, Completed Tasks: 3254
2025-07-17 08:53:59,274 [INFO] - Episode: 325/500, Reward: -16165.57, Avg AoI: 16.17, Completed Tasks: 3214
2025-07-17 08:54:20,262 [INFO] - Episode: 326/500, Reward: -15707.66, Avg AoI: 15.71, Completed Tasks: 3285
2025-07-17 08:54:41,634 [INFO] - Episode: 327/500, Reward: -15701.74, Avg AoI: 15.70, Completed Tasks: 3262
2025-07-17 08:55:02,866 [INFO] - Episode: 328/500, Reward: -15601.63, Avg AoI: 15.60, Completed Tasks: 3290
2025-07-17 08:55:26,362 [INFO] - Episode: 329/500, Reward: -15746.97, Avg AoI: 15.75, Completed Tasks: 3262
2025-07-17 08:55:49,725 [INFO] - Episode: 330/500, Reward: -15937.43, Avg AoI: 15.94, Completed Tasks: 3233
2025-07-17 08:56:10,810 [INFO] - Episode: 331/500, Reward: -15825.91, Avg AoI: 15.83, Completed Tasks: 3251
2025-07-17 08:56:31,885 [INFO] - Episode: 332/500, Reward: -15981.46, Avg AoI: 15.98, Completed Tasks: 3218
2025-07-17 08:56:52,861 [INFO] - Episode: 333/500, Reward: -15948.37, Avg AoI: 15.95, Completed Tasks: 3230
2025-07-17 08:57:14,302 [INFO] - Episode: 334/500, Reward: -15688.69, Avg AoI: 15.69, Completed Tasks: 3255
2025-07-17 08:57:35,517 [INFO] - Episode: 335/500, Reward: -15888.77, Avg AoI: 15.89, Completed Tasks: 3233
2025-07-17 08:57:56,673 [INFO] - Episode: 336/500, Reward: -15490.43, Avg AoI: 15.49, Completed Tasks: 3296
2025-07-17 08:58:18,853 [INFO] - Episode: 337/500, Reward: -15618.60, Avg AoI: 15.62, Completed Tasks: 3287
2025-07-17 08:58:41,614 [INFO] - Episode: 338/500, Reward: -15652.31, Avg AoI: 15.65, Completed Tasks: 3276
2025-07-17 08:59:03,281 [INFO] - Episode: 339/500, Reward: -16515.54, Avg AoI: 16.52, Completed Tasks: 3245
2025-07-17 08:59:24,540 [INFO] - Episode: 340/500, Reward: -15369.06, Avg AoI: 15.37, Completed Tasks: 3321
2025-07-17 08:59:45,877 [INFO] - Episode: 341/500, Reward: -15719.94, Avg AoI: 15.72, Completed Tasks: 3253
2025-07-17 09:00:08,009 [INFO] - Episode: 342/500, Reward: -15691.91, Avg AoI: 15.69, Completed Tasks: 3262
2025-07-17 09:00:28,752 [INFO] - Episode: 343/500, Reward: -15684.31, Avg AoI: 15.68, Completed Tasks: 3252
2025-07-17 09:00:49,368 [INFO] - Episode: 344/500, Reward: -15569.11, Avg AoI: 15.57, Completed Tasks: 3273
2025-07-17 09:01:10,431 [INFO] - Episode: 345/500, Reward: -15664.43, Avg AoI: 15.66, Completed Tasks: 3276
2025-07-17 09:01:31,938 [INFO] - Episode: 346/500, Reward: -15634.54, Avg AoI: 15.63, Completed Tasks: 3278
2025-07-17 09:01:53,018 [INFO] - Episode: 347/500, Reward: -16215.40, Avg AoI: 16.22, Completed Tasks: 3292
2025-07-17 09:02:14,316 [INFO] - Episode: 348/500, Reward: -15446.11, Avg AoI: 15.45, Completed Tasks: 3307
2025-07-17 09:02:35,286 [INFO] - Episode: 349/500, Reward: -15363.83, Avg AoI: 15.36, Completed Tasks: 3306
2025-07-17 09:02:56,663 [INFO] - Episode: 350/500, Reward: -15400.60, Avg AoI: 15.40, Completed Tasks: 3300
2025-07-17 09:03:19,507 [INFO] - Episode: 351/500, Reward: -15556.43, Avg AoI: 15.56, Completed Tasks: 3283
2025-07-17 09:03:41,246 [INFO] - Episode: 352/500, Reward: -15488.66, Avg AoI: 15.49, Completed Tasks: 3289
2025-07-17 09:04:01,888 [INFO] - Episode: 353/500, Reward: -24363.89, Avg AoI: 24.36, Completed Tasks: 3252
2025-07-17 09:04:22,979 [INFO] - Episode: 354/500, Reward: -15577.11, Avg AoI: 15.58, Completed Tasks: 3299
2025-07-17 09:04:43,789 [INFO] - Episode: 355/500, Reward: -15556.57, Avg AoI: 15.56, Completed Tasks: 3290
2025-07-17 09:05:04,547 [INFO] - Episode: 356/500, Reward: -15311.83, Avg AoI: 15.31, Completed Tasks: 3318
2025-07-17 09:05:25,785 [INFO] - Episode: 357/500, Reward: -15508.37, Avg AoI: 15.51, Completed Tasks: 3290
2025-07-17 09:05:47,032 [INFO] - Episode: 358/500, Reward: -15522.71, Avg AoI: 15.52, Completed Tasks: 3283
2025-07-17 09:06:07,691 [INFO] - Episode: 359/500, Reward: -15431.54, Avg AoI: 15.43, Completed Tasks: 3293
2025-07-17 09:06:30,671 [INFO] - Episode: 360/500, Reward: -15382.54, Avg AoI: 15.38, Completed Tasks: 3301
2025-07-17 09:06:53,081 [INFO] - Episode: 361/500, Reward: -15547.31, Avg AoI: 15.55, Completed Tasks: 3299
2025-07-17 09:07:13,769 [INFO] - Episode: 362/500, Reward: -15653.06, Avg AoI: 15.65, Completed Tasks: 3242
2025-07-17 09:07:35,161 [INFO] - Episode: 363/500, Reward: -15983.20, Avg AoI: 15.98, Completed Tasks: 3225
2025-07-17 09:07:56,203 [INFO] - Episode: 364/500, Reward: -15369.11, Avg AoI: 15.37, Completed Tasks: 3314
2025-07-17 09:08:17,103 [INFO] - Episode: 365/500, Reward: -15549.03, Avg AoI: 15.55, Completed Tasks: 3280
2025-07-17 09:08:38,275 [INFO] - Episode: 366/500, Reward: -15516.74, Avg AoI: 15.52, Completed Tasks: 3285
2025-07-17 09:08:59,568 [INFO] - Episode: 367/500, Reward: -15518.14, Avg AoI: 15.52, Completed Tasks: 3291
2025-07-17 09:09:20,843 [INFO] - Episode: 368/500, Reward: -15534.06, Avg AoI: 15.53, Completed Tasks: 3265
2025-07-17 09:09:42,354 [INFO] - Episode: 369/500, Reward: -15466.71, Avg AoI: 15.47, Completed Tasks: 3283
2025-07-17 09:10:03,087 [INFO] - Episode: 370/500, Reward: -15503.34, Avg AoI: 15.50, Completed Tasks: 3283
2025-07-17 09:10:24,122 [INFO] - Episode: 371/500, Reward: -15465.51, Avg AoI: 15.47, Completed Tasks: 3271
2025-07-17 09:10:45,134 [INFO] - Episode: 372/500, Reward: -15371.91, Avg AoI: 15.37, Completed Tasks: 3285
2025-07-17 09:11:07,406 [INFO] - Episode: 373/500, Reward: -15369.43, Avg AoI: 15.37, Completed Tasks: 3292
2025-07-17 09:11:28,228 [INFO] - Episode: 374/500, Reward: -15177.37, Avg AoI: 15.18, Completed Tasks: 3328
2025-07-17 09:11:52,138 [INFO] - Episode: 375/500, Reward: -15156.46, Avg AoI: 15.16, Completed Tasks: 3311
2025-07-17 09:12:13,287 [INFO] - Episode: 376/500, Reward: -15381.54, Avg AoI: 15.38, Completed Tasks: 3294
2025-07-17 09:12:33,977 [INFO] - Episode: 377/500, Reward: -15233.23, Avg AoI: 15.23, Completed Tasks: 3315
2025-07-17 09:12:55,133 [INFO] - Episode: 378/500, Reward: -16735.80, Avg AoI: 16.74, Completed Tasks: 3296
2025-07-17 09:13:15,986 [INFO] - Episode: 379/500, Reward: -15293.60, Avg AoI: 15.29, Completed Tasks: 3302
2025-07-17 09:13:36,634 [INFO] - Episode: 380/500, Reward: -15464.54, Avg AoI: 15.46, Completed Tasks: 3266
2025-07-17 09:13:57,432 [INFO] - Episode: 381/500, Reward: -17042.89, Avg AoI: 17.04, Completed Tasks: 3287
2025-07-17 09:14:18,199 [INFO] - Episode: 382/500, Reward: -19249.86, Avg AoI: 19.25, Completed Tasks: 3279
2025-07-17 09:14:39,252 [INFO] - Episode: 383/500, Reward: -15406.60, Avg AoI: 15.41, Completed Tasks: 3336
2025-07-17 09:15:00,960 [INFO] - Episode: 384/500, Reward: -15369.94, Avg AoI: 15.37, Completed Tasks: 3281
2025-07-17 09:15:21,834 [INFO] - Episode: 385/500, Reward: -38070.17, Avg AoI: 38.07, Completed Tasks: 3156
2025-07-17 09:15:43,325 [INFO] - Episode: 386/500, Reward: -15418.71, Avg AoI: 15.42, Completed Tasks: 3297
2025-07-17 09:16:04,721 [INFO] - Episode: 387/500, Reward: -36149.31, Avg AoI: 36.15, Completed Tasks: 3113
2025-07-17 09:16:28,358 [INFO] - Episode: 388/500, Reward: -15140.54, Avg AoI: 15.14, Completed Tasks: 3343
2025-07-17 09:16:48,990 [INFO] - Episode: 389/500, Reward: -26452.83, Avg AoI: 26.45, Completed Tasks: 3164
2025-07-17 09:17:09,890 [INFO] - Episode: 390/500, Reward: -15548.00, Avg AoI: 15.55, Completed Tasks: 3280
2025-07-17 09:17:30,743 [INFO] - Episode: 391/500, Reward: -15533.63, Avg AoI: 15.53, Completed Tasks: 3240
2025-07-17 09:17:52,210 [INFO] - Episode: 392/500, Reward: -24643.40, Avg AoI: 24.64, Completed Tasks: 3241
2025-07-17 09:18:13,406 [INFO] - Episode: 393/500, Reward: -25369.86, Avg AoI: 25.37, Completed Tasks: 3257
2025-07-17 09:18:34,521 [INFO] - Episode: 394/500, Reward: -19589.91, Avg AoI: 19.59, Completed Tasks: 3272
2025-07-17 09:18:55,436 [INFO] - Episode: 395/500, Reward: -28922.11, Avg AoI: 28.92, Completed Tasks: 3286
2025-07-17 09:19:17,987 [INFO] - Episode: 396/500, Reward: -25989.23, Avg AoI: 25.99, Completed Tasks: 3265
2025-07-17 09:19:40,931 [INFO] - Episode: 397/500, Reward: -17852.60, Avg AoI: 17.85, Completed Tasks: 3314
2025-07-17 09:20:03,593 [INFO] - Episode: 398/500, Reward: -30414.51, Avg AoI: 30.41, Completed Tasks: 3171
2025-07-17 09:20:25,864 [INFO] - Episode: 399/500, Reward: -28925.00, Avg AoI: 28.93, Completed Tasks: 3262
2025-07-17 09:20:48,379 [INFO] - Episode: 400/500, Reward: -28983.94, Avg AoI: 28.98, Completed Tasks: 3292
2025-07-17 09:21:16,615 [INFO] - Episode: 401/500, Reward: -25334.17, Avg AoI: 25.33, Completed Tasks: 3289
2025-07-17 09:21:44,561 [INFO] - Episode: 402/500, Reward: -26687.31, Avg AoI: 26.69, Completed Tasks: 3236
2025-07-17 09:22:06,266 [INFO] - Episode: 403/500, Reward: -25384.03, Avg AoI: 25.38, Completed Tasks: 3213
2025-07-17 09:22:29,430 [INFO] - Episode: 404/500, Reward: -28761.83, Avg AoI: 28.76, Completed Tasks: 3229
2025-07-17 09:22:51,166 [INFO] - Episode: 405/500, Reward: -29206.74, Avg AoI: 29.21, Completed Tasks: 3253
2025-07-17 09:23:14,220 [INFO] - Episode: 406/500, Reward: -29200.23, Avg AoI: 29.20, Completed Tasks: 3252
2025-07-17 09:23:37,951 [INFO] - Episode: 407/500, Reward: -29228.97, Avg AoI: 29.23, Completed Tasks: 3229
2025-07-17 09:24:01,256 [INFO] - Episode: 408/500, Reward: -28774.46, Avg AoI: 28.77, Completed Tasks: 3215
2025-07-17 09:24:30,563 [INFO] - Episode: 409/500, Reward: -29501.97, Avg AoI: 29.50, Completed Tasks: 3199
2025-07-17 09:24:54,449 [INFO] - Episode: 410/500, Reward: -29040.26, Avg AoI: 29.04, Completed Tasks: 3252
2025-07-17 09:25:17,637 [INFO] - Episode: 411/500, Reward: -29330.54, Avg AoI: 29.33, Completed Tasks: 3200
2025-07-17 09:25:39,565 [INFO] - Episode: 412/500, Reward: -27907.69, Avg AoI: 27.91, Completed Tasks: 3207
2025-07-17 09:26:00,450 [INFO] - Episode: 413/500, Reward: -29356.00, Avg AoI: 29.36, Completed Tasks: 3192
2025-07-17 09:26:21,718 [INFO] - Episode: 414/500, Reward: -28494.57, Avg AoI: 28.49, Completed Tasks: 3243
2025-07-17 09:26:42,628 [INFO] - Episode: 415/500, Reward: -27891.14, Avg AoI: 27.89, Completed Tasks: 3154
2025-07-17 09:27:03,437 [INFO] - Episode: 416/500, Reward: -27138.63, Avg AoI: 27.14, Completed Tasks: 3192
2025-07-17 09:27:24,129 [INFO] - Episode: 417/500, Reward: -28512.86, Avg AoI: 28.51, Completed Tasks: 3200
2025-07-17 09:27:45,030 [INFO] - Episode: 418/500, Reward: -29238.74, Avg AoI: 29.24, Completed Tasks: 3174
2025-07-17 09:28:05,806 [INFO] - Episode: 419/500, Reward: -29418.09, Avg AoI: 29.42, Completed Tasks: 3169
2025-07-17 09:28:26,873 [INFO] - Episode: 420/500, Reward: -29175.69, Avg AoI: 29.18, Completed Tasks: 3193
2025-07-17 09:28:48,030 [INFO] - Episode: 421/500, Reward: -28974.00, Avg AoI: 28.97, Completed Tasks: 3187
2025-07-17 09:29:09,386 [INFO] - Episode: 422/500, Reward: -28894.74, Avg AoI: 28.89, Completed Tasks: 3178
2025-07-17 09:34:24,084 [INFO] - Episode: 423/500, Reward: -31749.37, Avg AoI: 31.75, Completed Tasks: 3158
