2025-07-17 13:04:44,361 [INFO] - Logger initialized.
2025-07-17 13:04:44,362 [INFO] - --- Training Configuration ---
2025-07-17 13:04:44,362 [INFO] - n_users: 35
2025-07-17 13:04:44,362 [INFO] - n_servers: 15
2025-07-17 13:04:44,362 [INFO] - batch_proc_time: {'base': 3, 'per_task': 2}
2025-07-17 13:04:44,362 [INFO] - max_batch_size: 3
2025-07-17 13:04:44,362 [INFO] - num_episodes: 500
2025-07-17 13:04:44,362 [INFO] - episode_length: 1000
2025-07-17 13:04:44,362 [INFO] - actor_lr: 1e-05
2025-07-17 13:04:44,362 [INFO] - critic_lr: 1e-05
2025-07-17 13:04:44,362 [INFO] - gamma: 0.99
2025-07-17 13:04:44,362 [INFO] - gae_lambda: 0.95
2025-07-17 13:04:44,362 [INFO] - clip_ratio: 0.2
2025-07-17 13:04:44,362 [INFO] - update_epochs: 4
2025-07-17 13:04:44,362 [INFO] - mini_batch_size: 128
2025-07-17 13:04:44,362 [INFO] - entropy_coeff: 0.01
2025-07-17 13:04:44,362 [INFO] - max_grad_norm: 1.0
2025-07-17 13:04:44,362 [INFO] - use_global: False
2025-07-17 13:04:44,362 [INFO] - use_mean_field: True
2025-07-17 13:04:44,362 [INFO] - log_dir: logs/mappo_mf_35_15_Local_MF_1e-05
2025-07-17 13:04:44,362 [INFO] - --------------------------
2025-07-17 13:04:45,210 [INFO] - MAPPO-MF Trainer Initialized.
2025-07-17 13:04:45,211 [INFO] - Device: cpu
2025-07-17 13:04:45,211 [INFO] - User Obs Dim: 2, Server Obs Dim: 3
2025-07-17 13:04:45,211 [INFO] - Mean-field Dim: 21
2025-07-17 13:04:45,211 [INFO] - Use Global Critic: False
2025-07-17 13:05:08,840 [INFO] - Episode: 1/500, Reward: -21319.74, Avg AoI: 21.32, Completed Tasks: 2771
2025-07-17 13:05:33,331 [INFO] - Episode: 2/500, Reward: -17924.51, Avg AoI: 17.92, Completed Tasks: 2796
2025-07-17 13:05:57,158 [INFO] - Episode: 3/500, Reward: -18012.14, Avg AoI: 18.01, Completed Tasks: 2784
2025-07-17 13:06:21,275 [INFO] - Episode: 4/500, Reward: -18464.74, Avg AoI: 18.46, Completed Tasks: 2750
2025-07-17 13:06:45,373 [INFO] - Episode: 5/500, Reward: -18083.66, Avg AoI: 18.08, Completed Tasks: 2797
2025-07-17 13:07:09,371 [INFO] - Episode: 6/500, Reward: -18372.23, Avg AoI: 18.37, Completed Tasks: 2748
2025-07-17 13:07:33,509 [INFO] - Episode: 7/500, Reward: -18866.89, Avg AoI: 18.87, Completed Tasks: 2694
2025-07-17 13:07:57,349 [INFO] - Episode: 8/500, Reward: -17635.03, Avg AoI: 17.64, Completed Tasks: 2822
2025-07-17 13:08:22,163 [INFO] - Episode: 9/500, Reward: -18265.83, Avg AoI: 18.27, Completed Tasks: 2770
2025-07-17 13:08:47,058 [INFO] - Episode: 10/500, Reward: -18603.91, Avg AoI: 18.60, Completed Tasks: 2721
2025-07-17 13:09:11,089 [INFO] - Episode: 11/500, Reward: -18759.51, Avg AoI: 18.76, Completed Tasks: 2718
2025-07-17 13:09:35,883 [INFO] - Episode: 12/500, Reward: -18572.57, Avg AoI: 18.57, Completed Tasks: 2738
2025-07-17 13:09:59,987 [INFO] - Episode: 13/500, Reward: -18252.46, Avg AoI: 18.25, Completed Tasks: 2756
2025-07-17 13:10:25,291 [INFO] - Episode: 14/500, Reward: -18155.40, Avg AoI: 18.16, Completed Tasks: 2760
2025-07-17 13:10:49,650 [INFO] - Episode: 15/500, Reward: -19081.20, Avg AoI: 19.08, Completed Tasks: 2703
2025-07-17 13:11:14,160 [INFO] - Episode: 16/500, Reward: -18960.20, Avg AoI: 18.96, Completed Tasks: 2693
2025-07-17 13:11:38,679 [INFO] - Episode: 17/500, Reward: -18986.60, Avg AoI: 18.99, Completed Tasks: 2688
2025-07-17 13:12:02,394 [INFO] - Episode: 18/500, Reward: -19181.40, Avg AoI: 19.18, Completed Tasks: 2659
2025-07-17 13:12:26,825 [INFO] - Episode: 19/500, Reward: -19013.86, Avg AoI: 19.01, Completed Tasks: 2691
2025-07-17 13:12:50,929 [INFO] - Episode: 20/500, Reward: -19819.54, Avg AoI: 19.82, Completed Tasks: 2666
2025-07-17 13:13:15,867 [INFO] - Episode: 21/500, Reward: -19279.69, Avg AoI: 19.28, Completed Tasks: 2681
2025-07-17 13:13:40,076 [INFO] - Episode: 22/500, Reward: -19372.00, Avg AoI: 19.37, Completed Tasks: 2651
2025-07-17 13:14:03,083 [INFO] - Episode: 23/500, Reward: -18771.37, Avg AoI: 18.77, Completed Tasks: 2682
2025-07-17 13:14:26,825 [INFO] - Episode: 24/500, Reward: -19233.29, Avg AoI: 19.23, Completed Tasks: 2648
2025-07-17 13:14:51,429 [INFO] - Episode: 25/500, Reward: -19804.91, Avg AoI: 19.80, Completed Tasks: 2584
2025-07-17 13:15:16,389 [INFO] - Episode: 26/500, Reward: -25445.94, Avg AoI: 25.45, Completed Tasks: 2407
2025-07-17 13:15:40,661 [INFO] - Episode: 27/500, Reward: -19488.23, Avg AoI: 19.49, Completed Tasks: 2628
2025-07-17 13:16:04,312 [INFO] - Episode: 28/500, Reward: -19352.34, Avg AoI: 19.35, Completed Tasks: 2633
2025-07-17 13:16:27,795 [INFO] - Episode: 29/500, Reward: -19759.00, Avg AoI: 19.76, Completed Tasks: 2575
2025-07-17 13:16:51,721 [INFO] - Episode: 30/500, Reward: -20418.89, Avg AoI: 20.42, Completed Tasks: 2539
2025-07-17 13:17:15,414 [INFO] - Episode: 31/500, Reward: -20206.09, Avg AoI: 20.21, Completed Tasks: 2535
2025-07-17 13:17:40,078 [INFO] - Episode: 32/500, Reward: -20244.00, Avg AoI: 20.24, Completed Tasks: 2553
2025-07-17 13:18:03,441 [INFO] - Episode: 33/500, Reward: -20721.29, Avg AoI: 20.72, Completed Tasks: 2512
2025-07-17 13:18:27,463 [INFO] - Episode: 34/500, Reward: -20382.77, Avg AoI: 20.38, Completed Tasks: 2528
2025-07-17 13:18:53,285 [INFO] - Episode: 35/500, Reward: -23629.23, Avg AoI: 23.63, Completed Tasks: 2385
2025-07-17 13:19:18,620 [INFO] - Episode: 36/500, Reward: -20226.74, Avg AoI: 20.23, Completed Tasks: 2526
2025-07-17 13:19:43,027 [INFO] - Episode: 37/500, Reward: -20014.66, Avg AoI: 20.01, Completed Tasks: 2558
2025-07-17 13:20:06,585 [INFO] - Episode: 38/500, Reward: -20008.83, Avg AoI: 20.01, Completed Tasks: 2550
2025-07-17 13:20:31,283 [INFO] - Episode: 39/500, Reward: -20360.66, Avg AoI: 20.36, Completed Tasks: 2516
2025-07-17 13:20:55,067 [INFO] - Episode: 40/500, Reward: -20073.57, Avg AoI: 20.07, Completed Tasks: 2550
2025-07-17 13:21:18,610 [INFO] - Episode: 41/500, Reward: -20619.20, Avg AoI: 20.62, Completed Tasks: 2495
2025-07-17 13:21:42,403 [INFO] - Episode: 42/500, Reward: -65342.17, Avg AoI: 65.34, Completed Tasks: 1695
2025-07-17 13:22:07,753 [INFO] - Episode: 43/500, Reward: -21271.46, Avg AoI: 21.27, Completed Tasks: 2454
2025-07-17 13:22:31,702 [INFO] - Episode: 44/500, Reward: -20689.86, Avg AoI: 20.69, Completed Tasks: 2496
2025-07-17 13:22:55,851 [INFO] - Episode: 45/500, Reward: -22583.69, Avg AoI: 22.58, Completed Tasks: 2380
2025-07-17 13:23:20,036 [INFO] - Episode: 46/500, Reward: -20728.49, Avg AoI: 20.73, Completed Tasks: 2483
2025-07-17 13:23:44,713 [INFO] - Episode: 47/500, Reward: -24127.11, Avg AoI: 24.13, Completed Tasks: 2322
2025-07-17 13:24:08,383 [INFO] - Episode: 48/500, Reward: -20698.66, Avg AoI: 20.70, Completed Tasks: 2483
2025-07-17 13:24:32,774 [INFO] - Episode: 49/500, Reward: -20085.83, Avg AoI: 20.09, Completed Tasks: 2518
2025-07-17 13:24:57,779 [INFO] - Episode: 50/500, Reward: -21982.54, Avg AoI: 21.98, Completed Tasks: 2385
2025-07-17 13:25:21,998 [INFO] - Episode: 51/500, Reward: -21956.57, Avg AoI: 21.96, Completed Tasks: 2398
2025-07-17 13:25:46,036 [INFO] - Episode: 52/500, Reward: -21013.20, Avg AoI: 21.01, Completed Tasks: 2459
2025-07-17 13:26:09,146 [INFO] - Episode: 53/500, Reward: -21134.43, Avg AoI: 21.13, Completed Tasks: 2442
2025-07-17 13:26:32,819 [INFO] - Episode: 54/500, Reward: -21087.31, Avg AoI: 21.09, Completed Tasks: 2449
2025-07-17 13:26:57,642 [INFO] - Episode: 55/500, Reward: -21247.37, Avg AoI: 21.25, Completed Tasks: 2441
2025-07-17 13:27:22,270 [INFO] - Episode: 56/500, Reward: -21283.40, Avg AoI: 21.28, Completed Tasks: 2412
2025-07-17 13:27:45,448 [INFO] - Episode: 57/500, Reward: -22069.77, Avg AoI: 22.07, Completed Tasks: 2371
2025-07-17 13:28:09,906 [INFO] - Episode: 58/500, Reward: -20876.71, Avg AoI: 20.88, Completed Tasks: 2464
2025-07-17 13:28:33,368 [INFO] - Episode: 59/500, Reward: -22103.29, Avg AoI: 22.10, Completed Tasks: 2372
2025-07-17 13:28:57,435 [INFO] - Episode: 60/500, Reward: -21674.03, Avg AoI: 21.67, Completed Tasks: 2398
2025-07-17 13:29:21,772 [INFO] - Episode: 61/500, Reward: -27784.17, Avg AoI: 27.78, Completed Tasks: 2218
2025-07-17 13:29:46,788 [INFO] - Episode: 62/500, Reward: -22355.20, Avg AoI: 22.36, Completed Tasks: 2364
2025-07-17 13:30:09,961 [INFO] - Episode: 63/500, Reward: -22545.80, Avg AoI: 22.55, Completed Tasks: 2365
2025-07-17 13:30:33,961 [INFO] - Episode: 64/500, Reward: -22499.86, Avg AoI: 22.50, Completed Tasks: 2343
2025-07-17 13:30:57,186 [INFO] - Episode: 65/500, Reward: -73123.06, Avg AoI: 73.12, Completed Tasks: 1577
2025-07-17 13:31:21,199 [INFO] - Episode: 66/500, Reward: -23260.51, Avg AoI: 23.26, Completed Tasks: 2312
2025-07-17 13:31:46,641 [INFO] - Episode: 67/500, Reward: -23413.17, Avg AoI: 23.41, Completed Tasks: 2296
2025-07-17 13:32:11,340 [INFO] - Episode: 68/500, Reward: -27797.29, Avg AoI: 27.80, Completed Tasks: 2219
2025-07-17 13:32:35,199 [INFO] - Episode: 69/500, Reward: -22914.80, Avg AoI: 22.91, Completed Tasks: 2297
2025-07-17 13:32:59,228 [INFO] - Episode: 70/500, Reward: -22248.71, Avg AoI: 22.25, Completed Tasks: 2349
2025-07-17 13:33:23,596 [INFO] - Episode: 71/500, Reward: -21078.77, Avg AoI: 21.08, Completed Tasks: 2423
2025-07-17 13:33:47,178 [INFO] - Episode: 72/500, Reward: -21696.54, Avg AoI: 21.70, Completed Tasks: 2391
2025-07-17 13:34:11,056 [INFO] - Episode: 73/500, Reward: -21370.40, Avg AoI: 21.37, Completed Tasks: 2394
2025-07-17 13:34:34,599 [INFO] - Episode: 74/500, Reward: -21784.97, Avg AoI: 21.78, Completed Tasks: 2369
2025-07-17 13:34:57,843 [INFO] - Episode: 75/500, Reward: -27317.63, Avg AoI: 27.32, Completed Tasks: 2183
2025-07-17 13:35:21,800 [INFO] - Episode: 76/500, Reward: -22103.40, Avg AoI: 22.10, Completed Tasks: 2337
2025-07-17 13:35:46,119 [INFO] - Episode: 77/500, Reward: -22272.26, Avg AoI: 22.27, Completed Tasks: 2347
2025-07-17 13:36:09,482 [INFO] - Episode: 78/500, Reward: -28480.34, Avg AoI: 28.48, Completed Tasks: 2202
2025-07-17 13:36:34,159 [INFO] - Episode: 79/500, Reward: -21509.91, Avg AoI: 21.51, Completed Tasks: 2402
2025-07-17 13:36:58,878 [INFO] - Episode: 80/500, Reward: -23278.40, Avg AoI: 23.28, Completed Tasks: 2303
2025-07-17 13:37:22,877 [INFO] - Episode: 81/500, Reward: -22116.51, Avg AoI: 22.12, Completed Tasks: 2341
2025-07-17 13:37:46,239 [INFO] - Episode: 82/500, Reward: -22219.97, Avg AoI: 22.22, Completed Tasks: 2331
2025-07-17 13:38:09,898 [INFO] - Episode: 83/500, Reward: -24805.49, Avg AoI: 24.81, Completed Tasks: 2192
2025-07-17 13:38:34,762 [INFO] - Episode: 84/500, Reward: -21490.34, Avg AoI: 21.49, Completed Tasks: 2390
2025-07-17 13:38:59,101 [INFO] - Episode: 85/500, Reward: -23822.20, Avg AoI: 23.82, Completed Tasks: 2286
2025-07-17 13:39:23,467 [INFO] - Episode: 86/500, Reward: -72558.89, Avg AoI: 72.56, Completed Tasks: 1736
2025-07-17 13:39:47,098 [INFO] - Episode: 87/500, Reward: -26093.66, Avg AoI: 26.09, Completed Tasks: 2221
2025-07-17 13:40:14,139 [INFO] - Episode: 88/500, Reward: -22133.34, Avg AoI: 22.13, Completed Tasks: 2331
2025-07-17 13:40:39,325 [INFO] - Episode: 89/500, Reward: -22086.09, Avg AoI: 22.09, Completed Tasks: 2356
2025-07-17 13:41:04,104 [INFO] - Episode: 90/500, Reward: -22455.14, Avg AoI: 22.46, Completed Tasks: 2311
2025-07-17 13:41:28,362 [INFO] - Episode: 91/500, Reward: -22577.66, Avg AoI: 22.58, Completed Tasks: 2303
2025-07-17 13:41:52,602 [INFO] - Episode: 92/500, Reward: -22037.66, Avg AoI: 22.04, Completed Tasks: 2368
2025-07-17 13:42:16,215 [INFO] - Episode: 93/500, Reward: -56127.11, Avg AoI: 56.13, Completed Tasks: 1820
2025-07-17 13:42:39,651 [INFO] - Episode: 94/500, Reward: -21932.17, Avg AoI: 21.93, Completed Tasks: 2353
2025-07-17 13:43:03,895 [INFO] - Episode: 95/500, Reward: -23546.43, Avg AoI: 23.55, Completed Tasks: 2315
2025-07-17 13:43:29,479 [INFO] - Episode: 96/500, Reward: -121796.51, Avg AoI: 121.80, Completed Tasks: 1257
2025-07-17 13:43:53,121 [INFO] - Episode: 97/500, Reward: -38719.11, Avg AoI: 38.72, Completed Tasks: 2009
2025-07-17 13:44:17,927 [INFO] - Episode: 98/500, Reward: -66702.86, Avg AoI: 66.70, Completed Tasks: 1674
2025-07-17 13:44:42,376 [INFO] - Episode: 99/500, Reward: -25115.83, Avg AoI: 25.12, Completed Tasks: 2178
2025-07-17 13:45:06,620 [INFO] - Episode: 100/500, Reward: -25494.31, Avg AoI: 25.49, Completed Tasks: 2240
2025-07-17 13:45:32,492 [INFO] - Episode: 101/500, Reward: -21904.40, Avg AoI: 21.90, Completed Tasks: 2340
2025-07-17 13:45:56,129 [INFO] - Episode: 102/500, Reward: -22839.97, Avg AoI: 22.84, Completed Tasks: 2299
2025-07-17 13:46:19,748 [INFO] - Episode: 103/500, Reward: -21297.43, Avg AoI: 21.30, Completed Tasks: 2391
2025-07-17 13:46:43,562 [INFO] - Episode: 104/500, Reward: -21021.31, Avg AoI: 21.02, Completed Tasks: 2417
2025-07-17 13:47:08,255 [INFO] - Episode: 105/500, Reward: -22728.71, Avg AoI: 22.73, Completed Tasks: 2289
2025-07-17 13:47:32,614 [INFO] - Episode: 106/500, Reward: -21160.60, Avg AoI: 21.16, Completed Tasks: 2417
2025-07-17 13:47:59,230 [INFO] - Episode: 107/500, Reward: -21358.89, Avg AoI: 21.36, Completed Tasks: 2394
2025-07-17 13:48:22,866 [INFO] - Episode: 108/500, Reward: -22539.40, Avg AoI: 22.54, Completed Tasks: 2337
2025-07-17 13:48:47,637 [INFO] - Episode: 109/500, Reward: -196429.14, Avg AoI: 196.43, Completed Tasks: 1115
2025-07-17 13:49:11,408 [INFO] - Episode: 110/500, Reward: -101932.17, Avg AoI: 101.93, Completed Tasks: 1479
2025-07-17 13:49:35,812 [INFO] - Episode: 111/500, Reward: -21948.37, Avg AoI: 21.95, Completed Tasks: 2381
2025-07-17 13:49:59,331 [INFO] - Episode: 112/500, Reward: -21557.80, Avg AoI: 21.56, Completed Tasks: 2410
2025-07-17 13:50:23,384 [INFO] - Episode: 113/500, Reward: -22068.74, Avg AoI: 22.07, Completed Tasks: 2384
2025-07-17 13:50:48,506 [INFO] - Episode: 114/500, Reward: -55381.71, Avg AoI: 55.38, Completed Tasks: 1820
2025-07-17 13:51:12,612 [INFO] - Episode: 115/500, Reward: -29978.31, Avg AoI: 29.98, Completed Tasks: 2170
2025-07-17 13:51:36,076 [INFO] - Episode: 116/500, Reward: -21871.20, Avg AoI: 21.87, Completed Tasks: 2372
2025-07-17 13:51:59,281 [INFO] - Episode: 117/500, Reward: -21829.71, Avg AoI: 21.83, Completed Tasks: 2372
2025-07-17 13:52:22,904 [INFO] - Episode: 118/500, Reward: -135809.91, Avg AoI: 135.81, Completed Tasks: 1331
2025-07-17 13:52:46,950 [INFO] - Episode: 119/500, Reward: -21940.69, Avg AoI: 21.94, Completed Tasks: 2368
2025-07-17 13:53:10,461 [INFO] - Episode: 120/500, Reward: -278382.51, Avg AoI: 278.38, Completed Tasks: 862
2025-07-17 13:53:34,444 [INFO] - Episode: 121/500, Reward: -21010.74, Avg AoI: 21.01, Completed Tasks: 2420
2025-07-17 13:53:58,244 [INFO] - Episode: 122/500, Reward: -20862.26, Avg AoI: 20.86, Completed Tasks: 2443
2025-07-17 13:54:21,483 [INFO] - Episode: 123/500, Reward: -20963.91, Avg AoI: 20.96, Completed Tasks: 2453
2025-07-17 13:54:46,030 [INFO] - Episode: 124/500, Reward: -232080.26, Avg AoI: 232.08, Completed Tasks: 897
2025-07-17 13:55:10,682 [INFO] - Episode: 125/500, Reward: -92919.49, Avg AoI: 92.92, Completed Tasks: 1608
2025-07-17 13:55:34,824 [INFO] - Episode: 126/500, Reward: -21931.51, Avg AoI: 21.93, Completed Tasks: 2369
2025-07-17 13:55:58,361 [INFO] - Episode: 127/500, Reward: -21207.26, Avg AoI: 21.21, Completed Tasks: 2428
2025-07-17 13:56:21,498 [INFO] - Episode: 128/500, Reward: -54266.51, Avg AoI: 54.27, Completed Tasks: 1949
2025-07-17 13:56:45,105 [INFO] - Episode: 129/500, Reward: -21496.23, Avg AoI: 21.50, Completed Tasks: 2414
2025-07-17 13:57:08,777 [INFO] - Episode: 130/500, Reward: -20965.80, Avg AoI: 20.97, Completed Tasks: 2453
2025-07-17 13:57:32,485 [INFO] - Episode: 131/500, Reward: -20715.37, Avg AoI: 20.72, Completed Tasks: 2456
2025-07-17 13:57:56,264 [INFO] - Episode: 132/500, Reward: -20892.09, Avg AoI: 20.89, Completed Tasks: 2452
2025-07-17 13:58:20,095 [INFO] - Episode: 133/500, Reward: -21490.20, Avg AoI: 21.49, Completed Tasks: 2413
2025-07-17 13:58:43,545 [INFO] - Episode: 134/500, Reward: -96855.66, Avg AoI: 96.86, Completed Tasks: 1613
2025-07-17 13:59:08,537 [INFO] - Episode: 135/500, Reward: -20193.03, Avg AoI: 20.19, Completed Tasks: 2504
2025-07-17 13:59:34,206 [INFO] - Episode: 136/500, Reward: -21803.54, Avg AoI: 21.80, Completed Tasks: 2432
2025-07-17 13:59:58,927 [INFO] - Episode: 137/500, Reward: -21932.54, Avg AoI: 21.93, Completed Tasks: 2377
2025-07-17 14:00:23,267 [INFO] - Episode: 138/500, Reward: -22059.71, Avg AoI: 22.06, Completed Tasks: 2392
2025-07-17 14:00:48,498 [INFO] - Episode: 139/500, Reward: -20751.57, Avg AoI: 20.75, Completed Tasks: 2483
2025-07-17 14:01:12,824 [INFO] - Episode: 140/500, Reward: -150055.80, Avg AoI: 150.06, Completed Tasks: 1339
2025-07-17 14:01:38,781 [INFO] - Episode: 141/500, Reward: -21194.63, Avg AoI: 21.19, Completed Tasks: 2450
2025-07-17 14:02:02,576 [INFO] - Episode: 142/500, Reward: -21839.34, Avg AoI: 21.84, Completed Tasks: 2376
2025-07-17 14:02:27,326 [INFO] - Episode: 143/500, Reward: -35863.23, Avg AoI: 35.86, Completed Tasks: 2104
2025-07-17 14:02:51,662 [INFO] - Episode: 144/500, Reward: -21235.60, Avg AoI: 21.24, Completed Tasks: 2437
2025-07-17 14:03:15,797 [INFO] - Episode: 145/500, Reward: -53923.97, Avg AoI: 53.92, Completed Tasks: 1949
2025-07-17 14:03:40,994 [INFO] - Episode: 146/500, Reward: -20081.86, Avg AoI: 20.08, Completed Tasks: 2527
2025-07-17 14:04:08,433 [INFO] - Episode: 147/500, Reward: -19801.49, Avg AoI: 19.80, Completed Tasks: 2549
2025-07-17 14:04:33,891 [INFO] - Episode: 148/500, Reward: -21928.00, Avg AoI: 21.93, Completed Tasks: 2422
2025-07-17 14:04:57,502 [INFO] - Episode: 149/500, Reward: -20514.40, Avg AoI: 20.51, Completed Tasks: 2501
2025-07-17 14:05:21,086 [INFO] - Episode: 150/500, Reward: -312408.91, Avg AoI: 312.41, Completed Tasks: 658
2025-07-17 14:05:44,580 [INFO] - Episode: 151/500, Reward: -20635.74, Avg AoI: 20.64, Completed Tasks: 2487
2025-07-17 14:06:08,794 [INFO] - Episode: 152/500, Reward: -20719.20, Avg AoI: 20.72, Completed Tasks: 2486
2025-07-17 14:06:32,775 [INFO] - Episode: 153/500, Reward: -20345.06, Avg AoI: 20.35, Completed Tasks: 2505
2025-07-17 14:06:56,962 [INFO] - Episode: 154/500, Reward: -47605.83, Avg AoI: 47.61, Completed Tasks: 2028
2025-07-17 14:07:20,290 [INFO] - Episode: 155/500, Reward: -20492.03, Avg AoI: 20.49, Completed Tasks: 2515
2025-07-17 14:07:44,051 [INFO] - Episode: 156/500, Reward: -20566.17, Avg AoI: 20.57, Completed Tasks: 2492
2025-07-17 14:08:07,648 [INFO] - Episode: 157/500, Reward: -20173.00, Avg AoI: 20.17, Completed Tasks: 2542
2025-07-17 14:08:30,833 [INFO] - Episode: 158/500, Reward: -19759.60, Avg AoI: 19.76, Completed Tasks: 2581
2025-07-17 14:08:54,594 [INFO] - Episode: 159/500, Reward: -20143.83, Avg AoI: 20.14, Completed Tasks: 2541
2025-07-17 14:09:18,234 [INFO] - Episode: 160/500, Reward: -20606.94, Avg AoI: 20.61, Completed Tasks: 2508
2025-07-17 14:09:42,855 [INFO] - Episode: 161/500, Reward: -20202.97, Avg AoI: 20.20, Completed Tasks: 2548
2025-07-17 14:10:08,191 [INFO] - Episode: 162/500, Reward: -20455.49, Avg AoI: 20.46, Completed Tasks: 2518
2025-07-17 14:10:34,928 [INFO] - Episode: 163/500, Reward: -20091.77, Avg AoI: 20.09, Completed Tasks: 2553
2025-07-17 14:11:03,574 [INFO] - Episode: 164/500, Reward: -19826.37, Avg AoI: 19.83, Completed Tasks: 2563
2025-07-17 14:11:29,238 [INFO] - Episode: 165/500, Reward: -19702.60, Avg AoI: 19.70, Completed Tasks: 2596
2025-07-17 14:11:55,884 [INFO] - Episode: 166/500, Reward: -19916.09, Avg AoI: 19.92, Completed Tasks: 2573
2025-07-17 14:12:19,739 [INFO] - Episode: 167/500, Reward: -19787.51, Avg AoI: 19.79, Completed Tasks: 2601
2025-07-17 14:12:43,613 [INFO] - Episode: 168/500, Reward: -19697.54, Avg AoI: 19.70, Completed Tasks: 2612
2025-07-17 14:13:07,662 [INFO] - Episode: 169/500, Reward: -19919.51, Avg AoI: 19.92, Completed Tasks: 2593
2025-07-17 14:13:30,852 [INFO] - Episode: 170/500, Reward: -19486.94, Avg AoI: 19.49, Completed Tasks: 2621
2025-07-17 14:13:54,848 [INFO] - Episode: 171/500, Reward: -19994.37, Avg AoI: 19.99, Completed Tasks: 2586
2025-07-17 14:14:18,583 [INFO] - Episode: 172/500, Reward: -19461.60, Avg AoI: 19.46, Completed Tasks: 2632
2025-07-17 14:14:42,518 [INFO] - Episode: 173/500, Reward: -19618.34, Avg AoI: 19.62, Completed Tasks: 2609
2025-07-17 14:15:06,598 [INFO] - Episode: 174/500, Reward: -19240.69, Avg AoI: 19.24, Completed Tasks: 2649
2025-07-17 14:15:31,407 [INFO] - Episode: 175/500, Reward: -19315.40, Avg AoI: 19.32, Completed Tasks: 2645
2025-07-17 14:15:55,872 [INFO] - Episode: 176/500, Reward: -19346.17, Avg AoI: 19.35, Completed Tasks: 2659
2025-07-17 14:16:19,730 [INFO] - Episode: 177/500, Reward: -19288.09, Avg AoI: 19.29, Completed Tasks: 2656
2025-07-17 14:16:44,249 [INFO] - Episode: 178/500, Reward: -18988.09, Avg AoI: 18.99, Completed Tasks: 2694
2025-07-17 14:17:07,603 [INFO] - Episode: 179/500, Reward: -19691.11, Avg AoI: 19.69, Completed Tasks: 2625
2025-07-17 14:17:30,800 [INFO] - Episode: 180/500, Reward: -19082.71, Avg AoI: 19.08, Completed Tasks: 2685
2025-07-17 14:17:54,602 [INFO] - Episode: 181/500, Reward: -19297.29, Avg AoI: 19.30, Completed Tasks: 2657
2025-07-17 14:18:18,363 [INFO] - Episode: 182/500, Reward: -18953.40, Avg AoI: 18.95, Completed Tasks: 2701
2025-07-17 14:18:43,108 [INFO] - Episode: 183/500, Reward: -19355.03, Avg AoI: 19.36, Completed Tasks: 2657
2025-07-17 14:19:08,400 [INFO] - Episode: 184/500, Reward: -18995.66, Avg AoI: 19.00, Completed Tasks: 2691
2025-07-17 14:19:34,213 [INFO] - Episode: 185/500, Reward: -18785.60, Avg AoI: 18.79, Completed Tasks: 2719
2025-07-17 14:19:59,749 [INFO] - Episode: 186/500, Reward: -19158.29, Avg AoI: 19.16, Completed Tasks: 2679
2025-07-17 14:20:24,073 [INFO] - Episode: 187/500, Reward: -19249.49, Avg AoI: 19.25, Completed Tasks: 2662
2025-07-17 14:20:49,490 [INFO] - Episode: 188/500, Reward: -18928.29, Avg AoI: 18.93, Completed Tasks: 2718
2025-07-17 14:21:14,945 [INFO] - Episode: 189/500, Reward: -19076.37, Avg AoI: 19.08, Completed Tasks: 2695
2025-07-17 14:21:40,664 [INFO] - Episode: 190/500, Reward: -18926.54, Avg AoI: 18.93, Completed Tasks: 2719
2025-07-17 14:22:06,108 [INFO] - Episode: 191/500, Reward: -18498.89, Avg AoI: 18.50, Completed Tasks: 2768
2025-07-17 14:22:30,937 [INFO] - Episode: 192/500, Reward: -19150.77, Avg AoI: 19.15, Completed Tasks: 2700
2025-07-17 14:22:56,520 [INFO] - Episode: 193/500, Reward: -18934.74, Avg AoI: 18.93, Completed Tasks: 2724
2025-07-17 14:23:20,911 [INFO] - Episode: 194/500, Reward: -18656.03, Avg AoI: 18.66, Completed Tasks: 2748
2025-07-17 14:23:47,757 [INFO] - Episode: 195/500, Reward: -18320.66, Avg AoI: 18.32, Completed Tasks: 2793
2025-07-17 14:24:12,266 [INFO] - Episode: 196/500, Reward: -18884.89, Avg AoI: 18.88, Completed Tasks: 2720
2025-07-17 14:24:37,372 [INFO] - Episode: 197/500, Reward: -18881.17, Avg AoI: 18.88, Completed Tasks: 2735
2025-07-17 14:25:01,835 [INFO] - Episode: 198/500, Reward: -18561.23, Avg AoI: 18.56, Completed Tasks: 2768
2025-07-17 14:25:28,264 [INFO] - Episode: 199/500, Reward: -18768.20, Avg AoI: 18.77, Completed Tasks: 2742
2025-07-17 14:25:52,706 [INFO] - Episode: 200/500, Reward: -18469.83, Avg AoI: 18.47, Completed Tasks: 2769
2025-07-17 14:26:17,700 [INFO] - Episode: 201/500, Reward: -18982.86, Avg AoI: 18.98, Completed Tasks: 2738
2025-07-17 14:26:41,856 [INFO] - Episode: 202/500, Reward: -18754.06, Avg AoI: 18.75, Completed Tasks: 2758
2025-07-17 14:27:08,273 [INFO] - Episode: 203/500, Reward: -18891.80, Avg AoI: 18.89, Completed Tasks: 2735
2025-07-17 14:27:34,070 [INFO] - Episode: 204/500, Reward: -18820.09, Avg AoI: 18.82, Completed Tasks: 2753
2025-07-17 14:27:59,728 [INFO] - Episode: 205/500, Reward: -18556.54, Avg AoI: 18.56, Completed Tasks: 2778
2025-07-17 14:28:23,818 [INFO] - Episode: 206/500, Reward: -18745.60, Avg AoI: 18.75, Completed Tasks: 2745
2025-07-17 14:28:48,430 [INFO] - Episode: 207/500, Reward: -18682.06, Avg AoI: 18.68, Completed Tasks: 2765
2025-07-17 14:29:12,968 [INFO] - Episode: 208/500, Reward: -19717.26, Avg AoI: 19.72, Completed Tasks: 2706
2025-07-17 14:29:38,318 [INFO] - Episode: 209/500, Reward: -18652.40, Avg AoI: 18.65, Completed Tasks: 2766
2025-07-17 14:30:04,287 [INFO] - Episode: 210/500, Reward: -18930.26, Avg AoI: 18.93, Completed Tasks: 2736
2025-07-17 14:30:29,214 [INFO] - Episode: 211/500, Reward: -18426.26, Avg AoI: 18.43, Completed Tasks: 2789
2025-07-17 14:30:53,655 [INFO] - Episode: 212/500, Reward: -18333.83, Avg AoI: 18.33, Completed Tasks: 2811
2025-07-17 14:31:17,852 [INFO] - Episode: 213/500, Reward: -18591.91, Avg AoI: 18.59, Completed Tasks: 2774
2025-07-17 14:31:42,647 [INFO] - Episode: 214/500, Reward: -18157.54, Avg AoI: 18.16, Completed Tasks: 2832
2025-07-17 14:32:06,567 [INFO] - Episode: 215/500, Reward: -18747.09, Avg AoI: 18.75, Completed Tasks: 2773
2025-07-17 14:32:31,189 [INFO] - Episode: 216/500, Reward: -18447.54, Avg AoI: 18.45, Completed Tasks: 2796
2025-07-17 14:32:58,333 [INFO] - Episode: 217/500, Reward: -18612.94, Avg AoI: 18.61, Completed Tasks: 2784
2025-07-17 14:33:21,869 [INFO] - Episode: 218/500, Reward: -18139.97, Avg AoI: 18.14, Completed Tasks: 2832
2025-07-17 14:33:45,474 [INFO] - Episode: 219/500, Reward: -18313.23, Avg AoI: 18.31, Completed Tasks: 2807
2025-07-17 14:34:09,401 [INFO] - Episode: 220/500, Reward: -18763.66, Avg AoI: 18.76, Completed Tasks: 2760
2025-07-17 14:34:33,119 [INFO] - Episode: 221/500, Reward: -18741.74, Avg AoI: 18.74, Completed Tasks: 2760
2025-07-17 14:34:56,549 [INFO] - Episode: 222/500, Reward: -18247.23, Avg AoI: 18.25, Completed Tasks: 2824
2025-07-17 14:35:19,542 [INFO] - Episode: 223/500, Reward: -18879.94, Avg AoI: 18.88, Completed Tasks: 2746
2025-07-17 14:35:42,761 [INFO] - Episode: 224/500, Reward: -18590.71, Avg AoI: 18.59, Completed Tasks: 2795
2025-07-17 14:36:07,074 [INFO] - Episode: 225/500, Reward: -18124.91, Avg AoI: 18.12, Completed Tasks: 2851
2025-07-17 14:36:31,747 [INFO] - Episode: 226/500, Reward: -18631.91, Avg AoI: 18.63, Completed Tasks: 2787
2025-07-17 14:36:56,811 [INFO] - Episode: 227/500, Reward: -18042.09, Avg AoI: 18.04, Completed Tasks: 2867
2025-07-17 14:37:22,115 [INFO] - Episode: 228/500, Reward: -18248.06, Avg AoI: 18.25, Completed Tasks: 2837
2025-07-17 14:37:47,772 [INFO] - Episode: 229/500, Reward: -18273.80, Avg AoI: 18.27, Completed Tasks: 2835
2025-07-17 14:38:11,633 [INFO] - Episode: 230/500, Reward: -18505.57, Avg AoI: 18.51, Completed Tasks: 2815
2025-07-17 14:38:37,620 [INFO] - Episode: 231/500, Reward: -18017.91, Avg AoI: 18.02, Completed Tasks: 2862
2025-07-17 14:39:03,765 [INFO] - Episode: 232/500, Reward: -18242.54, Avg AoI: 18.24, Completed Tasks: 2845
2025-07-17 14:39:30,940 [INFO] - Episode: 233/500, Reward: -18279.03, Avg AoI: 18.28, Completed Tasks: 2846
2025-07-17 14:39:59,858 [INFO] - Episode: 234/500, Reward: -18215.00, Avg AoI: 18.22, Completed Tasks: 2839
2025-07-17 14:40:27,210 [INFO] - Episode: 235/500, Reward: -18164.54, Avg AoI: 18.16, Completed Tasks: 2851
2025-07-17 14:40:52,607 [INFO] - Episode: 236/500, Reward: -18112.91, Avg AoI: 18.11, Completed Tasks: 2861
2025-07-17 14:41:15,891 [INFO] - Episode: 237/500, Reward: -18257.51, Avg AoI: 18.26, Completed Tasks: 2837
2025-07-17 14:41:42,009 [INFO] - Episode: 238/500, Reward: -18572.43, Avg AoI: 18.57, Completed Tasks: 2817
2025-07-17 14:42:06,686 [INFO] - Episode: 239/500, Reward: -18325.46, Avg AoI: 18.33, Completed Tasks: 2849
2025-07-17 14:42:31,570 [INFO] - Episode: 240/500, Reward: -18386.66, Avg AoI: 18.39, Completed Tasks: 2836
2025-07-17 14:43:02,593 [INFO] - Episode: 241/500, Reward: -18235.17, Avg AoI: 18.24, Completed Tasks: 2838
2025-07-17 14:43:31,156 [INFO] - Episode: 242/500, Reward: -18135.11, Avg AoI: 18.14, Completed Tasks: 2863
2025-07-17 14:43:55,127 [INFO] - Episode: 243/500, Reward: -18066.77, Avg AoI: 18.07, Completed Tasks: 2891
2025-07-17 14:44:19,591 [INFO] - Episode: 244/500, Reward: -18002.37, Avg AoI: 18.00, Completed Tasks: 2885
2025-07-17 14:44:43,773 [INFO] - Episode: 245/500, Reward: -18058.57, Avg AoI: 18.06, Completed Tasks: 2876
2025-07-17 14:45:07,102 [INFO] - Episode: 246/500, Reward: -18019.66, Avg AoI: 18.02, Completed Tasks: 2886
2025-07-17 14:45:30,593 [INFO] - Episode: 247/500, Reward: -18225.89, Avg AoI: 18.23, Completed Tasks: 2862
2025-07-17 14:45:54,376 [INFO] - Episode: 248/500, Reward: -17975.77, Avg AoI: 17.98, Completed Tasks: 2882
2025-07-17 14:46:17,444 [INFO] - Episode: 249/500, Reward: -18447.43, Avg AoI: 18.45, Completed Tasks: 2838
2025-07-17 14:46:41,344 [INFO] - Episode: 250/500, Reward: -17826.09, Avg AoI: 17.83, Completed Tasks: 2886
2025-07-17 14:47:04,435 [INFO] - Episode: 251/500, Reward: -18341.17, Avg AoI: 18.34, Completed Tasks: 2855
2025-07-17 14:47:28,524 [INFO] - Episode: 252/500, Reward: -18391.57, Avg AoI: 18.39, Completed Tasks: 2845
2025-07-17 14:47:51,513 [INFO] - Episode: 253/500, Reward: -18159.91, Avg AoI: 18.16, Completed Tasks: 2871
2025-07-17 14:48:16,486 [INFO] - Episode: 254/500, Reward: -18314.23, Avg AoI: 18.31, Completed Tasks: 2877
2025-07-17 14:48:43,623 [INFO] - Episode: 255/500, Reward: -18464.06, Avg AoI: 18.46, Completed Tasks: 2839
2025-07-17 14:49:10,332 [INFO] - Episode: 256/500, Reward: -17647.23, Avg AoI: 17.65, Completed Tasks: 2929
2025-07-17 14:49:38,358 [INFO] - Episode: 257/500, Reward: -18131.20, Avg AoI: 18.13, Completed Tasks: 2871
2025-07-17 14:50:10,071 [INFO] - Episode: 258/500, Reward: -18012.77, Avg AoI: 18.01, Completed Tasks: 2887
2025-07-17 14:50:41,414 [INFO] - Episode: 259/500, Reward: -18220.80, Avg AoI: 18.22, Completed Tasks: 2873
2025-07-17 14:51:07,148 [INFO] - Episode: 260/500, Reward: -17914.43, Avg AoI: 17.91, Completed Tasks: 2900
2025-07-17 14:51:33,673 [INFO] - Episode: 261/500, Reward: -17787.03, Avg AoI: 17.79, Completed Tasks: 2923
2025-07-17 14:51:57,190 [INFO] - Episode: 262/500, Reward: -17848.91, Avg AoI: 17.85, Completed Tasks: 2919
2025-07-17 14:52:22,897 [INFO] - Episode: 263/500, Reward: -17975.37, Avg AoI: 17.98, Completed Tasks: 2889
2025-07-17 14:52:47,785 [INFO] - Episode: 264/500, Reward: -17743.26, Avg AoI: 17.74, Completed Tasks: 2926
2025-07-17 14:53:12,710 [INFO] - Episode: 265/500, Reward: -18169.80, Avg AoI: 18.17, Completed Tasks: 2877
2025-07-17 14:53:38,725 [INFO] - Episode: 266/500, Reward: -18090.31, Avg AoI: 18.09, Completed Tasks: 2879
2025-07-17 14:54:03,231 [INFO] - Episode: 267/500, Reward: -17826.86, Avg AoI: 17.83, Completed Tasks: 2917
2025-07-17 14:54:28,431 [INFO] - Episode: 268/500, Reward: -17911.17, Avg AoI: 17.91, Completed Tasks: 2911
2025-07-17 14:54:54,428 [INFO] - Episode: 269/500, Reward: -18309.31, Avg AoI: 18.31, Completed Tasks: 2871
2025-07-17 14:55:17,749 [INFO] - Episode: 270/500, Reward: -18011.46, Avg AoI: 18.01, Completed Tasks: 2908
2025-07-17 14:55:43,793 [INFO] - Episode: 271/500, Reward: -17864.23, Avg AoI: 17.86, Completed Tasks: 2920
2025-07-17 14:56:09,449 [INFO] - Episode: 272/500, Reward: -17915.69, Avg AoI: 17.92, Completed Tasks: 2923
2025-07-17 14:56:34,968 [INFO] - Episode: 273/500, Reward: -18092.80, Avg AoI: 18.09, Completed Tasks: 2905
2025-07-17 14:56:59,657 [INFO] - Episode: 274/500, Reward: -17986.86, Avg AoI: 17.99, Completed Tasks: 2913
2025-07-17 14:57:25,352 [INFO] - Episode: 275/500, Reward: -18126.09, Avg AoI: 18.13, Completed Tasks: 2887
2025-07-17 14:57:53,104 [INFO] - Episode: 276/500, Reward: -17775.60, Avg AoI: 17.78, Completed Tasks: 2928
2025-07-17 14:58:20,231 [INFO] - Episode: 277/500, Reward: -17702.40, Avg AoI: 17.70, Completed Tasks: 2946
2025-07-17 14:58:47,304 [INFO] - Episode: 278/500, Reward: -17810.46, Avg AoI: 17.81, Completed Tasks: 2924
2025-07-17 14:59:13,316 [INFO] - Episode: 279/500, Reward: -17900.20, Avg AoI: 17.90, Completed Tasks: 2907
2025-07-17 14:59:39,571 [INFO] - Episode: 280/500, Reward: -17988.17, Avg AoI: 17.99, Completed Tasks: 2902
2025-07-17 15:00:08,725 [INFO] - Episode: 281/500, Reward: -17926.37, Avg AoI: 17.93, Completed Tasks: 2908
2025-07-17 15:00:34,779 [INFO] - Episode: 282/500, Reward: -17828.83, Avg AoI: 17.83, Completed Tasks: 2923
2025-07-17 15:01:00,562 [INFO] - Episode: 283/500, Reward: -18274.51, Avg AoI: 18.27, Completed Tasks: 2884
2025-07-17 15:01:24,285 [INFO] - Episode: 284/500, Reward: -17650.34, Avg AoI: 17.65, Completed Tasks: 2938
2025-07-17 15:01:48,385 [INFO] - Episode: 285/500, Reward: -18165.14, Avg AoI: 18.17, Completed Tasks: 2897
2025-07-17 15:02:12,318 [INFO] - Episode: 286/500, Reward: -17818.89, Avg AoI: 17.82, Completed Tasks: 2929
2025-07-17 15:02:35,906 [INFO] - Episode: 287/500, Reward: -17900.34, Avg AoI: 17.90, Completed Tasks: 2921
2025-07-17 15:02:59,135 [INFO] - Episode: 288/500, Reward: -17766.94, Avg AoI: 17.77, Completed Tasks: 2943
2025-07-17 15:03:22,298 [INFO] - Episode: 289/500, Reward: -17663.49, Avg AoI: 17.66, Completed Tasks: 2954
2025-07-17 15:03:45,982 [INFO] - Episode: 290/500, Reward: -17755.60, Avg AoI: 17.76, Completed Tasks: 2958
2025-07-17 15:04:09,371 [INFO] - Episode: 291/500, Reward: -17695.49, Avg AoI: 17.70, Completed Tasks: 2950
2025-07-17 15:04:32,879 [INFO] - Episode: 292/500, Reward: -17815.11, Avg AoI: 17.82, Completed Tasks: 2929
2025-07-17 15:04:56,053 [INFO] - Episode: 293/500, Reward: -17795.29, Avg AoI: 17.80, Completed Tasks: 2961
2025-07-17 15:05:19,467 [INFO] - Episode: 294/500, Reward: -17782.71, Avg AoI: 17.78, Completed Tasks: 2930
2025-07-17 15:05:43,788 [INFO] - Episode: 295/500, Reward: -18027.51, Avg AoI: 18.03, Completed Tasks: 2911
2025-07-17 15:06:07,522 [INFO] - Episode: 296/500, Reward: -17916.09, Avg AoI: 17.92, Completed Tasks: 2933
2025-07-17 15:06:32,564 [INFO] - Episode: 297/500, Reward: -17496.97, Avg AoI: 17.50, Completed Tasks: 2975
2025-07-17 15:06:57,772 [INFO] - Episode: 298/500, Reward: -17559.20, Avg AoI: 17.56, Completed Tasks: 2972
2025-07-17 15:07:23,631 [INFO] - Episode: 299/500, Reward: -17692.03, Avg AoI: 17.69, Completed Tasks: 2948
2025-07-17 15:07:48,044 [INFO] - Episode: 300/500, Reward: -17837.91, Avg AoI: 17.84, Completed Tasks: 2940
2025-07-17 15:08:13,572 [INFO] - Episode: 301/500, Reward: -18086.57, Avg AoI: 18.09, Completed Tasks: 2926
2025-07-17 15:08:38,186 [INFO] - Episode: 302/500, Reward: -17907.14, Avg AoI: 17.91, Completed Tasks: 2932
2025-07-17 15:09:05,354 [INFO] - Episode: 303/500, Reward: -17899.51, Avg AoI: 17.90, Completed Tasks: 2933
2025-07-17 15:09:34,757 [INFO] - Episode: 304/500, Reward: -17646.74, Avg AoI: 17.65, Completed Tasks: 2955
2025-07-17 15:10:02,688 [INFO] - Episode: 305/500, Reward: -17577.26, Avg AoI: 17.58, Completed Tasks: 2968
2025-07-17 15:10:28,895 [INFO] - Episode: 306/500, Reward: -17681.86, Avg AoI: 17.68, Completed Tasks: 2957
2025-07-17 15:10:55,864 [INFO] - Episode: 307/500, Reward: -17818.43, Avg AoI: 17.82, Completed Tasks: 2945
2025-07-17 15:11:24,283 [INFO] - Episode: 308/500, Reward: -17626.14, Avg AoI: 17.63, Completed Tasks: 2954
2025-07-17 15:11:50,229 [INFO] - Episode: 309/500, Reward: -17660.06, Avg AoI: 17.66, Completed Tasks: 2963
2025-07-17 15:12:14,718 [INFO] - Episode: 310/500, Reward: -17579.89, Avg AoI: 17.58, Completed Tasks: 2965
2025-07-17 15:12:38,867 [INFO] - Episode: 311/500, Reward: -17654.29, Avg AoI: 17.65, Completed Tasks: 2971
2025-07-17 15:13:02,124 [INFO] - Episode: 312/500, Reward: -17859.71, Avg AoI: 17.86, Completed Tasks: 2938
2025-07-17 15:13:27,247 [INFO] - Episode: 313/500, Reward: -17646.91, Avg AoI: 17.65, Completed Tasks: 2959
2025-07-17 15:13:51,958 [INFO] - Episode: 314/500, Reward: -17598.06, Avg AoI: 17.60, Completed Tasks: 2971
2025-07-17 15:14:17,768 [INFO] - Episode: 315/500, Reward: -17755.69, Avg AoI: 17.76, Completed Tasks: 2953
2025-07-17 15:14:42,549 [INFO] - Episode: 316/500, Reward: -17797.20, Avg AoI: 17.80, Completed Tasks: 2952
2025-07-17 15:15:07,389 [INFO] - Episode: 317/500, Reward: -17679.51, Avg AoI: 17.68, Completed Tasks: 2969
2025-07-17 15:15:32,327 [INFO] - Episode: 318/500, Reward: -17760.77, Avg AoI: 17.76, Completed Tasks: 2945
2025-07-17 15:15:56,407 [INFO] - Episode: 319/500, Reward: -17713.91, Avg AoI: 17.71, Completed Tasks: 2967
2025-07-17 15:16:20,913 [INFO] - Episode: 320/500, Reward: -17595.34, Avg AoI: 17.60, Completed Tasks: 2975
2025-07-17 15:16:45,436 [INFO] - Episode: 321/500, Reward: -17665.09, Avg AoI: 17.67, Completed Tasks: 2958
2025-07-17 15:17:10,189 [INFO] - Episode: 322/500, Reward: -17503.43, Avg AoI: 17.50, Completed Tasks: 2991
2025-07-17 15:17:34,030 [INFO] - Episode: 323/500, Reward: -17674.91, Avg AoI: 17.67, Completed Tasks: 2978
2025-07-17 15:17:59,094 [INFO] - Episode: 324/500, Reward: -17710.11, Avg AoI: 17.71, Completed Tasks: 2964
2025-07-17 15:18:23,114 [INFO] - Episode: 325/500, Reward: -17685.97, Avg AoI: 17.69, Completed Tasks: 2976
2025-07-17 15:18:47,161 [INFO] - Episode: 326/500, Reward: -17667.34, Avg AoI: 17.67, Completed Tasks: 2958
2025-07-17 15:19:12,035 [INFO] - Episode: 327/500, Reward: -17636.23, Avg AoI: 17.64, Completed Tasks: 2974
2025-07-17 15:19:36,332 [INFO] - Episode: 328/500, Reward: -17495.34, Avg AoI: 17.50, Completed Tasks: 2993
2025-07-17 15:20:01,783 [INFO] - Episode: 329/500, Reward: -17900.51, Avg AoI: 17.90, Completed Tasks: 2937
2025-07-17 15:20:27,005 [INFO] - Episode: 330/500, Reward: -17727.23, Avg AoI: 17.73, Completed Tasks: 2950
2025-07-17 15:20:51,891 [INFO] - Episode: 331/500, Reward: -17871.63, Avg AoI: 17.87, Completed Tasks: 2941
2025-07-17 15:21:16,812 [INFO] - Episode: 332/500, Reward: -17524.77, Avg AoI: 17.52, Completed Tasks: 2979
2025-07-17 15:21:40,876 [INFO] - Episode: 333/500, Reward: -17433.49, Avg AoI: 17.43, Completed Tasks: 2995
2025-07-17 15:22:07,092 [INFO] - Episode: 334/500, Reward: -17483.83, Avg AoI: 17.48, Completed Tasks: 2987
2025-07-17 15:22:30,979 [INFO] - Episode: 335/500, Reward: -17755.94, Avg AoI: 17.76, Completed Tasks: 2962
2025-07-17 15:22:55,527 [INFO] - Episode: 336/500, Reward: -17657.29, Avg AoI: 17.66, Completed Tasks: 2975
2025-07-17 15:23:20,141 [INFO] - Episode: 337/500, Reward: -17767.91, Avg AoI: 17.77, Completed Tasks: 2949
2025-07-17 15:23:48,563 [INFO] - Episode: 338/500, Reward: -17792.03, Avg AoI: 17.79, Completed Tasks: 2939
2025-07-17 15:24:15,032 [INFO] - Episode: 339/500, Reward: -18485.89, Avg AoI: 18.49, Completed Tasks: 2905
2025-07-17 15:24:40,040 [INFO] - Episode: 340/500, Reward: -17732.00, Avg AoI: 17.73, Completed Tasks: 2967
2025-07-17 15:25:04,326 [INFO] - Episode: 341/500, Reward: -17797.69, Avg AoI: 17.80, Completed Tasks: 2961
2025-07-17 15:25:29,313 [INFO] - Episode: 342/500, Reward: -17751.60, Avg AoI: 17.75, Completed Tasks: 2955
2025-07-17 15:25:53,413 [INFO] - Episode: 343/500, Reward: -17465.69, Avg AoI: 17.47, Completed Tasks: 3003
2025-07-17 15:26:16,928 [INFO] - Episode: 344/500, Reward: -17736.63, Avg AoI: 17.74, Completed Tasks: 2963
2025-07-17 15:26:41,262 [INFO] - Episode: 345/500, Reward: -17694.91, Avg AoI: 17.69, Completed Tasks: 2967
2025-07-17 15:27:05,423 [INFO] - Episode: 346/500, Reward: -17702.00, Avg AoI: 17.70, Completed Tasks: 2958
2025-07-17 15:27:30,558 [INFO] - Episode: 347/500, Reward: -17630.66, Avg AoI: 17.63, Completed Tasks: 2973
2025-07-17 15:27:54,544 [INFO] - Episode: 348/500, Reward: -18087.77, Avg AoI: 18.09, Completed Tasks: 2921
2025-07-17 15:28:19,509 [INFO] - Episode: 349/500, Reward: -17735.09, Avg AoI: 17.74, Completed Tasks: 2952
2025-07-17 15:28:44,153 [INFO] - Episode: 350/500, Reward: -17880.97, Avg AoI: 17.88, Completed Tasks: 2957
2025-07-17 15:29:09,507 [INFO] - Episode: 351/500, Reward: -17555.40, Avg AoI: 17.56, Completed Tasks: 2980
2025-07-17 15:29:33,398 [INFO] - Episode: 352/500, Reward: -17559.06, Avg AoI: 17.56, Completed Tasks: 2993
2025-07-17 15:29:57,416 [INFO] - Episode: 353/500, Reward: -17537.94, Avg AoI: 17.54, Completed Tasks: 2995
2025-07-17 15:30:21,226 [INFO] - Episode: 354/500, Reward: -17665.91, Avg AoI: 17.67, Completed Tasks: 2981
2025-07-17 15:30:44,872 [INFO] - Episode: 355/500, Reward: -17371.69, Avg AoI: 17.37, Completed Tasks: 3014
2025-07-17 15:31:08,986 [INFO] - Episode: 356/500, Reward: -17474.37, Avg AoI: 17.47, Completed Tasks: 2999
2025-07-17 15:31:33,102 [INFO] - Episode: 357/500, Reward: -17357.23, Avg AoI: 17.36, Completed Tasks: 3008
2025-07-17 15:31:57,170 [INFO] - Episode: 358/500, Reward: -17425.03, Avg AoI: 17.43, Completed Tasks: 3001
2025-07-17 15:32:23,418 [INFO] - Episode: 359/500, Reward: -17853.20, Avg AoI: 17.85, Completed Tasks: 2946
2025-07-17 15:32:49,451 [INFO] - Episode: 360/500, Reward: -17704.23, Avg AoI: 17.70, Completed Tasks: 2973
2025-07-17 15:33:12,940 [INFO] - Episode: 361/500, Reward: -17584.97, Avg AoI: 17.58, Completed Tasks: 2997
2025-07-17 15:33:37,312 [INFO] - Episode: 362/500, Reward: -17422.03, Avg AoI: 17.42, Completed Tasks: 3008
2025-07-17 15:34:01,528 [INFO] - Episode: 363/500, Reward: -17400.40, Avg AoI: 17.40, Completed Tasks: 3010
2025-07-17 15:34:25,549 [INFO] - Episode: 364/500, Reward: -17304.54, Avg AoI: 17.30, Completed Tasks: 3035
2025-07-17 15:34:49,893 [INFO] - Episode: 365/500, Reward: -17353.17, Avg AoI: 17.35, Completed Tasks: 3023
2025-07-17 15:35:13,795 [INFO] - Episode: 366/500, Reward: -17488.40, Avg AoI: 17.49, Completed Tasks: 3003
2025-07-17 15:35:37,326 [INFO] - Episode: 367/500, Reward: -17252.23, Avg AoI: 17.25, Completed Tasks: 3034
2025-07-17 15:36:01,684 [INFO] - Episode: 368/500, Reward: -17442.54, Avg AoI: 17.44, Completed Tasks: 3002
2025-07-17 15:36:26,349 [INFO] - Episode: 369/500, Reward: -17571.49, Avg AoI: 17.57, Completed Tasks: 2998
2025-07-17 15:36:53,886 [INFO] - Episode: 370/500, Reward: -17395.14, Avg AoI: 17.40, Completed Tasks: 3016
2025-07-17 15:37:17,971 [INFO] - Episode: 371/500, Reward: -18126.14, Avg AoI: 18.13, Completed Tasks: 2944
2025-07-17 15:37:42,788 [INFO] - Episode: 372/500, Reward: -17596.89, Avg AoI: 17.60, Completed Tasks: 2985
2025-07-17 15:38:06,172 [INFO] - Episode: 373/500, Reward: -18033.80, Avg AoI: 18.03, Completed Tasks: 2947
2025-07-17 15:38:30,603 [INFO] - Episode: 374/500, Reward: -17629.91, Avg AoI: 17.63, Completed Tasks: 2989
2025-07-17 15:38:57,519 [INFO] - Episode: 375/500, Reward: -17658.91, Avg AoI: 17.66, Completed Tasks: 2991
2025-07-17 15:39:22,196 [INFO] - Episode: 376/500, Reward: -17577.49, Avg AoI: 17.58, Completed Tasks: 2983
2025-07-17 15:39:46,803 [INFO] - Episode: 377/500, Reward: -17815.29, Avg AoI: 17.82, Completed Tasks: 2974
2025-07-17 15:40:10,711 [INFO] - Episode: 378/500, Reward: -17544.34, Avg AoI: 17.54, Completed Tasks: 3004
2025-07-17 15:40:35,259 [INFO] - Episode: 379/500, Reward: -17378.83, Avg AoI: 17.38, Completed Tasks: 3028
2025-07-17 15:40:59,333 [INFO] - Episode: 380/500, Reward: -17650.46, Avg AoI: 17.65, Completed Tasks: 2998
2025-07-17 15:41:23,757 [INFO] - Episode: 381/500, Reward: -17506.20, Avg AoI: 17.51, Completed Tasks: 3005
2025-07-17 15:41:48,441 [INFO] - Episode: 382/500, Reward: -17535.17, Avg AoI: 17.54, Completed Tasks: 2993
2025-07-17 15:42:11,852 [INFO] - Episode: 383/500, Reward: -17597.31, Avg AoI: 17.60, Completed Tasks: 2978
2025-07-17 15:42:35,869 [INFO] - Episode: 384/500, Reward: -17493.83, Avg AoI: 17.49, Completed Tasks: 3004
2025-07-17 15:43:02,008 [INFO] - Episode: 385/500, Reward: -17299.14, Avg AoI: 17.30, Completed Tasks: 3019
2025-07-17 15:43:28,053 [INFO] - Episode: 386/500, Reward: -17108.00, Avg AoI: 17.11, Completed Tasks: 3054
2025-07-17 15:43:53,754 [INFO] - Episode: 387/500, Reward: -17561.40, Avg AoI: 17.56, Completed Tasks: 2997
2025-07-17 15:44:20,201 [INFO] - Episode: 388/500, Reward: -17382.37, Avg AoI: 17.38, Completed Tasks: 3016
2025-07-17 15:44:46,489 [INFO] - Episode: 389/500, Reward: -17618.86, Avg AoI: 17.62, Completed Tasks: 2999
2025-07-17 15:45:13,124 [INFO] - Episode: 390/500, Reward: -17609.26, Avg AoI: 17.61, Completed Tasks: 2989
2025-07-17 15:45:39,425 [INFO] - Episode: 391/500, Reward: -17260.14, Avg AoI: 17.26, Completed Tasks: 3031
2025-07-17 15:46:03,422 [INFO] - Episode: 392/500, Reward: -17173.57, Avg AoI: 17.17, Completed Tasks: 3043
2025-07-17 15:46:27,478 [INFO] - Episode: 393/500, Reward: -17298.94, Avg AoI: 17.30, Completed Tasks: 3024
2025-07-17 15:46:52,892 [INFO] - Episode: 394/500, Reward: -17445.74, Avg AoI: 17.45, Completed Tasks: 3029
2025-07-17 15:47:16,494 [INFO] - Episode: 395/500, Reward: -17666.11, Avg AoI: 17.67, Completed Tasks: 2969
2025-07-17 15:47:42,132 [INFO] - Episode: 396/500, Reward: -17422.03, Avg AoI: 17.42, Completed Tasks: 3019
2025-07-17 15:48:08,351 [INFO] - Episode: 397/500, Reward: -17567.97, Avg AoI: 17.57, Completed Tasks: 2997
2025-07-17 15:48:33,107 [INFO] - Episode: 398/500, Reward: -17185.26, Avg AoI: 17.19, Completed Tasks: 3050
2025-07-17 15:48:57,983 [INFO] - Episode: 399/500, Reward: -17108.54, Avg AoI: 17.11, Completed Tasks: 3052
2025-07-17 15:49:22,395 [INFO] - Episode: 400/500, Reward: -17355.57, Avg AoI: 17.36, Completed Tasks: 3017
2025-07-17 15:49:46,201 [INFO] - Episode: 401/500, Reward: -17612.89, Avg AoI: 17.61, Completed Tasks: 3005
2025-07-17 15:50:09,830 [INFO] - Episode: 402/500, Reward: -17375.89, Avg AoI: 17.38, Completed Tasks: 3017
2025-07-17 15:50:34,511 [INFO] - Episode: 403/500, Reward: -17463.14, Avg AoI: 17.46, Completed Tasks: 3003
2025-07-17 15:50:59,056 [INFO] - Episode: 404/500, Reward: -17272.20, Avg AoI: 17.27, Completed Tasks: 3035
2025-07-17 15:51:23,326 [INFO] - Episode: 405/500, Reward: -17481.40, Avg AoI: 17.48, Completed Tasks: 3014
2025-07-17 15:51:47,566 [INFO] - Episode: 406/500, Reward: -17449.71, Avg AoI: 17.45, Completed Tasks: 3012
2025-07-17 15:52:10,918 [INFO] - Episode: 407/500, Reward: -17764.71, Avg AoI: 17.76, Completed Tasks: 2980
2025-07-17 15:52:35,069 [INFO] - Episode: 408/500, Reward: -17521.31, Avg AoI: 17.52, Completed Tasks: 3011
2025-07-17 15:52:58,711 [INFO] - Episode: 409/500, Reward: -17288.29, Avg AoI: 17.29, Completed Tasks: 3035
2025-07-17 15:53:22,664 [INFO] - Episode: 410/500, Reward: -17207.40, Avg AoI: 17.21, Completed Tasks: 3048
2025-07-17 15:53:45,931 [INFO] - Episode: 411/500, Reward: -17107.17, Avg AoI: 17.11, Completed Tasks: 3066
2025-07-17 15:54:09,540 [INFO] - Episode: 412/500, Reward: -17180.11, Avg AoI: 17.18, Completed Tasks: 3057
2025-07-17 15:54:33,274 [INFO] - Episode: 413/500, Reward: -17423.31, Avg AoI: 17.42, Completed Tasks: 3023
2025-07-17 15:54:57,304 [INFO] - Episode: 414/500, Reward: -17309.57, Avg AoI: 17.31, Completed Tasks: 3037
2025-07-17 15:55:21,481 [INFO] - Episode: 415/500, Reward: -17346.06, Avg AoI: 17.35, Completed Tasks: 3043
2025-07-17 15:55:44,634 [INFO] - Episode: 416/500, Reward: -17383.66, Avg AoI: 17.38, Completed Tasks: 3042
2025-07-17 15:56:07,982 [INFO] - Episode: 417/500, Reward: -17635.71, Avg AoI: 17.64, Completed Tasks: 3009
2025-07-17 15:56:31,983 [INFO] - Episode: 418/500, Reward: -17533.51, Avg AoI: 17.53, Completed Tasks: 3021
2025-07-17 15:56:55,699 [INFO] - Episode: 419/500, Reward: -17170.80, Avg AoI: 17.17, Completed Tasks: 3056
2025-07-17 15:57:19,255 [INFO] - Episode: 420/500, Reward: -17304.71, Avg AoI: 17.30, Completed Tasks: 3033
2025-07-17 15:57:43,458 [INFO] - Episode: 421/500, Reward: -17298.69, Avg AoI: 17.30, Completed Tasks: 3040
2025-07-17 15:58:07,585 [INFO] - Episode: 422/500, Reward: -17097.66, Avg AoI: 17.10, Completed Tasks: 3072
2025-07-17 15:58:31,414 [INFO] - Episode: 423/500, Reward: -17597.43, Avg AoI: 17.60, Completed Tasks: 3007
2025-07-17 15:58:55,380 [INFO] - Episode: 424/500, Reward: -17228.94, Avg AoI: 17.23, Completed Tasks: 3057
2025-07-17 15:59:19,499 [INFO] - Episode: 425/500, Reward: -17400.37, Avg AoI: 17.40, Completed Tasks: 3043
2025-07-17 15:59:43,127 [INFO] - Episode: 426/500, Reward: -17135.49, Avg AoI: 17.14, Completed Tasks: 3056
2025-07-17 16:00:06,318 [INFO] - Episode: 427/500, Reward: -17305.20, Avg AoI: 17.31, Completed Tasks: 3035
2025-07-17 16:00:30,250 [INFO] - Episode: 428/500, Reward: -17902.06, Avg AoI: 17.90, Completed Tasks: 2965
2025-07-17 16:00:54,608 [INFO] - Episode: 429/500, Reward: -17483.00, Avg AoI: 17.48, Completed Tasks: 3023
2025-07-17 16:01:18,498 [INFO] - Episode: 430/500, Reward: -17330.09, Avg AoI: 17.33, Completed Tasks: 3030
2025-07-17 16:01:42,444 [INFO] - Episode: 431/500, Reward: -17290.03, Avg AoI: 17.29, Completed Tasks: 3043
2025-07-17 16:02:05,796 [INFO] - Episode: 432/500, Reward: -17821.37, Avg AoI: 17.82, Completed Tasks: 2968
2025-07-17 16:02:30,347 [INFO] - Episode: 433/500, Reward: -17595.91, Avg AoI: 17.60, Completed Tasks: 3013
2025-07-17 16:02:53,918 [INFO] - Episode: 434/500, Reward: -17471.94, Avg AoI: 17.47, Completed Tasks: 3024
2025-07-17 16:03:19,234 [INFO] - Episode: 435/500, Reward: -17135.26, Avg AoI: 17.14, Completed Tasks: 3059
2025-07-17 16:03:43,465 [INFO] - Episode: 436/500, Reward: -17555.63, Avg AoI: 17.56, Completed Tasks: 2996
2025-07-17 16:04:07,260 [INFO] - Episode: 437/500, Reward: -17450.71, Avg AoI: 17.45, Completed Tasks: 3030
2025-07-17 16:04:30,443 [INFO] - Episode: 438/500, Reward: -17227.11, Avg AoI: 17.23, Completed Tasks: 3055
2025-07-17 16:04:54,520 [INFO] - Episode: 439/500, Reward: -17643.46, Avg AoI: 17.64, Completed Tasks: 2998
2025-07-17 16:05:18,647 [INFO] - Episode: 440/500, Reward: -17539.83, Avg AoI: 17.54, Completed Tasks: 3017
2025-07-17 16:05:42,447 [INFO] - Episode: 441/500, Reward: -17327.00, Avg AoI: 17.33, Completed Tasks: 3043
2025-07-17 16:06:05,990 [INFO] - Episode: 442/500, Reward: -22033.06, Avg AoI: 22.03, Completed Tasks: 2973
2025-07-17 16:06:29,640 [INFO] - Episode: 443/500, Reward: -17219.71, Avg AoI: 17.22, Completed Tasks: 3059
2025-07-17 16:06:54,107 [INFO] - Episode: 444/500, Reward: -17191.91, Avg AoI: 17.19, Completed Tasks: 3058
2025-07-17 16:07:18,909 [INFO] - Episode: 445/500, Reward: -17348.54, Avg AoI: 17.35, Completed Tasks: 3035
2025-07-17 16:07:43,168 [INFO] - Episode: 446/500, Reward: -17426.43, Avg AoI: 17.43, Completed Tasks: 3038
2025-07-17 16:08:07,303 [INFO] - Episode: 447/500, Reward: -17681.40, Avg AoI: 17.68, Completed Tasks: 2989
2025-07-17 16:08:31,428 [INFO] - Episode: 448/500, Reward: -17675.40, Avg AoI: 17.68, Completed Tasks: 2993
2025-07-17 16:08:56,236 [INFO] - Episode: 449/500, Reward: -17533.97, Avg AoI: 17.53, Completed Tasks: 3017
2025-07-17 16:09:20,370 [INFO] - Episode: 450/500, Reward: -17274.77, Avg AoI: 17.27, Completed Tasks: 3036
2025-07-17 16:09:44,845 [INFO] - Episode: 451/500, Reward: -17240.17, Avg AoI: 17.24, Completed Tasks: 3052
2025-07-17 16:10:08,779 [INFO] - Episode: 452/500, Reward: -26337.63, Avg AoI: 26.34, Completed Tasks: 2905
2025-07-17 16:10:32,600 [INFO] - Episode: 453/500, Reward: -17138.80, Avg AoI: 17.14, Completed Tasks: 3058
2025-07-17 16:10:56,297 [INFO] - Episode: 454/500, Reward: -17268.83, Avg AoI: 17.27, Completed Tasks: 3051
2025-07-17 16:11:20,504 [INFO] - Episode: 455/500, Reward: -17570.63, Avg AoI: 17.57, Completed Tasks: 3002
2025-07-17 16:11:46,040 [INFO] - Episode: 456/500, Reward: -17321.20, Avg AoI: 17.32, Completed Tasks: 3052
2025-07-17 16:12:11,089 [INFO] - Episode: 457/500, Reward: -17030.66, Avg AoI: 17.03, Completed Tasks: 3085
2025-07-17 16:12:35,086 [INFO] - Episode: 458/500, Reward: -17134.66, Avg AoI: 17.13, Completed Tasks: 3064
2025-07-17 16:12:59,070 [INFO] - Episode: 459/500, Reward: -16985.40, Avg AoI: 16.99, Completed Tasks: 3078
2025-07-17 16:13:22,865 [INFO] - Episode: 460/500, Reward: -17138.66, Avg AoI: 17.14, Completed Tasks: 3059
2025-07-17 16:13:46,912 [INFO] - Episode: 461/500, Reward: -17074.97, Avg AoI: 17.07, Completed Tasks: 3070
2025-07-17 16:14:10,728 [INFO] - Episode: 462/500, Reward: -17233.26, Avg AoI: 17.23, Completed Tasks: 3054
2025-07-17 16:14:34,761 [INFO] - Episode: 463/500, Reward: -17153.26, Avg AoI: 17.15, Completed Tasks: 3052
2025-07-17 16:14:58,414 [INFO] - Episode: 464/500, Reward: -17413.06, Avg AoI: 17.41, Completed Tasks: 3031
2025-07-17 16:15:22,562 [INFO] - Episode: 465/500, Reward: -29569.06, Avg AoI: 29.57, Completed Tasks: 2985
2025-07-17 16:15:46,198 [INFO] - Episode: 466/500, Reward: -17274.43, Avg AoI: 17.27, Completed Tasks: 3048
2025-07-17 16:16:09,848 [INFO] - Episode: 467/500, Reward: -17714.26, Avg AoI: 17.71, Completed Tasks: 2996
2025-07-17 16:16:32,948 [INFO] - Episode: 468/500, Reward: -34399.86, Avg AoI: 34.40, Completed Tasks: 2945
2025-07-17 16:16:56,930 [INFO] - Episode: 469/500, Reward: -17023.06, Avg AoI: 17.02, Completed Tasks: 3079
2025-07-17 16:17:20,030 [INFO] - Episode: 470/500, Reward: -17291.54, Avg AoI: 17.29, Completed Tasks: 3043
2025-07-17 16:17:43,148 [INFO] - Episode: 471/500, Reward: -17046.00, Avg AoI: 17.05, Completed Tasks: 3084
2025-07-17 16:18:06,465 [INFO] - Episode: 472/500, Reward: -17364.54, Avg AoI: 17.36, Completed Tasks: 3027
2025-07-17 16:18:29,764 [INFO] - Episode: 473/500, Reward: -17299.34, Avg AoI: 17.30, Completed Tasks: 3052
2025-07-17 16:18:53,213 [INFO] - Episode: 474/500, Reward: -17461.34, Avg AoI: 17.46, Completed Tasks: 3022
2025-07-17 16:19:17,327 [INFO] - Episode: 475/500, Reward: -17214.80, Avg AoI: 17.21, Completed Tasks: 3050
2025-07-17 16:19:40,746 [INFO] - Episode: 476/500, Reward: -30448.57, Avg AoI: 30.45, Completed Tasks: 3001
2025-07-17 16:20:04,493 [INFO] - Episode: 477/500, Reward: -17422.46, Avg AoI: 17.42, Completed Tasks: 3033
2025-07-17 16:20:28,212 [INFO] - Episode: 478/500, Reward: -17332.60, Avg AoI: 17.33, Completed Tasks: 3046
2025-07-17 16:20:52,146 [INFO] - Episode: 479/500, Reward: -16957.69, Avg AoI: 16.96, Completed Tasks: 3089
2025-07-17 16:21:15,853 [INFO] - Episode: 480/500, Reward: -17343.51, Avg AoI: 17.34, Completed Tasks: 3035
2025-07-17 16:21:39,857 [INFO] - Episode: 481/500, Reward: -24151.91, Avg AoI: 24.15, Completed Tasks: 3020
2025-07-17 16:22:03,978 [INFO] - Episode: 482/500, Reward: -17178.29, Avg AoI: 17.18, Completed Tasks: 3059
2025-07-17 16:22:27,765 [INFO] - Episode: 483/500, Reward: -17388.11, Avg AoI: 17.39, Completed Tasks: 3029
2025-07-17 16:22:51,456 [INFO] - Episode: 484/500, Reward: -17449.57, Avg AoI: 17.45, Completed Tasks: 3020
2025-07-17 16:23:15,373 [INFO] - Episode: 485/500, Reward: -23837.63, Avg AoI: 23.84, Completed Tasks: 2954
2025-07-17 16:23:38,905 [INFO] - Episode: 486/500, Reward: -20457.80, Avg AoI: 20.46, Completed Tasks: 3001
2025-07-17 16:24:02,447 [INFO] - Episode: 487/500, Reward: -17545.06, Avg AoI: 17.55, Completed Tasks: 3019
2025-07-17 16:24:26,407 [INFO] - Episode: 488/500, Reward: -17192.31, Avg AoI: 17.19, Completed Tasks: 3059
2025-07-17 16:24:49,861 [INFO] - Episode: 489/500, Reward: -16760.49, Avg AoI: 16.76, Completed Tasks: 3119
2025-07-17 16:25:13,788 [INFO] - Episode: 490/500, Reward: -28018.80, Avg AoI: 28.02, Completed Tasks: 3020
2025-07-17 16:25:36,912 [INFO] - Episode: 491/500, Reward: -17137.54, Avg AoI: 17.14, Completed Tasks: 3064
2025-07-17 16:25:59,957 [INFO] - Episode: 492/500, Reward: -17179.34, Avg AoI: 17.18, Completed Tasks: 3055
2025-07-17 16:26:22,922 [INFO] - Episode: 493/500, Reward: -17201.11, Avg AoI: 17.20, Completed Tasks: 3063
2025-07-17 16:26:46,003 [INFO] - Episode: 494/500, Reward: -16838.00, Avg AoI: 16.84, Completed Tasks: 3113
2025-07-17 16:27:09,598 [INFO] - Episode: 495/500, Reward: -26706.66, Avg AoI: 26.71, Completed Tasks: 2970
2025-07-17 16:27:32,796 [INFO] - Episode: 496/500, Reward: -16909.63, Avg AoI: 16.91, Completed Tasks: 3106
2025-07-17 16:27:56,205 [INFO] - Episode: 497/500, Reward: -17681.77, Avg AoI: 17.68, Completed Tasks: 3042
2025-07-17 16:28:19,715 [INFO] - Episode: 498/500, Reward: -17312.40, Avg AoI: 17.31, Completed Tasks: 3044
2025-07-17 16:28:43,180 [INFO] - Episode: 499/500, Reward: -17003.80, Avg AoI: 17.00, Completed Tasks: 3092
2025-07-17 16:29:06,547 [INFO] - Episode: 500/500, Reward: -17084.06, Avg AoI: 17.08, Completed Tasks: 3078
2025-07-17 16:29:06,554 [INFO] - Training finished.
