2025-07-19 22:41:06,013 [INFO] - Logger initialized.
2025-07-19 22:41:06,013 [INFO] - --- Training Configuration ---
2025-07-19 22:41:06,013 [INFO] - n_users: 35
2025-07-19 22:41:06,013 [INFO] - n_servers: 15
2025-07-19 22:41:06,013 [INFO] - batch_proc_time: {'base': 3, 'per_task': 2}
2025-07-19 22:41:06,013 [INFO] - max_batch_size: 3
2025-07-19 22:41:06,013 [INFO] - num_episodes: 500
2025-07-19 22:41:06,013 [INFO] - episode_length: 1000
2025-07-19 22:41:06,013 [INFO] - actor_lr: 4e-05
2025-07-19 22:41:06,013 [INFO] - critic_lr: 4e-05
2025-07-19 22:41:06,013 [INFO] - gamma: 0.99
2025-07-19 22:41:06,013 [INFO] - gae_lambda: 0.95
2025-07-19 22:41:06,016 [INFO] - clip_ratio: 0.2
2025-07-19 22:41:06,016 [INFO] - update_epochs: 4
2025-07-19 22:41:06,016 [INFO] - mini_batch_size: 128
2025-07-19 22:41:06,016 [INFO] - entropy_coeff: 0.01
2025-07-19 22:41:06,016 [INFO] - max_grad_norm: 1.0
2025-07-19 22:41:06,016 [INFO] - use_global: True
2025-07-19 22:41:06,016 [INFO] - use_mean_field: True
2025-07-19 22:41:06,016 [INFO] - critic_warmup_epochs: 0
2025-07-19 22:41:06,016 [INFO] - gmm_config: {'n_components': 2, 'min_samples': 100, 'use_gmm': True, 'regularization': 1e-06}
2025-07-19 22:41:06,016 [INFO] - log_dir: logs/mappo_mf_35_15_Shared_Global_MF_GMM2_4e-05
2025-07-19 22:41:06,019 [INFO] - --------------------------
2025-07-19 22:41:07,545 [INFO] - MAPPO-MF Trainer Initialized with Shared Networks.
2025-07-19 22:41:07,545 [INFO] - Device: cpu
2025-07-19 22:41:07,545 [INFO] - User Obs Dim (including all servers): 47, Server Obs Dim: 3
2025-07-19 22:41:07,545 [INFO] - Global State Dim: 80
2025-07-19 22:41:07,545 [INFO] - Mean-field Dim: 10
2025-07-19 22:41:07,545 [INFO] - Use Global Critic: True
2025-07-19 22:41:07,545 [INFO] - Use Mean Field: True
2025-07-19 22:41:42,920 [INFO] - Episode: 1/500, Reward: -17214.97, Avg AoI: 17.21, Completed Tasks: 2930
2025-07-19 22:42:16,052 [INFO] - Episode: 2/500, Reward: -18086.34, Avg AoI: 18.09, Completed Tasks: 2873
2025-07-19 22:42:48,841 [INFO] - Episode: 3/500, Reward: -19002.11, Avg AoI: 19.00, Completed Tasks: 2807
2025-07-19 22:43:19,764 [INFO] - Episode: 4/500, Reward: -19280.31, Avg AoI: 19.28, Completed Tasks: 2798
2025-07-19 22:43:55,590 [INFO] - Episode: 5/500, Reward: -19384.94, Avg AoI: 19.38, Completed Tasks: 2818
2025-07-19 22:44:31,118 [INFO] - Episode: 6/500, Reward: -19583.89, Avg AoI: 19.58, Completed Tasks: 2790
2025-07-19 22:45:04,162 [INFO] - Episode: 7/500, Reward: -22359.11, Avg AoI: 22.36, Completed Tasks: 2560
2025-07-19 22:45:35,005 [INFO] - Episode: 8/500, Reward: -42109.77, Avg AoI: 42.11, Completed Tasks: 1980
2025-07-19 22:46:08,745 [INFO] - Episode: 9/500, Reward: -68214.23, Avg AoI: 68.21, Completed Tasks: 1489
2025-07-19 22:46:43,473 [INFO] - Episode: 10/500, Reward: -29339.09, Avg AoI: 29.34, Completed Tasks: 2301
2025-07-19 22:47:17,228 [INFO] - Episode: 11/500, Reward: -21292.57, Avg AoI: 21.29, Completed Tasks: 2677
2025-07-19 22:47:50,863 [INFO] - Episode: 12/500, Reward: -43586.23, Avg AoI: 43.59, Completed Tasks: 1948
2025-07-19 22:48:25,076 [INFO] - Episode: 13/500, Reward: -34526.34, Avg AoI: 34.53, Completed Tasks: 2204
2025-07-19 22:49:03,695 [INFO] - Episode: 14/500, Reward: -26077.71, Avg AoI: 26.08, Completed Tasks: 2441
2025-07-19 22:49:38,888 [INFO] - Episode: 15/500, Reward: -26222.91, Avg AoI: 26.22, Completed Tasks: 2357
2025-07-19 22:50:11,309 [INFO] - Episode: 16/500, Reward: -85017.34, Avg AoI: 85.02, Completed Tasks: 1145
2025-07-19 22:50:54,873 [INFO] - Episode: 17/500, Reward: -59852.03, Avg AoI: 59.85, Completed Tasks: 1599
2025-07-19 22:51:31,274 [INFO] - Episode: 18/500, Reward: -69288.23, Avg AoI: 69.29, Completed Tasks: 1478
2025-07-19 22:52:01,356 [INFO] - Episode: 19/500, Reward: -57891.20, Avg AoI: 57.89, Completed Tasks: 1587
2025-07-19 22:52:37,283 [INFO] - Episode: 20/500, Reward: -53997.86, Avg AoI: 54.00, Completed Tasks: 1708
2025-07-19 22:53:23,428 [INFO] - Episode: 21/500, Reward: -55699.91, Avg AoI: 55.70, Completed Tasks: 1654
2025-07-19 22:54:05,771 [INFO] - Episode: 22/500, Reward: -23286.00, Avg AoI: 23.29, Completed Tasks: 2476
2025-07-19 22:54:47,274 [INFO] - Episode: 23/500, Reward: -26116.49, Avg AoI: 26.12, Completed Tasks: 2453
2025-07-19 22:55:26,871 [INFO] - Episode: 24/500, Reward: -37005.49, Avg AoI: 37.01, Completed Tasks: 2040
2025-07-19 22:56:07,027 [INFO] - Episode: 25/500, Reward: -21419.11, Avg AoI: 21.42, Completed Tasks: 2640
2025-07-19 22:56:46,299 [INFO] - Episode: 26/500, Reward: -22794.86, Avg AoI: 22.79, Completed Tasks: 2573
2025-07-19 22:57:26,433 [INFO] - Episode: 27/500, Reward: -20053.20, Avg AoI: 20.05, Completed Tasks: 2786
2025-07-19 22:58:09,314 [INFO] - Episode: 28/500, Reward: -25316.86, Avg AoI: 25.32, Completed Tasks: 2455
2025-07-19 22:58:48,941 [INFO] - Episode: 29/500, Reward: -21842.51, Avg AoI: 21.84, Completed Tasks: 2667
2025-07-19 22:59:28,988 [INFO] - Episode: 30/500, Reward: -28339.09, Avg AoI: 28.34, Completed Tasks: 2282
2025-07-19 23:00:12,570 [INFO] - Episode: 31/500, Reward: -21329.97, Avg AoI: 21.33, Completed Tasks: 2684
2025-07-19 23:00:51,910 [INFO] - Episode: 32/500, Reward: -20877.29, Avg AoI: 20.88, Completed Tasks: 2709
2025-07-19 23:01:32,775 [INFO] - Episode: 33/500, Reward: -25905.34, Avg AoI: 25.91, Completed Tasks: 2397
2025-07-19 23:02:15,152 [INFO] - Episode: 34/500, Reward: -23973.69, Avg AoI: 23.97, Completed Tasks: 2457
2025-07-19 23:02:53,142 [INFO] - Episode: 35/500, Reward: -25091.74, Avg AoI: 25.09, Completed Tasks: 2423
2025-07-19 23:03:31,157 [INFO] - Episode: 36/500, Reward: -27268.43, Avg AoI: 27.27, Completed Tasks: 2295
2025-07-19 23:04:16,481 [INFO] - Episode: 37/500, Reward: -31258.69, Avg AoI: 31.26, Completed Tasks: 2197
2025-07-19 23:04:59,012 [INFO] - Episode: 38/500, Reward: -32244.34, Avg AoI: 32.24, Completed Tasks: 2138
2025-07-19 23:05:41,568 [INFO] - Episode: 39/500, Reward: -40010.17, Avg AoI: 40.01, Completed Tasks: 1845
2025-07-19 23:06:26,249 [INFO] - Episode: 40/500, Reward: -31943.63, Avg AoI: 31.94, Completed Tasks: 2045
2025-07-19 23:07:09,302 [INFO] - Episode: 41/500, Reward: -37666.63, Avg AoI: 37.67, Completed Tasks: 1848
2025-07-19 23:07:47,724 [INFO] - Episode: 42/500, Reward: -26632.29, Avg AoI: 26.63, Completed Tasks: 2228
2025-07-19 23:08:26,184 [INFO] - Episode: 43/500, Reward: -32710.00, Avg AoI: 32.71, Completed Tasks: 2072
2025-07-19 23:09:04,196 [INFO] - Episode: 44/500, Reward: -33638.26, Avg AoI: 33.64, Completed Tasks: 2019
2025-07-19 23:09:46,015 [INFO] - Episode: 45/500, Reward: -27524.91, Avg AoI: 27.52, Completed Tasks: 2214
2025-07-19 23:10:16,873 [INFO] - Episode: 46/500, Reward: -28785.46, Avg AoI: 28.79, Completed Tasks: 2139
2025-07-19 23:10:46,747 [INFO] - Episode: 47/500, Reward: -29115.14, Avg AoI: 29.12, Completed Tasks: 2096
2025-07-19 23:11:18,189 [INFO] - Episode: 48/500, Reward: -26956.74, Avg AoI: 26.96, Completed Tasks: 2234
2025-07-19 23:11:52,207 [INFO] - Episode: 49/500, Reward: -22512.37, Avg AoI: 22.51, Completed Tasks: 2452
2025-07-19 23:12:28,242 [INFO] - Episode: 50/500, Reward: -22483.51, Avg AoI: 22.48, Completed Tasks: 2491
2025-07-19 23:13:00,852 [INFO] - Episode: 51/500, Reward: -22423.51, Avg AoI: 22.42, Completed Tasks: 2487
2025-07-19 23:13:34,117 [INFO] - Episode: 52/500, Reward: -24282.57, Avg AoI: 24.28, Completed Tasks: 2346
2025-07-19 23:14:07,102 [INFO] - Episode: 53/500, Reward: -23037.34, Avg AoI: 23.04, Completed Tasks: 2438
2025-07-19 23:14:40,206 [INFO] - Episode: 54/500, Reward: -21515.46, Avg AoI: 21.52, Completed Tasks: 2585
2025-07-19 23:15:16,469 [INFO] - Episode: 55/500, Reward: -19714.43, Avg AoI: 19.71, Completed Tasks: 2723
2025-07-19 23:15:50,707 [INFO] - Episode: 56/500, Reward: -26854.94, Avg AoI: 26.85, Completed Tasks: 2327
2025-07-19 23:16:22,507 [INFO] - Episode: 57/500, Reward: -22588.80, Avg AoI: 22.59, Completed Tasks: 2520
2025-07-19 23:16:55,444 [INFO] - Episode: 58/500, Reward: -22455.77, Avg AoI: 22.46, Completed Tasks: 2532
2025-07-19 23:17:31,886 [INFO] - Episode: 59/500, Reward: -20109.66, Avg AoI: 20.11, Completed Tasks: 2702
2025-07-19 23:18:08,053 [INFO] - Episode: 60/500, Reward: -19190.69, Avg AoI: 19.19, Completed Tasks: 2789
2025-07-19 23:18:42,432 [INFO] - Episode: 61/500, Reward: -19849.80, Avg AoI: 19.85, Completed Tasks: 2717
2025-07-19 23:19:17,823 [INFO] - Episode: 62/500, Reward: -19340.17, Avg AoI: 19.34, Completed Tasks: 2757
2025-07-19 23:19:51,541 [INFO] - Episode: 63/500, Reward: -19481.09, Avg AoI: 19.48, Completed Tasks: 2771
2025-07-19 23:20:24,630 [INFO] - Episode: 64/500, Reward: -19264.69, Avg AoI: 19.26, Completed Tasks: 2774
2025-07-19 23:20:59,122 [INFO] - Episode: 65/500, Reward: -19188.23, Avg AoI: 19.19, Completed Tasks: 2786
2025-07-19 23:21:36,894 [INFO] - Episode: 66/500, Reward: -19327.57, Avg AoI: 19.33, Completed Tasks: 2798
2025-07-19 23:22:13,667 [INFO] - Episode: 67/500, Reward: -19876.91, Avg AoI: 19.88, Completed Tasks: 2732
2025-07-19 23:22:49,421 [INFO] - Episode: 68/500, Reward: -19191.17, Avg AoI: 19.19, Completed Tasks: 2800
2025-07-19 23:23:26,681 [INFO] - Episode: 69/500, Reward: -18951.23, Avg AoI: 18.95, Completed Tasks: 2849
2025-07-19 23:24:00,841 [INFO] - Episode: 70/500, Reward: -19141.54, Avg AoI: 19.14, Completed Tasks: 2831
2025-07-19 23:24:32,304 [INFO] - Episode: 71/500, Reward: -17888.00, Avg AoI: 17.89, Completed Tasks: 2963
2025-07-19 23:25:03,884 [INFO] - Episode: 72/500, Reward: -17929.63, Avg AoI: 17.93, Completed Tasks: 2945
2025-07-19 23:25:40,143 [INFO] - Episode: 73/500, Reward: -17888.57, Avg AoI: 17.89, Completed Tasks: 2960
2025-07-19 23:26:16,127 [INFO] - Episode: 74/500, Reward: -18418.77, Avg AoI: 18.42, Completed Tasks: 2894
2025-07-19 23:26:49,268 [INFO] - Episode: 75/500, Reward: -18306.97, Avg AoI: 18.31, Completed Tasks: 2907
2025-07-19 23:27:23,028 [INFO] - Episode: 76/500, Reward: -20231.74, Avg AoI: 20.23, Completed Tasks: 2761
2025-07-19 23:28:00,544 [INFO] - Episode: 77/500, Reward: -19601.97, Avg AoI: 19.60, Completed Tasks: 2783
2025-07-19 23:28:44,308 [INFO] - Episode: 78/500, Reward: -18546.46, Avg AoI: 18.55, Completed Tasks: 2887
2025-07-19 23:29:18,487 [INFO] - Episode: 79/500, Reward: -19904.29, Avg AoI: 19.90, Completed Tasks: 2755
2025-07-19 23:29:50,417 [INFO] - Episode: 80/500, Reward: -20590.09, Avg AoI: 20.59, Completed Tasks: 2684
2025-07-19 23:30:22,499 [INFO] - Episode: 81/500, Reward: -19065.94, Avg AoI: 19.07, Completed Tasks: 2808
2025-07-19 23:30:53,781 [INFO] - Episode: 82/500, Reward: -19670.83, Avg AoI: 19.67, Completed Tasks: 2736
2025-07-19 23:31:26,803 [INFO] - Episode: 83/500, Reward: -19452.51, Avg AoI: 19.45, Completed Tasks: 2792
2025-07-19 23:32:00,785 [INFO] - Episode: 84/500, Reward: -23863.46, Avg AoI: 23.86, Completed Tasks: 2498
2025-07-19 23:32:32,804 [INFO] - Episode: 85/500, Reward: -18770.83, Avg AoI: 18.77, Completed Tasks: 2880
2025-07-19 23:33:05,106 [INFO] - Episode: 86/500, Reward: -18716.66, Avg AoI: 18.72, Completed Tasks: 2863
2025-07-19 23:33:36,814 [INFO] - Episode: 87/500, Reward: -18336.26, Avg AoI: 18.34, Completed Tasks: 2914
2025-07-19 23:34:08,623 [INFO] - Episode: 88/500, Reward: -18977.37, Avg AoI: 18.98, Completed Tasks: 2870
2025-07-19 23:34:39,822 [INFO] - Episode: 89/500, Reward: -18371.77, Avg AoI: 18.37, Completed Tasks: 2944
2025-07-19 23:35:11,661 [INFO] - Episode: 90/500, Reward: -18629.89, Avg AoI: 18.63, Completed Tasks: 2888
2025-07-19 23:35:43,654 [INFO] - Episode: 91/500, Reward: -17825.03, Avg AoI: 17.83, Completed Tasks: 2972
2025-07-19 23:36:17,687 [INFO] - Episode: 92/500, Reward: -21629.77, Avg AoI: 21.63, Completed Tasks: 2656
2025-07-19 23:36:49,962 [INFO] - Episode: 93/500, Reward: -19024.23, Avg AoI: 19.02, Completed Tasks: 2870
2025-07-19 23:37:22,026 [INFO] - Episode: 94/500, Reward: -18194.17, Avg AoI: 18.19, Completed Tasks: 2925
2025-07-19 23:37:55,225 [INFO] - Episode: 95/500, Reward: -17824.14, Avg AoI: 17.82, Completed Tasks: 2984
2025-07-19 23:38:27,292 [INFO] - Episode: 96/500, Reward: -19344.26, Avg AoI: 19.34, Completed Tasks: 2770
2025-07-19 23:38:58,703 [INFO] - Episode: 97/500, Reward: -17548.94, Avg AoI: 17.55, Completed Tasks: 3018
2025-07-19 23:39:29,885 [INFO] - Episode: 98/500, Reward: -18680.51, Avg AoI: 18.68, Completed Tasks: 2880
2025-07-19 23:40:02,791 [INFO] - Episode: 99/500, Reward: -18874.51, Avg AoI: 18.87, Completed Tasks: 2859
2025-07-19 23:40:35,728 [INFO] - Episode: 100/500, Reward: -17604.46, Avg AoI: 17.60, Completed Tasks: 3021
2025-07-19 23:41:07,619 [INFO] - Episode: 101/500, Reward: -21298.00, Avg AoI: 21.30, Completed Tasks: 2536
2025-07-19 23:41:41,880 [INFO] - Episode: 102/500, Reward: -19532.83, Avg AoI: 19.53, Completed Tasks: 2725
2025-07-19 23:42:13,646 [INFO] - Episode: 103/500, Reward: -18628.94, Avg AoI: 18.63, Completed Tasks: 2847
2025-07-19 23:42:43,841 [INFO] - Episode: 104/500, Reward: -18187.43, Avg AoI: 18.19, Completed Tasks: 2936
2025-07-19 23:43:16,009 [INFO] - Episode: 105/500, Reward: -17091.80, Avg AoI: 17.09, Completed Tasks: 3072
2025-07-19 23:43:49,395 [INFO] - Episode: 106/500, Reward: -17520.26, Avg AoI: 17.52, Completed Tasks: 3012
2025-07-19 23:44:20,652 [INFO] - Episode: 107/500, Reward: -17549.40, Avg AoI: 17.55, Completed Tasks: 3036
2025-07-19 23:44:52,903 [INFO] - Episode: 108/500, Reward: -17450.20, Avg AoI: 17.45, Completed Tasks: 3022
2025-07-19 23:45:27,545 [INFO] - Episode: 109/500, Reward: -17914.66, Avg AoI: 17.91, Completed Tasks: 2989
2025-07-19 23:46:00,452 [INFO] - Episode: 110/500, Reward: -17283.40, Avg AoI: 17.28, Completed Tasks: 3063
2025-07-19 23:46:31,461 [INFO] - Episode: 111/500, Reward: -17406.77, Avg AoI: 17.41, Completed Tasks: 3044
2025-07-19 23:47:01,566 [INFO] - Episode: 112/500, Reward: -17195.03, Avg AoI: 17.20, Completed Tasks: 3082
2025-07-19 23:47:34,590 [INFO] - Episode: 113/500, Reward: -18766.37, Avg AoI: 18.77, Completed Tasks: 2918
2025-07-19 23:48:07,429 [INFO] - Episode: 114/500, Reward: -17872.91, Avg AoI: 17.87, Completed Tasks: 2986
2025-07-19 23:48:38,599 [INFO] - Episode: 115/500, Reward: -17922.34, Avg AoI: 17.92, Completed Tasks: 2972
2025-07-19 23:49:10,241 [INFO] - Episode: 116/500, Reward: -17870.46, Avg AoI: 17.87, Completed Tasks: 3004
2025-07-19 23:49:45,558 [INFO] - Episode: 117/500, Reward: -17966.14, Avg AoI: 17.97, Completed Tasks: 2984
2025-07-19 23:50:18,143 [INFO] - Episode: 118/500, Reward: -17307.20, Avg AoI: 17.31, Completed Tasks: 3060
2025-07-19 23:50:49,267 [INFO] - Episode: 119/500, Reward: -18323.89, Avg AoI: 18.32, Completed Tasks: 2925
2025-07-19 23:51:19,737 [INFO] - Episode: 120/500, Reward: -17033.66, Avg AoI: 17.03, Completed Tasks: 3103
2025-07-19 23:51:53,680 [INFO] - Episode: 121/500, Reward: -17287.74, Avg AoI: 17.29, Completed Tasks: 3062
2025-07-19 23:52:26,424 [INFO] - Episode: 122/500, Reward: -17775.69, Avg AoI: 17.78, Completed Tasks: 3002
2025-07-19 23:52:58,235 [INFO] - Episode: 123/500, Reward: -17264.49, Avg AoI: 17.26, Completed Tasks: 3067
2025-07-19 23:53:31,112 [INFO] - Episode: 124/500, Reward: -17041.54, Avg AoI: 17.04, Completed Tasks: 3095
2025-07-19 23:54:06,529 [INFO] - Episode: 125/500, Reward: -17962.14, Avg AoI: 17.96, Completed Tasks: 2968
2025-07-19 23:54:39,335 [INFO] - Episode: 126/500, Reward: -17934.40, Avg AoI: 17.93, Completed Tasks: 2991
2025-07-19 23:55:10,765 [INFO] - Episode: 127/500, Reward: -17292.91, Avg AoI: 17.29, Completed Tasks: 3060
2025-07-19 23:55:42,747 [INFO] - Episode: 128/500, Reward: -17126.57, Avg AoI: 17.13, Completed Tasks: 3100
2025-07-19 23:56:15,532 [INFO] - Episode: 129/500, Reward: -17948.94, Avg AoI: 17.95, Completed Tasks: 2981
2025-07-19 23:56:48,096 [INFO] - Episode: 130/500, Reward: -18317.89, Avg AoI: 18.32, Completed Tasks: 2960
2025-07-19 23:57:20,832 [INFO] - Episode: 131/500, Reward: -18426.60, Avg AoI: 18.43, Completed Tasks: 2922
2025-07-19 23:57:54,440 [INFO] - Episode: 132/500, Reward: -17472.49, Avg AoI: 17.47, Completed Tasks: 3062
2025-07-19 23:58:30,424 [INFO] - Episode: 133/500, Reward: -17177.00, Avg AoI: 17.18, Completed Tasks: 3074
2025-07-19 23:59:04,006 [INFO] - Episode: 134/500, Reward: -17486.69, Avg AoI: 17.49, Completed Tasks: 3045
2025-07-19 23:59:35,501 [INFO] - Episode: 135/500, Reward: -17512.74, Avg AoI: 17.51, Completed Tasks: 3041
2025-07-20 00:00:08,508 [INFO] - Episode: 136/500, Reward: -18485.46, Avg AoI: 18.49, Completed Tasks: 2917
2025-07-20 00:00:41,403 [INFO] - Episode: 137/500, Reward: -17505.83, Avg AoI: 17.51, Completed Tasks: 3030
2025-07-20 00:01:13,850 [INFO] - Episode: 138/500, Reward: -18675.29, Avg AoI: 18.68, Completed Tasks: 2919
2025-07-20 00:01:47,057 [INFO] - Episode: 139/500, Reward: -18639.46, Avg AoI: 18.64, Completed Tasks: 2970
2025-07-20 00:02:22,088 [INFO] - Episode: 140/500, Reward: -18353.26, Avg AoI: 18.35, Completed Tasks: 2980
2025-07-20 00:02:57,251 [INFO] - Episode: 141/500, Reward: -16541.54, Avg AoI: 16.54, Completed Tasks: 3190
2025-07-20 00:03:31,544 [INFO] - Episode: 142/500, Reward: -17163.29, Avg AoI: 17.16, Completed Tasks: 3084
2025-07-20 00:04:05,972 [INFO] - Episode: 143/500, Reward: -16723.69, Avg AoI: 16.72, Completed Tasks: 3151
2025-07-20 00:04:39,900 [INFO] - Episode: 144/500, Reward: -17337.06, Avg AoI: 17.34, Completed Tasks: 3076
2025-07-20 00:05:12,252 [INFO] - Episode: 145/500, Reward: -16975.20, Avg AoI: 16.98, Completed Tasks: 3127
2025-07-20 00:05:44,301 [INFO] - Episode: 146/500, Reward: -17044.03, Avg AoI: 17.04, Completed Tasks: 3102
2025-07-20 00:06:17,626 [INFO] - Episode: 147/500, Reward: -17194.26, Avg AoI: 17.19, Completed Tasks: 3102
2025-07-20 00:06:52,570 [INFO] - Episode: 148/500, Reward: -16577.34, Avg AoI: 16.58, Completed Tasks: 3171
2025-07-20 00:07:25,177 [INFO] - Episode: 149/500, Reward: -17031.43, Avg AoI: 17.03, Completed Tasks: 3121
2025-07-20 00:07:57,088 [INFO] - Episode: 150/500, Reward: -16962.60, Avg AoI: 16.96, Completed Tasks: 3124
2025-07-20 00:08:33,802 [INFO] - Episode: 151/500, Reward: -18863.54, Avg AoI: 18.86, Completed Tasks: 2857
2025-07-20 00:09:09,371 [INFO] - Episode: 152/500, Reward: -19088.60, Avg AoI: 19.09, Completed Tasks: 2819
2025-07-20 00:09:40,454 [INFO] - Episode: 153/500, Reward: -18255.23, Avg AoI: 18.26, Completed Tasks: 2872
2025-07-20 00:10:12,223 [INFO] - Episode: 154/500, Reward: -18274.71, Avg AoI: 18.27, Completed Tasks: 2877
2025-07-20 00:10:50,070 [INFO] - Episode: 155/500, Reward: -18088.89, Avg AoI: 18.09, Completed Tasks: 2914
2025-07-20 00:11:24,808 [INFO] - Episode: 156/500, Reward: -18081.66, Avg AoI: 18.08, Completed Tasks: 2909
2025-07-20 00:11:56,632 [INFO] - Episode: 157/500, Reward: -17671.00, Avg AoI: 17.67, Completed Tasks: 2954
2025-07-20 00:12:30,535 [INFO] - Episode: 158/500, Reward: -17749.60, Avg AoI: 17.75, Completed Tasks: 2972
2025-07-20 00:13:08,853 [INFO] - Episode: 159/500, Reward: -18371.83, Avg AoI: 18.37, Completed Tasks: 2930
2025-07-20 00:13:42,592 [INFO] - Episode: 160/500, Reward: -18206.77, Avg AoI: 18.21, Completed Tasks: 2930
2025-07-20 00:14:13,746 [INFO] - Episode: 161/500, Reward: -17781.77, Avg AoI: 17.78, Completed Tasks: 2973
2025-07-20 00:14:47,695 [INFO] - Episode: 162/500, Reward: -17614.86, Avg AoI: 17.61, Completed Tasks: 3010
2025-07-20 00:15:24,948 [INFO] - Episode: 163/500, Reward: -17971.26, Avg AoI: 17.97, Completed Tasks: 2963
2025-07-20 00:15:58,580 [INFO] - Episode: 164/500, Reward: -17673.51, Avg AoI: 17.67, Completed Tasks: 2987
2025-07-20 00:16:30,881 [INFO] - Episode: 165/500, Reward: -18266.40, Avg AoI: 18.27, Completed Tasks: 2931
2025-07-20 00:17:09,303 [INFO] - Episode: 166/500, Reward: -19043.26, Avg AoI: 19.04, Completed Tasks: 2871
2025-07-20 00:17:45,447 [INFO] - Episode: 167/500, Reward: -17989.91, Avg AoI: 17.99, Completed Tasks: 2958
2025-07-20 00:18:19,367 [INFO] - Episode: 168/500, Reward: -18912.43, Avg AoI: 18.91, Completed Tasks: 2881
2025-07-20 00:18:52,846 [INFO] - Episode: 169/500, Reward: -18290.69, Avg AoI: 18.29, Completed Tasks: 2947
2025-07-20 00:19:28,744 [INFO] - Episode: 170/500, Reward: -17500.66, Avg AoI: 17.50, Completed Tasks: 3021
2025-07-20 00:20:02,362 [INFO] - Episode: 171/500, Reward: -17122.51, Avg AoI: 17.12, Completed Tasks: 3069
2025-07-20 00:20:38,386 [INFO] - Episode: 172/500, Reward: -17013.54, Avg AoI: 17.01, Completed Tasks: 3094
2025-07-20 00:21:14,154 [INFO] - Episode: 173/500, Reward: -18766.20, Avg AoI: 18.77, Completed Tasks: 2944
2025-07-20 00:21:47,624 [INFO] - Episode: 174/500, Reward: -17601.34, Avg AoI: 17.60, Completed Tasks: 3027
2025-07-20 00:22:20,239 [INFO] - Episode: 175/500, Reward: -17173.20, Avg AoI: 17.17, Completed Tasks: 3071
2025-07-20 00:22:56,526 [INFO] - Episode: 176/500, Reward: -17059.43, Avg AoI: 17.06, Completed Tasks: 3082
2025-07-20 00:23:31,512 [INFO] - Episode: 177/500, Reward: -17110.49, Avg AoI: 17.11, Completed Tasks: 3088
2025-07-20 00:24:03,018 [INFO] - Episode: 178/500, Reward: -17000.60, Avg AoI: 17.00, Completed Tasks: 3104
2025-07-20 00:24:34,459 [INFO] - Episode: 179/500, Reward: -18745.63, Avg AoI: 18.75, Completed Tasks: 2923
2025-07-20 00:25:11,841 [INFO] - Episode: 180/500, Reward: -17437.20, Avg AoI: 17.44, Completed Tasks: 3036
2025-07-20 00:25:47,558 [INFO] - Episode: 181/500, Reward: -17147.00, Avg AoI: 17.15, Completed Tasks: 3074
2025-07-20 00:26:20,427 [INFO] - Episode: 182/500, Reward: -18010.51, Avg AoI: 18.01, Completed Tasks: 2982
2025-07-20 00:26:54,408 [INFO] - Episode: 183/500, Reward: -17143.49, Avg AoI: 17.14, Completed Tasks: 3063
2025-07-20 00:27:31,701 [INFO] - Episode: 184/500, Reward: -17459.40, Avg AoI: 17.46, Completed Tasks: 3035
2025-07-20 00:28:04,706 [INFO] - Episode: 185/500, Reward: -16972.86, Avg AoI: 16.97, Completed Tasks: 3101
2025-07-20 00:28:35,928 [INFO] - Episode: 186/500, Reward: -17552.63, Avg AoI: 17.55, Completed Tasks: 3024
2025-07-20 00:29:09,663 [INFO] - Episode: 187/500, Reward: -17066.89, Avg AoI: 17.07, Completed Tasks: 3101
2025-07-20 00:29:47,405 [INFO] - Episode: 188/500, Reward: -17277.51, Avg AoI: 17.28, Completed Tasks: 3077
2025-07-20 00:30:22,236 [INFO] - Episode: 189/500, Reward: -17127.63, Avg AoI: 17.13, Completed Tasks: 3076
2025-07-20 00:30:54,753 [INFO] - Episode: 190/500, Reward: -17024.80, Avg AoI: 17.02, Completed Tasks: 3096
2025-07-20 00:31:29,757 [INFO] - Episode: 191/500, Reward: -17582.57, Avg AoI: 17.58, Completed Tasks: 3027
2025-07-20 00:32:06,822 [INFO] - Episode: 192/500, Reward: -16996.63, Avg AoI: 17.00, Completed Tasks: 3091
2025-07-20 00:32:40,829 [INFO] - Episode: 193/500, Reward: -18787.91, Avg AoI: 18.79, Completed Tasks: 2939
2025-07-20 00:33:12,589 [INFO] - Episode: 194/500, Reward: -17463.09, Avg AoI: 17.46, Completed Tasks: 3036
2025-07-20 00:33:49,661 [INFO] - Episode: 195/500, Reward: -17906.34, Avg AoI: 17.91, Completed Tasks: 2996
2025-07-20 00:34:26,192 [INFO] - Episode: 196/500, Reward: -17210.91, Avg AoI: 17.21, Completed Tasks: 3089
2025-07-20 00:35:00,778 [INFO] - Episode: 197/500, Reward: -17433.74, Avg AoI: 17.43, Completed Tasks: 3058
2025-07-20 00:35:34,134 [INFO] - Episode: 198/500, Reward: -17682.06, Avg AoI: 17.68, Completed Tasks: 3005
2025-07-20 00:36:11,995 [INFO] - Episode: 199/500, Reward: -19010.97, Avg AoI: 19.01, Completed Tasks: 2878
2025-07-20 00:36:47,205 [INFO] - Episode: 200/500, Reward: -19299.23, Avg AoI: 19.30, Completed Tasks: 2863
2025-07-20 00:37:21,249 [INFO] - Episode: 201/500, Reward: -19286.54, Avg AoI: 19.29, Completed Tasks: 2859
2025-07-20 00:37:55,161 [INFO] - Episode: 202/500, Reward: -17249.34, Avg AoI: 17.25, Completed Tasks: 3066
2025-07-20 00:38:31,621 [INFO] - Episode: 203/500, Reward: -17006.74, Avg AoI: 17.01, Completed Tasks: 3105
2025-07-20 00:39:06,601 [INFO] - Episode: 204/500, Reward: -17265.43, Avg AoI: 17.27, Completed Tasks: 3065
2025-07-20 00:39:41,479 [INFO] - Episode: 205/500, Reward: -18704.83, Avg AoI: 18.70, Completed Tasks: 2943
2025-07-20 00:40:18,182 [INFO] - Episode: 206/500, Reward: -19750.66, Avg AoI: 19.75, Completed Tasks: 2897
2025-07-20 00:40:50,872 [INFO] - Episode: 207/500, Reward: -87050.49, Avg AoI: 87.05, Completed Tasks: 1326
2025-07-20 00:41:22,447 [INFO] - Episode: 208/500, Reward: -100858.51, Avg AoI: 100.86, Completed Tasks: 1058
2025-07-20 00:41:54,235 [INFO] - Episode: 209/500, Reward: -19779.31, Avg AoI: 19.78, Completed Tasks: 2892
2025-07-20 00:42:27,426 [INFO] - Episode: 210/500, Reward: -17393.43, Avg AoI: 17.39, Completed Tasks: 3072
2025-07-20 00:42:58,903 [INFO] - Episode: 211/500, Reward: -17678.60, Avg AoI: 17.68, Completed Tasks: 3048
2025-07-20 00:43:30,511 [INFO] - Episode: 212/500, Reward: -17769.69, Avg AoI: 17.77, Completed Tasks: 3014
2025-07-20 00:44:02,780 [INFO] - Episode: 213/500, Reward: -16920.57, Avg AoI: 16.92, Completed Tasks: 3141
2025-07-20 00:44:38,267 [INFO] - Episode: 214/500, Reward: -16974.11, Avg AoI: 16.97, Completed Tasks: 3137
2025-07-20 00:45:10,539 [INFO] - Episode: 215/500, Reward: -17094.91, Avg AoI: 17.09, Completed Tasks: 3118
2025-07-20 00:45:42,315 [INFO] - Episode: 216/500, Reward: -18045.66, Avg AoI: 18.05, Completed Tasks: 3008
2025-07-20 00:46:14,980 [INFO] - Episode: 217/500, Reward: -17266.06, Avg AoI: 17.27, Completed Tasks: 3091
2025-07-20 00:46:47,185 [INFO] - Episode: 218/500, Reward: -16546.34, Avg AoI: 16.55, Completed Tasks: 3181
2025-07-20 00:47:18,090 [INFO] - Episode: 219/500, Reward: -17284.40, Avg AoI: 17.28, Completed Tasks: 3081
2025-07-20 00:47:49,275 [INFO] - Episode: 220/500, Reward: -16757.11, Avg AoI: 16.76, Completed Tasks: 3107
2025-07-20 00:48:22,347 [INFO] - Episode: 221/500, Reward: -17337.60, Avg AoI: 17.34, Completed Tasks: 3030
2025-07-20 00:48:57,396 [INFO] - Episode: 222/500, Reward: -16484.63, Avg AoI: 16.48, Completed Tasks: 3081
2025-07-20 00:49:29,208 [INFO] - Episode: 223/500, Reward: -16892.20, Avg AoI: 16.89, Completed Tasks: 3024
2025-07-20 00:50:00,264 [INFO] - Episode: 224/500, Reward: -16342.49, Avg AoI: 16.34, Completed Tasks: 3071
2025-07-20 00:50:32,314 [INFO] - Episode: 225/500, Reward: -17792.11, Avg AoI: 17.79, Completed Tasks: 2966
2025-07-20 00:51:04,335 [INFO] - Episode: 226/500, Reward: -16663.89, Avg AoI: 16.66, Completed Tasks: 3036
2025-07-20 00:51:34,865 [INFO] - Episode: 227/500, Reward: -16667.43, Avg AoI: 16.67, Completed Tasks: 3031
2025-07-20 00:52:05,400 [INFO] - Episode: 228/500, Reward: -16180.11, Avg AoI: 16.18, Completed Tasks: 3087
2025-07-20 00:52:38,945 [INFO] - Episode: 229/500, Reward: -16584.06, Avg AoI: 16.58, Completed Tasks: 3055
2025-07-20 00:53:13,358 [INFO] - Episode: 230/500, Reward: -16781.83, Avg AoI: 16.78, Completed Tasks: 3024
2025-07-20 00:53:45,582 [INFO] - Episode: 231/500, Reward: -16598.46, Avg AoI: 16.60, Completed Tasks: 3026
2025-07-20 00:54:17,162 [INFO] - Episode: 232/500, Reward: -16629.57, Avg AoI: 16.63, Completed Tasks: 3063
2025-07-20 00:54:49,088 [INFO] - Episode: 233/500, Reward: -16202.77, Avg AoI: 16.20, Completed Tasks: 3096
2025-07-20 00:55:22,453 [INFO] - Episode: 234/500, Reward: -16893.69, Avg AoI: 16.89, Completed Tasks: 3043
2025-07-20 00:55:54,271 [INFO] - Episode: 235/500, Reward: -16659.29, Avg AoI: 16.66, Completed Tasks: 3041
2025-07-20 00:56:26,740 [INFO] - Episode: 236/500, Reward: -16901.51, Avg AoI: 16.90, Completed Tasks: 3032
2025-07-20 00:57:01,802 [INFO] - Episode: 237/500, Reward: -16605.77, Avg AoI: 16.61, Completed Tasks: 3057
2025-07-20 00:57:36,240 [INFO] - Episode: 238/500, Reward: -16651.71, Avg AoI: 16.65, Completed Tasks: 3062
2025-07-20 00:58:07,625 [INFO] - Episode: 239/500, Reward: -16427.49, Avg AoI: 16.43, Completed Tasks: 3070
2025-07-20 00:58:39,519 [INFO] - Episode: 240/500, Reward: -16202.00, Avg AoI: 16.20, Completed Tasks: 3118
2025-07-20 00:59:12,542 [INFO] - Episode: 241/500, Reward: -16180.89, Avg AoI: 16.18, Completed Tasks: 3109
2025-07-20 00:59:44,939 [INFO] - Episode: 242/500, Reward: -15960.29, Avg AoI: 15.96, Completed Tasks: 3128
2025-07-20 01:00:15,973 [INFO] - Episode: 243/500, Reward: -16908.03, Avg AoI: 16.91, Completed Tasks: 3025
2025-07-20 01:00:48,781 [INFO] - Episode: 244/500, Reward: -16579.37, Avg AoI: 16.58, Completed Tasks: 3060
2025-07-20 01:01:24,685 [INFO] - Episode: 245/500, Reward: -16330.26, Avg AoI: 16.33, Completed Tasks: 3079
2025-07-20 01:01:57,411 [INFO] - Episode: 246/500, Reward: -17338.51, Avg AoI: 17.34, Completed Tasks: 3027
2025-07-20 01:02:28,454 [INFO] - Episode: 247/500, Reward: -16349.66, Avg AoI: 16.35, Completed Tasks: 3087
2025-07-20 01:02:59,381 [INFO] - Episode: 248/500, Reward: -15933.57, Avg AoI: 15.93, Completed Tasks: 3150
2025-07-20 01:03:34,824 [INFO] - Episode: 249/500, Reward: -16416.60, Avg AoI: 16.42, Completed Tasks: 3090
2025-07-20 01:04:08,278 [INFO] - Episode: 250/500, Reward: -16554.80, Avg AoI: 16.55, Completed Tasks: 3059
2025-07-20 01:04:39,796 [INFO] - Episode: 251/500, Reward: -16871.97, Avg AoI: 16.87, Completed Tasks: 2987
2025-07-20 01:05:14,243 [INFO] - Episode: 252/500, Reward: -17234.97, Avg AoI: 17.23, Completed Tasks: 2948
2025-07-20 01:05:51,970 [INFO] - Episode: 253/500, Reward: -16832.91, Avg AoI: 16.83, Completed Tasks: 2990
2025-07-20 01:06:23,121 [INFO] - Episode: 254/500, Reward: -16964.46, Avg AoI: 16.96, Completed Tasks: 2974
2025-07-20 01:06:53,271 [INFO] - Episode: 255/500, Reward: -17036.20, Avg AoI: 17.04, Completed Tasks: 2978
2025-07-20 01:07:26,788 [INFO] - Episode: 256/500, Reward: -16648.71, Avg AoI: 16.65, Completed Tasks: 3014
2025-07-20 01:08:02,708 [INFO] - Episode: 257/500, Reward: -16441.74, Avg AoI: 16.44, Completed Tasks: 3036
2025-07-20 01:08:36,086 [INFO] - Episode: 258/500, Reward: -16389.23, Avg AoI: 16.39, Completed Tasks: 3043
2025-07-20 01:09:08,596 [INFO] - Episode: 259/500, Reward: -16618.14, Avg AoI: 16.62, Completed Tasks: 3015
2025-07-20 01:09:45,734 [INFO] - Episode: 260/500, Reward: -16568.51, Avg AoI: 16.57, Completed Tasks: 3033
2025-07-20 01:10:20,466 [INFO] - Episode: 261/500, Reward: -16604.31, Avg AoI: 16.60, Completed Tasks: 3035
2025-07-20 01:10:52,250 [INFO] - Episode: 262/500, Reward: -16444.69, Avg AoI: 16.44, Completed Tasks: 3058
2025-07-20 01:11:23,397 [INFO] - Episode: 263/500, Reward: -16326.71, Avg AoI: 16.33, Completed Tasks: 3073
2025-07-20 01:11:59,729 [INFO] - Episode: 264/500, Reward: -16687.77, Avg AoI: 16.69, Completed Tasks: 3023
2025-07-20 01:12:34,760 [INFO] - Episode: 265/500, Reward: -16512.94, Avg AoI: 16.51, Completed Tasks: 3048
2025-07-20 01:13:08,171 [INFO] - Episode: 266/500, Reward: -16804.09, Avg AoI: 16.80, Completed Tasks: 3020
2025-07-20 01:13:42,509 [INFO] - Episode: 267/500, Reward: -16914.77, Avg AoI: 16.91, Completed Tasks: 3026
2025-07-20 01:14:18,779 [INFO] - Episode: 268/500, Reward: -16926.89, Avg AoI: 16.93, Completed Tasks: 3027
2025-07-20 01:14:51,298 [INFO] - Episode: 269/500, Reward: -16513.71, Avg AoI: 16.51, Completed Tasks: 3068
2025-07-20 01:15:23,444 [INFO] - Episode: 270/500, Reward: -16539.89, Avg AoI: 16.54, Completed Tasks: 3056
2025-07-20 01:15:56,769 [INFO] - Episode: 271/500, Reward: -16432.86, Avg AoI: 16.43, Completed Tasks: 3063
2025-07-20 01:16:29,923 [INFO] - Episode: 272/500, Reward: -16390.63, Avg AoI: 16.39, Completed Tasks: 3053
2025-07-20 01:17:02,548 [INFO] - Episode: 273/500, Reward: -17110.40, Avg AoI: 17.11, Completed Tasks: 3009
2025-07-20 01:17:35,030 [INFO] - Episode: 274/500, Reward: -16369.86, Avg AoI: 16.37, Completed Tasks: 3077
2025-07-20 01:18:10,545 [INFO] - Episode: 275/500, Reward: -16505.94, Avg AoI: 16.51, Completed Tasks: 3064
2025-07-20 01:18:43,461 [INFO] - Episode: 276/500, Reward: -16380.66, Avg AoI: 16.38, Completed Tasks: 3067
2025-07-20 01:19:14,902 [INFO] - Episode: 277/500, Reward: -16316.57, Avg AoI: 16.32, Completed Tasks: 3078
2025-07-20 01:19:45,981 [INFO] - Episode: 278/500, Reward: -16594.34, Avg AoI: 16.59, Completed Tasks: 3048
2025-07-20 01:20:21,782 [INFO] - Episode: 279/500, Reward: -16897.00, Avg AoI: 16.90, Completed Tasks: 3026
2025-07-20 01:20:54,889 [INFO] - Episode: 280/500, Reward: -16463.31, Avg AoI: 16.46, Completed Tasks: 3063
2025-07-20 01:21:26,731 [INFO] - Episode: 281/500, Reward: -16211.97, Avg AoI: 16.21, Completed Tasks: 3087
2025-07-20 01:21:59,183 [INFO] - Episode: 282/500, Reward: -16299.23, Avg AoI: 16.30, Completed Tasks: 3087
2025-07-20 01:22:36,067 [INFO] - Episode: 283/500, Reward: -16094.09, Avg AoI: 16.09, Completed Tasks: 3078
2025-07-20 01:23:07,304 [INFO] - Episode: 284/500, Reward: -16311.23, Avg AoI: 16.31, Completed Tasks: 3090
2025-07-20 01:23:37,571 [INFO] - Episode: 285/500, Reward: -16544.86, Avg AoI: 16.54, Completed Tasks: 3066
2025-07-20 01:24:09,820 [INFO] - Episode: 286/500, Reward: -16173.03, Avg AoI: 16.17, Completed Tasks: 3098
2025-07-20 01:24:47,436 [INFO] - Episode: 287/500, Reward: -16561.77, Avg AoI: 16.56, Completed Tasks: 3028
2025-07-20 01:25:20,645 [INFO] - Episode: 288/500, Reward: -16471.26, Avg AoI: 16.47, Completed Tasks: 3049
2025-07-20 01:25:52,357 [INFO] - Episode: 289/500, Reward: -16500.09, Avg AoI: 16.50, Completed Tasks: 3052
2025-07-20 01:26:27,983 [INFO] - Episode: 290/500, Reward: -16428.69, Avg AoI: 16.43, Completed Tasks: 3046
2025-07-20 01:27:03,477 [INFO] - Episode: 291/500, Reward: -16045.89, Avg AoI: 16.05, Completed Tasks: 3118
2025-07-20 01:27:35,378 [INFO] - Episode: 292/500, Reward: -16002.57, Avg AoI: 16.00, Completed Tasks: 3096
2025-07-20 01:28:06,473 [INFO] - Episode: 293/500, Reward: -16469.97, Avg AoI: 16.47, Completed Tasks: 3037
2025-07-20 01:28:43,738 [INFO] - Episode: 294/500, Reward: -15826.80, Avg AoI: 15.83, Completed Tasks: 3120
2025-07-20 01:29:19,822 [INFO] - Episode: 295/500, Reward: -16420.03, Avg AoI: 16.42, Completed Tasks: 3042
2025-07-20 01:29:53,756 [INFO] - Episode: 296/500, Reward: -16196.49, Avg AoI: 16.20, Completed Tasks: 3069
2025-07-20 01:30:27,781 [INFO] - Episode: 297/500, Reward: -16449.60, Avg AoI: 16.45, Completed Tasks: 3042
2025-07-20 01:31:01,769 [INFO] - Episode: 298/500, Reward: -16159.83, Avg AoI: 16.16, Completed Tasks: 3060
2025-07-20 01:31:33,716 [INFO] - Episode: 299/500, Reward: -16172.51, Avg AoI: 16.17, Completed Tasks: 3061
2025-07-20 01:32:05,354 [INFO] - Episode: 300/500, Reward: -16163.26, Avg AoI: 16.16, Completed Tasks: 3062
2025-07-20 01:32:36,905 [INFO] - Episode: 301/500, Reward: -15951.91, Avg AoI: 15.95, Completed Tasks: 3072
2025-07-20 01:33:10,953 [INFO] - Episode: 302/500, Reward: -16184.74, Avg AoI: 16.18, Completed Tasks: 3062
2025-07-20 01:33:44,245 [INFO] - Episode: 303/500, Reward: -16215.71, Avg AoI: 16.22, Completed Tasks: 3045
2025-07-20 01:34:18,373 [INFO] - Episode: 304/500, Reward: -16413.26, Avg AoI: 16.41, Completed Tasks: 3031
2025-07-20 01:34:54,063 [INFO] - Episode: 305/500, Reward: -16325.86, Avg AoI: 16.33, Completed Tasks: 3036
2025-07-20 01:35:25,638 [INFO] - Episode: 306/500, Reward: -16409.14, Avg AoI: 16.41, Completed Tasks: 3057
2025-07-20 01:35:55,901 [INFO] - Episode: 307/500, Reward: -16234.71, Avg AoI: 16.23, Completed Tasks: 3062
2025-07-20 01:36:29,309 [INFO] - Episode: 308/500, Reward: -15886.77, Avg AoI: 15.89, Completed Tasks: 3104
2025-07-20 01:37:06,092 [INFO] - Episode: 309/500, Reward: -16276.46, Avg AoI: 16.28, Completed Tasks: 3058
2025-07-20 01:37:38,410 [INFO] - Episode: 310/500, Reward: -16298.54, Avg AoI: 16.30, Completed Tasks: 3044
2025-07-20 01:38:10,662 [INFO] - Episode: 311/500, Reward: -16011.43, Avg AoI: 16.01, Completed Tasks: 3075
2025-07-20 01:38:47,427 [INFO] - Episode: 312/500, Reward: -16098.17, Avg AoI: 16.10, Completed Tasks: 3056
2025-07-20 01:39:22,202 [INFO] - Episode: 313/500, Reward: -16290.49, Avg AoI: 16.29, Completed Tasks: 3038
2025-07-20 01:39:53,940 [INFO] - Episode: 314/500, Reward: -16287.80, Avg AoI: 16.29, Completed Tasks: 3063
2025-07-20 01:40:24,615 [INFO] - Episode: 315/500, Reward: -16219.20, Avg AoI: 16.22, Completed Tasks: 3066
2025-07-20 01:41:01,008 [INFO] - Episode: 316/500, Reward: -16581.57, Avg AoI: 16.58, Completed Tasks: 3007
2025-07-20 01:41:36,695 [INFO] - Episode: 317/500, Reward: -16031.23, Avg AoI: 16.03, Completed Tasks: 3084
2025-07-20 01:42:09,618 [INFO] - Episode: 318/500, Reward: -16091.31, Avg AoI: 16.09, Completed Tasks: 3056
2025-07-20 01:42:42,053 [INFO] - Episode: 319/500, Reward: -16459.80, Avg AoI: 16.46, Completed Tasks: 3027
2025-07-20 01:43:16,465 [INFO] - Episode: 320/500, Reward: -16062.11, Avg AoI: 16.06, Completed Tasks: 3077
2025-07-20 01:43:46,956 [INFO] - Episode: 321/500, Reward: -16147.09, Avg AoI: 16.15, Completed Tasks: 3047
2025-07-20 01:44:17,030 [INFO] - Episode: 322/500, Reward: -16070.57, Avg AoI: 16.07, Completed Tasks: 3068
2025-07-20 01:44:48,306 [INFO] - Episode: 323/500, Reward: -16378.69, Avg AoI: 16.38, Completed Tasks: 3023
2025-07-20 01:45:22,183 [INFO] - Episode: 324/500, Reward: -15855.49, Avg AoI: 15.86, Completed Tasks: 3107
2025-07-20 01:45:53,376 [INFO] - Episode: 325/500, Reward: -16223.66, Avg AoI: 16.22, Completed Tasks: 3051
2025-07-20 01:46:24,960 [INFO] - Episode: 326/500, Reward: -16228.20, Avg AoI: 16.23, Completed Tasks: 3050
2025-07-20 01:46:57,352 [INFO] - Episode: 327/500, Reward: -16537.86, Avg AoI: 16.54, Completed Tasks: 2996
2025-07-20 01:47:29,488 [INFO] - Episode: 328/500, Reward: -16351.69, Avg AoI: 16.35, Completed Tasks: 3035
2025-07-20 01:47:59,641 [INFO] - Episode: 329/500, Reward: -16018.74, Avg AoI: 16.02, Completed Tasks: 3085
2025-07-20 01:48:29,394 [INFO] - Episode: 330/500, Reward: -16032.31, Avg AoI: 16.03, Completed Tasks: 3091
2025-07-20 01:49:02,176 [INFO] - Episode: 331/500, Reward: -16213.23, Avg AoI: 16.21, Completed Tasks: 3068
2025-07-20 01:49:36,232 [INFO] - Episode: 332/500, Reward: -16080.77, Avg AoI: 16.08, Completed Tasks: 3091
2025-07-20 01:50:07,200 [INFO] - Episode: 333/500, Reward: -16114.94, Avg AoI: 16.11, Completed Tasks: 3084
2025-07-20 01:50:38,600 [INFO] - Episode: 334/500, Reward: -15855.06, Avg AoI: 15.86, Completed Tasks: 3105
2025-07-20 01:51:10,459 [INFO] - Episode: 335/500, Reward: -16179.91, Avg AoI: 16.18, Completed Tasks: 3062
2025-07-20 01:51:41,601 [INFO] - Episode: 336/500, Reward: -16398.77, Avg AoI: 16.40, Completed Tasks: 3026
2025-07-20 01:52:12,208 [INFO] - Episode: 337/500, Reward: -16229.51, Avg AoI: 16.23, Completed Tasks: 3055
2025-07-20 01:52:42,676 [INFO] - Episode: 338/500, Reward: -16609.60, Avg AoI: 16.61, Completed Tasks: 3026
2025-07-20 01:53:15,216 [INFO] - Episode: 339/500, Reward: -16363.66, Avg AoI: 16.36, Completed Tasks: 3045
2025-07-20 01:53:50,342 [INFO] - Episode: 340/500, Reward: -17026.83, Avg AoI: 17.03, Completed Tasks: 2978
2025-07-20 01:54:21,765 [INFO] - Episode: 341/500, Reward: -16657.09, Avg AoI: 16.66, Completed Tasks: 3000
2025-07-20 01:54:52,575 [INFO] - Episode: 342/500, Reward: -16811.86, Avg AoI: 16.81, Completed Tasks: 2987
2025-07-20 01:55:23,843 [INFO] - Episode: 343/500, Reward: -16718.77, Avg AoI: 16.72, Completed Tasks: 2993
2025-07-20 01:55:56,674 [INFO] - Episode: 344/500, Reward: -16620.34, Avg AoI: 16.62, Completed Tasks: 3026
2025-07-20 01:56:27,736 [INFO] - Episode: 345/500, Reward: -16627.31, Avg AoI: 16.63, Completed Tasks: 3019
2025-07-20 01:56:58,821 [INFO] - Episode: 346/500, Reward: -16275.57, Avg AoI: 16.28, Completed Tasks: 3063
2025-07-20 01:57:32,734 [INFO] - Episode: 347/500, Reward: -16953.00, Avg AoI: 16.95, Completed Tasks: 2983
2025-07-20 01:58:07,400 [INFO] - Episode: 348/500, Reward: -16612.37, Avg AoI: 16.61, Completed Tasks: 3045
2025-07-20 01:58:39,397 [INFO] - Episode: 349/500, Reward: -16811.63, Avg AoI: 16.81, Completed Tasks: 2981
2025-07-20 01:59:09,400 [INFO] - Episode: 350/500, Reward: -16247.49, Avg AoI: 16.25, Completed Tasks: 3058
2025-07-20 01:59:42,034 [INFO] - Episode: 351/500, Reward: -16613.66, Avg AoI: 16.61, Completed Tasks: 2973
2025-07-20 02:00:17,288 [INFO] - Episode: 352/500, Reward: -17212.40, Avg AoI: 17.21, Completed Tasks: 2889
2025-07-20 02:00:51,261 [INFO] - Episode: 353/500, Reward: -16628.97, Avg AoI: 16.63, Completed Tasks: 2987
2025-07-20 02:01:23,565 [INFO] - Episode: 354/500, Reward: -16979.34, Avg AoI: 16.98, Completed Tasks: 2942
2025-07-20 02:02:00,275 [INFO] - Episode: 355/500, Reward: -16728.74, Avg AoI: 16.73, Completed Tasks: 2986
2025-07-20 02:02:34,813 [INFO] - Episode: 356/500, Reward: -16414.57, Avg AoI: 16.41, Completed Tasks: 3050
2025-07-20 02:03:07,293 [INFO] - Episode: 357/500, Reward: -16656.51, Avg AoI: 16.66, Completed Tasks: 3014
2025-07-20 02:03:38,374 [INFO] - Episode: 358/500, Reward: -16535.51, Avg AoI: 16.54, Completed Tasks: 3038
2025-07-20 02:04:14,362 [INFO] - Episode: 359/500, Reward: -15969.23, Avg AoI: 15.97, Completed Tasks: 3123
2025-07-20 02:04:49,107 [INFO] - Episode: 360/500, Reward: -16587.40, Avg AoI: 16.59, Completed Tasks: 3031
2025-07-20 02:05:23,114 [INFO] - Episode: 361/500, Reward: -16577.69, Avg AoI: 16.58, Completed Tasks: 3018
2025-07-20 02:05:57,928 [INFO] - Episode: 362/500, Reward: -16587.11, Avg AoI: 16.59, Completed Tasks: 3027
2025-07-20 02:06:32,340 [INFO] - Episode: 363/500, Reward: -16786.03, Avg AoI: 16.79, Completed Tasks: 2997
2025-07-20 02:07:03,477 [INFO] - Episode: 364/500, Reward: -16471.17, Avg AoI: 16.47, Completed Tasks: 3058
2025-07-20 02:07:34,065 [INFO] - Episode: 365/500, Reward: -17559.91, Avg AoI: 17.56, Completed Tasks: 2943
2025-07-20 02:08:07,711 [INFO] - Episode: 366/500, Reward: -16518.60, Avg AoI: 16.52, Completed Tasks: 3058
2025-07-20 02:08:42,746 [INFO] - Episode: 367/500, Reward: -16244.77, Avg AoI: 16.24, Completed Tasks: 3092
2025-07-20 02:09:16,188 [INFO] - Episode: 368/500, Reward: -16687.29, Avg AoI: 16.69, Completed Tasks: 3015
2025-07-20 02:09:48,291 [INFO] - Episode: 369/500, Reward: -16063.83, Avg AoI: 16.06, Completed Tasks: 3100
2025-07-20 02:10:25,070 [INFO] - Episode: 370/500, Reward: -16126.69, Avg AoI: 16.13, Completed Tasks: 3085
2025-07-20 02:10:57,808 [INFO] - Episode: 371/500, Reward: -16566.09, Avg AoI: 16.57, Completed Tasks: 3023
2025-07-20 02:11:28,769 [INFO] - Episode: 372/500, Reward: -16709.80, Avg AoI: 16.71, Completed Tasks: 3016
2025-07-20 02:12:00,020 [INFO] - Episode: 373/500, Reward: -16392.11, Avg AoI: 16.39, Completed Tasks: 3034
2025-07-20 02:12:37,121 [INFO] - Episode: 374/500, Reward: -16485.86, Avg AoI: 16.49, Completed Tasks: 3042
2025-07-20 02:13:10,302 [INFO] - Episode: 375/500, Reward: -16547.09, Avg AoI: 16.55, Completed Tasks: 3034
2025-07-20 02:13:42,746 [INFO] - Episode: 376/500, Reward: -16423.37, Avg AoI: 16.42, Completed Tasks: 3066
2025-07-20 02:14:16,708 [INFO] - Episode: 377/500, Reward: -16245.31, Avg AoI: 16.25, Completed Tasks: 3084
2025-07-20 02:14:53,155 [INFO] - Episode: 378/500, Reward: -16171.74, Avg AoI: 16.17, Completed Tasks: 3086
2025-07-20 02:15:24,534 [INFO] - Episode: 379/500, Reward: -16118.63, Avg AoI: 16.12, Completed Tasks: 3111
2025-07-20 02:15:55,054 [INFO] - Episode: 380/500, Reward: -16360.20, Avg AoI: 16.36, Completed Tasks: 3054
2025-07-20 02:16:29,320 [INFO] - Episode: 381/500, Reward: -16749.57, Avg AoI: 16.75, Completed Tasks: 3021
2025-07-20 02:17:06,004 [INFO] - Episode: 382/500, Reward: -16436.83, Avg AoI: 16.44, Completed Tasks: 3076
2025-07-20 02:17:39,488 [INFO] - Episode: 383/500, Reward: -16366.86, Avg AoI: 16.37, Completed Tasks: 3079
2025-07-20 02:18:11,121 [INFO] - Episode: 384/500, Reward: -16396.74, Avg AoI: 16.40, Completed Tasks: 3079
2025-07-20 02:18:47,928 [INFO] - Episode: 385/500, Reward: -16943.00, Avg AoI: 16.94, Completed Tasks: 3008
2025-07-20 02:19:22,368 [INFO] - Episode: 386/500, Reward: -16330.14, Avg AoI: 16.33, Completed Tasks: 3088
2025-07-20 02:19:54,557 [INFO] - Episode: 387/500, Reward: -16243.14, Avg AoI: 16.24, Completed Tasks: 3076
2025-07-20 02:20:26,188 [INFO] - Episode: 388/500, Reward: -16721.34, Avg AoI: 16.72, Completed Tasks: 3014
2025-07-20 02:21:03,031 [INFO] - Episode: 389/500, Reward: -16754.03, Avg AoI: 16.75, Completed Tasks: 3020
2025-07-20 02:21:37,795 [INFO] - Episode: 390/500, Reward: -16878.83, Avg AoI: 16.88, Completed Tasks: 3006
2025-07-20 02:22:11,020 [INFO] - Episode: 391/500, Reward: -16317.40, Avg AoI: 16.32, Completed Tasks: 3090
2025-07-20 02:22:45,550 [INFO] - Episode: 392/500, Reward: -16689.51, Avg AoI: 16.69, Completed Tasks: 3022
2025-07-20 02:23:21,910 [INFO] - Episode: 393/500, Reward: -16508.71, Avg AoI: 16.51, Completed Tasks: 3054
2025-07-20 02:23:53,998 [INFO] - Episode: 394/500, Reward: -16437.86, Avg AoI: 16.44, Completed Tasks: 3083
2025-07-20 02:24:26,022 [INFO] - Episode: 395/500, Reward: -16749.74, Avg AoI: 16.75, Completed Tasks: 3023
2025-07-20 02:25:00,911 [INFO] - Episode: 396/500, Reward: -16765.74, Avg AoI: 16.77, Completed Tasks: 3025
2025-07-20 02:25:36,540 [INFO] - Episode: 397/500, Reward: -16589.80, Avg AoI: 16.59, Completed Tasks: 3053
2025-07-20 02:26:09,623 [INFO] - Episode: 398/500, Reward: -17167.54, Avg AoI: 17.17, Completed Tasks: 2976
2025-07-20 02:26:42,874 [INFO] - Episode: 399/500, Reward: -16784.63, Avg AoI: 16.78, Completed Tasks: 3040
2025-07-20 02:27:20,147 [INFO] - Episode: 400/500, Reward: -16317.31, Avg AoI: 16.32, Completed Tasks: 3114
2025-07-20 02:27:52,726 [INFO] - Episode: 401/500, Reward: -16617.77, Avg AoI: 16.62, Completed Tasks: 3043
2025-07-20 02:28:23,150 [INFO] - Episode: 402/500, Reward: -16360.20, Avg AoI: 16.36, Completed Tasks: 3076
2025-07-20 02:28:55,934 [INFO] - Episode: 403/500, Reward: -16268.34, Avg AoI: 16.27, Completed Tasks: 3110
2025-07-20 02:29:34,062 [INFO] - Episode: 404/500, Reward: -16306.51, Avg AoI: 16.31, Completed Tasks: 3087
2025-07-20 02:30:08,029 [INFO] - Episode: 405/500, Reward: -16230.20, Avg AoI: 16.23, Completed Tasks: 3102
2025-07-20 02:30:39,956 [INFO] - Episode: 406/500, Reward: -16485.17, Avg AoI: 16.49, Completed Tasks: 3065
2025-07-20 02:31:13,484 [INFO] - Episode: 407/500, Reward: -16346.23, Avg AoI: 16.35, Completed Tasks: 3085
2025-07-20 02:31:49,690 [INFO] - Episode: 408/500, Reward: -16349.03, Avg AoI: 16.35, Completed Tasks: 3102
2025-07-20 02:32:20,674 [INFO] - Episode: 409/500, Reward: -17177.57, Avg AoI: 17.18, Completed Tasks: 3001
2025-07-20 02:32:51,637 [INFO] - Episode: 410/500, Reward: -16778.34, Avg AoI: 16.78, Completed Tasks: 3046
2025-07-20 02:33:25,055 [INFO] - Episode: 411/500, Reward: -17349.06, Avg AoI: 17.35, Completed Tasks: 2982
2025-07-20 02:34:00,780 [INFO] - Episode: 412/500, Reward: -16326.74, Avg AoI: 16.33, Completed Tasks: 3107
2025-07-20 02:34:34,230 [INFO] - Episode: 413/500, Reward: -16273.57, Avg AoI: 16.27, Completed Tasks: 3103
2025-07-20 02:35:05,952 [INFO] - Episode: 414/500, Reward: -16293.54, Avg AoI: 16.29, Completed Tasks: 3107
2025-07-20 02:35:40,081 [INFO] - Episode: 415/500, Reward: -16384.49, Avg AoI: 16.38, Completed Tasks: 3091
2025-07-20 02:36:12,150 [INFO] - Episode: 416/500, Reward: -16506.91, Avg AoI: 16.51, Completed Tasks: 3057
2025-07-20 02:36:43,328 [INFO] - Episode: 417/500, Reward: -16341.20, Avg AoI: 16.34, Completed Tasks: 3095
2025-07-20 02:37:14,545 [INFO] - Episode: 418/500, Reward: -16551.43, Avg AoI: 16.55, Completed Tasks: 3072
2025-07-20 02:37:48,596 [INFO] - Episode: 419/500, Reward: -16235.63, Avg AoI: 16.24, Completed Tasks: 3111
2025-07-20 02:38:21,413 [INFO] - Episode: 420/500, Reward: -16667.34, Avg AoI: 16.67, Completed Tasks: 3050
2025-07-20 02:38:54,408 [INFO] - Episode: 421/500, Reward: -16274.91, Avg AoI: 16.27, Completed Tasks: 3106
2025-07-20 02:39:28,388 [INFO] - Episode: 422/500, Reward: -17113.86, Avg AoI: 17.11, Completed Tasks: 2978
2025-07-20 02:40:04,461 [INFO] - Episode: 423/500, Reward: -16786.69, Avg AoI: 16.79, Completed Tasks: 3028
2025-07-20 02:40:37,380 [INFO] - Episode: 424/500, Reward: -16170.54, Avg AoI: 16.17, Completed Tasks: 3125
2025-07-20 02:41:09,356 [INFO] - Episode: 425/500, Reward: -16860.60, Avg AoI: 16.86, Completed Tasks: 3020
2025-07-20 02:41:43,645 [INFO] - Episode: 426/500, Reward: -17341.51, Avg AoI: 17.34, Completed Tasks: 2962
2025-07-20 02:42:20,244 [INFO] - Episode: 427/500, Reward: -17668.63, Avg AoI: 17.67, Completed Tasks: 2959
2025-07-20 02:42:55,047 [INFO] - Episode: 428/500, Reward: -16851.37, Avg AoI: 16.85, Completed Tasks: 3024
2025-07-20 02:43:28,497 [INFO] - Episode: 429/500, Reward: -16729.57, Avg AoI: 16.73, Completed Tasks: 3066
2025-07-20 02:44:04,780 [INFO] - Episode: 430/500, Reward: -16947.37, Avg AoI: 16.95, Completed Tasks: 2998
2025-07-20 02:44:36,808 [INFO] - Episode: 431/500, Reward: -16783.31, Avg AoI: 16.78, Completed Tasks: 3022
2025-07-20 02:45:06,788 [INFO] - Episode: 432/500, Reward: -16830.26, Avg AoI: 16.83, Completed Tasks: 3011
2025-07-20 02:45:36,648 [INFO] - Episode: 433/500, Reward: -16880.86, Avg AoI: 16.88, Completed Tasks: 3040
2025-07-20 02:46:08,795 [INFO] - Episode: 434/500, Reward: -16314.71, Avg AoI: 16.31, Completed Tasks: 3086
2025-07-20 02:46:42,744 [INFO] - Episode: 435/500, Reward: -16230.00, Avg AoI: 16.23, Completed Tasks: 3105
2025-07-20 02:47:13,360 [INFO] - Episode: 436/500, Reward: -17191.34, Avg AoI: 17.19, Completed Tasks: 2997
2025-07-20 02:47:43,783 [INFO] - Episode: 437/500, Reward: -16699.77, Avg AoI: 16.70, Completed Tasks: 3048
2025-07-20 02:48:15,420 [INFO] - Episode: 438/500, Reward: -18267.31, Avg AoI: 18.27, Completed Tasks: 2866
2025-07-20 02:48:47,288 [INFO] - Episode: 439/500, Reward: -17272.00, Avg AoI: 17.27, Completed Tasks: 2982
2025-07-20 02:49:18,333 [INFO] - Episode: 440/500, Reward: -16541.11, Avg AoI: 16.54, Completed Tasks: 3056
2025-07-20 02:49:49,131 [INFO] - Episode: 441/500, Reward: -16964.49, Avg AoI: 16.96, Completed Tasks: 3007
2025-07-20 02:50:21,270 [INFO] - Episode: 442/500, Reward: -16876.40, Avg AoI: 16.88, Completed Tasks: 3009
2025-07-20 02:50:55,856 [INFO] - Episode: 443/500, Reward: -16712.37, Avg AoI: 16.71, Completed Tasks: 3048
2025-07-20 02:51:26,669 [INFO] - Episode: 444/500, Reward: -16372.60, Avg AoI: 16.37, Completed Tasks: 3101
2025-07-20 02:51:57,371 [INFO] - Episode: 445/500, Reward: -16406.23, Avg AoI: 16.41, Completed Tasks: 3084
2025-07-20 02:52:28,571 [INFO] - Episode: 446/500, Reward: -16650.83, Avg AoI: 16.65, Completed Tasks: 3046
2025-07-20 02:53:00,618 [INFO] - Episode: 447/500, Reward: -16838.34, Avg AoI: 16.84, Completed Tasks: 3022
2025-07-20 02:53:31,662 [INFO] - Episode: 448/500, Reward: -16848.29, Avg AoI: 16.85, Completed Tasks: 3025
2025-07-20 02:54:03,026 [INFO] - Episode: 449/500, Reward: -16223.57, Avg AoI: 16.22, Completed Tasks: 3109
2025-07-20 02:54:35,536 [INFO] - Episode: 450/500, Reward: -16418.74, Avg AoI: 16.42, Completed Tasks: 3080
2025-07-20 02:55:10,239 [INFO] - Episode: 451/500, Reward: -16982.26, Avg AoI: 16.98, Completed Tasks: 2957
2025-07-20 02:55:42,159 [INFO] - Episode: 452/500, Reward: -16895.37, Avg AoI: 16.90, Completed Tasks: 2977
2025-07-20 02:56:12,307 [INFO] - Episode: 453/500, Reward: -16725.43, Avg AoI: 16.73, Completed Tasks: 3010
2025-07-20 02:56:43,789 [INFO] - Episode: 454/500, Reward: -16921.23, Avg AoI: 16.92, Completed Tasks: 2978
2025-07-20 02:57:16,857 [INFO] - Episode: 455/500, Reward: -17501.86, Avg AoI: 17.50, Completed Tasks: 2914
2025-07-20 02:57:48,999 [INFO] - Episode: 456/500, Reward: -17194.11, Avg AoI: 17.19, Completed Tasks: 2966
2025-07-20 02:58:20,431 [INFO] - Episode: 457/500, Reward: -16861.57, Avg AoI: 16.86, Completed Tasks: 3008
2025-07-20 02:58:51,559 [INFO] - Episode: 458/500, Reward: -18218.17, Avg AoI: 18.22, Completed Tasks: 2864
2025-07-20 02:59:21,815 [INFO] - Episode: 459/500, Reward: -17153.60, Avg AoI: 17.15, Completed Tasks: 2983
2025-07-20 02:59:52,505 [INFO] - Episode: 460/500, Reward: -17435.37, Avg AoI: 17.44, Completed Tasks: 2940
2025-07-20 03:00:22,356 [INFO] - Episode: 461/500, Reward: -18507.63, Avg AoI: 18.51, Completed Tasks: 2857
2025-07-20 03:00:55,405 [INFO] - Episode: 462/500, Reward: -16850.54, Avg AoI: 16.85, Completed Tasks: 3029
2025-07-20 03:01:28,622 [INFO] - Episode: 463/500, Reward: -17249.49, Avg AoI: 17.25, Completed Tasks: 2992
2025-07-20 03:01:59,942 [INFO] - Episode: 464/500, Reward: -17252.11, Avg AoI: 17.25, Completed Tasks: 2997
2025-07-20 03:02:31,880 [INFO] - Episode: 465/500, Reward: -16321.00, Avg AoI: 16.32, Completed Tasks: 3118
2025-07-20 03:03:06,762 [INFO] - Episode: 466/500, Reward: -17289.71, Avg AoI: 17.29, Completed Tasks: 3006
2025-07-20 03:03:38,536 [INFO] - Episode: 467/500, Reward: -16845.51, Avg AoI: 16.85, Completed Tasks: 3030
2025-07-20 03:04:08,875 [INFO] - Episode: 468/500, Reward: -16922.71, Avg AoI: 16.92, Completed Tasks: 3048
2025-07-20 03:04:39,666 [INFO] - Episode: 469/500, Reward: -17192.37, Avg AoI: 17.19, Completed Tasks: 2995
2025-07-20 03:05:14,332 [INFO] - Episode: 470/500, Reward: -16998.83, Avg AoI: 17.00, Completed Tasks: 3021
2025-07-20 03:05:47,182 [INFO] - Episode: 471/500, Reward: -16877.94, Avg AoI: 16.88, Completed Tasks: 3036
2025-07-20 03:06:18,373 [INFO] - Episode: 472/500, Reward: -16811.31, Avg AoI: 16.81, Completed Tasks: 3027
2025-07-20 03:06:51,476 [INFO] - Episode: 473/500, Reward: -16711.06, Avg AoI: 16.71, Completed Tasks: 3045
2025-07-20 03:07:28,840 [INFO] - Episode: 474/500, Reward: -16584.40, Avg AoI: 16.58, Completed Tasks: 3058
2025-07-20 03:08:00,490 [INFO] - Episode: 475/500, Reward: -16870.03, Avg AoI: 16.87, Completed Tasks: 3024
2025-07-20 03:08:30,769 [INFO] - Episode: 476/500, Reward: -17795.91, Avg AoI: 17.80, Completed Tasks: 2921
2025-07-20 03:09:03,649 [INFO] - Episode: 477/500, Reward: -17392.63, Avg AoI: 17.39, Completed Tasks: 2969
2025-07-20 03:09:41,181 [INFO] - Episode: 478/500, Reward: -17176.66, Avg AoI: 17.18, Completed Tasks: 3006
2025-07-20 03:10:14,380 [INFO] - Episode: 479/500, Reward: -17351.97, Avg AoI: 17.35, Completed Tasks: 2982
2025-07-20 03:10:46,096 [INFO] - Episode: 480/500, Reward: -17760.60, Avg AoI: 17.76, Completed Tasks: 2962
2025-07-20 03:11:20,931 [INFO] - Episode: 481/500, Reward: -17784.89, Avg AoI: 17.78, Completed Tasks: 2933
2025-07-20 03:11:56,965 [INFO] - Episode: 482/500, Reward: -16915.11, Avg AoI: 16.92, Completed Tasks: 3016
2025-07-20 03:12:28,755 [INFO] - Episode: 483/500, Reward: -18685.63, Avg AoI: 18.69, Completed Tasks: 2849
2025-07-20 03:13:00,314 [INFO] - Episode: 484/500, Reward: -17954.40, Avg AoI: 17.95, Completed Tasks: 2927
2025-07-20 03:13:35,400 [INFO] - Episode: 485/500, Reward: -17058.23, Avg AoI: 17.06, Completed Tasks: 3021
2025-07-20 03:14:11,431 [INFO] - Episode: 486/500, Reward: -16668.03, Avg AoI: 16.67, Completed Tasks: 3084
2025-07-20 03:14:45,073 [INFO] - Episode: 487/500, Reward: -17529.26, Avg AoI: 17.53, Completed Tasks: 2967
2025-07-20 03:15:17,012 [INFO] - Episode: 488/500, Reward: -16978.86, Avg AoI: 16.98, Completed Tasks: 3018
2025-07-20 03:15:53,345 [INFO] - Episode: 489/500, Reward: -16739.77, Avg AoI: 16.74, Completed Tasks: 3045
2025-07-20 03:16:25,968 [INFO] - Episode: 490/500, Reward: -16723.06, Avg AoI: 16.72, Completed Tasks: 3047
2025-07-20 03:16:57,082 [INFO] - Episode: 491/500, Reward: -16622.26, Avg AoI: 16.62, Completed Tasks: 3062
2025-07-20 03:17:29,413 [INFO] - Episode: 492/500, Reward: -17145.57, Avg AoI: 17.15, Completed Tasks: 2991
2025-07-20 03:18:05,678 [INFO] - Episode: 493/500, Reward: -17109.37, Avg AoI: 17.11, Completed Tasks: 3003
2025-07-20 03:18:37,772 [INFO] - Episode: 494/500, Reward: -16380.57, Avg AoI: 16.38, Completed Tasks: 3105
2025-07-20 03:19:08,845 [INFO] - Episode: 495/500, Reward: -16545.60, Avg AoI: 16.55, Completed Tasks: 3098
2025-07-20 03:19:43,231 [INFO] - Episode: 496/500, Reward: -16620.17, Avg AoI: 16.62, Completed Tasks: 3065
2025-07-20 03:20:17,122 [INFO] - Episode: 497/500, Reward: -16457.46, Avg AoI: 16.46, Completed Tasks: 3093
2025-07-20 03:20:48,057 [INFO] - Episode: 498/500, Reward: -16120.83, Avg AoI: 16.12, Completed Tasks: 3141
2025-07-20 03:21:18,186 [INFO] - Episode: 499/500, Reward: -16300.63, Avg AoI: 16.30, Completed Tasks: 3127
2025-07-20 03:21:51,026 [INFO] - Episode: 500/500, Reward: -16752.00, Avg AoI: 16.75, Completed Tasks: 3054
2025-07-20 03:21:51,038 [INFO] - Training finished.
