2025-07-20 08:37:20,260 [INFO] - Logger initialized.
2025-07-20 08:37:20,260 [INFO] - --- Training Configuration ---
2025-07-20 08:37:20,260 [INFO] - n_users: 35
2025-07-20 08:37:20,260 [INFO] - n_servers: 15
2025-07-20 08:37:20,260 [INFO] - batch_proc_time: {'base': 3, 'per_task': 2}
2025-07-20 08:37:20,261 [INFO] - max_batch_size: 3
2025-07-20 08:37:20,261 [INFO] - num_episodes: 500
2025-07-20 08:37:20,261 [INFO] - episode_length: 1000
2025-07-20 08:37:20,261 [INFO] - actor_lr: 4e-05
2025-07-20 08:37:20,261 [INFO] - critic_lr: 4e-05
2025-07-20 08:37:20,261 [INFO] - gamma: 0.99
2025-07-20 08:37:20,261 [INFO] - gae_lambda: 0.95
2025-07-20 08:37:20,261 [INFO] - clip_ratio: 0.2
2025-07-20 08:37:20,261 [INFO] - update_epochs: 4
2025-07-20 08:37:20,264 [INFO] - mini_batch_size: 128
2025-07-20 08:37:20,264 [INFO] - entropy_coeff: 0.01
2025-07-20 08:37:20,264 [INFO] - max_grad_norm: 1.0
2025-07-20 08:37:20,264 [INFO] - use_global: True
2025-07-20 08:37:20,264 [INFO] - use_mean_field: False
2025-07-20 08:37:20,264 [INFO] - critic_warmup_epochs: 0
2025-07-20 08:37:20,265 [INFO] - gmm_config: {'n_components': 2, 'min_samples': 100, 'use_gmm': True, 'regularization': 1e-06}
2025-07-20 08:37:20,265 [INFO] - log_dir: logs/mappo_mf_35_15_Shared_Global_NoMF_GMM2_4e-05
2025-07-20 08:37:20,266 [INFO] - --------------------------
2025-07-20 08:37:22,150 [INFO] - MAPPO-MF Trainer Initialized with Shared Networks.
2025-07-20 08:37:22,150 [INFO] - Device: cpu
2025-07-20 08:37:22,151 [INFO] - User Obs Dim (including all servers): 47, Server Obs Dim: 3
2025-07-20 08:37:22,151 [INFO] - Global State Dim: 80
2025-07-20 08:37:22,151 [INFO] - Mean-field Dim: 0
2025-07-20 08:37:22,151 [INFO] - Use Global Critic: True
2025-07-20 08:37:22,151 [INFO] - Use Mean Field: False
2025-07-20 08:37:49,322 [INFO] - Episode: 1/500, Reward: -21935.29, Avg AoI: 21.94, Completed Tasks: 2448
2025-07-20 08:38:20,092 [INFO] - Episode: 2/500, Reward: -20117.20, Avg AoI: 20.12, Completed Tasks: 2627
2025-07-20 08:38:50,053 [INFO] - Episode: 3/500, Reward: -27183.17, Avg AoI: 27.18, Completed Tasks: 2373
2025-07-20 08:39:18,734 [INFO] - Episode: 4/500, Reward: -21000.06, Avg AoI: 21.00, Completed Tasks: 2634
2025-07-20 08:39:44,144 [INFO] - Episode: 5/500, Reward: -24597.69, Avg AoI: 24.60, Completed Tasks: 2487
2025-07-20 08:40:08,931 [INFO] - Episode: 6/500, Reward: -27455.20, Avg AoI: 27.46, Completed Tasks: 2405
2025-07-20 08:40:39,806 [INFO] - Episode: 7/500, Reward: -22252.26, Avg AoI: 22.25, Completed Tasks: 2555
2025-07-20 08:41:11,898 [INFO] - Episode: 8/500, Reward: -23590.40, Avg AoI: 23.59, Completed Tasks: 2471
2025-07-20 08:41:45,161 [INFO] - Episode: 9/500, Reward: -98657.20, Avg AoI: 98.66, Completed Tasks: 1252
2025-07-20 08:42:13,887 [INFO] - Episode: 10/500, Reward: -27863.29, Avg AoI: 27.86, Completed Tasks: 2372
2025-07-20 08:42:46,589 [INFO] - Episode: 11/500, Reward: -31107.91, Avg AoI: 31.11, Completed Tasks: 2254
2025-07-20 08:43:17,497 [INFO] - Episode: 12/500, Reward: -71163.49, Avg AoI: 71.16, Completed Tasks: 1483
2025-07-20 08:43:48,015 [INFO] - Episode: 13/500, Reward: -66354.74, Avg AoI: 66.35, Completed Tasks: 1558
2025-07-20 08:44:12,878 [INFO] - Episode: 14/500, Reward: -36901.74, Avg AoI: 36.90, Completed Tasks: 2145
2025-07-20 08:44:37,956 [INFO] - Episode: 15/500, Reward: -120897.26, Avg AoI: 120.90, Completed Tasks: 948
2025-07-20 08:45:13,094 [INFO] - Episode: 16/500, Reward: -27086.26, Avg AoI: 27.09, Completed Tasks: 2362
2025-07-20 08:45:45,029 [INFO] - Episode: 17/500, Reward: -53687.09, Avg AoI: 53.69, Completed Tasks: 1758
2025-07-20 08:46:16,861 [INFO] - Episode: 18/500, Reward: -54064.17, Avg AoI: 54.06, Completed Tasks: 1888
2025-07-20 08:46:45,955 [INFO] - Episode: 19/500, Reward: -49051.57, Avg AoI: 49.05, Completed Tasks: 1864
2025-07-20 08:47:16,303 [INFO] - Episode: 20/500, Reward: -46764.26, Avg AoI: 46.76, Completed Tasks: 1837
2025-07-20 08:47:49,372 [INFO] - Episode: 21/500, Reward: -38591.77, Avg AoI: 38.59, Completed Tasks: 1946
2025-07-20 08:48:15,524 [INFO] - Episode: 22/500, Reward: -25934.97, Avg AoI: 25.93, Completed Tasks: 2425
2025-07-20 08:48:43,780 [INFO] - Episode: 23/500, Reward: -40472.00, Avg AoI: 40.47, Completed Tasks: 1993
2025-07-20 08:49:11,221 [INFO] - Episode: 24/500, Reward: -63596.54, Avg AoI: 63.60, Completed Tasks: 1560
2025-07-20 08:49:44,469 [INFO] - Episode: 25/500, Reward: -67615.71, Avg AoI: 67.62, Completed Tasks: 1414
2025-07-20 08:50:14,914 [INFO] - Episode: 26/500, Reward: -26450.46, Avg AoI: 26.45, Completed Tasks: 2350
2025-07-20 08:50:42,361 [INFO] - Episode: 27/500, Reward: -24817.11, Avg AoI: 24.82, Completed Tasks: 2408
2025-07-20 08:51:10,100 [INFO] - Episode: 28/500, Reward: -21773.09, Avg AoI: 21.77, Completed Tasks: 2590
2025-07-20 08:51:38,306 [INFO] - Episode: 29/500, Reward: -23413.43, Avg AoI: 23.41, Completed Tasks: 2487
2025-07-20 08:52:10,895 [INFO] - Episode: 30/500, Reward: -31154.60, Avg AoI: 31.15, Completed Tasks: 2118
2025-07-20 08:52:38,544 [INFO] - Episode: 31/500, Reward: -28154.69, Avg AoI: 28.15, Completed Tasks: 2294
2025-07-20 08:53:07,080 [INFO] - Episode: 32/500, Reward: -30547.86, Avg AoI: 30.55, Completed Tasks: 2220
2025-07-20 08:53:36,070 [INFO] - Episode: 33/500, Reward: -22561.17, Avg AoI: 22.56, Completed Tasks: 2506
2025-07-20 08:54:06,009 [INFO] - Episode: 34/500, Reward: -29492.20, Avg AoI: 29.49, Completed Tasks: 2222
2025-07-20 08:54:36,644 [INFO] - Episode: 35/500, Reward: -21699.29, Avg AoI: 21.70, Completed Tasks: 2562
2025-07-20 08:55:04,997 [INFO] - Episode: 36/500, Reward: -23593.63, Avg AoI: 23.59, Completed Tasks: 2449
2025-07-20 08:55:35,148 [INFO] - Episode: 37/500, Reward: -23821.83, Avg AoI: 23.82, Completed Tasks: 2506
2025-07-20 08:56:02,698 [INFO] - Episode: 38/500, Reward: -22898.11, Avg AoI: 22.90, Completed Tasks: 2498
2025-07-20 08:56:30,495 [INFO] - Episode: 39/500, Reward: -20833.00, Avg AoI: 20.83, Completed Tasks: 2650
2025-07-20 08:56:58,047 [INFO] - Episode: 40/500, Reward: -20365.29, Avg AoI: 20.37, Completed Tasks: 2671
2025-07-20 08:57:25,033 [INFO] - Episode: 41/500, Reward: -26247.20, Avg AoI: 26.25, Completed Tasks: 2358
2025-07-20 08:57:56,007 [INFO] - Episode: 42/500, Reward: -21337.86, Avg AoI: 21.34, Completed Tasks: 2595
2025-07-20 08:58:23,616 [INFO] - Episode: 43/500, Reward: -21365.03, Avg AoI: 21.37, Completed Tasks: 2550
2025-07-20 08:58:52,661 [INFO] - Episode: 44/500, Reward: -23373.86, Avg AoI: 23.37, Completed Tasks: 2434
2025-07-20 08:59:20,108 [INFO] - Episode: 45/500, Reward: -28026.80, Avg AoI: 28.03, Completed Tasks: 2223
2025-07-20 08:59:48,927 [INFO] - Episode: 46/500, Reward: -22123.60, Avg AoI: 22.12, Completed Tasks: 2553
2025-07-20 09:00:21,957 [INFO] - Episode: 47/500, Reward: -23350.51, Avg AoI: 23.35, Completed Tasks: 2457
2025-07-20 09:00:50,545 [INFO] - Episode: 48/500, Reward: -20607.57, Avg AoI: 20.61, Completed Tasks: 2646
2025-07-20 09:01:19,201 [INFO] - Episode: 49/500, Reward: -22725.40, Avg AoI: 22.73, Completed Tasks: 2551
2025-07-20 09:01:46,428 [INFO] - Episode: 50/500, Reward: -21201.80, Avg AoI: 21.20, Completed Tasks: 2586
2025-07-20 09:02:17,089 [INFO] - Episode: 51/500, Reward: -20731.97, Avg AoI: 20.73, Completed Tasks: 2678
2025-07-20 09:02:45,032 [INFO] - Episode: 52/500, Reward: -19654.91, Avg AoI: 19.65, Completed Tasks: 2750
2025-07-20 09:03:12,501 [INFO] - Episode: 53/500, Reward: -19316.80, Avg AoI: 19.32, Completed Tasks: 2784
2025-07-20 09:03:39,970 [INFO] - Episode: 54/500, Reward: -19726.09, Avg AoI: 19.73, Completed Tasks: 2733
2025-07-20 09:04:08,253 [INFO] - Episode: 55/500, Reward: -20643.26, Avg AoI: 20.64, Completed Tasks: 2678
2025-07-20 09:04:40,515 [INFO] - Episode: 56/500, Reward: -20660.63, Avg AoI: 20.66, Completed Tasks: 2698
2025-07-20 09:05:07,737 [INFO] - Episode: 57/500, Reward: -19731.60, Avg AoI: 19.73, Completed Tasks: 2783
2025-07-20 09:05:38,311 [INFO] - Episode: 58/500, Reward: -19094.43, Avg AoI: 19.09, Completed Tasks: 2810
2025-07-20 09:06:06,870 [INFO] - Episode: 59/500, Reward: -19236.80, Avg AoI: 19.24, Completed Tasks: 2824
2025-07-20 09:06:37,268 [INFO] - Episode: 60/500, Reward: -18533.37, Avg AoI: 18.53, Completed Tasks: 2879
2025-07-20 09:07:06,102 [INFO] - Episode: 61/500, Reward: -19356.09, Avg AoI: 19.36, Completed Tasks: 2815
2025-07-20 09:07:32,733 [INFO] - Episode: 62/500, Reward: -18861.69, Avg AoI: 18.86, Completed Tasks: 2844
2025-07-20 09:08:01,240 [INFO] - Episode: 63/500, Reward: -18925.83, Avg AoI: 18.93, Completed Tasks: 2872
2025-07-20 09:08:31,442 [INFO] - Episode: 64/500, Reward: -18132.43, Avg AoI: 18.13, Completed Tasks: 2937
2025-07-20 09:09:03,093 [INFO] - Episode: 65/500, Reward: -18311.37, Avg AoI: 18.31, Completed Tasks: 2917
2025-07-20 09:09:30,135 [INFO] - Episode: 66/500, Reward: -18120.14, Avg AoI: 18.12, Completed Tasks: 2935
2025-07-20 09:09:57,606 [INFO] - Episode: 67/500, Reward: -49996.03, Avg AoI: 50.00, Completed Tasks: 1761
2025-07-20 09:10:26,419 [INFO] - Episode: 68/500, Reward: -31155.20, Avg AoI: 31.16, Completed Tasks: 2247
2025-07-20 09:10:54,381 [INFO] - Episode: 69/500, Reward: -21617.86, Avg AoI: 21.62, Completed Tasks: 2650
2025-07-20 09:11:24,792 [INFO] - Episode: 70/500, Reward: -18788.37, Avg AoI: 18.79, Completed Tasks: 2855
2025-07-20 09:11:51,365 [INFO] - Episode: 71/500, Reward: -19879.71, Avg AoI: 19.88, Completed Tasks: 2757
2025-07-20 09:12:20,352 [INFO] - Episode: 72/500, Reward: -19442.06, Avg AoI: 19.44, Completed Tasks: 2797
2025-07-20 09:12:50,013 [INFO] - Episode: 73/500, Reward: -18960.06, Avg AoI: 18.96, Completed Tasks: 2837
2025-07-20 09:13:17,936 [INFO] - Episode: 74/500, Reward: -19621.11, Avg AoI: 19.62, Completed Tasks: 2798
2025-07-20 09:13:47,241 [INFO] - Episode: 75/500, Reward: -19409.80, Avg AoI: 19.41, Completed Tasks: 2845
2025-07-20 09:14:13,808 [INFO] - Episode: 76/500, Reward: -18759.86, Avg AoI: 18.76, Completed Tasks: 2870
2025-07-20 09:14:44,899 [INFO] - Episode: 77/500, Reward: -21278.03, Avg AoI: 21.28, Completed Tasks: 2727
2025-07-20 09:15:12,183 [INFO] - Episode: 78/500, Reward: -19129.69, Avg AoI: 19.13, Completed Tasks: 2825
2025-07-20 09:15:39,996 [INFO] - Episode: 79/500, Reward: -18959.49, Avg AoI: 18.96, Completed Tasks: 2841
2025-07-20 09:16:08,203 [INFO] - Episode: 80/500, Reward: -18496.11, Avg AoI: 18.50, Completed Tasks: 2900
2025-07-20 09:16:37,045 [INFO] - Episode: 81/500, Reward: -18912.46, Avg AoI: 18.91, Completed Tasks: 2859
2025-07-20 09:17:09,358 [INFO] - Episode: 82/500, Reward: -18409.60, Avg AoI: 18.41, Completed Tasks: 2907
2025-07-20 09:17:38,039 [INFO] - Episode: 83/500, Reward: -17971.49, Avg AoI: 17.97, Completed Tasks: 2967
2025-07-20 09:18:08,427 [INFO] - Episode: 84/500, Reward: -18055.80, Avg AoI: 18.06, Completed Tasks: 2948
2025-07-20 09:18:35,826 [INFO] - Episode: 85/500, Reward: -18525.20, Avg AoI: 18.53, Completed Tasks: 2906
2025-07-20 09:19:07,612 [INFO] - Episode: 86/500, Reward: -19194.31, Avg AoI: 19.19, Completed Tasks: 2874
2025-07-20 09:19:37,032 [INFO] - Episode: 87/500, Reward: -18099.60, Avg AoI: 18.10, Completed Tasks: 2942
2025-07-20 09:20:05,383 [INFO] - Episode: 88/500, Reward: -17335.54, Avg AoI: 17.34, Completed Tasks: 3051
2025-07-20 09:20:34,725 [INFO] - Episode: 89/500, Reward: -18212.83, Avg AoI: 18.21, Completed Tasks: 2949
2025-07-20 09:21:03,884 [INFO] - Episode: 90/500, Reward: -17924.31, Avg AoI: 17.92, Completed Tasks: 2995
2025-07-20 09:21:36,005 [INFO] - Episode: 91/500, Reward: -17867.60, Avg AoI: 17.87, Completed Tasks: 2993
2025-07-20 09:22:02,849 [INFO] - Episode: 92/500, Reward: -17477.66, Avg AoI: 17.48, Completed Tasks: 3039
2025-07-20 09:22:31,201 [INFO] - Episode: 93/500, Reward: -17320.23, Avg AoI: 17.32, Completed Tasks: 3043
2025-07-20 09:23:00,908 [INFO] - Episode: 94/500, Reward: -17499.43, Avg AoI: 17.50, Completed Tasks: 3023
2025-07-20 09:23:30,933 [INFO] - Episode: 95/500, Reward: -17074.40, Avg AoI: 17.07, Completed Tasks: 3112
2025-07-20 09:23:58,810 [INFO] - Episode: 96/500, Reward: -17278.23, Avg AoI: 17.28, Completed Tasks: 3076
2025-07-20 09:24:25,108 [INFO] - Episode: 97/500, Reward: -17299.37, Avg AoI: 17.30, Completed Tasks: 3062
2025-07-20 09:24:54,144 [INFO] - Episode: 98/500, Reward: -17577.83, Avg AoI: 17.58, Completed Tasks: 3044
2025-07-20 09:25:22,650 [INFO] - Episode: 99/500, Reward: -17712.00, Avg AoI: 17.71, Completed Tasks: 2995
2025-07-20 09:25:52,143 [INFO] - Episode: 100/500, Reward: -18285.71, Avg AoI: 18.29, Completed Tasks: 2957
2025-07-20 09:26:19,325 [INFO] - Episode: 101/500, Reward: -17266.83, Avg AoI: 17.27, Completed Tasks: 3060
2025-07-20 09:26:46,365 [INFO] - Episode: 102/500, Reward: -17859.49, Avg AoI: 17.86, Completed Tasks: 2971
2025-07-20 09:27:16,495 [INFO] - Episode: 103/500, Reward: -17232.00, Avg AoI: 17.23, Completed Tasks: 3070
2025-07-20 09:27:44,925 [INFO] - Episode: 104/500, Reward: -17473.43, Avg AoI: 17.47, Completed Tasks: 3047
2025-07-20 09:28:14,080 [INFO] - Episode: 105/500, Reward: -17208.37, Avg AoI: 17.21, Completed Tasks: 3064
2025-07-20 09:28:40,752 [INFO] - Episode: 106/500, Reward: -18159.49, Avg AoI: 18.16, Completed Tasks: 2960
2025-07-20 09:29:10,635 [INFO] - Episode: 107/500, Reward: -17352.66, Avg AoI: 17.35, Completed Tasks: 3070
2025-07-20 09:29:39,464 [INFO] - Episode: 108/500, Reward: -17473.77, Avg AoI: 17.47, Completed Tasks: 3058
2025-07-20 09:30:07,176 [INFO] - Episode: 109/500, Reward: -17412.74, Avg AoI: 17.41, Completed Tasks: 3041
2025-07-20 09:30:37,591 [INFO] - Episode: 110/500, Reward: -17142.77, Avg AoI: 17.14, Completed Tasks: 3093
2025-07-20 09:31:05,665 [INFO] - Episode: 111/500, Reward: -17046.46, Avg AoI: 17.05, Completed Tasks: 3096
2025-07-20 09:31:37,509 [INFO] - Episode: 112/500, Reward: -17065.00, Avg AoI: 17.07, Completed Tasks: 3102
2025-07-20 09:32:04,221 [INFO] - Episode: 113/500, Reward: -17042.06, Avg AoI: 17.04, Completed Tasks: 3099
2025-07-20 09:32:32,905 [INFO] - Episode: 114/500, Reward: -18333.80, Avg AoI: 18.33, Completed Tasks: 2980
2025-07-20 09:33:02,383 [INFO] - Episode: 115/500, Reward: -17728.77, Avg AoI: 17.73, Completed Tasks: 3022
2025-07-20 09:33:31,867 [INFO] - Episode: 116/500, Reward: -17337.17, Avg AoI: 17.34, Completed Tasks: 3067
2025-07-20 09:34:02,730 [INFO] - Episode: 117/500, Reward: -16971.80, Avg AoI: 16.97, Completed Tasks: 3105
2025-07-20 09:34:28,656 [INFO] - Episode: 118/500, Reward: -16940.77, Avg AoI: 16.94, Completed Tasks: 3115
2025-07-20 09:34:57,915 [INFO] - Episode: 119/500, Reward: -17131.31, Avg AoI: 17.13, Completed Tasks: 3090
2025-07-20 09:35:26,514 [INFO] - Episode: 120/500, Reward: -16894.66, Avg AoI: 16.89, Completed Tasks: 3135
2025-07-20 09:35:56,300 [INFO] - Episode: 121/500, Reward: -17152.54, Avg AoI: 17.15, Completed Tasks: 3090
2025-07-20 09:36:24,127 [INFO] - Episode: 122/500, Reward: -16674.91, Avg AoI: 16.67, Completed Tasks: 3155
2025-07-20 09:36:51,262 [INFO] - Episode: 123/500, Reward: -16880.83, Avg AoI: 16.88, Completed Tasks: 3137
2025-07-20 09:37:20,247 [INFO] - Episode: 124/500, Reward: -16796.77, Avg AoI: 16.80, Completed Tasks: 3137
2025-07-20 09:37:50,509 [INFO] - Episode: 125/500, Reward: -17140.09, Avg AoI: 17.14, Completed Tasks: 3094
2025-07-20 09:38:21,581 [INFO] - Episode: 126/500, Reward: -17188.03, Avg AoI: 17.19, Completed Tasks: 3077
2025-07-20 09:38:48,026 [INFO] - Episode: 127/500, Reward: -17160.20, Avg AoI: 17.16, Completed Tasks: 3068
2025-07-20 09:39:15,880 [INFO] - Episode: 128/500, Reward: -17000.34, Avg AoI: 17.00, Completed Tasks: 3105
2025-07-20 09:39:44,913 [INFO] - Episode: 129/500, Reward: -18388.26, Avg AoI: 18.39, Completed Tasks: 2958
2025-07-20 09:40:12,969 [INFO] - Episode: 130/500, Reward: -17427.00, Avg AoI: 17.43, Completed Tasks: 3057
2025-07-20 09:40:43,840 [INFO] - Episode: 131/500, Reward: -16561.69, Avg AoI: 16.56, Completed Tasks: 3170
2025-07-20 09:41:11,612 [INFO] - Episode: 132/500, Reward: -17232.00, Avg AoI: 17.23, Completed Tasks: 3071
2025-07-20 09:41:41,924 [INFO] - Episode: 133/500, Reward: -17223.60, Avg AoI: 17.22, Completed Tasks: 3080
2025-07-20 09:42:11,751 [INFO] - Episode: 134/500, Reward: -17324.43, Avg AoI: 17.32, Completed Tasks: 3049
2025-07-20 09:42:43,225 [INFO] - Episode: 135/500, Reward: -17344.89, Avg AoI: 17.34, Completed Tasks: 3050
2025-07-20 09:43:12,138 [INFO] - Episode: 136/500, Reward: -17656.09, Avg AoI: 17.66, Completed Tasks: 3041
2025-07-20 09:43:40,264 [INFO] - Episode: 137/500, Reward: -17735.40, Avg AoI: 17.74, Completed Tasks: 3016
2025-07-20 09:44:12,483 [INFO] - Episode: 138/500, Reward: -17587.63, Avg AoI: 17.59, Completed Tasks: 3039
2025-07-20 09:44:42,706 [INFO] - Episode: 139/500, Reward: -17668.29, Avg AoI: 17.67, Completed Tasks: 3020
2025-07-20 09:45:13,031 [INFO] - Episode: 140/500, Reward: -17653.66, Avg AoI: 17.65, Completed Tasks: 3038
2025-07-20 09:45:40,399 [INFO] - Episode: 141/500, Reward: -17497.74, Avg AoI: 17.50, Completed Tasks: 3058
2025-07-20 09:46:11,029 [INFO] - Episode: 142/500, Reward: -17213.37, Avg AoI: 17.21, Completed Tasks: 3090
2025-07-20 09:46:43,592 [INFO] - Episode: 143/500, Reward: -17249.11, Avg AoI: 17.25, Completed Tasks: 3065
2025-07-20 09:47:12,701 [INFO] - Episode: 144/500, Reward: -18621.74, Avg AoI: 18.62, Completed Tasks: 2945
2025-07-20 09:47:42,640 [INFO] - Episode: 145/500, Reward: -16862.43, Avg AoI: 16.86, Completed Tasks: 3116
2025-07-20 09:48:11,258 [INFO] - Episode: 146/500, Reward: -18812.54, Avg AoI: 18.81, Completed Tasks: 2972
2025-07-20 09:48:44,310 [INFO] - Episode: 147/500, Reward: -17400.86, Avg AoI: 17.40, Completed Tasks: 3064
2025-07-20 09:49:12,411 [INFO] - Episode: 148/500, Reward: -17840.97, Avg AoI: 17.84, Completed Tasks: 3071
2025-07-20 09:49:41,848 [INFO] - Episode: 149/500, Reward: -17232.29, Avg AoI: 17.23, Completed Tasks: 3081
2025-07-20 09:50:10,280 [INFO] - Episode: 150/500, Reward: -16612.74, Avg AoI: 16.61, Completed Tasks: 3168
2025-07-20 09:50:38,720 [INFO] - Episode: 151/500, Reward: -17146.00, Avg AoI: 17.15, Completed Tasks: 3111
2025-07-20 09:51:08,899 [INFO] - Episode: 152/500, Reward: -16650.71, Avg AoI: 16.65, Completed Tasks: 3177
2025-07-20 09:51:35,090 [INFO] - Episode: 153/500, Reward: -17468.11, Avg AoI: 17.47, Completed Tasks: 3055
2025-07-20 09:52:05,398 [INFO] - Episode: 154/500, Reward: -17071.20, Avg AoI: 17.07, Completed Tasks: 3118
2025-07-20 09:52:34,542 [INFO] - Episode: 155/500, Reward: -16657.94, Avg AoI: 16.66, Completed Tasks: 3161
2025-07-20 09:53:04,479 [INFO] - Episode: 156/500, Reward: -16764.37, Avg AoI: 16.76, Completed Tasks: 3154
2025-07-20 09:53:31,652 [INFO] - Episode: 157/500, Reward: -16692.69, Avg AoI: 16.69, Completed Tasks: 3156
2025-07-20 09:53:58,403 [INFO] - Episode: 158/500, Reward: -16927.66, Avg AoI: 16.93, Completed Tasks: 3135
2025-07-20 09:54:30,234 [INFO] - Episode: 159/500, Reward: -16892.83, Avg AoI: 16.89, Completed Tasks: 3138
2025-07-20 09:54:58,552 [INFO] - Episode: 160/500, Reward: -18228.71, Avg AoI: 18.23, Completed Tasks: 2994
2025-07-20 09:55:28,105 [INFO] - Episode: 161/500, Reward: -17556.09, Avg AoI: 17.56, Completed Tasks: 3046
2025-07-20 09:55:56,272 [INFO] - Episode: 162/500, Reward: -17773.60, Avg AoI: 17.77, Completed Tasks: 3026
2025-07-20 09:56:24,628 [INFO] - Episode: 163/500, Reward: -17283.46, Avg AoI: 17.28, Completed Tasks: 3096
2025-07-20 09:56:57,496 [INFO] - Episode: 164/500, Reward: -16980.43, Avg AoI: 16.98, Completed Tasks: 3113
2025-07-20 09:57:25,139 [INFO] - Episode: 165/500, Reward: -17890.60, Avg AoI: 17.89, Completed Tasks: 3019
2025-07-20 09:57:53,399 [INFO] - Episode: 166/500, Reward: -17467.86, Avg AoI: 17.47, Completed Tasks: 3073
2025-07-20 09:58:19,316 [INFO] - Episode: 167/500, Reward: -17388.77, Avg AoI: 17.39, Completed Tasks: 3068
2025-07-20 09:58:49,810 [INFO] - Episode: 168/500, Reward: -17066.69, Avg AoI: 17.07, Completed Tasks: 3109
2025-07-20 09:59:18,423 [INFO] - Episode: 169/500, Reward: -17168.00, Avg AoI: 17.17, Completed Tasks: 3082
2025-07-20 09:59:45,819 [INFO] - Episode: 170/500, Reward: -17231.71, Avg AoI: 17.23, Completed Tasks: 3094
2025-07-20 10:00:12,964 [INFO] - Episode: 171/500, Reward: -17729.66, Avg AoI: 17.73, Completed Tasks: 3034
2025-07-20 10:00:41,068 [INFO] - Episode: 172/500, Reward: -18210.17, Avg AoI: 18.21, Completed Tasks: 2992
2025-07-20 10:01:13,975 [INFO] - Episode: 173/500, Reward: -17479.86, Avg AoI: 17.48, Completed Tasks: 3047
2025-07-20 10:01:40,530 [INFO] - Episode: 174/500, Reward: -18273.46, Avg AoI: 18.27, Completed Tasks: 2990
2025-07-20 10:02:08,390 [INFO] - Episode: 175/500, Reward: -16948.97, Avg AoI: 16.95, Completed Tasks: 3120
2025-07-20 10:02:35,696 [INFO] - Episode: 176/500, Reward: -17396.37, Avg AoI: 17.40, Completed Tasks: 3075
2025-07-20 10:03:04,371 [INFO] - Episode: 177/500, Reward: -17299.34, Avg AoI: 17.30, Completed Tasks: 3093
2025-07-20 10:03:34,824 [INFO] - Episode: 178/500, Reward: -16488.74, Avg AoI: 16.49, Completed Tasks: 3203
2025-07-20 10:04:01,129 [INFO] - Episode: 179/500, Reward: -17012.54, Avg AoI: 17.01, Completed Tasks: 3125
2025-07-20 10:04:29,092 [INFO] - Episode: 180/500, Reward: -19147.34, Avg AoI: 19.15, Completed Tasks: 2935
2025-07-20 10:04:57,264 [INFO] - Episode: 181/500, Reward: -17099.54, Avg AoI: 17.10, Completed Tasks: 3112
2025-07-20 10:05:27,551 [INFO] - Episode: 182/500, Reward: -17483.74, Avg AoI: 17.48, Completed Tasks: 3078
2025-07-20 10:05:55,122 [INFO] - Episode: 183/500, Reward: -17619.57, Avg AoI: 17.62, Completed Tasks: 3070
2025-07-20 10:06:21,453 [INFO] - Episode: 184/500, Reward: -17818.97, Avg AoI: 17.82, Completed Tasks: 3067
2025-07-20 10:06:50,666 [INFO] - Episode: 185/500, Reward: -17484.46, Avg AoI: 17.48, Completed Tasks: 3074
2025-07-20 10:07:19,039 [INFO] - Episode: 186/500, Reward: -16695.23, Avg AoI: 16.70, Completed Tasks: 3152
2025-07-20 10:07:49,659 [INFO] - Episode: 187/500, Reward: -17591.91, Avg AoI: 17.59, Completed Tasks: 3067
2025-07-20 10:08:16,285 [INFO] - Episode: 188/500, Reward: -16875.37, Avg AoI: 16.88, Completed Tasks: 3134
2025-07-20 10:08:44,857 [INFO] - Episode: 189/500, Reward: -17109.94, Avg AoI: 17.11, Completed Tasks: 3124
2025-07-20 10:09:16,523 [INFO] - Episode: 190/500, Reward: -17101.43, Avg AoI: 17.10, Completed Tasks: 3111
2025-07-20 10:09:45,780 [INFO] - Episode: 191/500, Reward: -17023.80, Avg AoI: 17.02, Completed Tasks: 3134
2025-07-20 10:10:16,513 [INFO] - Episode: 192/500, Reward: -17643.51, Avg AoI: 17.64, Completed Tasks: 3096
2025-07-20 10:10:43,160 [INFO] - Episode: 193/500, Reward: -16907.09, Avg AoI: 16.91, Completed Tasks: 3165
2025-07-20 10:11:14,287 [INFO] - Episode: 194/500, Reward: -16797.43, Avg AoI: 16.80, Completed Tasks: 3159
2025-07-20 10:11:44,307 [INFO] - Episode: 195/500, Reward: -17206.80, Avg AoI: 17.21, Completed Tasks: 3127
2025-07-20 10:12:12,744 [INFO] - Episode: 196/500, Reward: -16907.43, Avg AoI: 16.91, Completed Tasks: 3135
2025-07-20 10:12:43,068 [INFO] - Episode: 197/500, Reward: -18091.60, Avg AoI: 18.09, Completed Tasks: 3049
2025-07-20 10:13:11,468 [INFO] - Episode: 198/500, Reward: -16668.89, Avg AoI: 16.67, Completed Tasks: 3175
2025-07-20 10:13:43,867 [INFO] - Episode: 199/500, Reward: -16745.09, Avg AoI: 16.75, Completed Tasks: 3171
2025-07-20 10:14:10,952 [INFO] - Episode: 200/500, Reward: -17080.94, Avg AoI: 17.08, Completed Tasks: 3113
2025-07-20 10:14:39,614 [INFO] - Episode: 201/500, Reward: -17366.14, Avg AoI: 17.37, Completed Tasks: 3086
2025-07-20 10:15:08,940 [INFO] - Episode: 202/500, Reward: -17338.31, Avg AoI: 17.34, Completed Tasks: 3113
2025-07-20 10:15:38,162 [INFO] - Episode: 203/500, Reward: -16905.37, Avg AoI: 16.91, Completed Tasks: 3138
2025-07-20 10:16:08,348 [INFO] - Episode: 204/500, Reward: -17354.63, Avg AoI: 17.35, Completed Tasks: 3111
2025-07-20 10:16:35,014 [INFO] - Episode: 205/500, Reward: -16579.69, Avg AoI: 16.58, Completed Tasks: 3177
2025-07-20 10:17:03,833 [INFO] - Episode: 206/500, Reward: -17038.49, Avg AoI: 17.04, Completed Tasks: 3145
2025-07-20 10:17:33,806 [INFO] - Episode: 207/500, Reward: -17586.34, Avg AoI: 17.59, Completed Tasks: 3083
2025-07-20 10:18:03,919 [INFO] - Episode: 208/500, Reward: -17520.69, Avg AoI: 17.52, Completed Tasks: 3103
2025-07-20 10:18:31,975 [INFO] - Episode: 209/500, Reward: -17140.37, Avg AoI: 17.14, Completed Tasks: 3115
2025-07-20 10:18:59,047 [INFO] - Episode: 210/500, Reward: -16934.03, Avg AoI: 16.93, Completed Tasks: 3151
2025-07-20 10:19:30,734 [INFO] - Episode: 211/500, Reward: -17082.94, Avg AoI: 17.08, Completed Tasks: 3115
2025-07-20 10:20:00,806 [INFO] - Episode: 212/500, Reward: -17120.77, Avg AoI: 17.12, Completed Tasks: 3133
2025-07-20 10:20:30,382 [INFO] - Episode: 213/500, Reward: -17642.74, Avg AoI: 17.64, Completed Tasks: 3048
2025-07-20 10:20:57,955 [INFO] - Episode: 214/500, Reward: -17616.86, Avg AoI: 17.62, Completed Tasks: 3048
2025-07-20 10:21:27,083 [INFO] - Episode: 215/500, Reward: -17424.31, Avg AoI: 17.42, Completed Tasks: 3094
2025-07-20 10:21:58,687 [INFO] - Episode: 216/500, Reward: -16689.40, Avg AoI: 16.69, Completed Tasks: 3165
2025-07-20 10:22:27,645 [INFO] - Episode: 217/500, Reward: -16484.40, Avg AoI: 16.48, Completed Tasks: 3186
2025-07-20 10:22:57,371 [INFO] - Episode: 218/500, Reward: -16986.29, Avg AoI: 16.99, Completed Tasks: 3145
2025-07-20 10:23:25,210 [INFO] - Episode: 219/500, Reward: -17197.09, Avg AoI: 17.20, Completed Tasks: 3131
2025-07-20 10:23:57,893 [INFO] - Episode: 220/500, Reward: -16575.26, Avg AoI: 16.58, Completed Tasks: 3185
2025-07-20 10:24:27,864 [INFO] - Episode: 221/500, Reward: -16998.71, Avg AoI: 17.00, Completed Tasks: 3144
2025-07-20 10:24:57,481 [INFO] - Episode: 222/500, Reward: -16536.57, Avg AoI: 16.54, Completed Tasks: 3185
2025-07-20 10:25:26,325 [INFO] - Episode: 223/500, Reward: -17127.37, Avg AoI: 17.13, Completed Tasks: 3128
2025-07-20 10:25:55,796 [INFO] - Episode: 224/500, Reward: -16637.00, Avg AoI: 16.64, Completed Tasks: 3183
2025-07-20 10:26:29,251 [INFO] - Episode: 225/500, Reward: -16786.74, Avg AoI: 16.79, Completed Tasks: 3155
2025-07-20 10:26:57,433 [INFO] - Episode: 226/500, Reward: -16462.60, Avg AoI: 16.46, Completed Tasks: 3195
2025-07-20 10:27:27,580 [INFO] - Episode: 227/500, Reward: -16592.20, Avg AoI: 16.59, Completed Tasks: 3176
2025-07-20 10:27:56,927 [INFO] - Episode: 228/500, Reward: -16987.71, Avg AoI: 16.99, Completed Tasks: 3124
2025-07-20 10:28:27,715 [INFO] - Episode: 229/500, Reward: -16505.71, Avg AoI: 16.51, Completed Tasks: 3198
2025-07-20 10:28:58,348 [INFO] - Episode: 230/500, Reward: -17030.71, Avg AoI: 17.03, Completed Tasks: 3120
2025-07-20 10:29:27,004 [INFO] - Episode: 231/500, Reward: -17088.46, Avg AoI: 17.09, Completed Tasks: 3129
2025-07-20 10:29:58,706 [INFO] - Episode: 232/500, Reward: -17181.03, Avg AoI: 17.18, Completed Tasks: 3115
2025-07-20 10:30:28,391 [INFO] - Episode: 233/500, Reward: -16432.46, Avg AoI: 16.43, Completed Tasks: 3240
2025-07-20 10:30:58,906 [INFO] - Episode: 234/500, Reward: -16611.06, Avg AoI: 16.61, Completed Tasks: 3195
2025-07-20 10:31:27,426 [INFO] - Episode: 235/500, Reward: -16504.29, Avg AoI: 16.50, Completed Tasks: 3209
2025-07-20 10:31:56,373 [INFO] - Episode: 236/500, Reward: -16286.37, Avg AoI: 16.29, Completed Tasks: 3242
2025-07-20 10:32:29,481 [INFO] - Episode: 237/500, Reward: -16572.94, Avg AoI: 16.57, Completed Tasks: 3191
2025-07-20 10:32:58,486 [INFO] - Episode: 238/500, Reward: -18044.20, Avg AoI: 18.04, Completed Tasks: 3043
2025-07-20 10:33:29,829 [INFO] - Episode: 239/500, Reward: -17171.83, Avg AoI: 17.17, Completed Tasks: 3115
2025-07-20 10:33:57,589 [INFO] - Episode: 240/500, Reward: -17069.97, Avg AoI: 17.07, Completed Tasks: 3115
2025-07-20 10:34:30,297 [INFO] - Episode: 241/500, Reward: -17032.46, Avg AoI: 17.03, Completed Tasks: 3132
2025-07-20 10:35:01,280 [INFO] - Episode: 242/500, Reward: -17330.57, Avg AoI: 17.33, Completed Tasks: 3093
2025-07-20 10:35:29,562 [INFO] - Episode: 243/500, Reward: -16739.49, Avg AoI: 16.74, Completed Tasks: 3159
2025-07-20 10:35:59,038 [INFO] - Episode: 244/500, Reward: -17624.66, Avg AoI: 17.62, Completed Tasks: 3051
2025-07-20 10:36:28,896 [INFO] - Episode: 245/500, Reward: -17293.69, Avg AoI: 17.29, Completed Tasks: 3109
2025-07-20 10:37:02,641 [INFO] - Episode: 246/500, Reward: -16946.26, Avg AoI: 16.95, Completed Tasks: 3155
2025-07-20 10:37:30,831 [INFO] - Episode: 247/500, Reward: -17579.09, Avg AoI: 17.58, Completed Tasks: 3073
2025-07-20 10:37:59,676 [INFO] - Episode: 248/500, Reward: -16832.97, Avg AoI: 16.83, Completed Tasks: 3175
2025-07-20 10:38:30,174 [INFO] - Episode: 249/500, Reward: -17555.83, Avg AoI: 17.56, Completed Tasks: 3087
2025-07-20 10:39:02,942 [INFO] - Episode: 250/500, Reward: -16939.89, Avg AoI: 16.94, Completed Tasks: 3143
2025-07-20 10:39:32,032 [INFO] - Episode: 251/500, Reward: -16626.49, Avg AoI: 16.63, Completed Tasks: 3189
2025-07-20 10:39:58,760 [INFO] - Episode: 252/500, Reward: -16866.60, Avg AoI: 16.87, Completed Tasks: 3153
2025-07-20 10:40:29,172 [INFO] - Episode: 253/500, Reward: -17285.63, Avg AoI: 17.29, Completed Tasks: 3100
2025-07-20 10:40:57,581 [INFO] - Episode: 254/500, Reward: -16882.29, Avg AoI: 16.88, Completed Tasks: 3146
2025-07-20 10:41:27,140 [INFO] - Episode: 255/500, Reward: -16600.51, Avg AoI: 16.60, Completed Tasks: 3182
2025-07-20 10:41:56,181 [INFO] - Episode: 256/500, Reward: -17753.09, Avg AoI: 17.75, Completed Tasks: 3048
2025-07-20 10:42:23,813 [INFO] - Episode: 257/500, Reward: -16519.46, Avg AoI: 16.52, Completed Tasks: 3198
2025-07-20 10:42:59,600 [INFO] - Episode: 258/500, Reward: -16869.23, Avg AoI: 16.87, Completed Tasks: 3146
2025-07-20 10:43:30,149 [INFO] - Episode: 259/500, Reward: -17222.66, Avg AoI: 17.22, Completed Tasks: 3122
2025-07-20 10:44:02,353 [INFO] - Episode: 260/500, Reward: -16819.43, Avg AoI: 16.82, Completed Tasks: 3186
2025-07-20 10:44:32,057 [INFO] - Episode: 261/500, Reward: -16672.40, Avg AoI: 16.67, Completed Tasks: 3173
2025-07-20 10:45:04,777 [INFO] - Episode: 262/500, Reward: -16974.86, Avg AoI: 16.97, Completed Tasks: 3162
2025-07-20 10:45:41,868 [INFO] - Episode: 263/500, Reward: -16680.51, Avg AoI: 16.68, Completed Tasks: 3172
2025-07-20 10:46:16,467 [INFO] - Episode: 264/500, Reward: -16775.77, Avg AoI: 16.78, Completed Tasks: 3156
2025-07-20 10:46:56,337 [INFO] - Episode: 265/500, Reward: -16578.34, Avg AoI: 16.58, Completed Tasks: 3179
2025-07-20 10:47:36,205 [INFO] - Episode: 266/500, Reward: -16068.57, Avg AoI: 16.07, Completed Tasks: 3262
2025-07-20 10:48:13,892 [INFO] - Episode: 267/500, Reward: -16060.51, Avg AoI: 16.06, Completed Tasks: 3271
2025-07-20 10:48:48,864 [INFO] - Episode: 268/500, Reward: -16483.11, Avg AoI: 16.48, Completed Tasks: 3220
2025-07-20 10:49:27,823 [INFO] - Episode: 269/500, Reward: -16621.97, Avg AoI: 16.62, Completed Tasks: 3183
2025-07-20 10:50:06,484 [INFO] - Episode: 270/500, Reward: -16869.43, Avg AoI: 16.87, Completed Tasks: 3138
2025-07-20 10:50:39,039 [INFO] - Episode: 271/500, Reward: -16656.63, Avg AoI: 16.66, Completed Tasks: 3170
2025-07-20 10:51:20,296 [INFO] - Episode: 272/500, Reward: -16707.17, Avg AoI: 16.71, Completed Tasks: 3166
2025-07-20 10:51:56,063 [INFO] - Episode: 273/500, Reward: -16478.94, Avg AoI: 16.48, Completed Tasks: 3215
2025-07-20 10:52:31,120 [INFO] - Episode: 274/500, Reward: -16443.23, Avg AoI: 16.44, Completed Tasks: 3210
2025-07-20 10:53:04,210 [INFO] - Episode: 275/500, Reward: -16184.86, Avg AoI: 16.18, Completed Tasks: 3257
2025-07-20 10:53:39,824 [INFO] - Episode: 276/500, Reward: -16724.06, Avg AoI: 16.72, Completed Tasks: 3180
2025-07-20 10:54:21,139 [INFO] - Episode: 277/500, Reward: -16619.49, Avg AoI: 16.62, Completed Tasks: 3190
2025-07-20 10:54:52,712 [INFO] - Episode: 278/500, Reward: -16599.51, Avg AoI: 16.60, Completed Tasks: 3182
2025-07-20 10:55:30,664 [INFO] - Episode: 279/500, Reward: -16420.51, Avg AoI: 16.42, Completed Tasks: 3224
2025-07-20 10:56:07,938 [INFO] - Episode: 280/500, Reward: -15978.40, Avg AoI: 15.98, Completed Tasks: 3292
2025-07-20 10:56:44,371 [INFO] - Episode: 281/500, Reward: -16196.97, Avg AoI: 16.20, Completed Tasks: 3248
2025-07-20 10:57:17,749 [INFO] - Episode: 282/500, Reward: -16052.97, Avg AoI: 16.05, Completed Tasks: 3269
2025-07-20 10:57:53,133 [INFO] - Episode: 283/500, Reward: -16594.51, Avg AoI: 16.59, Completed Tasks: 3201
2025-07-20 10:58:37,519 [INFO] - Episode: 284/500, Reward: -16702.06, Avg AoI: 16.70, Completed Tasks: 3186
2025-07-20 10:59:14,956 [INFO] - Episode: 285/500, Reward: -16474.23, Avg AoI: 16.47, Completed Tasks: 3207
2025-07-20 10:59:58,239 [INFO] - Episode: 286/500, Reward: -15991.49, Avg AoI: 15.99, Completed Tasks: 3282
2025-07-20 11:00:33,861 [INFO] - Episode: 287/500, Reward: -16324.46, Avg AoI: 16.32, Completed Tasks: 3245
2025-07-20 11:01:08,700 [INFO] - Episode: 288/500, Reward: -16258.69, Avg AoI: 16.26, Completed Tasks: 3235
2025-07-20 11:01:40,427 [INFO] - Episode: 289/500, Reward: -16169.23, Avg AoI: 16.17, Completed Tasks: 3245
2025-07-20 11:02:13,018 [INFO] - Episode: 290/500, Reward: -16746.80, Avg AoI: 16.75, Completed Tasks: 3187
2025-07-20 11:02:52,757 [INFO] - Episode: 291/500, Reward: -16409.97, Avg AoI: 16.41, Completed Tasks: 3229
2025-07-20 11:03:23,308 [INFO] - Episode: 292/500, Reward: -16000.00, Avg AoI: 16.00, Completed Tasks: 3267
2025-07-20 11:03:58,003 [INFO] - Episode: 293/500, Reward: -16415.20, Avg AoI: 16.42, Completed Tasks: 3209
2025-07-20 11:04:31,095 [INFO] - Episode: 294/500, Reward: -15957.09, Avg AoI: 15.96, Completed Tasks: 3285
2025-07-20 11:05:05,027 [INFO] - Episode: 295/500, Reward: -16320.29, Avg AoI: 16.32, Completed Tasks: 3235
2025-07-20 11:05:32,352 [INFO] - Episode: 296/500, Reward: -16330.83, Avg AoI: 16.33, Completed Tasks: 3231
2025-07-20 11:05:58,695 [INFO] - Episode: 297/500, Reward: -16902.74, Avg AoI: 16.90, Completed Tasks: 3165
2025-07-20 11:06:28,520 [INFO] - Episode: 298/500, Reward: -16784.37, Avg AoI: 16.78, Completed Tasks: 3190
2025-07-20 11:06:56,606 [INFO] - Episode: 299/500, Reward: -16532.11, Avg AoI: 16.53, Completed Tasks: 3204
2025-07-20 11:07:25,442 [INFO] - Episode: 300/500, Reward: -16564.66, Avg AoI: 16.56, Completed Tasks: 3204
2025-07-20 11:07:52,314 [INFO] - Episode: 301/500, Reward: -16368.80, Avg AoI: 16.37, Completed Tasks: 3223
2025-07-20 11:08:20,375 [INFO] - Episode: 302/500, Reward: -16202.94, Avg AoI: 16.20, Completed Tasks: 3245
2025-07-20 11:08:51,595 [INFO] - Episode: 303/500, Reward: -16213.40, Avg AoI: 16.21, Completed Tasks: 3253
2025-07-20 11:09:19,758 [INFO] - Episode: 304/500, Reward: -16484.69, Avg AoI: 16.48, Completed Tasks: 3206
2025-07-20 11:09:47,909 [INFO] - Episode: 305/500, Reward: -17113.00, Avg AoI: 17.11, Completed Tasks: 3170
2025-07-20 11:10:13,965 [INFO] - Episode: 306/500, Reward: -17588.60, Avg AoI: 17.59, Completed Tasks: 3092
2025-07-20 11:10:44,137 [INFO] - Episode: 307/500, Reward: -16593.86, Avg AoI: 16.59, Completed Tasks: 3197
2025-07-20 11:11:12,798 [INFO] - Episode: 308/500, Reward: -16640.63, Avg AoI: 16.64, Completed Tasks: 3199
2025-07-20 11:11:39,950 [INFO] - Episode: 309/500, Reward: -16530.37, Avg AoI: 16.53, Completed Tasks: 3206
2025-07-20 11:12:07,729 [INFO] - Episode: 310/500, Reward: -16605.71, Avg AoI: 16.61, Completed Tasks: 3199
2025-07-20 11:12:35,729 [INFO] - Episode: 311/500, Reward: -16823.91, Avg AoI: 16.82, Completed Tasks: 3162
2025-07-20 11:13:07,840 [INFO] - Episode: 312/500, Reward: -16588.03, Avg AoI: 16.59, Completed Tasks: 3197
2025-07-20 11:13:34,976 [INFO] - Episode: 313/500, Reward: -16377.80, Avg AoI: 16.38, Completed Tasks: 3223
2025-07-20 11:14:03,213 [INFO] - Episode: 314/500, Reward: -16170.91, Avg AoI: 16.17, Completed Tasks: 3263
2025-07-20 11:14:31,303 [INFO] - Episode: 315/500, Reward: -16287.91, Avg AoI: 16.29, Completed Tasks: 3239
2025-07-20 11:14:58,975 [INFO] - Episode: 316/500, Reward: -16130.91, Avg AoI: 16.13, Completed Tasks: 3261
2025-07-20 11:15:26,902 [INFO] - Episode: 317/500, Reward: -16390.74, Avg AoI: 16.39, Completed Tasks: 3227
2025-07-20 11:15:53,195 [INFO] - Episode: 318/500, Reward: -16586.06, Avg AoI: 16.59, Completed Tasks: 3208
2025-07-20 11:16:24,612 [INFO] - Episode: 319/500, Reward: -17782.43, Avg AoI: 17.78, Completed Tasks: 3086
2025-07-20 11:16:51,970 [INFO] - Episode: 320/500, Reward: -16784.29, Avg AoI: 16.78, Completed Tasks: 3166
2025-07-20 11:17:20,036 [INFO] - Episode: 321/500, Reward: -17206.40, Avg AoI: 17.21, Completed Tasks: 3129
2025-07-20 11:17:47,763 [INFO] - Episode: 322/500, Reward: -16844.54, Avg AoI: 16.84, Completed Tasks: 3173
2025-07-20 11:18:15,539 [INFO] - Episode: 323/500, Reward: -16412.06, Avg AoI: 16.41, Completed Tasks: 3214
2025-07-20 11:18:46,566 [INFO] - Episode: 324/500, Reward: -16956.74, Avg AoI: 16.96, Completed Tasks: 3151
2025-07-20 11:19:14,097 [INFO] - Episode: 325/500, Reward: -16611.51, Avg AoI: 16.61, Completed Tasks: 3188
2025-07-20 11:19:42,474 [INFO] - Episode: 326/500, Reward: -17583.46, Avg AoI: 17.58, Completed Tasks: 3075
2025-07-20 11:20:10,277 [INFO] - Episode: 327/500, Reward: -17610.20, Avg AoI: 17.61, Completed Tasks: 3084
2025-07-20 11:20:39,084 [INFO] - Episode: 328/500, Reward: -16812.40, Avg AoI: 16.81, Completed Tasks: 3182
2025-07-20 11:21:07,165 [INFO] - Episode: 329/500, Reward: -16920.74, Avg AoI: 16.92, Completed Tasks: 3156
2025-07-20 11:21:34,432 [INFO] - Episode: 330/500, Reward: -16709.77, Avg AoI: 16.71, Completed Tasks: 3177
2025-07-20 11:22:04,176 [INFO] - Episode: 331/500, Reward: -17286.03, Avg AoI: 17.29, Completed Tasks: 3128
2025-07-20 11:22:34,265 [INFO] - Episode: 332/500, Reward: -16971.74, Avg AoI: 16.97, Completed Tasks: 3156
2025-07-20 11:23:04,853 [INFO] - Episode: 333/500, Reward: -16941.11, Avg AoI: 16.94, Completed Tasks: 3146
2025-07-20 11:23:33,892 [INFO] - Episode: 334/500, Reward: -16639.37, Avg AoI: 16.64, Completed Tasks: 3184
2025-07-20 11:24:01,720 [INFO] - Episode: 335/500, Reward: -16538.97, Avg AoI: 16.54, Completed Tasks: 3193
2025-07-20 11:24:33,498 [INFO] - Episode: 336/500, Reward: -16769.60, Avg AoI: 16.77, Completed Tasks: 3175
2025-07-20 11:25:00,922 [INFO] - Episode: 337/500, Reward: -16413.17, Avg AoI: 16.41, Completed Tasks: 3217
2025-07-20 11:25:29,403 [INFO] - Episode: 338/500, Reward: -16654.09, Avg AoI: 16.65, Completed Tasks: 3198
2025-07-20 11:25:55,862 [INFO] - Episode: 339/500, Reward: -16722.77, Avg AoI: 16.72, Completed Tasks: 3161
2025-07-20 11:26:26,133 [INFO] - Episode: 340/500, Reward: -16437.00, Avg AoI: 16.44, Completed Tasks: 3213
2025-07-20 11:26:55,931 [INFO] - Episode: 341/500, Reward: -16325.43, Avg AoI: 16.33, Completed Tasks: 3240
2025-07-20 11:27:22,895 [INFO] - Episode: 342/500, Reward: -16420.71, Avg AoI: 16.42, Completed Tasks: 3214
2025-07-20 11:27:52,337 [INFO] - Episode: 343/500, Reward: -16280.31, Avg AoI: 16.28, Completed Tasks: 3248
2025-07-20 11:28:21,399 [INFO] - Episode: 344/500, Reward: -16571.09, Avg AoI: 16.57, Completed Tasks: 3206
2025-07-20 11:28:54,544 [INFO] - Episode: 345/500, Reward: -16594.14, Avg AoI: 16.59, Completed Tasks: 3198
2025-07-20 11:29:22,321 [INFO] - Episode: 346/500, Reward: -15947.77, Avg AoI: 15.95, Completed Tasks: 3289
2025-07-20 11:29:50,378 [INFO] - Episode: 347/500, Reward: -15959.43, Avg AoI: 15.96, Completed Tasks: 3289
2025-07-20 11:30:19,456 [INFO] - Episode: 348/500, Reward: -16475.74, Avg AoI: 16.48, Completed Tasks: 3210
2025-07-20 11:30:49,271 [INFO] - Episode: 349/500, Reward: -16381.43, Avg AoI: 16.38, Completed Tasks: 3227
2025-07-20 11:31:22,359 [INFO] - Episode: 350/500, Reward: -16661.74, Avg AoI: 16.66, Completed Tasks: 3194
2025-07-20 11:31:49,233 [INFO] - Episode: 351/500, Reward: -16399.86, Avg AoI: 16.40, Completed Tasks: 3228
2025-07-20 11:32:17,858 [INFO] - Episode: 352/500, Reward: -16326.17, Avg AoI: 16.33, Completed Tasks: 3249
2025-07-20 11:32:47,978 [INFO] - Episode: 353/500, Reward: -16470.43, Avg AoI: 16.47, Completed Tasks: 3236
2025-07-20 11:33:19,552 [INFO] - Episode: 354/500, Reward: -16402.57, Avg AoI: 16.40, Completed Tasks: 3232
2025-07-20 11:33:47,386 [INFO] - Episode: 355/500, Reward: -16578.71, Avg AoI: 16.58, Completed Tasks: 3200
2025-07-20 11:34:13,739 [INFO] - Episode: 356/500, Reward: -16345.69, Avg AoI: 16.35, Completed Tasks: 3238
2025-07-20 11:34:44,500 [INFO] - Episode: 357/500, Reward: -16836.94, Avg AoI: 16.84, Completed Tasks: 3187
2025-07-20 11:35:12,842 [INFO] - Episode: 358/500, Reward: -16141.14, Avg AoI: 16.14, Completed Tasks: 3275
2025-07-20 11:35:42,673 [INFO] - Episode: 359/500, Reward: -16558.06, Avg AoI: 16.56, Completed Tasks: 3230
2025-07-20 11:36:10,545 [INFO] - Episode: 360/500, Reward: -16948.06, Avg AoI: 16.95, Completed Tasks: 3193
2025-07-20 11:36:39,259 [INFO] - Episode: 361/500, Reward: -16380.17, Avg AoI: 16.38, Completed Tasks: 3239
2025-07-20 11:37:09,762 [INFO] - Episode: 362/500, Reward: -16298.80, Avg AoI: 16.30, Completed Tasks: 3253
2025-07-20 11:37:36,678 [INFO] - Episode: 363/500, Reward: -16296.49, Avg AoI: 16.30, Completed Tasks: 3262
2025-07-20 11:38:06,503 [INFO] - Episode: 364/500, Reward: -16084.43, Avg AoI: 16.08, Completed Tasks: 3289
2025-07-20 11:38:34,041 [INFO] - Episode: 365/500, Reward: -15742.60, Avg AoI: 15.74, Completed Tasks: 3330
2025-07-20 11:39:04,396 [INFO] - Episode: 366/500, Reward: -15931.06, Avg AoI: 15.93, Completed Tasks: 3302
2025-07-20 11:39:32,435 [INFO] - Episode: 367/500, Reward: -16048.17, Avg AoI: 16.05, Completed Tasks: 3286
2025-07-20 11:39:59,450 [INFO] - Episode: 368/500, Reward: -16545.80, Avg AoI: 16.55, Completed Tasks: 3222
2025-07-20 11:40:28,613 [INFO] - Episode: 369/500, Reward: -16557.37, Avg AoI: 16.56, Completed Tasks: 3212
2025-07-20 11:40:57,385 [INFO] - Episode: 370/500, Reward: -15979.29, Avg AoI: 15.98, Completed Tasks: 3280
2025-07-20 11:41:28,817 [INFO] - Episode: 371/500, Reward: -16097.26, Avg AoI: 16.10, Completed Tasks: 3276
2025-07-20 11:41:55,163 [INFO] - Episode: 372/500, Reward: -16204.34, Avg AoI: 16.20, Completed Tasks: 3273
2025-07-20 11:42:22,980 [INFO] - Episode: 373/500, Reward: -16200.83, Avg AoI: 16.20, Completed Tasks: 3269
2025-07-20 11:42:51,673 [INFO] - Episode: 374/500, Reward: -16759.40, Avg AoI: 16.76, Completed Tasks: 3207
2025-07-20 11:43:20,601 [INFO] - Episode: 375/500, Reward: -16140.43, Avg AoI: 16.14, Completed Tasks: 3265
2025-07-20 11:43:50,477 [INFO] - Episode: 376/500, Reward: -16224.54, Avg AoI: 16.22, Completed Tasks: 3262
2025-07-20 11:44:16,743 [INFO] - Episode: 377/500, Reward: -15944.63, Avg AoI: 15.94, Completed Tasks: 3295
2025-07-20 11:44:45,129 [INFO] - Episode: 378/500, Reward: -16305.11, Avg AoI: 16.31, Completed Tasks: 3246
2025-07-20 11:45:14,808 [INFO] - Episode: 379/500, Reward: -16116.97, Avg AoI: 16.12, Completed Tasks: 3262
2025-07-20 11:45:43,869 [INFO] - Episode: 380/500, Reward: -16365.49, Avg AoI: 16.37, Completed Tasks: 3239
2025-07-20 11:46:11,787 [INFO] - Episode: 381/500, Reward: -16524.37, Avg AoI: 16.52, Completed Tasks: 3219
2025-07-20 11:46:39,107 [INFO] - Episode: 382/500, Reward: -16244.00, Avg AoI: 16.24, Completed Tasks: 3246
2025-07-20 11:47:10,797 [INFO] - Episode: 383/500, Reward: -16496.40, Avg AoI: 16.50, Completed Tasks: 3219
2025-07-20 11:47:41,531 [INFO] - Episode: 384/500, Reward: -16019.34, Avg AoI: 16.02, Completed Tasks: 3291
2025-07-20 11:48:12,206 [INFO] - Episode: 385/500, Reward: -16176.14, Avg AoI: 16.18, Completed Tasks: 3260
2025-07-20 11:48:41,153 [INFO] - Episode: 386/500, Reward: -16320.46, Avg AoI: 16.32, Completed Tasks: 3236
2025-07-20 11:49:10,728 [INFO] - Episode: 387/500, Reward: -16332.43, Avg AoI: 16.33, Completed Tasks: 3232
2025-07-20 11:49:41,416 [INFO] - Episode: 388/500, Reward: -16516.57, Avg AoI: 16.52, Completed Tasks: 3204
2025-07-20 11:50:10,350 [INFO] - Episode: 389/500, Reward: -16102.49, Avg AoI: 16.10, Completed Tasks: 3275
2025-07-20 11:50:39,443 [INFO] - Episode: 390/500, Reward: -16071.40, Avg AoI: 16.07, Completed Tasks: 3278
2025-07-20 11:51:05,689 [INFO] - Episode: 391/500, Reward: -17014.57, Avg AoI: 17.01, Completed Tasks: 3185
2025-07-20 11:51:35,332 [INFO] - Episode: 392/500, Reward: -16363.71, Avg AoI: 16.36, Completed Tasks: 3251
2025-07-20 11:52:04,077 [INFO] - Episode: 393/500, Reward: -16303.74, Avg AoI: 16.30, Completed Tasks: 3254
2025-07-20 11:52:33,258 [INFO] - Episode: 394/500, Reward: -16815.46, Avg AoI: 16.82, Completed Tasks: 3167
2025-07-20 11:53:05,118 [INFO] - Episode: 395/500, Reward: -16398.74, Avg AoI: 16.40, Completed Tasks: 3245
2025-07-20 11:53:35,483 [INFO] - Episode: 396/500, Reward: -16634.77, Avg AoI: 16.63, Completed Tasks: 3194
2025-07-20 11:54:07,120 [INFO] - Episode: 397/500, Reward: -16329.77, Avg AoI: 16.33, Completed Tasks: 3233
2025-07-20 11:54:33,684 [INFO] - Episode: 398/500, Reward: -16265.23, Avg AoI: 16.27, Completed Tasks: 3252
2025-07-20 11:55:02,341 [INFO] - Episode: 399/500, Reward: -16135.77, Avg AoI: 16.14, Completed Tasks: 3272
2025-07-20 11:55:30,811 [INFO] - Episode: 400/500, Reward: -16690.89, Avg AoI: 16.69, Completed Tasks: 3192
2025-07-20 11:55:58,954 [INFO] - Episode: 401/500, Reward: -17484.74, Avg AoI: 17.48, Completed Tasks: 3139
2025-07-20 11:56:27,760 [INFO] - Episode: 402/500, Reward: -16436.63, Avg AoI: 16.44, Completed Tasks: 3250
2025-07-20 11:56:54,980 [INFO] - Episode: 403/500, Reward: -15998.83, Avg AoI: 16.00, Completed Tasks: 3299
2025-07-20 11:57:25,954 [INFO] - Episode: 404/500, Reward: -16233.74, Avg AoI: 16.23, Completed Tasks: 3275
2025-07-20 11:57:55,733 [INFO] - Episode: 405/500, Reward: -15993.29, Avg AoI: 15.99, Completed Tasks: 3296
2025-07-20 11:58:25,972 [INFO] - Episode: 406/500, Reward: -16622.06, Avg AoI: 16.62, Completed Tasks: 3228
2025-07-20 11:58:56,763 [INFO] - Episode: 407/500, Reward: -16033.34, Avg AoI: 16.03, Completed Tasks: 3292
2025-07-20 11:59:25,653 [INFO] - Episode: 408/500, Reward: -15591.57, Avg AoI: 15.59, Completed Tasks: 3352
2025-07-20 11:59:58,896 [INFO] - Episode: 409/500, Reward: -15941.37, Avg AoI: 15.94, Completed Tasks: 3302
2025-07-20 12:00:26,228 [INFO] - Episode: 410/500, Reward: -16102.17, Avg AoI: 16.10, Completed Tasks: 3283
2025-07-20 12:00:54,700 [INFO] - Episode: 411/500, Reward: -16244.46, Avg AoI: 16.24, Completed Tasks: 3256
2025-07-20 12:01:21,439 [INFO] - Episode: 412/500, Reward: -15838.74, Avg AoI: 15.84, Completed Tasks: 3318
2025-07-20 12:01:50,052 [INFO] - Episode: 413/500, Reward: -15907.80, Avg AoI: 15.91, Completed Tasks: 3318
2025-07-20 12:02:19,882 [INFO] - Episode: 414/500, Reward: -15636.49, Avg AoI: 15.64, Completed Tasks: 3355
2025-07-20 12:02:46,397 [INFO] - Episode: 415/500, Reward: -15904.91, Avg AoI: 15.90, Completed Tasks: 3315
2025-07-20 12:03:14,960 [INFO] - Episode: 416/500, Reward: -16401.14, Avg AoI: 16.40, Completed Tasks: 3235
2025-07-20 12:03:43,085 [INFO] - Episode: 417/500, Reward: -16213.80, Avg AoI: 16.21, Completed Tasks: 3276
2025-07-20 12:04:13,223 [INFO] - Episode: 418/500, Reward: -16078.03, Avg AoI: 16.08, Completed Tasks: 3293
2025-07-20 12:04:41,402 [INFO] - Episode: 419/500, Reward: -15940.89, Avg AoI: 15.94, Completed Tasks: 3303
2025-07-20 12:05:08,895 [INFO] - Episode: 420/500, Reward: -16021.43, Avg AoI: 16.02, Completed Tasks: 3314
2025-07-20 12:05:36,789 [INFO] - Episode: 421/500, Reward: -16032.86, Avg AoI: 16.03, Completed Tasks: 3290
2025-07-20 12:06:05,678 [INFO] - Episode: 422/500, Reward: -15805.29, Avg AoI: 15.81, Completed Tasks: 3326
2025-07-20 12:06:36,075 [INFO] - Episode: 423/500, Reward: -15815.51, Avg AoI: 15.82, Completed Tasks: 3309
2025-07-20 12:07:02,381 [INFO] - Episode: 424/500, Reward: -16056.83, Avg AoI: 16.06, Completed Tasks: 3286
2025-07-20 12:07:30,205 [INFO] - Episode: 425/500, Reward: -16032.83, Avg AoI: 16.03, Completed Tasks: 3294
2025-07-20 12:07:59,000 [INFO] - Episode: 426/500, Reward: -16133.77, Avg AoI: 16.13, Completed Tasks: 3277
2025-07-20 12:08:27,866 [INFO] - Episode: 427/500, Reward: -15828.77, Avg AoI: 15.83, Completed Tasks: 3329
2025-07-20 12:08:56,913 [INFO] - Episode: 428/500, Reward: -15780.20, Avg AoI: 15.78, Completed Tasks: 3336
2025-07-20 12:09:23,393 [INFO] - Episode: 429/500, Reward: -15980.40, Avg AoI: 15.98, Completed Tasks: 3309
2025-07-20 12:09:52,888 [INFO] - Episode: 430/500, Reward: -16277.00, Avg AoI: 16.28, Completed Tasks: 3257
2025-07-20 12:10:21,018 [INFO] - Episode: 431/500, Reward: -15932.37, Avg AoI: 15.93, Completed Tasks: 3311
2025-07-20 12:10:49,833 [INFO] - Episode: 432/500, Reward: -16167.29, Avg AoI: 16.17, Completed Tasks: 3277
2025-07-20 12:11:17,527 [INFO] - Episode: 433/500, Reward: -16074.83, Avg AoI: 16.07, Completed Tasks: 3294
2025-07-20 12:11:43,803 [INFO] - Episode: 434/500, Reward: -17015.17, Avg AoI: 17.02, Completed Tasks: 3201
2025-07-20 12:12:15,204 [INFO] - Episode: 435/500, Reward: -15896.06, Avg AoI: 15.90, Completed Tasks: 3312
2025-07-20 12:12:43,947 [INFO] - Episode: 436/500, Reward: -15597.60, Avg AoI: 15.60, Completed Tasks: 3364
2025-07-20 12:13:13,933 [INFO] - Episode: 437/500, Reward: -16128.91, Avg AoI: 16.13, Completed Tasks: 3286
2025-07-20 12:13:40,910 [INFO] - Episode: 438/500, Reward: -16088.71, Avg AoI: 16.09, Completed Tasks: 3279
2025-07-20 12:14:09,309 [INFO] - Episode: 439/500, Reward: -15883.00, Avg AoI: 15.88, Completed Tasks: 3304
2025-07-20 12:14:40,583 [INFO] - Episode: 440/500, Reward: -16225.09, Avg AoI: 16.23, Completed Tasks: 3258
2025-07-20 12:15:07,705 [INFO] - Episode: 441/500, Reward: -16745.69, Avg AoI: 16.75, Completed Tasks: 3192
2025-07-20 12:15:37,521 [INFO] - Episode: 442/500, Reward: -16983.46, Avg AoI: 16.98, Completed Tasks: 3160
2025-07-20 12:16:05,025 [INFO] - Episode: 443/500, Reward: -16376.77, Avg AoI: 16.38, Completed Tasks: 3234
2025-07-20 12:16:37,074 [INFO] - Episode: 444/500, Reward: -16362.26, Avg AoI: 16.36, Completed Tasks: 3230
2025-07-20 12:17:06,669 [INFO] - Episode: 445/500, Reward: -16292.89, Avg AoI: 16.29, Completed Tasks: 3242
2025-07-20 12:17:35,204 [INFO] - Episode: 446/500, Reward: -16334.37, Avg AoI: 16.33, Completed Tasks: 3229
2025-07-20 12:18:04,854 [INFO] - Episode: 447/500, Reward: -16252.80, Avg AoI: 16.25, Completed Tasks: 3230
2025-07-20 12:18:33,363 [INFO] - Episode: 448/500, Reward: -16394.40, Avg AoI: 16.39, Completed Tasks: 3187
2025-07-20 12:19:04,569 [INFO] - Episode: 449/500, Reward: -16305.51, Avg AoI: 16.31, Completed Tasks: 3171
2025-07-20 12:19:30,966 [INFO] - Episode: 450/500, Reward: -16194.66, Avg AoI: 16.19, Completed Tasks: 3181
2025-07-20 12:19:59,977 [INFO] - Episode: 451/500, Reward: -16049.06, Avg AoI: 16.05, Completed Tasks: 3186
2025-07-20 12:20:30,287 [INFO] - Episode: 452/500, Reward: -15852.51, Avg AoI: 15.85, Completed Tasks: 3172
2025-07-20 12:20:59,529 [INFO] - Episode: 453/500, Reward: -16053.97, Avg AoI: 16.05, Completed Tasks: 3144
2025-07-20 12:21:28,101 [INFO] - Episode: 454/500, Reward: -16018.63, Avg AoI: 16.02, Completed Tasks: 3124
2025-07-20 12:21:54,067 [INFO] - Episode: 455/500, Reward: -16064.40, Avg AoI: 16.06, Completed Tasks: 3079
2025-07-20 12:22:23,005 [INFO] - Episode: 456/500, Reward: -16148.57, Avg AoI: 16.15, Completed Tasks: 3073
2025-07-20 12:22:53,221 [INFO] - Episode: 457/500, Reward: -15779.31, Avg AoI: 15.78, Completed Tasks: 3085
2025-07-20 12:23:21,083 [INFO] - Episode: 458/500, Reward: -16223.26, Avg AoI: 16.22, Completed Tasks: 3019
2025-07-20 12:23:48,533 [INFO] - Episode: 459/500, Reward: -15965.34, Avg AoI: 15.97, Completed Tasks: 3041
2025-07-20 12:24:14,850 [INFO] - Episode: 460/500, Reward: -15736.11, Avg AoI: 15.74, Completed Tasks: 3064
2025-07-20 12:24:47,360 [INFO] - Episode: 461/500, Reward: -15861.37, Avg AoI: 15.86, Completed Tasks: 3002
2025-07-20 12:25:16,763 [INFO] - Episode: 462/500, Reward: -15622.97, Avg AoI: 15.62, Completed Tasks: 3079
2025-07-20 12:25:44,558 [INFO] - Episode: 463/500, Reward: -15750.34, Avg AoI: 15.75, Completed Tasks: 3058
2025-07-20 12:26:12,808 [INFO] - Episode: 464/500, Reward: -15727.49, Avg AoI: 15.73, Completed Tasks: 3056
2025-07-20 12:26:40,628 [INFO] - Episode: 465/500, Reward: -15911.97, Avg AoI: 15.91, Completed Tasks: 3033
2025-07-20 12:27:14,256 [INFO] - Episode: 466/500, Reward: -15970.37, Avg AoI: 15.97, Completed Tasks: 3062
2025-07-20 12:27:41,401 [INFO] - Episode: 467/500, Reward: -16145.51, Avg AoI: 16.15, Completed Tasks: 3045
2025-07-20 12:28:09,514 [INFO] - Episode: 468/500, Reward: -16052.34, Avg AoI: 16.05, Completed Tasks: 3079
2025-07-20 12:28:36,170 [INFO] - Episode: 469/500, Reward: -16135.66, Avg AoI: 16.14, Completed Tasks: 3059
2025-07-20 12:29:03,746 [INFO] - Episode: 470/500, Reward: -15788.00, Avg AoI: 15.79, Completed Tasks: 3110
2025-07-20 12:29:33,866 [INFO] - Episode: 471/500, Reward: -16070.54, Avg AoI: 16.07, Completed Tasks: 3068
2025-07-20 12:30:01,091 [INFO] - Episode: 472/500, Reward: -16152.89, Avg AoI: 16.15, Completed Tasks: 3070
2025-07-20 12:30:30,635 [INFO] - Episode: 473/500, Reward: -15950.63, Avg AoI: 15.95, Completed Tasks: 3118
2025-07-20 12:30:58,263 [INFO] - Episode: 474/500, Reward: -15770.14, Avg AoI: 15.77, Completed Tasks: 3135
2025-07-20 12:31:28,834 [INFO] - Episode: 475/500, Reward: -15831.14, Avg AoI: 15.83, Completed Tasks: 3114
2025-07-20 12:32:00,099 [INFO] - Episode: 476/500, Reward: -16046.11, Avg AoI: 16.05, Completed Tasks: 3114
2025-07-20 12:32:27,027 [INFO] - Episode: 477/500, Reward: -16384.80, Avg AoI: 16.38, Completed Tasks: 3045
2025-07-20 12:32:55,785 [INFO] - Episode: 478/500, Reward: -16009.57, Avg AoI: 16.01, Completed Tasks: 3108
2025-07-20 12:33:25,114 [INFO] - Episode: 479/500, Reward: -15837.00, Avg AoI: 15.84, Completed Tasks: 3142
2025-07-20 12:33:56,169 [INFO] - Episode: 480/500, Reward: -15641.91, Avg AoI: 15.64, Completed Tasks: 3157
2025-07-20 12:34:24,682 [INFO] - Episode: 481/500, Reward: -15854.03, Avg AoI: 15.85, Completed Tasks: 3140
2025-07-20 12:34:52,700 [INFO] - Episode: 482/500, Reward: -16008.11, Avg AoI: 16.01, Completed Tasks: 3110
2025-07-20 12:35:24,647 [INFO] - Episode: 483/500, Reward: -15863.14, Avg AoI: 15.86, Completed Tasks: 3119
2025-07-20 12:35:52,613 [INFO] - Episode: 484/500, Reward: -16175.80, Avg AoI: 16.18, Completed Tasks: 3098
2025-07-20 12:36:22,234 [INFO] - Episode: 485/500, Reward: -15961.97, Avg AoI: 15.96, Completed Tasks: 3125
2025-07-20 12:36:50,485 [INFO] - Episode: 486/500, Reward: -16011.40, Avg AoI: 16.01, Completed Tasks: 3116
2025-07-20 12:37:20,065 [INFO] - Episode: 487/500, Reward: -15843.86, Avg AoI: 15.84, Completed Tasks: 3138
2025-07-20 12:37:51,996 [INFO] - Episode: 488/500, Reward: -16004.03, Avg AoI: 16.00, Completed Tasks: 3111
2025-07-20 12:38:17,835 [INFO] - Episode: 489/500, Reward: -15822.51, Avg AoI: 15.82, Completed Tasks: 3118
2025-07-20 12:38:46,119 [INFO] - Episode: 490/500, Reward: -15624.89, Avg AoI: 15.62, Completed Tasks: 3171
2025-07-20 12:39:12,724 [INFO] - Episode: 491/500, Reward: -16024.40, Avg AoI: 16.02, Completed Tasks: 3115
2025-07-20 12:39:44,167 [INFO] - Episode: 492/500, Reward: -16069.11, Avg AoI: 16.07, Completed Tasks: 3095
2025-07-20 12:40:15,047 [INFO] - Episode: 493/500, Reward: -15986.97, Avg AoI: 15.99, Completed Tasks: 3131
2025-07-20 12:40:41,871 [INFO] - Episode: 494/500, Reward: -15777.26, Avg AoI: 15.78, Completed Tasks: 3141
2025-07-20 12:41:10,499 [INFO] - Episode: 495/500, Reward: -15537.51, Avg AoI: 15.54, Completed Tasks: 3181
2025-07-20 12:41:37,938 [INFO] - Episode: 496/500, Reward: -15642.89, Avg AoI: 15.64, Completed Tasks: 3152
2025-07-20 12:42:08,854 [INFO] - Episode: 497/500, Reward: -15754.37, Avg AoI: 15.75, Completed Tasks: 3158
2025-07-20 12:42:36,688 [INFO] - Episode: 498/500, Reward: -15900.34, Avg AoI: 15.90, Completed Tasks: 3144
2025-07-20 12:43:03,979 [INFO] - Episode: 499/500, Reward: -15828.69, Avg AoI: 15.83, Completed Tasks: 3159
2025-07-20 12:43:32,791 [INFO] - Episode: 500/500, Reward: -15655.00, Avg AoI: 15.66, Completed Tasks: 3147
2025-07-20 12:43:32,807 [INFO] - Training finished.
